━━━━━━━━━━━━━━━━━━━━━━━━━━━━━━━━━━━━━━━━━━━━━━━━━━━━━━━━━━━━━━━━━━━━━━━━━━━━━━━┓
          ______________  ______   ______            ____  ____  ______        ┃
         / ____/ ____/  |/  /   | / ____/           / __ \/ __ \/ ____/        ┃
        / /_  / __/ / /|_/ / /| |/ /      ______   / /_/ / /_/ / __/           ┃
       / __/ / /___/ /  / / ___ / /___   /_____/  / ____/ _, _/ /___           ┃
      /_/   /_____/_/  /_/_/  |_\____/           /_/   /_/ |_/_____/           ┃
  ©Lehrstuhl fuer Angewandte Mechanik - Technische Universitaet Muenchnen      ┃
━━━━━━━━━━━━━━━━━━━━━━━━━━━━━━━━━━━━━━━━━━━━━━━━━━━━━━━━━━━━━━━━━━━━━━━━━━━━━━━┛
 
START MESH READING━━━━━━━━━━━━━━━━━━━━━━━━━━━━━━━━━━━━━━━━━━━━━━━━━━━━━━━━━━━━━┓
102 nodes created                                                              ┃
80 stiffness elements created                                                  ┃
6 dirichlet elements created                                                   ┃
80 neumann elements created                                                    ┃
wrote mesh to file: ./hstripes/A_eye/fetis/output/tau10.dis                    ┃
Elapsed time is 0.35751 seconds.                                               ┃
━━━━━━━━━━━━━━━━━━━━━━━━━━━━━━━━━━━━━━━━━━━━━━━━━━━━━━━━━━━━━━━━━━━━━━━━━━━━━━━┛
 
━━━━━━━━━━━━━━━━━━━━━━━━━━━━━━━━━━━━━━━━━━━━━━━━━━━━━━━━━━━━━━━━━━━━━━━━━━━━━━━┓
      ______________  ______   ______            __  ______    _____   __      ┃
     / ____/ ____/  |/  /   | / ____/           /  |/  /   |  /  _/ | / /      ┃
    / /_  / __/ / /|_/ / /| |/ /      ______   / /|_/ / /| |  / //  |/ /       ┃
   / __/ / /___/ /  / / ___ / /___   /_____/  / /  / / ___ |_/ // /|  /        ┃
  /_/   /_____/_/  /_/_/  |_\____/           /_/  /_/_/  |_/___/_/ |_/         ┃
  ©Lehrstuhl fuer Angewandte Mechanik - Technische Universitaet Muenchnen      ┃
━━━━━━━━━━━━━━━━━━━━━━━━━━━━━━━━━━━━━━━━━━━━━━━━━━━━━━━━━━━━━━━━━━━━━━━━━━━━━━━┛
 
START DIS READING━━━━━━━━━━━━━━━━━━━━━━━━━━━━━━━━━━━━━━━━━━━━━━━━━━━━━━━━━━━━━━┓
Elapsed time is 0.021745 seconds.                                              ┃
━━━━━━━━━━━━━━━━━━━━━━━━━━━━━━━━━━━━━━━━━━━━━━━━━━━━━━━━━━━━━━━━━━━━━━━━━━━━━━━┛
 
START RESOLVING CONDITIONS━━━━━━━━━━━━━━━━━━━━━━━━━━━━━━━━━━━━━━━━━━━━━━━━━━━━━┓
resolving dirichlet condition: ID:1 MSHTAG:1                                   ┃
resolving dirichlet condition: ID:2 MSHTAG:2                                   ┃
resolving neumann   condition: ID:3 MSHTAG:3                                   ┃
Elapsed time is 0.065508 seconds.                                              ┃
━━━━━━━━━━━━━━━━━━━━━━━━━━━━━━━━━━━━━━━━━━━━━━━━━━━━━━━━━━━━━━━━━━━━━━━━━━━━━━━┛
 
RESOLVE FETI MANAGER━━━━━━━━━━━━━━━━━━━━━━━━━━━━━━━━━━━━━━━━━━━━━━━━━━━━━━━━━━━┓
16 subtructures created                                                        ┃
substructures resolved                                                         ┃
substructures evaluated                                                        ┃
connectivity matrices created                                                  ┃
Elapsed time is 0.59142 seconds.                                               ┃
━━━━━━━━━━━━━━━━━━━━━━━━━━━━━━━━━━━━━━━━━━━━━━━━━━━━━━━━━━━━━━━━━━━━━━━━━━━━━━━┛
 
APPLY KINEMATIC CONDITIONS ON SUBSTRUCTURES━━━━━━━━━━━━━━━━━━━━━━━━━━━━━━━━━━━━┓
Dirichlet conditions detected on substructures: 1   2   3   4   5   6   7   8   9  10  11  12  13  14  15  16
Neumann   conditions detected on substructures: 1   2   3   4   5   6   7   8   9  10  11  12  13  14  15  16
Elapsed time is 0.2492 seconds.                                                ┃
━━━━━━━━━━━━━━━━━━━━━━━━━━━━━━━━━━━━━━━━━━━━━━━━━━━━━━━━━━━━━━━━━━━━━━━━━━━━━━━┛
 
FETI Base Setup━━━━━━━━━━━━━━━━━━━━━━━━━━━━━━━━━━━━━━━━━━━━━━━━━━━━━━━━━━━━━━━━┓
FETISSolver.FETISSolver: rigid body modes of substructures: 0  3  3  3  3  3  3  3  3  3  3  3  3  3  3  3
Elapsed time is 0.11583 seconds.                                               ┃
━━━━━━━━━━━━━━━━━━━━━━━━━━━━━━━━━━━━━━━━━━━━━━━━━━━━━━━━━━━━━━━━━━━━━━━━━━━━━━━┛
 
START FETIS SETUP━━━━━━━━━━━━━━━━━━━━━━━━━━━━━━━━━━━━━━━━━━━━━━━━━━━━━━━━━━━━━━┓
FETISSolver.FETISSolver: rigid body modes of substructures: 0  3  3  3  3  3  3  3  3  3  3  3  3  3  3  3
A-matrix taken as unity matrix                                                 ┃
Elapsed time is 0.016907 seconds.                                              ┃
━━━━━━━━━━━━━━━━━━━━━━━━━━━━━━━━━━━━━━━━━━━━━━━━━━━━━━━━━━━━━━━━━━━━━━━━━━━━━━━┛
 
INITIALIZE SOLVER━━━━━━━━━━━━━━━━━━━━━━━━━━━━━━━━━━━━━━━━━━━━━━━━━━━━━━━━━━━━━━┓
Using assembled FI operator!                                                   ┃
No Auxiliary Coarse Grid
Coarse Grid C_ IS empty!                                                       ┃
Check: Error of substructure equilibrium: 5.68e-15                             ┃
Elapsed time is 0.006101 seconds.                                              ┃
━━━━━━━━━━━━━━━━━━━━━━━━━━━━━━━━━━━━━━━━━━━━━━━━━━━━━━━━━━━━━━━━━━━━━━━━━━━━━━━┛
 
Check: r projected into N coarse-space: 3.4989e-17                             ┃
Check: W projected into N coarse-space: 1.8848e-16                             ┃
START FETIS ITERATIONS━━━━━━━━━━━━━━━━━━━━━━━━━━━━━━━━━━━━━━━━━━━━━━━━━━━━━━━━━┓
Check: Error of substructure equilibrium: 5.6617e-15                           ┃
Check: r projected into N coarse-space: 3.4406e-17                             ┃
Check: W projected into N coarse-space: 8.8512e-17                             ┃
Check: Error of substructure equilibrium: 5.6454e-15                           ┃
Check: r projected into N coarse-space: 3.4092e-17                             ┃
Check: W projected into N coarse-space: 1.762e-17                              ┃
Check: Error of substructure equilibrium: 5.644e-15                            ┃
Check: r projected into N coarse-space: 3.4087e-17                             ┃
Check: W projected into N coarse-space: 8.5732e-18                             ┃
Check: Error of substructure equilibrium: 5.6438e-15                           ┃
Check: r projected into N coarse-space: 3.4086e-17                             ┃
Check: W projected into N coarse-space: 7.497e-19                              ┃
Check: Error of substructure equilibrium: 5.6413e-15                           ┃
Check: r projected into N coarse-space: 3.4085e-17                             ┃
Check: W projected into N coarse-space: 1.2154e-19                             ┃
Check: Error of substructure equilibrium: 5.6402e-15                           ┃
Check: r projected into N coarse-space: 3.4086e-17                             ┃
Check: W projected into N coarse-space: 2.6617e-21                             ┃
Check: Error of substructure equilibrium: 5.6405e-15                           ┃
Check: r projected into N coarse-space: 3.4086e-17                             ┃
Check: W projected into N coarse-space: 1.0055e-22                             ┃
Check: Error of substructure equilibrium: 5.6419e-15                           ┃
Check: r projected into N coarse-space: 3.4086e-17                             ┃
Check: W projected into N coarse-space: 1.0986e-24                             ┃
Residual = 2.3765e-10                                                          ┃
after 8 FETI-S iterations with 128 search directions                           ┃
Elapsed time is 0.2005 seconds.                                                ┃
━━━━━━━━━━━━━━━━━━━━━━━━━━━━━━━━━━━━━━━━━━━━━━━━━━━━━━━━━━━━━━━━━━━━━━━━━━━━━━━┛
 
RECOVER DOMAIN SOLUTION━━━━━━━━━━━━━━━━━━━━━━━━━━━━━━━━━━━━━━━━━━━━━━━━━━━━━━━━┓
Elapsed time is 0.011607 seconds.                                              ┃
━━━━━━━━━━━━━━━━━━━━━━━━━━━━━━━━━━━━━━━━━━━━━━━━━━━━━━━━━━━━━━━━━━━━━━━━━━━━━━━┛
 
RECOVER DOMAIN SOLUTION━━━━━━━━━━━━━━━━━━━━━━━━━━━━━━━━━━━━━━━━━━━━━━━━━━━━━━━━┓
Elapsed time is 0.011111 seconds.                                              ┃
━━━━━━━━━━━━━━━━━━━━━━━━━━━━━━━━━━━━━━━━━━━━━━━━━━━━━━━━━━━━━━━━━━━━━━━━━━━━━━━┛
 
━━━━━━━━━━━━━━━━━━━━━━━━━━━━━━━━━━━━━━━━━━━━━━━━━━━━━━━━━━━━━━━━━━━━━━━━━━━━━━━┓
       ______________  ______   ______            ____  ____  ___________      ┃
      / ____/ ____/  |/  /   | / ____/           / __ \/ __ \/ ___/_  __/      ┃
     / /_  / __/ / /|_/ / /| |/ /      ______   / /_/ / / / /\__ \ / /         ┃
    / __/ / /___/ /  / / ___ / /___   /_____/  / ____/ /_/ /___/ // /          ┃
   /_/   /_____/_/  /_/_/  |_\____/           /_/    \____//____//_/           ┃
  ©Lehrstuhl fuer Angewandte Mechanik - Technische Universitaet Muenchnen      ┃
━━━━━━━━━━━━━━━━━━━━━━━━━━━━━━━━━━━━━━━━━━━━━━━━━━━━━━━━━━━━━━━━━━━━━━━━━━━━━━━┛
 
START DIS READING━━━━━━━━━━━━━━━━━━━━━━━━━━━━━━━━━━━━━━━━━━━━━━━━━━━━━━━━━━━━━━┓
Elapsed time is 0.019867 seconds.                                              ┃
━━━━━━━━━━━━━━━━━━━━━━━━━━━━━━━━━━━━━━━━━━━━━━━━━━━━━━━━━━━━━━━━━━━━━━━━━━━━━━━┛
 
START POSTPROCESSING━━━━━━━━━━━━━━━━━━━━━━━━━━━━━━━━━━━━━━━━━━━━━━━━━━━━━━━━━━━┓
element stresses processed                                                     ┃
Elapsed time is 0.069905 seconds.                                              ┃
━━━━━━━━━━━━━━━━━━━━━━━━━━━━━━━━━━━━━━━━━━━━━━━━━━━━━━━━━━━━━━━━━━━━━━━━━━━━━━━┛
 
START VTK-WRITING━━━━━━━━━━━━━━━━━━━━━━━━━━━━━━━━━━━━━━━━━━━━━━━━━━━━━━━━━━━━━━┓
102 nodes written                                                              ┃
80 elements written                                                            ┃
field CONDID_1 SCALARS FLOAT written                                           ┃
field CONDID_2 SCALARS FLOAT written                                           ┃
field CONDID_3 SCALARS FLOAT written                                           ┃
field displacement VECTORS FLOAT written                                       ┃
field MATID_1 SCALARS FLOAT written                                            ┃
field MATID_2 SCALARS FLOAT written                                            ┃
field SUB_ID SCALARS FLOAT written                                             ┃
field SubCenter_Diff VECTORS FLOAT written                                     ┃
Elapsed time is 0.069208 seconds.                                              ┃
━━━━━━━━━━━━━━━━━━━━━━━━━━━━━━━━━━━━━━━━━━━━━━━━━━━━━━━━━━━━━━━━━━━━━━━━━━━━━━━┛
 
INFO━━━━━━━━━━━━━━━━━━━━━━━━━━━━━━━━━━━━━━━━━━━━━━━━━━━━━━━━━━━━━━━━━━━━━━━━━━━┓
dat   -file:                                                                   ┃
mesh  -file: ./hstripes/A_eye/fetis/../../../mesh_hstripes.msh                 ┃
output-file: ./hstripes/A_eye/fetis/output/vtk/tau10.vtk.1                     ┃
matlab-version: 9.0.0.341360 (R2016a)                                          ┃
calculated on : 24-Aug-2016 by lukas on xubuntu                                ┃
git-hash: unknown                                                              ┃
━━━━━━━━━━━━━━━━━━━━━━━━━━━━━━━━━━━━━━━━━━━━━━━━━━━━━━━━━━━━━━━━━━━━━━━━━━━━━━━┛
 
━━━━━━━━━━━━━━━━━━━━━━━━━━━━━━━━━━━━━━━━━━━━━━━━━━━━━━━━━━━━━━━━━━━━━━━━━━━━━━━┓
      ______________  ______   ______            __  ______    _____   __      ┃
     / ____/ ____/  |/  /   | / ____/           /  |/  /   |  /  _/ | / /      ┃
    / /_  / __/ / /|_/ / /| |/ /      ______   / /|_/ / /| |  / //  |/ /       ┃
   / __/ / /___/ /  / / ___ / /___   /_____/  / /  / / ___ |_/ // /|  /        ┃
  /_/   /_____/_/  /_/_/  |_\____/           /_/  /_/_/  |_/___/_/ |_/         ┃
  ©Lehrstuhl fuer Angewandte Mechanik - Technische Universitaet Muenchnen      ┃
━━━━━━━━━━━━━━━━━━━━━━━━━━━━━━━━━━━━━━━━━━━━━━━━━━━━━━━━━━━━━━━━━━━━━━━━━━━━━━━┛
 
START DIS READING━━━━━━━━━━━━━━━━━━━━━━━━━━━━━━━━━━━━━━━━━━━━━━━━━━━━━━━━━━━━━━┓
Elapsed time is 0.62424 seconds.                                               ┃
━━━━━━━━━━━━━━━━━━━━━━━━━━━━━━━━━━━━━━━━━━━━━━━━━━━━━━━━━━━━━━━━━━━━━━━━━━━━━━━┛
 
START RESOLVING CONDITIONS━━━━━━━━━━━━━━━━━━━━━━━━━━━━━━━━━━━━━━━━━━━━━━━━━━━━━┓
resolving dirichlet condition: ID:1 MSHTAG:1                                   ┃
resolving dirichlet condition: ID:2 MSHTAG:2                                   ┃
resolving neumann   condition: ID:3 MSHTAG:3                                   ┃
Elapsed time is 1.2466 seconds.                                                ┃
━━━━━━━━━━━━━━━━━━━━━━━━━━━━━━━━━━━━━━━━━━━━━━━━━━━━━━━━━━━━━━━━━━━━━━━━━━━━━━━┛
 
RESOLVE FETI MANAGER━━━━━━━━━━━━━━━━━━━━━━━━━━━━━━━━━━━━━━━━━━━━━━━━━━━━━━━━━━━┓
16 subtructures created                                                        ┃
substructures resolved                                                         ┃
substructures evaluated                                                        ┃
connectivity matrices created                                                  ┃
Elapsed time is 9.8462 seconds.                                                ┃
━━━━━━━━━━━━━━━━━━━━━━━━━━━━━━━━━━━━━━━━━━━━━━━━━━━━━━━━━━━━━━━━━━━━━━━━━━━━━━━┛
 
APPLY KINEMATIC CONDITIONS ON SUBSTRUCTURES━━━━━━━━━━━━━━━━━━━━━━━━━━━━━━━━━━━━┓
Dirichlet conditions detected on substructures: 1   2   3   4   5   6   7   8   9  10  11  12  13  14  15  16
Neumann   conditions detected on substructures: 1   2   3   4   5   6   7   8   9  10  11  12  13  14  15  16
Elapsed time is 5.2969 seconds.                                                ┃
━━━━━━━━━━━━━━━━━━━━━━━━━━━━━━━━━━━━━━━━━━━━━━━━━━━━━━━━━━━━━━━━━━━━━━━━━━━━━━━┛
 
FETI Base Setup━━━━━━━━━━━━━━━━━━━━━━━━━━━━━━━━━━━━━━━━━━━━━━━━━━━━━━━━━━━━━━━━┓
Preconditioner: Lumped                                                         ┃
FETISSolver.FETISSolver: rigid body modes of substructures: 0  3  3  3  3  3  3  3  3  3  3  3  3  3  3  3
Elapsed time is 1.1223 seconds.                                                ┃
━━━━━━━━━━━━━━━━━━━━━━━━━━━━━━━━━━━━━━━━━━━━━━━━━━━━━━━━━━━━━━━━━━━━━━━━━━━━━━━┛
 
START FETIS SETUP━━━━━━━━━━━━━━━━━━━━━━━━━━━━━━━━━━━━━━━━━━━━━━━━━━━━━━━━━━━━━━┓
FETISSolver.FETISSolver: rigid body modes of substructures: 0  3  3  3  3  3  3  3  3  3  3  3  3  3  3  3
A-matrix taken as unity matrix                                                 ┃
Elapsed time is 0.014234 seconds.                                              ┃
━━━━━━━━━━━━━━━━━━━━━━━━━━━━━━━━━━━━━━━━━━━━━━━━━━━━━━━━━━━━━━━━━━━━━━━━━━━━━━━┛
 
INITIALIZE SOLVER━━━━━━━━━━━━━━━━━━━━━━━━━━━━━━━━━━━━━━━━━━━━━━━━━━━━━━━━━━━━━━┓
Using assembled FI operator!                                                   ┃
No Auxiliary Coarse Grid
Coarse Grid C_ IS empty!                                                       ┃
Check: Error of substructure equilibrium: 6.8852e-15                           ┃
Elapsed time is 0.035497 seconds.                                              ┃
━━━━━━━━━━━━━━━━━━━━━━━━━━━━━━━━━━━━━━━━━━━━━━━━━━━━━━━━━━━━━━━━━━━━━━━━━━━━━━━┛
 
Check: r projected into N coarse-space: 1.3237e-16                             ┃
Check: W projected into N coarse-space: 1.5172e-15                             ┃
START FETIS ITERATIONS━━━━━━━━━━━━━━━━━━━━━━━━━━━━━━━━━━━━━━━━━━━━━━━━━━━━━━━━━┓
Check: Error of substructure equilibrium: 5.8295e-15                           ┃
Check: r projected into N coarse-space: 1.1572e-16                             ┃
Check: W projected into N coarse-space: 4.8525e-16                             ┃
Check: Error of substructure equilibrium: 5.3762e-15                           ┃
Check: r projected into N coarse-space: 1.1072e-16                             ┃
Check: W projected into N coarse-space: 1.5056e-16                             ┃
Check: Error of substructure equilibrium: 5.156e-15                            ┃
Check: r projected into N coarse-space: 1.0904e-16                             ┃
Check: W projected into N coarse-space: 6.2269e-17                             ┃
Check: Error of substructure equilibrium: 5.082e-15                            ┃
Check: r projected into N coarse-space: 1.0858e-16                             ┃
Check: W projected into N coarse-space: 1.4309e-17                             ┃
Check: Error of substructure equilibrium: 5.0659e-15                           ┃
Check: r projected into N coarse-space: 1.0851e-16                             ┃
Check: W projected into N coarse-space: 6.5721e-18                             ┃
Check: Error of substructure equilibrium: 5.0633e-15                           ┃
Check: r projected into N coarse-space: 1.085e-16                              ┃
Check: W projected into N coarse-space: 3.1499e-18                             ┃
Check: Error of substructure equilibrium: 5.0593e-15                           ┃
Check: r projected into N coarse-space: 1.0849e-16                             ┃
Check: W projected into N coarse-space: 8.9295e-19                             ┃
Check: Error of substructure equilibrium: 5.0622e-15                           ┃
Check: r projected into N coarse-space: 1.0849e-16                             ┃
Check: W projected into N coarse-space: 9.0074e-20                             ┃
Check: Error of substructure equilibrium: 5.0619e-15                           ┃
Check: r projected into N coarse-space: 1.0849e-16                             ┃
Check: W projected into N coarse-space: 2.6848e-20                             ┃
Check: Error of substructure equilibrium: 5.061e-15                            ┃
Check: r projected into N coarse-space: 1.0849e-16                             ┃
Check: W projected into N coarse-space: 5.4507e-21                             ┃
Check: Error of substructure equilibrium: 5.0615e-15                           ┃
Check: r projected into N coarse-space: 1.0849e-16                             ┃
Check: W projected into N coarse-space: 1.1263e-21                             ┃
Check: Error of substructure equilibrium: 5.0608e-15                           ┃
Check: r projected into N coarse-space: 1.0849e-16                             ┃
Check: W projected into N coarse-space: 1.7988e-22                             ┃
Check: Error of substructure equilibrium: 5.0609e-15                           ┃
Check: r projected into N coarse-space: 1.0849e-16                             ┃
Check: W projected into N coarse-space: 3.1194e-23                             ┃
Residual = 5.7128e-09                                                          ┃
after 13 FETI-S iterations with 16  16  16  16  16  16  16  16  16  16  16  16  16 search directions
Elapsed time is 0.91431 seconds.                                               ┃
━━━━━━━━━━━━━━━━━━━━━━━━━━━━━━━━━━━━━━━━━━━━━━━━━━━━━━━━━━━━━━━━━━━━━━━━━━━━━━━┛
 
RECOVER DOMAIN SOLUTION━━━━━━━━━━━━━━━━━━━━━━━━━━━━━━━━━━━━━━━━━━━━━━━━━━━━━━━━┓
Elapsed time is 0.018851 seconds.                                              ┃
━━━━━━━━━━━━━━━━━━━━━━━━━━━━━━━━━━━━━━━━━━━━━━━━━━━━━━━━━━━━━━━━━━━━━━━━━━━━━━━┛
 
RECOVER DOMAIN SOLUTION━━━━━━━━━━━━━━━━━━━━━━━━━━━━━━━━━━━━━━━━━━━━━━━━━━━━━━━━┓
Elapsed time is 0.018575 seconds.                                              ┃
━━━━━━━━━━━━━━━━━━━━━━━━━━━━━━━━━━━━━━━━━━━━━━━━━━━━━━━━━━━━━━━━━━━━━━━━━━━━━━━┛
 
━━━━━━━━━━━━━━━━━━━━━━━━━━━━━━━━━━━━━━━━━━━━━━━━━━━━━━━━━━━━━━━━━━━━━━━━━━━━━━━┓
      ______________  ______   ______            __  ______    _____   __      ┃
     / ____/ ____/  |/  /   | / ____/           /  |/  /   |  /  _/ | / /      ┃
    / /_  / __/ / /|_/ / /| |/ /      ______   / /|_/ / /| |  / //  |/ /       ┃
   / __/ / /___/ /  / / ___ / /___   /_____/  / /  / / ___ |_/ // /|  /        ┃
  /_/   /_____/_/  /_/_/  |_\____/           /_/  /_/_/  |_/___/_/ |_/         ┃
  ©Lehrstuhl fuer Angewandte Mechanik - Technische Universitaet Muenchnen      ┃
━━━━━━━━━━━━━━━━━━━━━━━━━━━━━━━━━━━━━━━━━━━━━━━━━━━━━━━━━━━━━━━━━━━━━━━━━━━━━━━┛
 
START DIS READING━━━━━━━━━━━━━━━━━━━━━━━━━━━━━━━━━━━━━━━━━━━━━━━━━━━━━━━━━━━━━━┓
Elapsed time is 0.23483 seconds.                                               ┃
━━━━━━━━━━━━━━━━━━━━━━━━━━━━━━━━━━━━━━━━━━━━━━━━━━━━━━━━━━━━━━━━━━━━━━━━━━━━━━━┛
 
START RESOLVING CONDITIONS━━━━━━━━━━━━━━━━━━━━━━━━━━━━━━━━━━━━━━━━━━━━━━━━━━━━━┓
resolving dirichlet condition: ID:1 MSHTAG:1                                   ┃
resolving dirichlet condition: ID:2 MSHTAG:2                                   ┃
resolving neumann   condition: ID:3 MSHTAG:3                                   ┃
Elapsed time is 0.71096 seconds.                                               ┃
━━━━━━━━━━━━━━━━━━━━━━━━━━━━━━━━━━━━━━━━━━━━━━━━━━━━━━━━━━━━━━━━━━━━━━━━━━━━━━━┛
 
RESOLVE FETI MANAGER━━━━━━━━━━━━━━━━━━━━━━━━━━━━━━━━━━━━━━━━━━━━━━━━━━━━━━━━━━━┓
16 subtructures created                                                        ┃
substructures resolved                                                         ┃
substructures evaluated                                                        ┃
connectivity matrices created                                                  ┃
Elapsed time is 6.7165 seconds.                                                ┃
━━━━━━━━━━━━━━━━━━━━━━━━━━━━━━━━━━━━━━━━━━━━━━━━━━━━━━━━━━━━━━━━━━━━━━━━━━━━━━━┛
 
APPLY KINEMATIC CONDITIONS ON SUBSTRUCTURES━━━━━━━━━━━━━━━━━━━━━━━━━━━━━━━━━━━━┓
Dirichlet conditions detected on substructures: 1   2   3   4   5   6   7   8   9  10  11  12  13  14  15  16
Neumann   conditions detected on substructures: 1   2   3   4   5   6   7   8   9  10  11  12  13  14  15  16
Elapsed time is 3.6206 seconds.                                                ┃
━━━━━━━━━━━━━━━━━━━━━━━━━━━━━━━━━━━━━━━━━━━━━━━━━━━━━━━━━━━━━━━━━━━━━━━━━━━━━━━┛
 
FETI Base Setup━━━━━━━━━━━━━━━━━━━━━━━━━━━━━━━━━━━━━━━━━━━━━━━━━━━━━━━━━━━━━━━━┓
Preconditioner: Lumped                                                         ┃
FETISSolver.FETISSolver: rigid body modes of substructures: 0  3  3  3  3  3  3  3  3  3  3  3  3  3  3  3
Elapsed time is 0.72568 seconds.                                               ┃
━━━━━━━━━━━━━━━━━━━━━━━━━━━━━━━━━━━━━━━━━━━━━━━━━━━━━━━━━━━━━━━━━━━━━━━━━━━━━━━┛
 
START FETI-AS SETUP━━━━━━━━━━━━━━━━━━━━━━━━━━━━━━━━━━━━━━━━━━━━━━━━━━━━━━━━━━━━┓
FETISSolver.FETISSolver: rigid body modes of substructures: 0  3  3  3  3  3  3  3  3  3  3  3  3  3  3  3
A-matrix taken as unity matrix                                                 ┃
Elapsed time is 0.10501 seconds.                                               ┃
━━━━━━━━━━━━━━━━━━━━━━━━━━━━━━━━━━━━━━━━━━━━━━━━━━━━━━━━━━━━━━━━━━━━━━━━━━━━━━━┛
 
INITIALIZE SOLVER━━━━━━━━━━━━━━━━━━━━━━━━━━━━━━━━━━━━━━━━━━━━━━━━━━━━━━━━━━━━━━┓
Using assembled FI operator!                                                   ┃
No Auxiliary Coarse Grid
Coarse Grid C_ IS empty!                                                       ┃
Check: Error of substructure equilibrium: 6.8852e-15                           ┃
Elapsed time is 0.021159 seconds.                                              ┃
━━━━━━━━━━━━━━━━━━━━━━━━━━━━━━━━━━━━━━━━━━━━━━━━━━━━━━━━━━━━━━━━━━━━━━━━━━━━━━━┛
 
Check: r projected into N coarse-space: 1.3237e-16                             ┃
Check: W projected into N coarse-space: 1.5483e-14                             ┃
START FETI-AS ITERATIONS━━━━━━━━━━━━━━━━━━━━━━━━━━━━━━━━━━━━━━━━━━━━━━━━━━━━━━━┓
Check: Error of substructure equilibrium: 5.849e-15                            ┃
Check: r projected into N coarse-space: 1.1596e-16                             ┃
Check: W projected into N coarse-space: 1.6188e-14                             ┃
current residuum: 0.034237                                                     ┃
Check: Error of substructure equilibrium: 5.3687e-15                           ┃
Check: r projected into N coarse-space: 1.107e-16                              ┃
Check: W projected into N coarse-space: 5.0152e-15                             ┃
current residuum: 0.016166                                                     ┃
Check: Error of substructure equilibrium: 5.1605e-15                           ┃
Check: r projected into N coarse-space: 1.0912e-16                             ┃
Check: W projected into N coarse-space: 3.1951e-15                             ┃
current residuum: 0.012216                                                     ┃
Check: Error of substructure equilibrium: 5.0849e-15                           ┃
Check: r projected into N coarse-space: 1.0865e-16                             ┃
Check: W projected into N coarse-space: 3.3264e-16                             ┃
current residuum: 0.003471                                                     ┃
Check: Error of substructure equilibrium: 5.062e-15                            ┃
Check: r projected into N coarse-space: 1.0853e-16                             ┃
Check: W projected into N coarse-space: 7.1296e-17                             ┃
current residuum: 0.0012136                                                    ┃
Check: Error of substructure equilibrium: 5.0577e-15                           ┃
Check: r projected into N coarse-space: 1.0852e-16                             ┃
Check: W projected into N coarse-space: 2.524e-17                              ┃
current residuum: 0.00050801                                                   ┃
Check: Error of substructure equilibrium: 5.0566e-15                           ┃
Check: r projected into N coarse-space: 1.0852e-16                             ┃
Check: W projected into N coarse-space: 6.8354e-18                             ┃
current residuum: 0.00014007                                                   ┃
Check: Error of substructure equilibrium: 5.0579e-15                           ┃
Check: r projected into N coarse-space: 1.0852e-16                             ┃
Check: W projected into N coarse-space: 4.8643e-18                             ┃
current residuum: 8.9249e-05                                                   ┃
Check: Error of substructure equilibrium: 5.0565e-15                           ┃
Check: r projected into N coarse-space: 1.0852e-16                             ┃
Check: W projected into N coarse-space: 7.8627e-18                             ┃
current residuum: 2.5757e-05                                                   ┃
Check: Error of substructure equilibrium: 5.0574e-15                           ┃
Check: r projected into N coarse-space: 1.0852e-16                             ┃
Check: W projected into N coarse-space: 6.7438e-19                             ┃
current residuum: 6.5054e-06                                                   ┃
Check: Error of substructure equilibrium: 5.0569e-15                           ┃
Check: r projected into N coarse-space: 1.0852e-16                             ┃
Check: W projected into N coarse-space: 3.3991e-19                             ┃
current residuum: 2.1984e-06                                                   ┃
Check: Error of substructure equilibrium: 5.0574e-15                           ┃
Check: r projected into N coarse-space: 1.0852e-16                             ┃
Check: W projected into N coarse-space: 8.4517e-20                             ┃
current residuum: 5.949e-07                                                    ┃
Check: Error of substructure equilibrium: 5.0575e-15                           ┃
Check: r projected into N coarse-space: 1.0852e-16                             ┃
Check: W projected into N coarse-space: 9.2976e-21                             ┃
current residuum: 1.9573e-07                                                   ┃
Check: Error of substructure equilibrium: 5.0581e-15                           ┃
Check: r projected into N coarse-space: 1.0852e-16                             ┃
Check: W projected into N coarse-space: 1.8119e-21                             ┃
current residuum: 4.0854e-08                                                   ┃
Check: Error of substructure equilibrium: 5.0584e-15                           ┃
Check: r projected into N coarse-space: 1.0852e-16                             ┃
Check: W projected into N coarse-space: 2.642e-22                              ┃
current residuum: 8.8499e-09                                                   ┃
Residual = 8.8499e-09                                                          ┃
after 15 FETI-AS iterations with 17  10   5   6  16   6  12  16  11   6   7   5   4   1   1 search directions
Elapsed time is 0.86631 seconds.                                               ┃
━━━━━━━━━━━━━━━━━━━━━━━━━━━━━━━━━━━━━━━━━━━━━━━━━━━━━━━━━━━━━━━━━━━━━━━━━━━━━━━┛
 
RECOVER DOMAIN SOLUTION━━━━━━━━━━━━━━━━━━━━━━━━━━━━━━━━━━━━━━━━━━━━━━━━━━━━━━━━┓
Elapsed time is 0.013868 seconds.                                              ┃
━━━━━━━━━━━━━━━━━━━━━━━━━━━━━━━━━━━━━━━━━━━━━━━━━━━━━━━━━━━━━━━━━━━━━━━━━━━━━━━┛
 
RECOVER DOMAIN SOLUTION━━━━━━━━━━━━━━━━━━━━━━━━━━━━━━━━━━━━━━━━━━━━━━━━━━━━━━━━┓
Elapsed time is 0.013694 seconds.                                              ┃
━━━━━━━━━━━━━━━━━━━━━━━━━━━━━━━━━━━━━━━━━━━━━━━━━━━━━━━━━━━━━━━━━━━━━━━━━━━━━━━┛
 
━━━━━━━━━━━━━━━━━━━━━━━━━━━━━━━━━━━━━━━━━━━━━━━━━━━━━━━━━━━━━━━━━━━━━━━━━━━━━━━┓
      ______________  ______   ______            __  ______    _____   __      ┃
     / ____/ ____/  |/  /   | / ____/           /  |/  /   |  /  _/ | / /      ┃
    / /_  / __/ / /|_/ / /| |/ /      ______   / /|_/ / /| |  / //  |/ /       ┃
   / __/ / /___/ /  / / ___ / /___   /_____/  / /  / / ___ |_/ // /|  /        ┃
  /_/   /_____/_/  /_/_/  |_\____/           /_/  /_/_/  |_/___/_/ |_/         ┃
  ©Lehrstuhl fuer Angewandte Mechanik - Technische Universitaet Muenchnen      ┃
━━━━━━━━━━━━━━━━━━━━━━━━━━━━━━━━━━━━━━━━━━━━━━━━━━━━━━━━━━━━━━━━━━━━━━━━━━━━━━━┛
 
START DIS READING━━━━━━━━━━━━━━━━━━━━━━━━━━━━━━━━━━━━━━━━━━━━━━━━━━━━━━━━━━━━━━┓
Elapsed time is 0.35931 seconds.                                               ┃
━━━━━━━━━━━━━━━━━━━━━━━━━━━━━━━━━━━━━━━━━━━━━━━━━━━━━━━━━━━━━━━━━━━━━━━━━━━━━━━┛
 
START RESOLVING CONDITIONS━━━━━━━━━━━━━━━━━━━━━━━━━━━━━━━━━━━━━━━━━━━━━━━━━━━━━┓
resolving dirichlet condition: ID:1 MSHTAG:1                                   ┃
resolving dirichlet condition: ID:2 MSHTAG:2                                   ┃
resolving neumann   condition: ID:3 MSHTAG:3                                   ┃
Elapsed time is 1.011 seconds.                                                 ┃
━━━━━━━━━━━━━━━━━━━━━━━━━━━━━━━━━━━━━━━━━━━━━━━━━━━━━━━━━━━━━━━━━━━━━━━━━━━━━━━┛
 
RESOLVE FETI MANAGER━━━━━━━━━━━━━━━━━━━━━━━━━━━━━━━━━━━━━━━━━━━━━━━━━━━━━━━━━━━┓
16 subtructures created                                                        ┃
substructures resolved                                                         ┃
substructures evaluated                                                        ┃
connectivity matrices created                                                  ┃
Elapsed time is 10.5199 seconds.                                               ┃
━━━━━━━━━━━━━━━━━━━━━━━━━━━━━━━━━━━━━━━━━━━━━━━━━━━━━━━━━━━━━━━━━━━━━━━━━━━━━━━┛
 
APPLY KINEMATIC CONDITIONS ON SUBSTRUCTURES━━━━━━━━━━━━━━━━━━━━━━━━━━━━━━━━━━━━┓
Dirichlet conditions detected on substructures: 1   2   3   4   5   6   7   8   9  10  11  12  13  14  15  16
Neumann   conditions detected on substructures: 1   2   3   4   5   6   7   8   9  10  11  12  13  14  15  16
Elapsed time is 5.129 seconds.                                                 ┃
━━━━━━━━━━━━━━━━━━━━━━━━━━━━━━━━━━━━━━━━━━━━━━━━━━━━━━━━━━━━━━━━━━━━━━━━━━━━━━━┛
 
FETI Base Setup━━━━━━━━━━━━━━━━━━━━━━━━━━━━━━━━━━━━━━━━━━━━━━━━━━━━━━━━━━━━━━━━┓
Preconditioner: Lumped                                                         ┃
FETISSolver.FETISSolver: rigid body modes of substructures: 0  3  3  3  3  3  3  3  3  3  3  3  3  3  3  3
Elapsed time is 1.0687 seconds.                                                ┃
━━━━━━━━━━━━━━━━━━━━━━━━━━━━━━━━━━━━━━━━━━━━━━━━━━━━━━━━━━━━━━━━━━━━━━━━━━━━━━━┛
 
START FETI-AS SETUP━━━━━━━━━━━━━━━━━━━━━━━━━━━━━━━━━━━━━━━━━━━━━━━━━━━━━━━━━━━━┓
FETISSolver.FETISSolver: rigid body modes of substructures: 0  3  3  3  3  3  3  3  3  3  3  3  3  3  3  3
A-matrix taken as unity matrix                                                 ┃
Elapsed time is 0.1466 seconds.                                                ┃
━━━━━━━━━━━━━━━━━━━━━━━━━━━━━━━━━━━━━━━━━━━━━━━━━━━━━━━━━━━━━━━━━━━━━━━━━━━━━━━┛
 
INITIALIZE SOLVER━━━━━━━━━━━━━━━━━━━━━━━━━━━━━━━━━━━━━━━━━━━━━━━━━━━━━━━━━━━━━━┓
Using assembled FI operator!                                                   ┃
No Auxiliary Coarse Grid
Coarse Grid C_ IS empty!                                                       ┃
Check: Error of substructure equilibrium: 6.8852e-15                           ┃
Elapsed time is 0.030062 seconds.                                              ┃
━━━━━━━━━━━━━━━━━━━━━━━━━━━━━━━━━━━━━━━━━━━━━━━━━━━━━━━━━━━━━━━━━━━━━━━━━━━━━━━┛
 
Check: r projected into N coarse-space: 1.3237e-16                             ┃
Check: W projected into N coarse-space: 1.5483e-14                             ┃
START FETI-AS ITERATIONS━━━━━━━━━━━━━━━━━━━━━━━━━━━━━━━━━━━━━━━━━━━━━━━━━━━━━━━┓
Check: Error of substructure equilibrium: 5.849e-15                            ┃
Check: r projected into N coarse-space: 1.1596e-16                             ┃
Check: W projected into N coarse-space: 1.6188e-14                             ┃
current residuum: 0.034237                                                     ┃
Check: Error of substructure equilibrium: 5.3687e-15                           ┃
Check: r projected into N coarse-space: 1.107e-16                              ┃
Check: W projected into N coarse-space: 5.0152e-15                             ┃
current residuum: 0.016166                                                     ┃
Check: Error of substructure equilibrium: 5.1605e-15                           ┃
Check: r projected into N coarse-space: 1.0912e-16                             ┃
Check: W projected into N coarse-space: 3.1951e-15                             ┃
current residuum: 0.012216                                                     ┃
Check: Error of substructure equilibrium: 5.0849e-15                           ┃
Check: r projected into N coarse-space: 1.0865e-16                             ┃
Check: W projected into N coarse-space: 3.3264e-16                             ┃
current residuum: 0.003471                                                     ┃
Check: Error of substructure equilibrium: 5.062e-15                            ┃
Check: r projected into N coarse-space: 1.0853e-16                             ┃
Check: W projected into N coarse-space: 7.1296e-17                             ┃
current residuum: 0.0012136                                                    ┃
Check: Error of substructure equilibrium: 5.0577e-15                           ┃
Check: r projected into N coarse-space: 1.0852e-16                             ┃
Check: W projected into N coarse-space: 2.524e-17                              ┃
current residuum: 0.00050801                                                   ┃
Check: Error of substructure equilibrium: 5.0566e-15                           ┃
Check: r projected into N coarse-space: 1.0852e-16                             ┃
Check: W projected into N coarse-space: 6.8354e-18                             ┃
current residuum: 0.00014007                                                   ┃
Check: Error of substructure equilibrium: 5.0579e-15                           ┃
Check: r projected into N coarse-space: 1.0852e-16                             ┃
Check: W projected into N coarse-space: 4.8643e-18                             ┃
current residuum: 8.9249e-05                                                   ┃
Check: Error of substructure equilibrium: 5.0565e-15                           ┃
Check: r projected into N coarse-space: 1.0852e-16                             ┃
Check: W projected into N coarse-space: 7.8627e-18                             ┃
current residuum: 2.5757e-05                                                   ┃
Check: Error of substructure equilibrium: 5.0574e-15                           ┃
Check: r projected into N coarse-space: 1.0852e-16                             ┃
Check: W projected into N coarse-space: 6.7438e-19                             ┃
current residuum: 6.5054e-06                                                   ┃
Check: Error of substructure equilibrium: 5.0569e-15                           ┃
Check: r projected into N coarse-space: 1.0852e-16                             ┃
Check: W projected into N coarse-space: 3.3991e-19                             ┃
current residuum: 2.1984e-06                                                   ┃
Check: Error of substructure equilibrium: 5.0574e-15                           ┃
Check: r projected into N coarse-space: 1.0852e-16                             ┃
Check: W projected into N coarse-space: 8.4517e-20                             ┃
current residuum: 5.949e-07                                                    ┃
Check: Error of substructure equilibrium: 5.0575e-15                           ┃
Check: r projected into N coarse-space: 1.0852e-16                             ┃
Check: W projected into N coarse-space: 9.2976e-21                             ┃
current residuum: 1.9573e-07                                                   ┃
Check: Error of substructure equilibrium: 5.0581e-15                           ┃
Check: r projected into N coarse-space: 1.0852e-16                             ┃
Check: W projected into N coarse-space: 1.8119e-21                             ┃
current residuum: 4.0854e-08                                                   ┃
Check: Error of substructure equilibrium: 5.0584e-15                           ┃
Check: r projected into N coarse-space: 1.0852e-16                             ┃
Check: W projected into N coarse-space: 2.642e-22                              ┃
current residuum: 8.8499e-09                                                   ┃
Residual = 8.8499e-09                                                          ┃
after 15 FETI-AS iterations with 17  10   5   6  16   6  12  16  11   6   7   5   4   1   1 search directions
Elapsed time is 1.2415 seconds.                                                ┃
━━━━━━━━━━━━━━━━━━━━━━━━━━━━━━━━━━━━━━━━━━━━━━━━━━━━━━━━━━━━━━━━━━━━━━━━━━━━━━━┛
 
RECOVER DOMAIN SOLUTION━━━━━━━━━━━━━━━━━━━━━━━━━━━━━━━━━━━━━━━━━━━━━━━━━━━━━━━━┓
Elapsed time is 0.019817 seconds.                                              ┃
━━━━━━━━━━━━━━━━━━━━━━━━━━━━━━━━━━━━━━━━━━━━━━━━━━━━━━━━━━━━━━━━━━━━━━━━━━━━━━━┛
 
RECOVER DOMAIN SOLUTION━━━━━━━━━━━━━━━━━━━━━━━━━━━━━━━━━━━━━━━━━━━━━━━━━━━━━━━━┓
Elapsed time is 0.019641 seconds.                                              ┃
━━━━━━━━━━━━━━━━━━━━━━━━━━━━━━━━━━━━━━━━━━━━━━━━━━━━━━━━━━━━━━━━━━━━━━━━━━━━━━━┛
 
━━━━━━━━━━━━━━━━━━━━━━━━━━━━━━━━━━━━━━━━━━━━━━━━━━━━━━━━━━━━━━━━━━━━━━━━━━━━━━━┓
      ______________  ______   ______            __  ______    _____   __      ┃
     / ____/ ____/  |/  /   | / ____/           /  |/  /   |  /  _/ | / /      ┃
    / /_  / __/ / /|_/ / /| |/ /      ______   / /|_/ / /| |  / //  |/ /       ┃
   / __/ / /___/ /  / / ___ / /___   /_____/  / /  / / ___ |_/ // /|  /        ┃
  /_/   /_____/_/  /_/_/  |_\____/           /_/  /_/_/  |_/___/_/ |_/         ┃
  ©Lehrstuhl fuer Angewandte Mechanik - Technische Universitaet Muenchnen      ┃
━━━━━━━━━━━━━━━━━━━━━━━━━━━━━━━━━━━━━━━━━━━━━━━━━━━━━━━━━━━━━━━━━━━━━━━━━━━━━━━┛
 
START DIS READING━━━━━━━━━━━━━━━━━━━━━━━━━━━━━━━━━━━━━━━━━━━━━━━━━━━━━━━━━━━━━━┓
Elapsed time is 0.42263 seconds.                                               ┃
━━━━━━━━━━━━━━━━━━━━━━━━━━━━━━━━━━━━━━━━━━━━━━━━━━━━━━━━━━━━━━━━━━━━━━━━━━━━━━━┛
 
START RESOLVING CONDITIONS━━━━━━━━━━━━━━━━━━━━━━━━━━━━━━━━━━━━━━━━━━━━━━━━━━━━━┓
resolving dirichlet condition: ID:1 MSHTAG:1                                   ┃
resolving dirichlet condition: ID:2 MSHTAG:2                                   ┃
resolving neumann   condition: ID:3 MSHTAG:3                                   ┃
Elapsed time is 1.1471 seconds.                                                ┃
━━━━━━━━━━━━━━━━━━━━━━━━━━━━━━━━━━━━━━━━━━━━━━━━━━━━━━━━━━━━━━━━━━━━━━━━━━━━━━━┛
 
RESOLVE FETI MANAGER━━━━━━━━━━━━━━━━━━━━━━━━━━━━━━━━━━━━━━━━━━━━━━━━━━━━━━━━━━━┓
16 subtructures created                                                        ┃
substructures resolved                                                         ┃
substructures evaluated                                                        ┃
connectivity matrices created                                                  ┃
Elapsed time is 10.2726 seconds.                                               ┃
━━━━━━━━━━━━━━━━━━━━━━━━━━━━━━━━━━━━━━━━━━━━━━━━━━━━━━━━━━━━━━━━━━━━━━━━━━━━━━━┛
 
APPLY KINEMATIC CONDITIONS ON SUBSTRUCTURES━━━━━━━━━━━━━━━━━━━━━━━━━━━━━━━━━━━━┓
Dirichlet conditions detected on substructures: 1   2   3   4   5   6   7   8   9  10  11  12  13  14  15  16
Neumann   conditions detected on substructures: 1   2   3   4   5   6   7   8   9  10  11  12  13  14  15  16
Elapsed time is 5.0506 seconds.                                                ┃
━━━━━━━━━━━━━━━━━━━━━━━━━━━━━━━━━━━━━━━━━━━━━━━━━━━━━━━━━━━━━━━━━━━━━━━━━━━━━━━┛
 
FETI Base Setup━━━━━━━━━━━━━━━━━━━━━━━━━━━━━━━━━━━━━━━━━━━━━━━━━━━━━━━━━━━━━━━━┓
Preconditioner: Lumped                                                         ┃
FETISSolver.FETISSolver: rigid body modes of substructures: 0  3  3  3  3  3  3  3  3  3  3  3  3  3  3  3
Elapsed time is 1.1611 seconds.                                                ┃
━━━━━━━━━━━━━━━━━━━━━━━━━━━━━━━━━━━━━━━━━━━━━━━━━━━━━━━━━━━━━━━━━━━━━━━━━━━━━━━┛
 
START FETI-AS SETUP━━━━━━━━━━━━━━━━━━━━━━━━━━━━━━━━━━━━━━━━━━━━━━━━━━━━━━━━━━━━┓
FETISSolver.FETISSolver: rigid body modes of substructures: 0  3  3  3  3  3  3  3  3  3  3  3  3  3  3  3
A-matrix taken as unity matrix                                                 ┃
Elapsed time is 0.15167 seconds.                                               ┃
━━━━━━━━━━━━━━━━━━━━━━━━━━━━━━━━━━━━━━━━━━━━━━━━━━━━━━━━━━━━━━━━━━━━━━━━━━━━━━━┛
 
INITIALIZE SOLVER━━━━━━━━━━━━━━━━━━━━━━━━━━━━━━━━━━━━━━━━━━━━━━━━━━━━━━━━━━━━━━┓
Using assembled FI operator!                                                   ┃
No Auxiliary Coarse Grid
Coarse Grid C_ IS empty!                                                       ┃
Check: Error of substructure equilibrium: 6.8852e-15                           ┃
Elapsed time is 0.039557 seconds.                                              ┃
━━━━━━━━━━━━━━━━━━━━━━━━━━━━━━━━━━━━━━━━━━━━━━━━━━━━━━━━━━━━━━━━━━━━━━━━━━━━━━━┛
 
Check: r projected into N coarse-space: 1.3237e-16                             ┃
Check: W projected into N coarse-space: 1.5483e-14                             ┃
START FETI-AS ITERATIONS━━━━━━━━━━━━━━━━━━━━━━━━━━━━━━━━━━━━━━━━━━━━━━━━━━━━━━━┓
Check: Error of substructure equilibrium: 5.849e-15                            ┃
Check: r projected into N coarse-space: 1.1596e-16                             ┃
Check: W projected into N coarse-space: 1.6188e-14                             ┃
current residuum: 0.034237                                                     ┃
Check: Error of substructure equilibrium: 5.3687e-15                           ┃
Check: r projected into N coarse-space: 1.107e-16                              ┃
Check: W projected into N coarse-space: 5.0152e-15                             ┃
current residuum: 0.016166                                                     ┃
Check: Error of substructure equilibrium: 5.1605e-15                           ┃
Check: r projected into N coarse-space: 1.0912e-16                             ┃
Check: W projected into N coarse-space: 3.1951e-15                             ┃
current residuum: 0.012216                                                     ┃
Check: Error of substructure equilibrium: 5.0849e-15                           ┃
Check: r projected into N coarse-space: 1.0865e-16                             ┃
Check: W projected into N coarse-space: 3.3264e-16                             ┃
current residuum: 0.003471                                                     ┃
Check: Error of substructure equilibrium: 5.062e-15                            ┃
Check: r projected into N coarse-space: 1.0853e-16                             ┃
Check: W projected into N coarse-space: 7.1296e-17                             ┃
current residuum: 0.0012136                                                    ┃
Check: Error of substructure equilibrium: 5.0577e-15                           ┃
Check: r projected into N coarse-space: 1.0852e-16                             ┃
Check: W projected into N coarse-space: 2.524e-17                              ┃
current residuum: 0.00050801                                                   ┃
Check: Error of substructure equilibrium: 5.0566e-15                           ┃
Check: r projected into N coarse-space: 1.0852e-16                             ┃
Check: W projected into N coarse-space: 6.8354e-18                             ┃
current residuum: 0.00014007                                                   ┃
Check: Error of substructure equilibrium: 5.0579e-15                           ┃
Check: r projected into N coarse-space: 1.0852e-16                             ┃
Check: W projected into N coarse-space: 4.8643e-18                             ┃
current residuum: 8.9249e-05                                                   ┃
Check: Error of substructure equilibrium: 5.0565e-15                           ┃
Check: r projected into N coarse-space: 1.0852e-16                             ┃
Check: W projected into N coarse-space: 7.8627e-18                             ┃
current residuum: 2.5757e-05                                                   ┃
Check: Error of substructure equilibrium: 5.0574e-15                           ┃
Check: r projected into N coarse-space: 1.0852e-16                             ┃
Check: W projected into N coarse-space: 6.7438e-19                             ┃
current residuum: 6.5054e-06                                                   ┃
Check: Error of substructure equilibrium: 5.0569e-15                           ┃
Check: r projected into N coarse-space: 1.0852e-16                             ┃
Check: W projected into N coarse-space: 3.3991e-19                             ┃
current residuum: 2.1984e-06                                                   ┃
Check: Error of substructure equilibrium: 5.0574e-15                           ┃
Check: r projected into N coarse-space: 1.0852e-16                             ┃
Check: W projected into N coarse-space: 8.4517e-20                             ┃
current residuum: 5.949e-07                                                    ┃
Check: Error of substructure equilibrium: 5.0575e-15                           ┃
Check: r projected into N coarse-space: 1.0852e-16                             ┃
Check: W projected into N coarse-space: 9.2976e-21                             ┃
current residuum: 1.9573e-07                                                   ┃
Check: Error of substructure equilibrium: 5.0581e-15                           ┃
Check: r projected into N coarse-space: 1.0852e-16                             ┃
Check: W projected into N coarse-space: 1.8119e-21                             ┃
current residuum: 4.0854e-08                                                   ┃
Check: Error of substructure equilibrium: 5.0584e-15                           ┃
Check: r projected into N coarse-space: 1.0852e-16                             ┃
Check: W projected into N coarse-space: 2.642e-22                              ┃
current residuum: 8.8499e-09                                                   ┃
Residual = 8.8499e-09                                                          ┃
after 15 FETI-AS iterations with 17  10   5   6  16   6  12  16  11   6   7   5   4   1   1 search directions
Elapsed time is 1.6269 seconds.                                                ┃
━━━━━━━━━━━━━━━━━━━━━━━━━━━━━━━━━━━━━━━━━━━━━━━━━━━━━━━━━━━━━━━━━━━━━━━━━━━━━━━┛
 
RECOVER DOMAIN SOLUTION━━━━━━━━━━━━━━━━━━━━━━━━━━━━━━━━━━━━━━━━━━━━━━━━━━━━━━━━┓
Elapsed time is 0.034799 seconds.                                              ┃
━━━━━━━━━━━━━━━━━━━━━━━━━━━━━━━━━━━━━━━━━━━━━━━━━━━━━━━━━━━━━━━━━━━━━━━━━━━━━━━┛
 
RECOVER DOMAIN SOLUTION━━━━━━━━━━━━━━━━━━━━━━━━━━━━━━━━━━━━━━━━━━━━━━━━━━━━━━━━┓
Elapsed time is 0.04135 seconds.                                               ┃
━━━━━━━━━━━━━━━━━━━━━━━━━━━━━━━━━━━━━━━━━━━━━━━━━━━━━━━━━━━━━━━━━━━━━━━━━━━━━━━┛
 
━━━━━━━━━━━━━━━━━━━━━━━━━━━━━━━━━━━━━━━━━━━━━━━━━━━━━━━━━━━━━━━━━━━━━━━━━━━━━━━┓
      ______________  ______   ______            __  ______    _____   __      ┃
     / ____/ ____/  |/  /   | / ____/           /  |/  /   |  /  _/ | / /      ┃
    / /_  / __/ / /|_/ / /| |/ /      ______   / /|_/ / /| |  / //  |/ /       ┃
   / __/ / /___/ /  / / ___ / /___   /_____/  / /  / / ___ |_/ // /|  /        ┃
  /_/   /_____/_/  /_/_/  |_\____/           /_/  /_/_/  |_/___/_/ |_/         ┃
  ©Lehrstuhl fuer Angewandte Mechanik - Technische Universitaet Muenchnen      ┃
━━━━━━━━━━━━━━━━━━━━━━━━━━━━━━━━━━━━━━━━━━━━━━━━━━━━━━━━━━━━━━━━━━━━━━━━━━━━━━━┛
 
START DIS READING━━━━━━━━━━━━━━━━━━━━━━━━━━━━━━━━━━━━━━━━━━━━━━━━━━━━━━━━━━━━━━┓
Elapsed time is 0.28305 seconds.                                               ┃
━━━━━━━━━━━━━━━━━━━━━━━━━━━━━━━━━━━━━━━━━━━━━━━━━━━━━━━━━━━━━━━━━━━━━━━━━━━━━━━┛
 
START RESOLVING CONDITIONS━━━━━━━━━━━━━━━━━━━━━━━━━━━━━━━━━━━━━━━━━━━━━━━━━━━━━┓
resolving dirichlet condition: ID:1 MSHTAG:1                                   ┃
resolving dirichlet condition: ID:2 MSHTAG:2                                   ┃
resolving neumann   condition: ID:3 MSHTAG:3                                   ┃
Elapsed time is 0.7755 seconds.                                                ┃
━━━━━━━━━━━━━━━━━━━━━━━━━━━━━━━━━━━━━━━━━━━━━━━━━━━━━━━━━━━━━━━━━━━━━━━━━━━━━━━┛
 
RESOLVE FETI MANAGER━━━━━━━━━━━━━━━━━━━━━━━━━━━━━━━━━━━━━━━━━━━━━━━━━━━━━━━━━━━┓
16 subtructures created                                                        ┃
substructures resolved                                                         ┃
substructures evaluated                                                        ┃
connectivity matrices created                                                  ┃
Elapsed time is 7.1637 seconds.                                                ┃
━━━━━━━━━━━━━━━━━━━━━━━━━━━━━━━━━━━━━━━━━━━━━━━━━━━━━━━━━━━━━━━━━━━━━━━━━━━━━━━┛
 
APPLY KINEMATIC CONDITIONS ON SUBSTRUCTURES━━━━━━━━━━━━━━━━━━━━━━━━━━━━━━━━━━━━┓
Dirichlet conditions detected on substructures: 1   2   3   4   5   6   7   8   9  10  11  12  13  14  15  16
Neumann   conditions detected on substructures: 1   2   3   4   5   6   7   8   9  10  11  12  13  14  15  16
Elapsed time is 3.813 seconds.                                                 ┃
━━━━━━━━━━━━━━━━━━━━━━━━━━━━━━━━━━━━━━━━━━━━━━━━━━━━━━━━━━━━━━━━━━━━━━━━━━━━━━━┛
 
FETI Base Setup━━━━━━━━━━━━━━━━━━━━━━━━━━━━━━━━━━━━━━━━━━━━━━━━━━━━━━━━━━━━━━━━┓
Scaling: none                                                                  ┃
Preconditioner: Lumped                                                         ┃
FETISSolver.FETISSolver: rigid body modes of substructures: 0  3  3  3  3  3  3  3  3  3  3  3  3  3  3  3
Elapsed time is 0.86842 seconds.                                               ┃
━━━━━━━━━━━━━━━━━━━━━━━━━━━━━━━━━━━━━━━━━━━━━━━━━━━━━━━━━━━━━━━━━━━━━━━━━━━━━━━┛
 
START FETI-AS SETUP━━━━━━━━━━━━━━━━━━━━━━━━━━━━━━━━━━━━━━━━━━━━━━━━━━━━━━━━━━━━┓
FETISSolver.FETISSolver: rigid body modes of substructures: 0  3  3  3  3  3  3  3  3  3  3  3  3  3  3  3
A-matrix taken as preconditioner                                               ┃
Elapsed time is 0.12151 seconds.                                               ┃
━━━━━━━━━━━━━━━━━━━━━━━━━━━━━━━━━━━━━━━━━━━━━━━━━━━━━━━━━━━━━━━━━━━━━━━━━━━━━━━┛
 
INITIALIZE SOLVER━━━━━━━━━━━━━━━━━━━━━━━━━━━━━━━━━━━━━━━━━━━━━━━━━━━━━━━━━━━━━━┓
Using assembled FI operator!                                                   ┃
No Auxiliary Coarse Grid
Coarse Grid C_ IS empty!                                                       ┃
Check: Error of substructure equilibrium: 3.4071e-15                           ┃
Elapsed time is 0.050472 seconds.                                              ┃
━━━━━━━━━━━━━━━━━━━━━━━━━━━━━━━━━━━━━━━━━━━━━━━━━━━━━━━━━━━━━━━━━━━━━━━━━━━━━━━┛
 
Check: r projected into N coarse-space: 0.00013669                             ┃
Check: W projected into N coarse-space: 2.8606e-16                             ┃
START FETI-AS ITERATIONS━━━━━━━━━━━━━━━━━━━━━━━━━━━━━━━━━━━━━━━━━━━━━━━━━━━━━━━┓
Check: Error of substructure equilibrium: 3.4066e-15                           ┃
Check: r projected into N coarse-space: 7.2941e-05                             ┃
Check: W projected into N coarse-space: 2.2658e-16                             ┃
current residuum: 0.011176                                                     ┃
Check: Error of substructure equilibrium: 3.4069e-15                           ┃
Check: r projected into N coarse-space: 4.5996e-05                             ┃
Check: W projected into N coarse-space: 2.9234e-16                             ┃
current residuum: 0.010965                                                     ┃
Check: Error of substructure equilibrium: 3.4071e-15                           ┃
Check: r projected into N coarse-space: 3.1574e-05                             ┃
Check: W projected into N coarse-space: 3.6963e-17                             ┃
current residuum: 0.003518                                                     ┃
Check: Error of substructure equilibrium: 3.4058e-15                           ┃
Check: r projected into N coarse-space: 1.6765e-05                             ┃
Check: W projected into N coarse-space: 3.8409e-17                             ┃
current residuum: 0.0018278                                                    ┃
Check: Error of substructure equilibrium: 3.4051e-15                           ┃
Check: r projected into N coarse-space: 4.3868e-06                             ┃
Check: W projected into N coarse-space: 5.1905e-17                             ┃
current residuum: 0.00088627                                                   ┃
Check: Error of substructure equilibrium: 3.4062e-15                           ┃
Check: r projected into N coarse-space: 7.5672e-07                             ┃
Check: W projected into N coarse-space: 3.1872e-17                             ┃
current residuum: 0.00017189                                                   ┃
Check: Error of substructure equilibrium: 3.4066e-15                           ┃
Check: r projected into N coarse-space: 2.5385e-07                             ┃
Check: W projected into N coarse-space: 6.3126e-18                             ┃
current residuum: 8.6435e-05                                                   ┃
Check: Error of substructure equilibrium: 3.4074e-15                           ┃
Check: r projected into N coarse-space: 1.2618e-07                             ┃
Check: W projected into N coarse-space: 1.9063e-18                             ┃
current residuum: 3.3695e-05                                                   ┃
Check: Error of substructure equilibrium: 3.406e-15                            ┃
Check: r projected into N coarse-space: 1.8137e-08                             ┃
Check: W projected into N coarse-space: 3.9132e-19                             ┃
current residuum: 7.0302e-06                                                   ┃
Check: Error of substructure equilibrium: 3.4072e-15                           ┃
Check: r projected into N coarse-space: 5.5568e-09                             ┃
Check: W projected into N coarse-space: 1.3565e-19                             ┃
current residuum: 2.2455e-06                                                   ┃
Check: Error of substructure equilibrium: 3.4056e-15                           ┃
Check: r projected into N coarse-space: 2.4532e-09                             ┃
Check: W projected into N coarse-space: 1.4701e-20                             ┃
current residuum: 4.7716e-07                                                   ┃
Check: Error of substructure equilibrium: 3.4045e-15                           ┃
Check: r projected into N coarse-space: 3.3497e-10                             ┃
Check: W projected into N coarse-space: 2.1678e-21                             ┃
current residuum: 7.8205e-08                                                   ┃
Check: Error of substructure equilibrium: 3.4075e-15                           ┃
Check: r projected into N coarse-space: 2.3968e-11                             ┃
Check: W projected into N coarse-space: 9.0474e-23                             ┃
current residuum: 6.9386e-09                                                   ┃
Residual = 6.9386e-09                                                          ┃
after 13 FETI-AS iterations with 17  17  17   9  17  14  17  14  16  11  10   6   1 search directions
Elapsed time is 1.7099 seconds.                                                ┃
━━━━━━━━━━━━━━━━━━━━━━━━━━━━━━━━━━━━━━━━━━━━━━━━━━━━━━━━━━━━━━━━━━━━━━━━━━━━━━━┛
 
RECOVER DOMAIN SOLUTION━━━━━━━━━━━━━━━━━━━━━━━━━━━━━━━━━━━━━━━━━━━━━━━━━━━━━━━━┓
Elapsed time is 0.032729 seconds.                                              ┃
━━━━━━━━━━━━━━━━━━━━━━━━━━━━━━━━━━━━━━━━━━━━━━━━━━━━━━━━━━━━━━━━━━━━━━━━━━━━━━━┛
 
RECOVER DOMAIN SOLUTION━━━━━━━━━━━━━━━━━━━━━━━━━━━━━━━━━━━━━━━━━━━━━━━━━━━━━━━━┓
Elapsed time is 0.031975 seconds.                                              ┃
━━━━━━━━━━━━━━━━━━━━━━━━━━━━━━━━━━━━━━━━━━━━━━━━━━━━━━━━━━━━━━━━━━━━━━━━━━━━━━━┛
 
━━━━━━━━━━━━━━━━━━━━━━━━━━━━━━━━━━━━━━━━━━━━━━━━━━━━━━━━━━━━━━━━━━━━━━━━━━━━━━━┓
      ______________  ______   ______            __  ______    _____   __      ┃
     / ____/ ____/  |/  /   | / ____/           /  |/  /   |  /  _/ | / /      ┃
    / /_  / __/ / /|_/ / /| |/ /      ______   / /|_/ / /| |  / //  |/ /       ┃
   / __/ / /___/ /  / / ___ / /___   /_____/  / /  / / ___ |_/ // /|  /        ┃
  /_/   /_____/_/  /_/_/  |_\____/           /_/  /_/_/  |_/___/_/ |_/         ┃
  ©Lehrstuhl fuer Angewandte Mechanik - Technische Universitaet Muenchnen      ┃
━━━━━━━━━━━━━━━━━━━━━━━━━━━━━━━━━━━━━━━━━━━━━━━━━━━━━━━━━━━━━━━━━━━━━━━━━━━━━━━┛
 
START DIS READING━━━━━━━━━━━━━━━━━━━━━━━━━━━━━━━━━━━━━━━━━━━━━━━━━━━━━━━━━━━━━━┓
Elapsed time is 0.28571 seconds.                                               ┃
━━━━━━━━━━━━━━━━━━━━━━━━━━━━━━━━━━━━━━━━━━━━━━━━━━━━━━━━━━━━━━━━━━━━━━━━━━━━━━━┛
 
START RESOLVING CONDITIONS━━━━━━━━━━━━━━━━━━━━━━━━━━━━━━━━━━━━━━━━━━━━━━━━━━━━━┓
resolving dirichlet condition: ID:1 MSHTAG:1                                   ┃
resolving dirichlet condition: ID:2 MSHTAG:2                                   ┃
resolving neumann   condition: ID:3 MSHTAG:3                                   ┃
Elapsed time is 0.78186 seconds.                                               ┃
━━━━━━━━━━━━━━━━━━━━━━━━━━━━━━━━━━━━━━━━━━━━━━━━━━━━━━━━━━━━━━━━━━━━━━━━━━━━━━━┛
 
RESOLVE FETI MANAGER━━━━━━━━━━━━━━━━━━━━━━━━━━━━━━━━━━━━━━━━━━━━━━━━━━━━━━━━━━━┓
16 subtructures created                                                        ┃
substructures resolved                                                         ┃
substructures evaluated                                                        ┃
connectivity matrices created                                                  ┃
Elapsed time is 7.1895 seconds.                                                ┃
━━━━━━━━━━━━━━━━━━━━━━━━━━━━━━━━━━━━━━━━━━━━━━━━━━━━━━━━━━━━━━━━━━━━━━━━━━━━━━━┛
 
APPLY KINEMATIC CONDITIONS ON SUBSTRUCTURES━━━━━━━━━━━━━━━━━━━━━━━━━━━━━━━━━━━━┓
Dirichlet conditions detected on substructures: 1   2   3   4   5   6   7   8   9  10  11  12  13  14  15  16
Neumann   conditions detected on substructures: 1   2   3   4   5   6   7   8   9  10  11  12  13  14  15  16
Elapsed time is 3.8018 seconds.                                                ┃
━━━━━━━━━━━━━━━━━━━━━━━━━━━━━━━━━━━━━━━━━━━━━━━━━━━━━━━━━━━━━━━━━━━━━━━━━━━━━━━┛
 
FETI Base Setup━━━━━━━━━━━━━━━━━━━━━━━━━━━━━━━━━━━━━━━━━━━━━━━━━━━━━━━━━━━━━━━━┓
Scaling: none                                                                  ┃
Preconditioner: Lumped                                                         ┃
FETISSolver.FETISSolver: rigid body modes of substructures: 0  3  3  3  3  3  3  3  3  3  3  3  3  3  3  3
Elapsed time is 0.85385 seconds.                                               ┃
━━━━━━━━━━━━━━━━━━━━━━━━━━━━━━━━━━━━━━━━━━━━━━━━━━━━━━━━━━━━━━━━━━━━━━━━━━━━━━━┛
 
START FETI-AS SETUP━━━━━━━━━━━━━━━━━━━━━━━━━━━━━━━━━━━━━━━━━━━━━━━━━━━━━━━━━━━━┓
FETISSolver.FETISSolver: rigid body modes of substructures: 0  3  3  3  3  3  3  3  3  3  3  3  3  3  3  3
A-matrix taken as preconditioner                                               ┃
Elapsed time is 0.11752 seconds.                                               ┃
━━━━━━━━━━━━━━━━━━━━━━━━━━━━━━━━━━━━━━━━━━━━━━━━━━━━━━━━━━━━━━━━━━━━━━━━━━━━━━━┛
 
INITIALIZE SOLVER━━━━━━━━━━━━━━━━━━━━━━━━━━━━━━━━━━━━━━━━━━━━━━━━━━━━━━━━━━━━━━┓
Using assembled FI operator!                                                   ┃
No Auxiliary Coarse Grid
Coarse Grid C_ IS empty!                                                       ┃
Check: Error of substructure equilibrium: 3.4071e-15                           ┃
Elapsed time is 0.04611 seconds.                                               ┃
━━━━━━━━━━━━━━━━━━━━━━━━━━━━━━━━━━━━━━━━━━━━━━━━━━━━━━━━━━━━━━━━━━━━━━━━━━━━━━━┛
 
Check: r projected into N coarse-space: 0.00013669                             ┃
Check: W projected into N coarse-space: 2.8606e-16                             ┃
START FETI-AS ITERATIONS━━━━━━━━━━━━━━━━━━━━━━━━━━━━━━━━━━━━━━━━━━━━━━━━━━━━━━━┓
Check: Error of substructure equilibrium: 3.4066e-15                           ┃
Check: r projected into N coarse-space: 7.2941e-05                             ┃
Check: W projected into N coarse-space: 2.2658e-16                             ┃
current residuum: 0.011176                                                     ┃
Check: Error of substructure equilibrium: 3.4069e-15                           ┃
Check: r projected into N coarse-space: 4.5996e-05                             ┃
Check: W projected into N coarse-space: 2.9234e-16                             ┃
current residuum: 0.010965                                                     ┃
Check: Error of substructure equilibrium: 3.4071e-15                           ┃
Check: r projected into N coarse-space: 3.1574e-05                             ┃
Check: W projected into N coarse-space: 3.6963e-17                             ┃
current residuum: 0.003518                                                     ┃
Check: Error of substructure equilibrium: 3.4058e-15                           ┃
Check: r projected into N coarse-space: 1.6765e-05                             ┃
Check: W projected into N coarse-space: 3.8409e-17                             ┃
current residuum: 0.0018278                                                    ┃
Check: Error of substructure equilibrium: 3.4051e-15                           ┃
Check: r projected into N coarse-space: 4.3868e-06                             ┃
Check: W projected into N coarse-space: 5.1905e-17                             ┃
current residuum: 0.00088627                                                   ┃
Check: Error of substructure equilibrium: 3.4062e-15                           ┃
Check: r projected into N coarse-space: 7.5672e-07                             ┃
Check: W projected into N coarse-space: 3.1872e-17                             ┃
current residuum: 0.00017189                                                   ┃
Check: Error of substructure equilibrium: 3.4066e-15                           ┃
Check: r projected into N coarse-space: 2.5385e-07                             ┃
Check: W projected into N coarse-space: 6.3126e-18                             ┃
current residuum: 8.6435e-05                                                   ┃
Check: Error of substructure equilibrium: 3.4074e-15                           ┃
Check: r projected into N coarse-space: 1.2618e-07                             ┃
Check: W projected into N coarse-space: 1.9063e-18                             ┃
current residuum: 3.3695e-05                                                   ┃
Check: Error of substructure equilibrium: 3.406e-15                            ┃
Check: r projected into N coarse-space: 1.8137e-08                             ┃
Check: W projected into N coarse-space: 3.9132e-19                             ┃
current residuum: 7.0302e-06                                                   ┃
Check: Error of substructure equilibrium: 3.4072e-15                           ┃
Check: r projected into N coarse-space: 5.5568e-09                             ┃
Check: W projected into N coarse-space: 1.3565e-19                             ┃
current residuum: 2.2455e-06                                                   ┃
Check: Error of substructure equilibrium: 3.4056e-15                           ┃
Check: r projected into N coarse-space: 2.4532e-09                             ┃
Check: W projected into N coarse-space: 1.4701e-20                             ┃
current residuum: 4.7716e-07                                                   ┃
Check: Error of substructure equilibrium: 3.4045e-15                           ┃
Check: r projected into N coarse-space: 3.3497e-10                             ┃
Check: W projected into N coarse-space: 2.1678e-21                             ┃
current residuum: 7.8205e-08                                                   ┃
Check: Error of substructure equilibrium: 3.4075e-15                           ┃
Check: r projected into N coarse-space: 2.3968e-11                             ┃
Check: W projected into N coarse-space: 9.0474e-23                             ┃
current residuum: 6.9386e-09                                                   ┃
Residual = 6.9386e-09                                                          ┃
after 13 FETI-AS iterations with 17  17  17   9  17  14  17  14  16  11  10   6   1 search directions
Elapsed time is 1.2402 seconds.                                                ┃
━━━━━━━━━━━━━━━━━━━━━━━━━━━━━━━━━━━━━━━━━━━━━━━━━━━━━━━━━━━━━━━━━━━━━━━━━━━━━━━┛
 
RECOVER DOMAIN SOLUTION━━━━━━━━━━━━━━━━━━━━━━━━━━━━━━━━━━━━━━━━━━━━━━━━━━━━━━━━┓
Elapsed time is 0.025963 seconds.                                              ┃
━━━━━━━━━━━━━━━━━━━━━━━━━━━━━━━━━━━━━━━━━━━━━━━━━━━━━━━━━━━━━━━━━━━━━━━━━━━━━━━┛
 
RECOVER DOMAIN SOLUTION━━━━━━━━━━━━━━━━━━━━━━━━━━━━━━━━━━━━━━━━━━━━━━━━━━━━━━━━┓
Elapsed time is 0.022002 seconds.                                              ┃
━━━━━━━━━━━━━━━━━━━━━━━━━━━━━━━━━━━━━━━━━━━━━━━━━━━━━━━━━━━━━━━━━━━━━━━━━━━━━━━┛
 
━━━━━━━━━━━━━━━━━━━━━━━━━━━━━━━━━━━━━━━━━━━━━━━━━━━━━━━━━━━━━━━━━━━━━━━━━━━━━━━┓
      ______________  ______   ______            __  ______    _____   __      ┃
     / ____/ ____/  |/  /   | / ____/           /  |/  /   |  /  _/ | / /      ┃
    / /_  / __/ / /|_/ / /| |/ /      ______   / /|_/ / /| |  / //  |/ /       ┃
   / __/ / /___/ /  / / ___ / /___   /_____/  / /  / / ___ |_/ // /|  /        ┃
  /_/   /_____/_/  /_/_/  |_\____/           /_/  /_/_/  |_/___/_/ |_/         ┃
  ©Lehrstuhl fuer Angewandte Mechanik - Technische Universitaet Muenchnen      ┃
━━━━━━━━━━━━━━━━━━━━━━━━━━━━━━━━━━━━━━━━━━━━━━━━━━━━━━━━━━━━━━━━━━━━━━━━━━━━━━━┛
 
START DIS READING━━━━━━━━━━━━━━━━━━━━━━━━━━━━━━━━━━━━━━━━━━━━━━━━━━━━━━━━━━━━━━┓
Elapsed time is 0.5174 seconds.                                                ┃
━━━━━━━━━━━━━━━━━━━━━━━━━━━━━━━━━━━━━━━━━━━━━━━━━━━━━━━━━━━━━━━━━━━━━━━━━━━━━━━┛
 
START RESOLVING CONDITIONS━━━━━━━━━━━━━━━━━━━━━━━━━━━━━━━━━━━━━━━━━━━━━━━━━━━━━┓
resolving dirichlet condition: ID:1 MSHTAG:1                                   ┃
resolving dirichlet condition: ID:2 MSHTAG:2                                   ┃
resolving neumann   condition: ID:3 MSHTAG:3                                   ┃
Elapsed time is 1.1635 seconds.                                                ┃
━━━━━━━━━━━━━━━━━━━━━━━━━━━━━━━━━━━━━━━━━━━━━━━━━━━━━━━━━━━━━━━━━━━━━━━━━━━━━━━┛
 
RESOLVE FETI MANAGER━━━━━━━━━━━━━━━━━━━━━━━━━━━━━━━━━━━━━━━━━━━━━━━━━━━━━━━━━━━┓
16 subtructures created                                                        ┃
substructures resolved                                                         ┃
substructures evaluated                                                        ┃
connectivity matrices created                                                  ┃
Elapsed time is 10.0292 seconds.                                               ┃
━━━━━━━━━━━━━━━━━━━━━━━━━━━━━━━━━━━━━━━━━━━━━━━━━━━━━━━━━━━━━━━━━━━━━━━━━━━━━━━┛
 
APPLY KINEMATIC CONDITIONS ON SUBSTRUCTURES━━━━━━━━━━━━━━━━━━━━━━━━━━━━━━━━━━━━┓
Dirichlet conditions detected on substructures: 1   2   3   4   5   6   7   8   9  10  11  12  13  14  15  16
Neumann   conditions detected on substructures: 1   2   3   4   5   6   7   8   9  10  11  12  13  14  15  16
Elapsed time is 4.3177 seconds.                                                ┃
━━━━━━━━━━━━━━━━━━━━━━━━━━━━━━━━━━━━━━━━━━━━━━━━━━━━━━━━━━━━━━━━━━━━━━━━━━━━━━━┛
 
FETI Base Setup━━━━━━━━━━━━━━━━━━━━━━━━━━━━━━━━━━━━━━━━━━━━━━━━━━━━━━━━━━━━━━━━┓
Scaling: none                                                                  ┃
Preconditioner: Lumped                                                         ┃
FETISSolver.FETISSolver: rigid body modes of substructures: 0  3  3  3  3  3  3  3  3  3  3  3  3  3  3  3
Elapsed time is 0.9024 seconds.                                                ┃
━━━━━━━━━━━━━━━━━━━━━━━━━━━━━━━━━━━━━━━━━━━━━━━━━━━━━━━━━━━━━━━━━━━━━━━━━━━━━━━┛
 
START FETI-AS SETUP━━━━━━━━━━━━━━━━━━━━━━━━━━━━━━━━━━━━━━━━━━━━━━━━━━━━━━━━━━━━┓
FETISSolver.FETISSolver: rigid body modes of substructures: 0  3  3  3  3  3  3  3  3  3  3  3  3  3  3  3
A-matrix taken as preconditioner                                               ┃
Elapsed time is 0.12189 seconds.                                               ┃
━━━━━━━━━━━━━━━━━━━━━━━━━━━━━━━━━━━━━━━━━━━━━━━━━━━━━━━━━━━━━━━━━━━━━━━━━━━━━━━┛
 
INITIALIZE SOLVER━━━━━━━━━━━━━━━━━━━━━━━━━━━━━━━━━━━━━━━━━━━━━━━━━━━━━━━━━━━━━━┓
Using assembled FI operator!                                                   ┃
No Auxiliary Coarse Grid
Coarse Grid C_ IS empty!                                                       ┃
Check: Error of substructure equilibrium: 3.4071e-15                           ┃
Elapsed time is 0.044147 seconds.                                              ┃
━━━━━━━━━━━━━━━━━━━━━━━━━━━━━━━━━━━━━━━━━━━━━━━━━━━━━━━━━━━━━━━━━━━━━━━━━━━━━━━┛
 
Check: r projected into N coarse-space: 0.00013669                             ┃
Check: W projected into N coarse-space: 2.8606e-16                             ┃
START FETI-AS ITERATIONS━━━━━━━━━━━━━━━━━━━━━━━━━━━━━━━━━━━━━━━━━━━━━━━━━━━━━━━┓
Check: Error of substructure equilibrium: 3.4066e-15                           ┃
Check: r projected into N coarse-space: 7.2941e-05                             ┃
Check: W projected into N coarse-space: 2.2658e-16                             ┃
current residuum: 0.011176                                                     ┃
Check: Error of substructure equilibrium: 3.4069e-15                           ┃
Check: r projected into N coarse-space: 4.5996e-05                             ┃
Check: W projected into N coarse-space: 2.9234e-16                             ┃
current residuum: 0.010965                                                     ┃
Check: Error of substructure equilibrium: 3.4071e-15                           ┃
Check: r projected into N coarse-space: 3.1574e-05                             ┃
Check: W projected into N coarse-space: 3.6963e-17                             ┃
current residuum: 0.003518                                                     ┃
Check: Error of substructure equilibrium: 3.4058e-15                           ┃
Check: r projected into N coarse-space: 1.6765e-05                             ┃
Check: W projected into N coarse-space: 3.8409e-17                             ┃
current residuum: 0.0018278                                                    ┃
Check: Error of substructure equilibrium: 3.4051e-15                           ┃
Check: r projected into N coarse-space: 4.3868e-06                             ┃
Check: W projected into N coarse-space: 5.1905e-17                             ┃
current residuum: 0.00088627                                                   ┃
Check: Error of substructure equilibrium: 3.4062e-15                           ┃
Check: r projected into N coarse-space: 7.5672e-07                             ┃
Check: W projected into N coarse-space: 3.1872e-17                             ┃
current residuum: 0.00017189                                                   ┃
Check: Error of substructure equilibrium: 3.4066e-15                           ┃
Check: r projected into N coarse-space: 2.5385e-07                             ┃
Check: W projected into N coarse-space: 6.3126e-18                             ┃
current residuum: 8.6435e-05                                                   ┃
Check: Error of substructure equilibrium: 3.4074e-15                           ┃
Check: r projected into N coarse-space: 1.2618e-07                             ┃
Check: W projected into N coarse-space: 1.9063e-18                             ┃
current residuum: 3.3695e-05                                                   ┃
Check: Error of substructure equilibrium: 3.406e-15                            ┃
Check: r projected into N coarse-space: 1.8137e-08                             ┃
Check: W projected into N coarse-space: 3.9132e-19                             ┃
current residuum: 7.0302e-06                                                   ┃
Check: Error of substructure equilibrium: 3.4072e-15                           ┃
Check: r projected into N coarse-space: 5.5568e-09                             ┃
Check: W projected into N coarse-space: 1.3565e-19                             ┃
current residuum: 2.2455e-06                                                   ┃
Check: Error of substructure equilibrium: 3.4056e-15                           ┃
Check: r projected into N coarse-space: 2.4532e-09                             ┃
Check: W projected into N coarse-space: 1.4701e-20                             ┃
current residuum: 4.7716e-07                                                   ┃
Check: Error of substructure equilibrium: 3.4045e-15                           ┃
Check: r projected into N coarse-space: 3.3497e-10                             ┃
Check: W projected into N coarse-space: 2.1678e-21                             ┃
current residuum: 7.8205e-08                                                   ┃
Check: Error of substructure equilibrium: 3.4075e-15                           ┃
Check: r projected into N coarse-space: 2.3968e-11                             ┃
Check: W projected into N coarse-space: 9.0474e-23                             ┃
current residuum: 6.9386e-09                                                   ┃
Residual = 6.9386e-09                                                          ┃
after 13 FETI-AS iterations with 17  17  17   9  17  14  17  14  16  11  10   6   1 search directions
Elapsed time is 1.8909 seconds.                                                ┃
━━━━━━━━━━━━━━━━━━━━━━━━━━━━━━━━━━━━━━━━━━━━━━━━━━━━━━━━━━━━━━━━━━━━━━━━━━━━━━━┛
 
RECOVER DOMAIN SOLUTION━━━━━━━━━━━━━━━━━━━━━━━━━━━━━━━━━━━━━━━━━━━━━━━━━━━━━━━━┓
Elapsed time is 0.02543 seconds.                                               ┃
━━━━━━━━━━━━━━━━━━━━━━━━━━━━━━━━━━━━━━━━━━━━━━━━━━━━━━━━━━━━━━━━━━━━━━━━━━━━━━━┛
 
RECOVER DOMAIN SOLUTION━━━━━━━━━━━━━━━━━━━━━━━━━━━━━━━━━━━━━━━━━━━━━━━━━━━━━━━━┓
Elapsed time is 0.033457 seconds.                                              ┃
━━━━━━━━━━━━━━━━━━━━━━━━━━━━━━━━━━━━━━━━━━━━━━━━━━━━━━━━━━━━━━━━━━━━━━━━━━━━━━━┛
 
━━━━━━━━━━━━━━━━━━━━━━━━━━━━━━━━━━━━━━━━━━━━━━━━━━━━━━━━━━━━━━━━━━━━━━━━━━━━━━━┓
      ______________  ______   ______            __  ______    _____   __      ┃
     / ____/ ____/  |/  /   | / ____/           /  |/  /   |  /  _/ | / /      ┃
    / /_  / __/ / /|_/ / /| |/ /      ______   / /|_/ / /| |  / //  |/ /       ┃
   / __/ / /___/ /  / / ___ / /___   /_____/  / /  / / ___ |_/ // /|  /        ┃
  /_/   /_____/_/  /_/_/  |_\____/           /_/  /_/_/  |_/___/_/ |_/         ┃
  ©Lehrstuhl fuer Angewandte Mechanik - Technische Universitaet Muenchnen      ┃
━━━━━━━━━━━━━━━━━━━━━━━━━━━━━━━━━━━━━━━━━━━━━━━━━━━━━━━━━━━━━━━━━━━━━━━━━━━━━━━┛
 
START DIS READING━━━━━━━━━━━━━━━━━━━━━━━━━━━━━━━━━━━━━━━━━━━━━━━━━━━━━━━━━━━━━━┓
Elapsed time is 0.16377 seconds.                                               ┃
━━━━━━━━━━━━━━━━━━━━━━━━━━━━━━━━━━━━━━━━━━━━━━━━━━━━━━━━━━━━━━━━━━━━━━━━━━━━━━━┛
 
START RESOLVING CONDITIONS━━━━━━━━━━━━━━━━━━━━━━━━━━━━━━━━━━━━━━━━━━━━━━━━━━━━━┓
resolving dirichlet condition: ID:1 MSHTAG:1                                   ┃
resolving dirichlet condition: ID:2 MSHTAG:2                                   ┃
resolving neumann   condition: ID:3 MSHTAG:3                                   ┃
Elapsed time is 0.49247 seconds.                                               ┃
━━━━━━━━━━━━━━━━━━━━━━━━━━━━━━━━━━━━━━━━━━━━━━━━━━━━━━━━━━━━━━━━━━━━━━━━━━━━━━━┛
 
RESOLVE FETI MANAGER━━━━━━━━━━━━━━━━━━━━━━━━━━━━━━━━━━━━━━━━━━━━━━━━━━━━━━━━━━━┓
16 subtructures created                                                        ┃
substructures resolved                                                         ┃
substructures evaluated                                                        ┃
connectivity matrices created                                                  ┃
Elapsed time is 4.4663 seconds.                                                ┃
━━━━━━━━━━━━━━━━━━━━━━━━━━━━━━━━━━━━━━━━━━━━━━━━━━━━━━━━━━━━━━━━━━━━━━━━━━━━━━━┛
 
APPLY KINEMATIC CONDITIONS ON SUBSTRUCTURES━━━━━━━━━━━━━━━━━━━━━━━━━━━━━━━━━━━━┓
Dirichlet conditions detected on substructures: 1   2   3   4   5   6   7   8   9  10  11  12  13  14  15  16
Neumann   conditions detected on substructures: 1   2   3   4   5   6   7   8   9  10  11  12  13  14  15  16
Elapsed time is 2.4012 seconds.                                                ┃
━━━━━━━━━━━━━━━━━━━━━━━━━━━━━━━━━━━━━━━━━━━━━━━━━━━━━━━━━━━━━━━━━━━━━━━━━━━━━━━┛
 
FETI Base Setup━━━━━━━━━━━━━━━━━━━━━━━━━━━━━━━━━━━━━━━━━━━━━━━━━━━━━━━━━━━━━━━━┓
Scaling: none                                                                  ┃
Preconditioner: Lumped                                                         ┃
FETISSolver.FETISSolver: rigid body modes of substructures: 0  3  3  3  3  3  3  3  3  3  3  3  3  3  3  3
Elapsed time is 0.51101 seconds.                                               ┃
━━━━━━━━━━━━━━━━━━━━━━━━━━━━━━━━━━━━━━━━━━━━━━━━━━━━━━━━━━━━━━━━━━━━━━━━━━━━━━━┛
 
START FETI-AS SETUP━━━━━━━━━━━━━━━━━━━━━━━━━━━━━━━━━━━━━━━━━━━━━━━━━━━━━━━━━━━━┓
FETISSolver.FETISSolver: rigid body modes of substructures: 0  3  3  3  3  3  3  3  3  3  3  3  3  3  3  3
A-matrix taken as unity matrix                                                 ┃
Elapsed time is 0.062961 seconds.                                              ┃
━━━━━━━━━━━━━━━━━━━━━━━━━━━━━━━━━━━━━━━━━━━━━━━━━━━━━━━━━━━━━━━━━━━━━━━━━━━━━━━┛
 
INITIALIZE SOLVER━━━━━━━━━━━━━━━━━━━━━━━━━━━━━━━━━━━━━━━━━━━━━━━━━━━━━━━━━━━━━━┓
Using assembled FI operator!                                                   ┃
No Auxiliary Coarse Grid
Coarse Grid C_ IS empty!                                                       ┃
Check: Error of substructure equilibrium: 5.5612e-15                           ┃
Elapsed time is 0.015931 seconds.                                              ┃
━━━━━━━━━━━━━━━━━━━━━━━━━━━━━━━━━━━━━━━━━━━━━━━━━━━━━━━━━━━━━━━━━━━━━━━━━━━━━━━┛
 
Check: r projected into N coarse-space: 1.1672e-16                             ┃
Check: W projected into N coarse-space: 1.1521e-14                             ┃
START FETI-AS ITERATIONS━━━━━━━━━━━━━━━━━━━━━━━━━━━━━━━━━━━━━━━━━━━━━━━━━━━━━━━┓
Check: Error of substructure equilibrium: 4.7982e-15                           ┃
Check: r projected into N coarse-space: 1.0225e-16                             ┃
Check: W projected into N coarse-space: 1.2765e-14                             ┃
current residuum: 0.043307                                                     ┃
Check: Error of substructure equilibrium: 4.4423e-15                           ┃
Check: r projected into N coarse-space: 9.768e-17                              ┃
Check: W projected into N coarse-space: 4.1834e-15                             ┃
current residuum: 0.020464                                                     ┃
Check: Error of substructure equilibrium: 4.2893e-15                           ┃
Check: r projected into N coarse-space: 9.6288e-17                             ┃
Check: W projected into N coarse-space: 3.149e-15                              ┃
current residuum: 0.015451                                                     ┃
Check: Error of substructure equilibrium: 4.2335e-15                           ┃
Check: r projected into N coarse-space: 9.5875e-17                             ┃
Check: W projected into N coarse-space: 3.6069e-15                             ┃
current residuum: 0.004385                                                     ┃
Check: Error of substructure equilibrium: 4.2189e-15                           ┃
Check: r projected into N coarse-space: 9.5776e-17                             ┃
Check: W projected into N coarse-space: 3.3152e-15                             ┃
current residuum: 0.0017257                                                    ┃
Check: Error of substructure equilibrium: 4.2132e-15                           ┃
Check: r projected into N coarse-space: 9.5765e-17                             ┃
Check: W projected into N coarse-space: 2.5621e-16                             ┃
current residuum: 0.00070319                                                   ┃
Check: Error of substructure equilibrium: 4.2107e-15                           ┃
Check: r projected into N coarse-space: 9.5762e-17                             ┃
Check: W projected into N coarse-space: 3.7579e-16                             ┃
current residuum: 0.00019203                                                   ┃
Check: Error of substructure equilibrium: 4.2126e-15                           ┃
Check: r projected into N coarse-space: 9.5761e-17                             ┃
Check: W projected into N coarse-space: 1.3632e-16                             ┃
current residuum: 5.1706e-05                                                   ┃
Check: Error of substructure equilibrium: 4.2121e-15                           ┃
Check: r projected into N coarse-space: 9.5761e-17                             ┃
Check: W projected into N coarse-space: 6.7623e-17                             ┃
current residuum: 1.3125e-05                                                   ┃
Check: Error of substructure equilibrium: 4.2124e-15                           ┃
Check: r projected into N coarse-space: 9.5761e-17                             ┃
Check: W projected into N coarse-space: 5.2737e-18                             ┃
current residuum: 2.5923e-06                                                   ┃
Check: Error of substructure equilibrium: 4.2122e-15                           ┃
Check: r projected into N coarse-space: 9.5761e-17                             ┃
Check: W projected into N coarse-space: 2.6336e-18                             ┃
current residuum: 7.4552e-07                                                   ┃
Residual = 7.4552e-07                                                          ┃
after 11 FETI-AS iterations with 17  14  15  11  17  16  16  16  15   9   9 search directions
Elapsed time is 0.50507 seconds.                                               ┃
━━━━━━━━━━━━━━━━━━━━━━━━━━━━━━━━━━━━━━━━━━━━━━━━━━━━━━━━━━━━━━━━━━━━━━━━━━━━━━━┛
 
RECOVER DOMAIN SOLUTION━━━━━━━━━━━━━━━━━━━━━━━━━━━━━━━━━━━━━━━━━━━━━━━━━━━━━━━━┓
Elapsed time is 0.011043 seconds.                                              ┃
━━━━━━━━━━━━━━━━━━━━━━━━━━━━━━━━━━━━━━━━━━━━━━━━━━━━━━━━━━━━━━━━━━━━━━━━━━━━━━━┛
 
RECOVER DOMAIN SOLUTION━━━━━━━━━━━━━━━━━━━━━━━━━━━━━━━━━━━━━━━━━━━━━━━━━━━━━━━━┓
Elapsed time is 0.011413 seconds.                                              ┃
━━━━━━━━━━━━━━━━━━━━━━━━━━━━━━━━━━━━━━━━━━━━━━━━━━━━━━━━━━━━━━━━━━━━━━━━━━━━━━━┛
 
━━━━━━━━━━━━━━━━━━━━━━━━━━━━━━━━━━━━━━━━━━━━━━━━━━━━━━━━━━━━━━━━━━━━━━━━━━━━━━━┓
      ______________  ______   ______            __  ______    _____   __      ┃
     / ____/ ____/  |/  /   | / ____/           /  |/  /   |  /  _/ | / /      ┃
    / /_  / __/ / /|_/ / /| |/ /      ______   / /|_/ / /| |  / //  |/ /       ┃
   / __/ / /___/ /  / / ___ / /___   /_____/  / /  / / ___ |_/ // /|  /        ┃
  /_/   /_____/_/  /_/_/  |_\____/           /_/  /_/_/  |_/___/_/ |_/         ┃
  ©Lehrstuhl fuer Angewandte Mechanik - Technische Universitaet Muenchnen      ┃
━━━━━━━━━━━━━━━━━━━━━━━━━━━━━━━━━━━━━━━━━━━━━━━━━━━━━━━━━━━━━━━━━━━━━━━━━━━━━━━┛
 
START DIS READING━━━━━━━━━━━━━━━━━━━━━━━━━━━━━━━━━━━━━━━━━━━━━━━━━━━━━━━━━━━━━━┓
Elapsed time is 0.16052 seconds.                                               ┃
━━━━━━━━━━━━━━━━━━━━━━━━━━━━━━━━━━━━━━━━━━━━━━━━━━━━━━━━━━━━━━━━━━━━━━━━━━━━━━━┛
 
START RESOLVING CONDITIONS━━━━━━━━━━━━━━━━━━━━━━━━━━━━━━━━━━━━━━━━━━━━━━━━━━━━━┓
resolving dirichlet condition: ID:1 MSHTAG:1                                   ┃
resolving dirichlet condition: ID:2 MSHTAG:2                                   ┃
resolving neumann   condition: ID:3 MSHTAG:3                                   ┃
Elapsed time is 0.48212 seconds.                                               ┃
━━━━━━━━━━━━━━━━━━━━━━━━━━━━━━━━━━━━━━━━━━━━━━━━━━━━━━━━━━━━━━━━━━━━━━━━━━━━━━━┛
 
RESOLVE FETI MANAGER━━━━━━━━━━━━━━━━━━━━━━━━━━━━━━━━━━━━━━━━━━━━━━━━━━━━━━━━━━━┓
16 subtructures created                                                        ┃
substructures resolved                                                         ┃
substructures evaluated                                                        ┃
connectivity matrices created                                                  ┃
Elapsed time is 4.3709 seconds.                                                ┃
━━━━━━━━━━━━━━━━━━━━━━━━━━━━━━━━━━━━━━━━━━━━━━━━━━━━━━━━━━━━━━━━━━━━━━━━━━━━━━━┛
 
APPLY KINEMATIC CONDITIONS ON SUBSTRUCTURES━━━━━━━━━━━━━━━━━━━━━━━━━━━━━━━━━━━━┓
Dirichlet conditions detected on substructures: 1   2   3   4   5   6   7   8   9  10  11  12  13  14  15  16
Neumann   conditions detected on substructures: 1   2   3   4   5   6   7   8   9  10  11  12  13  14  15  16
Elapsed time is 2.3114 seconds.                                                ┃
━━━━━━━━━━━━━━━━━━━━━━━━━━━━━━━━━━━━━━━━━━━━━━━━━━━━━━━━━━━━━━━━━━━━━━━━━━━━━━━┛
 
FETI Base Setup━━━━━━━━━━━━━━━━━━━━━━━━━━━━━━━━━━━━━━━━━━━━━━━━━━━━━━━━━━━━━━━━┓
Scaling: none                                                                  ┃
Preconditioner: Lumped                                                         ┃
FETISSolver.FETISSolver: rigid body modes of substructures: 0  3  3  3  3  3  3  3  3  3  3  3  3  3  3  3
Elapsed time is 0.50918 seconds.                                               ┃
━━━━━━━━━━━━━━━━━━━━━━━━━━━━━━━━━━━━━━━━━━━━━━━━━━━━━━━━━━━━━━━━━━━━━━━━━━━━━━━┛
 
START FETI-AS SETUP━━━━━━━━━━━━━━━━━━━━━━━━━━━━━━━━━━━━━━━━━━━━━━━━━━━━━━━━━━━━┓
FETISSolver.FETISSolver: rigid body modes of substructures: 0  3  3  3  3  3  3  3  3  3  3  3  3  3  3  3
A-matrix taken as unity matrix                                                 ┃
Elapsed time is 0.065759 seconds.                                              ┃
━━━━━━━━━━━━━━━━━━━━━━━━━━━━━━━━━━━━━━━━━━━━━━━━━━━━━━━━━━━━━━━━━━━━━━━━━━━━━━━┛
 
INITIALIZE SOLVER━━━━━━━━━━━━━━━━━━━━━━━━━━━━━━━━━━━━━━━━━━━━━━━━━━━━━━━━━━━━━━┓
Using assembled FI operator!                                                   ┃
No Auxiliary Coarse Grid
Coarse Grid C_ IS empty!                                                       ┃
Check: Error of substructure equilibrium: 5.5612e-15                           ┃
Elapsed time is 0.016628 seconds.                                              ┃
━━━━━━━━━━━━━━━━━━━━━━━━━━━━━━━━━━━━━━━━━━━━━━━━━━━━━━━━━━━━━━━━━━━━━━━━━━━━━━━┛
 
Check: r projected into N coarse-space: 1.1672e-16                             ┃
Check: W projected into N coarse-space: 1.1521e-14                             ┃
START FETI-AS ITERATIONS━━━━━━━━━━━━━━━━━━━━━━━━━━━━━━━━━━━━━━━━━━━━━━━━━━━━━━━┓
tau has been determined as:3.0575 through a contraction factor of 0.999        ┃
Check: Error of substructure equilibrium: 4.7982e-15                           ┃
Check: r projected into N coarse-space: 1.0225e-16                             ┃
Check: W projected into N coarse-space: 1.2765e-14                             ┃
current residuum: 0.043307                                                     ┃
Check: Error of substructure equilibrium: 4.4423e-15                           ┃
Check: r projected into N coarse-space: 9.768e-17                              ┃
Check: W projected into N coarse-space: 4.1834e-15                             ┃
current residuum: 0.020464                                                     ┃
Check: Error of substructure equilibrium: 4.2893e-15                           ┃
Check: r projected into N coarse-space: 9.6288e-17                             ┃
Check: W projected into N coarse-space: 3.149e-15                              ┃
current residuum: 0.015451                                                     ┃
Check: Error of substructure equilibrium: 4.2335e-15                           ┃
Check: r projected into N coarse-space: 9.5875e-17                             ┃
Check: W projected into N coarse-space: 3.6069e-15                             ┃
current residuum: 0.004385                                                     ┃
Check: Error of substructure equilibrium: 4.2189e-15                           ┃
Check: r projected into N coarse-space: 9.5776e-17                             ┃
Check: W projected into N coarse-space: 3.3152e-15                             ┃
current residuum: 0.0017257                                                    ┃
Check: Error of substructure equilibrium: 4.2132e-15                           ┃
Check: r projected into N coarse-space: 9.5765e-17                             ┃
Check: W projected into N coarse-space: 2.5621e-16                             ┃
current residuum: 0.00070319                                                   ┃
Check: Error of substructure equilibrium: 4.2107e-15                           ┃
Check: r projected into N coarse-space: 9.5762e-17                             ┃
Check: W projected into N coarse-space: 3.7579e-16                             ┃
current residuum: 0.00019203                                                   ┃
Check: Error of substructure equilibrium: 4.2126e-15                           ┃
Check: r projected into N coarse-space: 9.5761e-17                             ┃
Check: W projected into N coarse-space: 1.3632e-16                             ┃
current residuum: 5.1706e-05                                                   ┃
Check: Error of substructure equilibrium: 4.2121e-15                           ┃
Check: r projected into N coarse-space: 9.5761e-17                             ┃
Check: W projected into N coarse-space: 6.7623e-17                             ┃
current residuum: 1.3125e-05                                                   ┃
Check: Error of substructure equilibrium: 4.2124e-15                           ┃
Check: r projected into N coarse-space: 9.5761e-17                             ┃
Check: W projected into N coarse-space: 5.2737e-18                             ┃
current residuum: 2.5923e-06                                                   ┃
Check: Error of substructure equilibrium: 4.2122e-15                           ┃
Check: r projected into N coarse-space: 9.5761e-17                             ┃
Check: W projected into N coarse-space: 2.6336e-18                             ┃
current residuum: 7.4552e-07                                                   ┃
Residual = 7.4552e-07                                                          ┃
after 11 FETI-AS iterations with 17  14  15  11  17  16  16  16  15   9   9 search directions
Elapsed time is 0.55863 seconds.                                               ┃
━━━━━━━━━━━━━━━━━━━━━━━━━━━━━━━━━━━━━━━━━━━━━━━━━━━━━━━━━━━━━━━━━━━━━━━━━━━━━━━┛
 
RECOVER DOMAIN SOLUTION━━━━━━━━━━━━━━━━━━━━━━━━━━━━━━━━━━━━━━━━━━━━━━━━━━━━━━━━┓
Elapsed time is 0.011292 seconds.                                              ┃
━━━━━━━━━━━━━━━━━━━━━━━━━━━━━━━━━━━━━━━━━━━━━━━━━━━━━━━━━━━━━━━━━━━━━━━━━━━━━━━┛
 
RECOVER DOMAIN SOLUTION━━━━━━━━━━━━━━━━━━━━━━━━━━━━━━━━━━━━━━━━━━━━━━━━━━━━━━━━┓
Elapsed time is 0.012073 seconds.                                              ┃
━━━━━━━━━━━━━━━━━━━━━━━━━━━━━━━━━━━━━━━━━━━━━━━━━━━━━━━━━━━━━━━━━━━━━━━━━━━━━━━┛
 
