━━━━━━━━━━━━━━━━━━━━━━━━━━━━━━━━━━━━━━━━━━━━━━━━━━━━━━━━━━━━━━━━━━━━━━━━━━━━━━━┓
          ______________  ______   ______            ____  ____  ______        ┃
         / ____/ ____/  |/  /   | / ____/           / __ \/ __ \/ ____/        ┃
        / /_  / __/ / /|_/ / /| |/ /      ______   / /_/ / /_/ / __/           ┃
       / __/ / /___/ /  / / ___ / /___   /_____/  / ____/ _, _/ /___           ┃
      /_/   /_____/_/  /_/_/  |_\____/           /_/   /_/ |_/_____/           ┃
  ©Lehrstuhl fuer Angewandte Mechanik - Technische Universitaet Muenchnen      ┃
━━━━━━━━━━━━━━━━━━━━━━━━━━━━━━━━━━━━━━━━━━━━━━━━━━━━━━━━━━━━━━━━━━━━━━━━━━━━━━━┛
 
START MESH READING━━━━━━━━━━━━━━━━━━━━━━━━━━━━━━━━━━━━━━━━━━━━━━━━━━━━━━━━━━━━━┓
2123 nodes created                                                             ┃
4076 stiffness elements created                                                ┃
42 dirichlet elements created                                                  ┃
42 neumann elements created                                                    ┃
wrote mesh to file: ./output/fetis_incratio-0p95_stiffratio-0p001.dis          ┃
Elapsed time is 10.5584 seconds.                                               ┃
━━━━━━━━━━━━━━━━━━━━━━━━━━━━━━━━━━━━━━━━━━━━━━━━━━━━━━━━━━━━━━━━━━━━━━━━━━━━━━━┛
 
━━━━━━━━━━━━━━━━━━━━━━━━━━━━━━━━━━━━━━━━━━━━━━━━━━━━━━━━━━━━━━━━━━━━━━━━━━━━━━━┓
      ______________  ______   ______            __  ______    _____   __      ┃
     / ____/ ____/  |/  /   | / ____/           /  |/  /   |  /  _/ | / /      ┃
    / /_  / __/ / /|_/ / /| |/ /      ______   / /|_/ / /| |  / //  |/ /       ┃
   / __/ / /___/ /  / / ___ / /___   /_____/  / /  / / ___ |_/ // /|  /        ┃
  /_/   /_____/_/  /_/_/  |_\____/           /_/  /_/_/  |_/___/_/ |_/         ┃
  ©Lehrstuhl fuer Angewandte Mechanik - Technische Universitaet Muenchnen      ┃
━━━━━━━━━━━━━━━━━━━━━━━━━━━━━━━━━━━━━━━━━━━━━━━━━━━━━━━━━━━━━━━━━━━━━━━━━━━━━━━┛
 
START DIS READING━━━━━━━━━━━━━━━━━━━━━━━━━━━━━━━━━━━━━━━━━━━━━━━━━━━━━━━━━━━━━━┓
Elapsed time is 0.50095 seconds.                                               ┃
━━━━━━━━━━━━━━━━━━━━━━━━━━━━━━━━━━━━━━━━━━━━━━━━━━━━━━━━━━━━━━━━━━━━━━━━━━━━━━━┛
 
START RESOLVING CONDITIONS━━━━━━━━━━━━━━━━━━━━━━━━━━━━━━━━━━━━━━━━━━━━━━━━━━━━━┓
resolving dirichlet condition: ID:1 MSHTAG:1                                   ┃
resolving neumann   condition: ID:2 MSHTAG:2                                   ┃
Elapsed time is 2.5741 seconds.                                                ┃
━━━━━━━━━━━━━━━━━━━━━━━━━━━━━━━━━━━━━━━━━━━━━━━━━━━━━━━━━━━━━━━━━━━━━━━━━━━━━━━┛
 
RESOLVE FETI MANAGER━━━━━━━━━━━━━━━━━━━━━━━━━━━━━━━━━━━━━━━━━━━━━━━━━━━━━━━━━━━┓
4 subtructures created                                                         ┃
substructures resolved                                                         ┃
substructures evaluated                                                        ┃
connectivity matrices created                                                  ┃
Elapsed time is 8.2803 seconds.                                                ┃
━━━━━━━━━━━━━━━━━━━━━━━━━━━━━━━━━━━━━━━━━━━━━━━━━━━━━━━━━━━━━━━━━━━━━━━━━━━━━━━┛
 
APPLY KINEMATIC CONDITIONS ON SUBSTRUCTURES━━━━━━━━━━━━━━━━━━━━━━━━━━━━━━━━━━━━┓
Dirichlet conditions detected on substructures: 1  3                           ┃
Neumann   conditions detected on substructures: 2  4                           ┃
Elapsed time is 0.082788 seconds.                                              ┃
━━━━━━━━━━━━━━━━━━━━━━━━━━━━━━━━━━━━━━━━━━━━━━━━━━━━━━━━━━━━━━━━━━━━━━━━━━━━━━━┛
 
FETI Base Setup━━━━━━━━━━━━━━━━━━━━━━━━━━━━━━━━━━━━━━━━━━━━━━━━━━━━━━━━━━━━━━━━┓
FETISSolver.FETISSolver: rigid body modes of substructures: 0  3  0  3         ┃
Elapsed time is 8.1422 seconds.                                                ┃
━━━━━━━━━━━━━━━━━━━━━━━━━━━━━━━━━━━━━━━━━━━━━━━━━━━━━━━━━━━━━━━━━━━━━━━━━━━━━━━┛
 
START FETIS SETUP━━━━━━━━━━━━━━━━━━━━━━━━━━━━━━━━━━━━━━━━━━━━━━━━━━━━━━━━━━━━━━┓
FETISSolver.FETISSolver: rigid body modes of substructures: 0  3  0  3         ┃
Elapsed time is 0.026138 seconds.                                              ┃
━━━━━━━━━━━━━━━━━━━━━━━━━━━━━━━━━━━━━━━━━━━━━━━━━━━━━━━━━━━━━━━━━━━━━━━━━━━━━━━┛
 
INITIALIZE SOLVER━━━━━━━━━━━━━━━━━━━━━━━━━━━━━━━━━━━━━━━━━━━━━━━━━━━━━━━━━━━━━━┓
Using assembled FI operator!                                                   ┃
No Auxiliary Coarse Grid
Coarse Grid C_ IS empty!                                                       ┃
Check: Error of substructure equilibrium: 4.2098e-18                           ┃
Elapsed time is 0.006212 seconds.                                              ┃
━━━━━━━━━━━━━━━━━━━━━━━━━━━━━━━━━━━━━━━━━━━━━━━━━━━━━━━━━━━━━━━━━━━━━━━━━━━━━━━┛
 
Check: r projected into N coarse-space: 6.2977e-17                             ┃
Check: W projected into N coarse-space: 1.5271e-15                             ┃
START FETIS ITERATIONS━━━━━━━━━━━━━━━━━━━━━━━━━━━━━━━━━━━━━━━━━━━━━━━━━━━━━━━━━┓
Check: Error of substructure equilibrium: 3.5504e-17                           ┃
Check: r projected into N coarse-space: 5.5488e-17                             ┃
Check: W projected into N coarse-space: 1.8617e-16                             ┃
Check: Error of substructure equilibrium: 3.1275e-17                           ┃
Check: r projected into N coarse-space: 5.5546e-17                             ┃
Check: W projected into N coarse-space: 1.7175e-16                             ┃
Check: Error of substructure equilibrium: 1.2351e-16                           ┃
Check: r projected into N coarse-space: 5.3983e-17                             ┃
Check: W projected into N coarse-space: 8.6293e-17                             ┃
Check: Error of substructure equilibrium: 1.1603e-16                           ┃
Check: r projected into N coarse-space: 5.3771e-17                             ┃
Check: W projected into N coarse-space: 5.6148e-17                             ┃
Check: Error of substructure equilibrium: 1.8624e-16                           ┃
Check: r projected into N coarse-space: 5.2825e-17                             ┃
Check: W projected into N coarse-space: 4.9597e-17                             ┃
Check: Error of substructure equilibrium: 2.4342e-16                           ┃
Check: r projected into N coarse-space: 5.247e-17                              ┃
Check: W projected into N coarse-space: 8.5608e-18                             ┃
Check: Error of substructure equilibrium: 2.9633e-16                           ┃
Check: r projected into N coarse-space: 5.238e-17                              ┃
Check: W projected into N coarse-space: 6.7613e-18                             ┃
Check: Error of substructure equilibrium: 2.4192e-16                           ┃
Check: r projected into N coarse-space: 5.2296e-17                             ┃
Check: W projected into N coarse-space: 7.8701e-18                             ┃
Check: Error of substructure equilibrium: 2.6685e-16                           ┃
Check: r projected into N coarse-space: 5.2217e-17                             ┃
Check: W projected into N coarse-space: 3.9239e-18                             ┃
Check: Error of substructure equilibrium: 2.3963e-16                           ┃
Check: r projected into N coarse-space: 5.2129e-17                             ┃
Check: W projected into N coarse-space: 2.417e-18                              ┃
Check: Error of substructure equilibrium: 3.0974e-16                           ┃
Check: r projected into N coarse-space: 5.2098e-17                             ┃
Check: W projected into N coarse-space: 3.4389e-18                             ┃
Check: Error of substructure equilibrium: 2.8839e-16                           ┃
Check: r projected into N coarse-space: 5.2079e-17                             ┃
Check: W projected into N coarse-space: 1.0911e-18                             ┃
Check: Error of substructure equilibrium: 3.0034e-16                           ┃
Check: r projected into N coarse-space: 5.2066e-17                             ┃
Check: W projected into N coarse-space: 9.6297e-19                             ┃
Check: Error of substructure equilibrium: 3.0609e-16                           ┃
Check: r projected into N coarse-space: 5.2056e-17                             ┃
Check: W projected into N coarse-space: 3.1378e-19                             ┃
Check: Error of substructure equilibrium: 3.1601e-16                           ┃
Check: r projected into N coarse-space: 5.2054e-17                             ┃
Check: W projected into N coarse-space: 3.2517e-19                             ┃
Check: Error of substructure equilibrium: 3.1644e-16                           ┃
Check: r projected into N coarse-space: 5.2053e-17                             ┃
Check: W projected into N coarse-space: 2.1357e-19                             ┃
Check: Error of substructure equilibrium: 3.1632e-16                           ┃
Check: r projected into N coarse-space: 5.2053e-17                             ┃
Check: W projected into N coarse-space: 1.4288e-19                             ┃
Check: Error of substructure equilibrium: 3.1631e-16                           ┃
Check: r projected into N coarse-space: 5.2053e-17                             ┃
Check: W projected into N coarse-space: 4.0871e-20                             ┃
Check: Error of substructure equilibrium: 3.1472e-16                           ┃
Check: r projected into N coarse-space: 5.2053e-17                             ┃
Check: W projected into N coarse-space: 2.7911e-20                             ┃
Check: Error of substructure equilibrium: 3.1548e-16                           ┃
Check: r projected into N coarse-space: 5.2053e-17                             ┃
Check: W projected into N coarse-space: 2.2824e-20                             ┃
Check: Error of substructure equilibrium: 3.1388e-16                           ┃
Check: r projected into N coarse-space: 5.2053e-17                             ┃
Check: W projected into N coarse-space: 7.1877e-21                             ┃
Check: Error of substructure equilibrium: 3.1607e-16                           ┃
Check: r projected into N coarse-space: 5.2053e-17                             ┃
Check: W projected into N coarse-space: 6.9876e-21                             ┃
Check: Error of substructure equilibrium: 3.1391e-16                           ┃
Check: r projected into N coarse-space: 5.2053e-17                             ┃
Check: W projected into N coarse-space: 1.7656e-21                             ┃
Check: Error of substructure equilibrium: 3.1407e-16                           ┃
Check: r projected into N coarse-space: 5.2053e-17                             ┃
Check: W projected into N coarse-space: 1.3223e-21                             ┃
Check: Error of substructure equilibrium: 3.1368e-16                           ┃
Check: r projected into N coarse-space: 5.2053e-17                             ┃
Check: W projected into N coarse-space: 3.6151e-22                             ┃
Check: Error of substructure equilibrium: 3.1356e-16                           ┃
Check: r projected into N coarse-space: 5.2053e-17                             ┃
Check: W projected into N coarse-space: 1.9072e-22                             ┃
Check: Error of substructure equilibrium: 3.1198e-16                           ┃
Check: r projected into N coarse-space: 5.2053e-17                             ┃
Check: W projected into N coarse-space: 8.2691e-23                             ┃
Check: Error of substructure equilibrium: 3.1559e-16                           ┃
Check: r projected into N coarse-space: 5.2053e-17                             ┃
Check: W projected into N coarse-space: 6.2843e-23                             ┃
Check: Error of substructure equilibrium: 3.1341e-16                           ┃
Check: r projected into N coarse-space: 5.2053e-17                             ┃
Check: W projected into N coarse-space: 1.4269e-23                             ┃
Check: Error of substructure equilibrium: 3.1378e-16                           ┃
Check: r projected into N coarse-space: 5.2053e-17                             ┃
Check: W projected into N coarse-space: 7.2454e-24                             ┃
Check: Error of substructure equilibrium: 3.1445e-16                           ┃
Check: r projected into N coarse-space: 5.2053e-17                             ┃
Check: W projected into N coarse-space: 2.8379e-24                             ┃
Residual = 5.1174e-09                                                          ┃
after 31 FETI-S iterations with 124 search directions                          ┃
Elapsed time is 2.2129 seconds.                                                ┃
━━━━━━━━━━━━━━━━━━━━━━━━━━━━━━━━━━━━━━━━━━━━━━━━━━━━━━━━━━━━━━━━━━━━━━━━━━━━━━━┛
 
RECOVER DOMAIN SOLUTION━━━━━━━━━━━━━━━━━━━━━━━━━━━━━━━━━━━━━━━━━━━━━━━━━━━━━━━━┓
Elapsed time is 0.072337 seconds.                                              ┃
━━━━━━━━━━━━━━━━━━━━━━━━━━━━━━━━━━━━━━━━━━━━━━━━━━━━━━━━━━━━━━━━━━━━━━━━━━━━━━━┛
 
RECOVER DOMAIN SOLUTION━━━━━━━━━━━━━━━━━━━━━━━━━━━━━━━━━━━━━━━━━━━━━━━━━━━━━━━━┓
Elapsed time is 0.069464 seconds.                                              ┃
━━━━━━━━━━━━━━━━━━━━━━━━━━━━━━━━━━━━━━━━━━━━━━━━━━━━━━━━━━━━━━━━━━━━━━━━━━━━━━━┛
 
━━━━━━━━━━━━━━━━━━━━━━━━━━━━━━━━━━━━━━━━━━━━━━━━━━━━━━━━━━━━━━━━━━━━━━━━━━━━━━━┓
       ______________  ______   ______            ____  ____  ___________      ┃
      / ____/ ____/  |/  /   | / ____/           / __ \/ __ \/ ___/_  __/      ┃
     / /_  / __/ / /|_/ / /| |/ /      ______   / /_/ / / / /\__ \ / /         ┃
    / __/ / /___/ /  / / ___ / /___   /_____/  / ____/ /_/ /___/ // /          ┃
   /_/   /_____/_/  /_/_/  |_\____/           /_/    \____//____//_/           ┃
  ©Lehrstuhl fuer Angewandte Mechanik - Technische Universitaet Muenchnen      ┃
━━━━━━━━━━━━━━━━━━━━━━━━━━━━━━━━━━━━━━━━━━━━━━━━━━━━━━━━━━━━━━━━━━━━━━━━━━━━━━━┛
 
START DIS READING━━━━━━━━━━━━━━━━━━━━━━━━━━━━━━━━━━━━━━━━━━━━━━━━━━━━━━━━━━━━━━┓
Elapsed time is 0.4683 seconds.                                                ┃
━━━━━━━━━━━━━━━━━━━━━━━━━━━━━━━━━━━━━━━━━━━━━━━━━━━━━━━━━━━━━━━━━━━━━━━━━━━━━━━┛
 
START POSTPROCESSING━━━━━━━━━━━━━━━━━━━━━━━━━━━━━━━━━━━━━━━━━━━━━━━━━━━━━━━━━━━┓
element stresses processed                                                     ┃
Elapsed time is 1.9421 seconds.                                                ┃
━━━━━━━━━━━━━━━━━━━━━━━━━━━━━━━━━━━━━━━━━━━━━━━━━━━━━━━━━━━━━━━━━━━━━━━━━━━━━━━┛
 
START VTK-WRITING━━━━━━━━━━━━━━━━━━━━━━━━━━━━━━━━━━━━━━━━━━━━━━━━━━━━━━━━━━━━━━┓
2123 nodes written                                                             ┃
4076 elements written                                                          ┃
field CONDID_1 SCALARS FLOAT written                                           ┃
field CONDID_2 SCALARS FLOAT written                                           ┃
field displacement VECTORS FLOAT written                                       ┃
field MATID_1 SCALARS FLOAT written                                            ┃
field MATID_2 SCALARS FLOAT written                                            ┃
field SUB_ID SCALARS FLOAT written                                             ┃
field SubCenter_Diff VECTORS FLOAT written                                     ┃
Elapsed time is 3.2825 seconds.                                                ┃
━━━━━━━━━━━━━━━━━━━━━━━━━━━━━━━━━━━━━━━━━━━━━━━━━━━━━━━━━━━━━━━━━━━━━━━━━━━━━━━┛
 
INFO━━━━━━━━━━━━━━━━━━━━━━━━━━━━━━━━━━━━━━━━━━━━━━━━━━━━━━━━━━━━━━━━━━━━━━━━━━━┓
dat   -file:                                                                   ┃
mesh  -file: ./meshgen_0p95.msh.part                                           ┃
output-file: ./output/vtk/feti1_incratio-0p95_stiffratio-0p001.vtk.1           ┃
matlab-version: 9.0.0.341360 (R2016a)                                          ┃
calculated on : 22-Aug-2016 by lukas on xubuntu                                ┃
git-hash: unknown                                                              ┃
━━━━━━━━━━━━━━━━━━━━━━━━━━━━━━━━━━━━━━━━━━━━━━━━━━━━━━━━━━━━━━━━━━━━━━━━━━━━━━━┛
 
