━━━━━━━━━━━━━━━━━━━━━━━━━━━━━━━━━━━━━━━━━━━━━━━━━━━━━━━━━━━━━━━━━━━━━━━━━━━━━━━┓
          ______________  ______   ______            ____  ____  ______        ┃
         / ____/ ____/  |/  /   | / ____/           / __ \/ __ \/ ____/        ┃
        / /_  / __/ / /|_/ / /| |/ /      ______   / /_/ / /_/ / __/           ┃
       / __/ / /___/ /  / / ___ / /___   /_____/  / ____/ _, _/ /___           ┃
      /_/   /_____/_/  /_/_/  |_\____/           /_/   /_/ |_/_____/           ┃
  ©Lehrstuhl fuer Angewandte Mechanik - Technische Universitaet Muenchnen      ┃
━━━━━━━━━━━━━━━━━━━━━━━━━━━━━━━━━━━━━━━━━━━━━━━━━━━━━━━━━━━━━━━━━━━━━━━━━━━━━━━┛
 
START MESH READING━━━━━━━━━━━━━━━━━━━━━━━━━━━━━━━━━━━━━━━━━━━━━━━━━━━━━━━━━━━━━┓
3146 nodes created                                                             ┃
6086 stiffness elements created                                                ┃
51 dirichlet elements created                                                  ┃
51 neumann elements created                                                    ┃
wrote mesh to file: ./fetias/output/fetias_incratio-0p95.dis                   ┃
Elapsed time is 8.6662 seconds.                                                ┃
━━━━━━━━━━━━━━━━━━━━━━━━━━━━━━━━━━━━━━━━━━━━━━━━━━━━━━━━━━━━━━━━━━━━━━━━━━━━━━━┛
 
━━━━━━━━━━━━━━━━━━━━━━━━━━━━━━━━━━━━━━━━━━━━━━━━━━━━━━━━━━━━━━━━━━━━━━━━━━━━━━━┓
      ______________  ______   ______            __  ______    _____   __      ┃
     / ____/ ____/  |/  /   | / ____/           /  |/  /   |  /  _/ | / /      ┃
    / /_  / __/ / /|_/ / /| |/ /      ______   / /|_/ / /| |  / //  |/ /       ┃
   / __/ / /___/ /  / / ___ / /___   /_____/  / /  / / ___ |_/ // /|  /        ┃
  /_/   /_____/_/  /_/_/  |_\____/           /_/  /_/_/  |_/___/_/ |_/         ┃
  ©Lehrstuhl fuer Angewandte Mechanik - Technische Universitaet Muenchnen      ┃
━━━━━━━━━━━━━━━━━━━━━━━━━━━━━━━━━━━━━━━━━━━━━━━━━━━━━━━━━━━━━━━━━━━━━━━━━━━━━━━┛
 
START DIS READING━━━━━━━━━━━━━━━━━━━━━━━━━━━━━━━━━━━━━━━━━━━━━━━━━━━━━━━━━━━━━━┓
Elapsed time is 0.32285 seconds.                                               ┃
━━━━━━━━━━━━━━━━━━━━━━━━━━━━━━━━━━━━━━━━━━━━━━━━━━━━━━━━━━━━━━━━━━━━━━━━━━━━━━━┛
 
START RESOLVING CONDITIONS━━━━━━━━━━━━━━━━━━━━━━━━━━━━━━━━━━━━━━━━━━━━━━━━━━━━━┓
resolving dirichlet condition: ID:1 MSHTAG:1                                   ┃
resolving neumann   condition: ID:2 MSHTAG:2                                   ┃
Elapsed time is 1.812 seconds.                                                 ┃
━━━━━━━━━━━━━━━━━━━━━━━━━━━━━━━━━━━━━━━━━━━━━━━━━━━━━━━━━━━━━━━━━━━━━━━━━━━━━━━┛
 
RESOLVE FETI MANAGER━━━━━━━━━━━━━━━━━━━━━━━━━━━━━━━━━━━━━━━━━━━━━━━━━━━━━━━━━━━┓
9 subtructures created                                                         ┃
substructures resolved                                                         ┃
substructures evaluated                                                        ┃
connectivity matrices created                                                  ┃
Elapsed time is 8.1532 seconds.                                                ┃
━━━━━━━━━━━━━━━━━━━━━━━━━━━━━━━━━━━━━━━━━━━━━━━━━━━━━━━━━━━━━━━━━━━━━━━━━━━━━━━┛
 
APPLY KINEMATIC CONDITIONS ON SUBSTRUCTURES━━━━━━━━━━━━━━━━━━━━━━━━━━━━━━━━━━━━┓
Dirichlet conditions detected on substructures: 1  4  7                        ┃
Neumann   conditions detected on substructures: 3  6  9                        ┃
Elapsed time is 0.044899 seconds.                                              ┃
━━━━━━━━━━━━━━━━━━━━━━━━━━━━━━━━━━━━━━━━━━━━━━━━━━━━━━━━━━━━━━━━━━━━━━━━━━━━━━━┛
 
FETI Base Setup━━━━━━━━━━━━━━━━━━━━━━━━━━━━━━━━━━━━━━━━━━━━━━━━━━━━━━━━━━━━━━━━┓
[Warning: Matrix is singular to working precision.] 
[> In <a href="matlab:matlab.internal.language.introspective.errorDocCallback('FETIBaseSolver/SetupBase', '/home/lukas/Desktop/SA_Thesis/FEMAC/solver/FETIBaseSolver.m', 201)" style="font-weight:bold">FETIBaseSolver/SetupBase</a> (<a href="matlab: opentoline('/home/lukas/Desktop/SA_Thesis/FEMAC/solver/FETIBaseSolver.m',201,0)">line 201</a>)
  In <a href="matlab:matlab.internal.language.introspective.errorDocCallback('FETIASSolver/Setup', '/home/lukas/Desktop/SA_Thesis/FEMAC/solver/FETIASSolver.m', 36)" style="font-weight:bold">FETIASSolver/Setup</a> (<a href="matlab: opentoline('/home/lukas/Desktop/SA_Thesis/FEMAC/solver/FETIASSolver.m',36,0)">line 36</a>)
  In <a href="matlab:matlab.internal.language.introspective.errorDocCallback('FETIBaseSolver/InitSolve', '/home/lukas/Desktop/SA_Thesis/FEMAC/solver/FETIBaseSolver.m', 306)" style="font-weight:bold">FETIBaseSolver/InitSolve</a> (<a href="matlab: opentoline('/home/lukas/Desktop/SA_Thesis/FEMAC/solver/FETIBaseSolver.m',306,0)">line 306</a>)
  In <a href="matlab:matlab.internal.language.introspective.errorDocCallback('FETIASSolver/Solve', '/home/lukas/Desktop/SA_Thesis/FEMAC/solver/FETIASSolver.m', 73)" style="font-weight:bold">FETIASSolver/Solve</a> (<a href="matlab: opentoline('/home/lukas/Desktop/SA_Thesis/FEMAC/solver/FETIASSolver.m',73,0)">line 73</a>)
  In <a href="matlab:matlab.internal.language.introspective.errorDocCallback('ProblemBaseMain/Work', '/home/lukas/Desktop/SA_Thesis/FEMAC/prob/ProblemBaseMain.m', 115)" style="font-weight:bold">ProblemBaseMain/Work</a> (<a href="matlab: opentoline('/home/lukas/Desktop/SA_Thesis/FEMAC/prob/ProblemBaseMain.m',115,0)">line 115</a>)
  In <a href="matlab:matlab.internal.language.introspective.errorDocCallback('ProblemFETIMain/Work', '/home/lukas/Desktop/SA_Thesis/FEMAC/prob/ProblemFETIMain.m', 47)" style="font-weight:bold">ProblemFETIMain/Work</a> (<a href="matlab: opentoline('/home/lukas/Desktop/SA_Thesis/FEMAC/prob/ProblemFETIMain.m',47,0)">line 47</a>)
  In <a href="matlab:matlab.internal.language.introspective.errorDocCallback('femac_main', '/home/lukas/Desktop/SA_Thesis/FEMAC/femac_main.m', 47)" style="font-weight:bold">femac_main</a> (<a href="matlab: opentoline('/home/lukas/Desktop/SA_Thesis/FEMAC/femac_main.m',47,0)">line 47</a>)] 
Scaling: kscaling                                                              ┃
Preconditioner: Lumped                                                         ┃
FETISSolver.FETISSolver: rigid body modes of substructures: 0  3  3  0  3  3  0  3  3
Elapsed time is 3.009 seconds.                                                 ┃
━━━━━━━━━━━━━━━━━━━━━━━━━━━━━━━━━━━━━━━━━━━━━━━━━━━━━━━━━━━━━━━━━━━━━━━━━━━━━━━┛
 
START FETI-AS SETUP━━━━━━━━━━━━━━━━━━━━━━━━━━━━━━━━━━━━━━━━━━━━━━━━━━━━━━━━━━━━┓
FETISSolver.FETISSolver: rigid body modes of substructures: 0  3  3  0  3  3  0  3  3
A-matrix taken as unity matrix                                                 ┃
Elapsed time is 0.34671 seconds.                                               ┃
━━━━━━━━━━━━━━━━━━━━━━━━━━━━━━━━━━━━━━━━━━━━━━━━━━━━━━━━━━━━━━━━━━━━━━━━━━━━━━━┛
 
INITIALIZE SOLVER━━━━━━━━━━━━━━━━━━━━━━━━━━━━━━━━━━━━━━━━━━━━━━━━━━━━━━━━━━━━━━┓
Using assembled FI operator!                                                   ┃
No Auxiliary Coarse Grid
Coarse Grid C_ IS empty!                                                       ┃
Check: Error of substructure equilibrium: 1.2173e-17                           ┃
Elapsed time is 0.008354 seconds.                                              ┃
━━━━━━━━━━━━━━━━━━━━━━━━━━━━━━━━━━━━━━━━━━━━━━━━━━━━━━━━━━━━━━━━━━━━━━━━━━━━━━━┛
 
Check: r projected into N coarse-space: 1.5597e-16                             ┃
Check: W projected into N coarse-space: 5.6996e-15                             ┃
START FETI-AS ITERATIONS━━━━━━━━━━━━━━━━━━━━━━━━━━━━━━━━━━━━━━━━━━━━━━━━━━━━━━━┓
tau has been determined as:1.3111 through a contraction factor of 0.999        ┃
Check: Error of substructure equilibrium: 1.2752e-17                           ┃
Check: r projected into N coarse-space: 1.4326e-16                             ┃
Check: W projected into N coarse-space: 1.058e-14                              ┃
current residuum: 3.0643                                                       ┃
Check: Error of substructure equilibrium: 1.7144e-17                           ┃
Check: r projected into N coarse-space: 1.3345e-16                             ┃
Check: W projected into N coarse-space: 2.3012e-14                             ┃
current residuum: 0.58524                                                      ┃
Check: Error of substructure equilibrium: 1.8741e-16                           ┃
Check: r projected into N coarse-space: 1.2693e-16                             ┃
Check: W projected into N coarse-space: 3.0518e-14                             ┃
current residuum: 0.25905                                                      ┃
Check: Error of substructure equilibrium: 2.6906e-16                           ┃
Check: r projected into N coarse-space: 1.2516e-16                             ┃
Check: W projected into N coarse-space: 9.3371e-14                             ┃
current residuum: 0.22816                                                      ┃
Check: Error of substructure equilibrium: 4.3862e-16                           ┃
Check: r projected into N coarse-space: 1.2444e-16                             ┃
Check: W projected into N coarse-space: 7.738e-14                              ┃
current residuum: 0.13926                                                      ┃
Check: Error of substructure equilibrium: 8.3588e-16                           ┃
Check: r projected into N coarse-space: 1.2288e-16                             ┃
Check: W projected into N coarse-space: 1.8879e-14                             ┃
current residuum: 0.098477                                                     ┃
Check: Error of substructure equilibrium: 9.5467e-16                           ┃
Check: r projected into N coarse-space: 1.2127e-16                             ┃
Check: W projected into N coarse-space: 2.5952e-14                             ┃
current residuum: 0.055889                                                     ┃
Check: Error of substructure equilibrium: 1.105e-15                            ┃
Check: r projected into N coarse-space: 1.2075e-16                             ┃
Check: W projected into N coarse-space: 5.5786e-15                             ┃
current residuum: 0.038884                                                     ┃
Check: Error of substructure equilibrium: 1.1274e-15                           ┃
Check: r projected into N coarse-space: 1.2026e-16                             ┃
Check: W projected into N coarse-space: 9.0014e-15                             ┃
current residuum: 0.032219                                                     ┃
Check: Error of substructure equilibrium: 9.462e-16                            ┃
Check: r projected into N coarse-space: 1.1968e-16                             ┃
Check: W projected into N coarse-space: 4.0546e-15                             ┃
current residuum: 0.024827                                                     ┃
Check: Error of substructure equilibrium: 9.0435e-16                           ┃
Check: r projected into N coarse-space: 1.1933e-16                             ┃
Check: W projected into N coarse-space: 5.4373e-15                             ┃
current residuum: 0.018608                                                     ┃
Check: Error of substructure equilibrium: 7.9345e-16                           ┃
Check: r projected into N coarse-space: 1.1918e-16                             ┃
Check: W projected into N coarse-space: 3.0796e-15                             ┃
current residuum: 0.011648                                                     ┃
Check: Error of substructure equilibrium: 9.7807e-16                           ┃
Check: r projected into N coarse-space: 1.1898e-16                             ┃
Check: W projected into N coarse-space: 4.9285e-15                             ┃
current residuum: 0.0094111                                                    ┃
Check: Error of substructure equilibrium: 8.4674e-16                           ┃
Check: r projected into N coarse-space: 1.1888e-16                             ┃
Check: W projected into N coarse-space: 1.0268e-15                             ┃
current residuum: 0.0071165                                                    ┃
Check: Error of substructure equilibrium: 8.7677e-16                           ┃
Check: r projected into N coarse-space: 1.1878e-16                             ┃
Check: W projected into N coarse-space: 5.7802e-16                             ┃
current residuum: 0.0050257                                                    ┃
Check: Error of substructure equilibrium: 8.7502e-16                           ┃
Check: r projected into N coarse-space: 1.1875e-16                             ┃
Check: W projected into N coarse-space: 4.03e-16                               ┃
current residuum: 0.0029445                                                    ┃
Check: Error of substructure equilibrium: 8.7257e-16                           ┃
Check: r projected into N coarse-space: 1.1874e-16                             ┃
Check: W projected into N coarse-space: 1.9796e-16                             ┃
current residuum: 0.0019448                                                    ┃
Check: Error of substructure equilibrium: 8.7169e-16                           ┃
Check: r projected into N coarse-space: 1.1873e-16                             ┃
Check: W projected into N coarse-space: 1.6568e-16                             ┃
current residuum: 0.0012552                                                    ┃
Check: Error of substructure equilibrium: 8.5698e-16                           ┃
Check: r projected into N coarse-space: 1.1872e-16                             ┃
Check: W projected into N coarse-space: 6.8901e-17                             ┃
current residuum: 0.0007261                                                    ┃
Check: Error of substructure equilibrium: 8.6009e-16                           ┃
Check: r projected into N coarse-space: 1.1872e-16                             ┃
Check: W projected into N coarse-space: 1.0084e-16                             ┃
current residuum: 0.00041666                                                   ┃
Check: Error of substructure equilibrium: 8.694e-16                            ┃
Check: r projected into N coarse-space: 1.1872e-16                             ┃
Check: W projected into N coarse-space: 6.0454e-17                             ┃
current residuum: 0.00025858                                                   ┃
Check: Error of substructure equilibrium: 8.6008e-16                           ┃
Check: r projected into N coarse-space: 1.1872e-16                             ┃
Check: W projected into N coarse-space: 2.8593e-17                             ┃
current residuum: 0.00013622                                                   ┃
Check: Error of substructure equilibrium: 8.6492e-16                           ┃
Check: r projected into N coarse-space: 1.1872e-16                             ┃
Check: W projected into N coarse-space: 8.6272e-18                             ┃
current residuum: 6.8631e-05                                                   ┃
Check: Error of substructure equilibrium: 8.6494e-16                           ┃
Check: r projected into N coarse-space: 1.1872e-16                             ┃
Check: W projected into N coarse-space: 4.6371e-18                             ┃
current residuum: 3.6358e-05                                                   ┃
Check: Error of substructure equilibrium: 8.6707e-16                           ┃
Check: r projected into N coarse-space: 1.1872e-16                             ┃
Check: W projected into N coarse-space: 2.0708e-18                             ┃
current residuum: 1.9444e-05                                                   ┃
Check: Error of substructure equilibrium: 8.6518e-16                           ┃
Check: r projected into N coarse-space: 1.1872e-16                             ┃
Check: W projected into N coarse-space: 5.4754e-19                             ┃
current residuum: 7.0073e-06                                                   ┃
Check: Error of substructure equilibrium: 8.653e-16                            ┃
Check: r projected into N coarse-space: 1.1872e-16                             ┃
Check: W projected into N coarse-space: 1.1716e-18                             ┃
current residuum: 4.2211e-06                                                   ┃
Check: Error of substructure equilibrium: 8.6456e-16                           ┃
Check: r projected into N coarse-space: 1.1872e-16                             ┃
Check: W projected into N coarse-space: 1.8651e-19                             ┃
current residuum: 1.913e-06                                                    ┃
Check: Error of substructure equilibrium: 8.6461e-16                           ┃
Check: r projected into N coarse-space: 1.1872e-16                             ┃
Check: W projected into N coarse-space: 7.586e-20                              ┃
current residuum: 9.3136e-07                                                   ┃
Residual = 9.3136e-07                                                          ┃
after 29 FETI-AS iterations with 10  10  10  10  10  10  10  10  10  10  10  10  10  10  10  10  10  10  10  10  10  10  10   9  10   7  10  10  10 search directions
Elapsed time is 1.8313 seconds.                                                ┃
━━━━━━━━━━━━━━━━━━━━━━━━━━━━━━━━━━━━━━━━━━━━━━━━━━━━━━━━━━━━━━━━━━━━━━━━━━━━━━━┛
 
RECOVER DOMAIN SOLUTION━━━━━━━━━━━━━━━━━━━━━━━━━━━━━━━━━━━━━━━━━━━━━━━━━━━━━━━━┓
Elapsed time is 0.047948 seconds.                                              ┃
━━━━━━━━━━━━━━━━━━━━━━━━━━━━━━━━━━━━━━━━━━━━━━━━━━━━━━━━━━━━━━━━━━━━━━━━━━━━━━━┛
 
RECOVER DOMAIN SOLUTION━━━━━━━━━━━━━━━━━━━━━━━━━━━━━━━━━━━━━━━━━━━━━━━━━━━━━━━━┓
Elapsed time is 0.047917 seconds.                                              ┃
━━━━━━━━━━━━━━━━━━━━━━━━━━━━━━━━━━━━━━━━━━━━━━━━━━━━━━━━━━━━━━━━━━━━━━━━━━━━━━━┛
 
