━━━━━━━━━━━━━━━━━━━━━━━━━━━━━━━━━━━━━━━━━━━━━━━━━━━━━━━━━━━━━━━━━━━━━━━━━━━━━━━┓
          ______________  ______   ______            ____  ____  ______        ┃
         / ____/ ____/  |/  /   | / ____/           / __ \/ __ \/ ____/        ┃
        / /_  / __/ / /|_/ / /| |/ /      ______   / /_/ / /_/ / __/           ┃
       / __/ / /___/ /  / / ___ / /___   /_____/  / ____/ _, _/ /___           ┃
      /_/   /_____/_/  /_/_/  |_\____/           /_/   /_/ |_/_____/           ┃
  ©Lehrstuhl fuer Angewandte Mechanik - Technische Universitaet Muenchnen      ┃
━━━━━━━━━━━━━━━━━━━━━━━━━━━━━━━━━━━━━━━━━━━━━━━━━━━━━━━━━━━━━━━━━━━━━━━━━━━━━━━┛
 
START MESH READING━━━━━━━━━━━━━━━━━━━━━━━━━━━━━━━━━━━━━━━━━━━━━━━━━━━━━━━━━━━━━┓
3146 nodes created                                                             ┃
6086 stiffness elements created                                                ┃
51 dirichlet elements created                                                  ┃
51 neumann elements created                                                    ┃
wrote mesh to file: ./fetias/output/fetias_incratio-0p95.dis                   ┃
Elapsed time is 8.6771 seconds.                                                ┃
━━━━━━━━━━━━━━━━━━━━━━━━━━━━━━━━━━━━━━━━━━━━━━━━━━━━━━━━━━━━━━━━━━━━━━━━━━━━━━━┛
 
━━━━━━━━━━━━━━━━━━━━━━━━━━━━━━━━━━━━━━━━━━━━━━━━━━━━━━━━━━━━━━━━━━━━━━━━━━━━━━━┓
      ______________  ______   ______            __  ______    _____   __      ┃
     / ____/ ____/  |/  /   | / ____/           /  |/  /   |  /  _/ | / /      ┃
    / /_  / __/ / /|_/ / /| |/ /      ______   / /|_/ / /| |  / //  |/ /       ┃
   / __/ / /___/ /  / / ___ / /___   /_____/  / /  / / ___ |_/ // /|  /        ┃
  /_/   /_____/_/  /_/_/  |_\____/           /_/  /_/_/  |_/___/_/ |_/         ┃
  ©Lehrstuhl fuer Angewandte Mechanik - Technische Universitaet Muenchnen      ┃
━━━━━━━━━━━━━━━━━━━━━━━━━━━━━━━━━━━━━━━━━━━━━━━━━━━━━━━━━━━━━━━━━━━━━━━━━━━━━━━┛
 
START DIS READING━━━━━━━━━━━━━━━━━━━━━━━━━━━━━━━━━━━━━━━━━━━━━━━━━━━━━━━━━━━━━━┓
Elapsed time is 0.34126 seconds.                                               ┃
━━━━━━━━━━━━━━━━━━━━━━━━━━━━━━━━━━━━━━━━━━━━━━━━━━━━━━━━━━━━━━━━━━━━━━━━━━━━━━━┛
 
START RESOLVING CONDITIONS━━━━━━━━━━━━━━━━━━━━━━━━━━━━━━━━━━━━━━━━━━━━━━━━━━━━━┓
resolving dirichlet condition: ID:1 MSHTAG:1                                   ┃
resolving neumann   condition: ID:2 MSHTAG:2                                   ┃
Elapsed time is 1.8441 seconds.                                                ┃
━━━━━━━━━━━━━━━━━━━━━━━━━━━━━━━━━━━━━━━━━━━━━━━━━━━━━━━━━━━━━━━━━━━━━━━━━━━━━━━┛
 
RESOLVE FETI MANAGER━━━━━━━━━━━━━━━━━━━━━━━━━━━━━━━━━━━━━━━━━━━━━━━━━━━━━━━━━━━┓
9 subtructures created                                                         ┃
substructures resolved                                                         ┃
substructures evaluated                                                        ┃
connectivity matrices created                                                  ┃
Elapsed time is 8.245 seconds.                                                 ┃
━━━━━━━━━━━━━━━━━━━━━━━━━━━━━━━━━━━━━━━━━━━━━━━━━━━━━━━━━━━━━━━━━━━━━━━━━━━━━━━┛
 
APPLY KINEMATIC CONDITIONS ON SUBSTRUCTURES━━━━━━━━━━━━━━━━━━━━━━━━━━━━━━━━━━━━┓
Dirichlet conditions detected on substructures: 1  4  7                        ┃
Neumann   conditions detected on substructures: 3  6  9                        ┃
Elapsed time is 0.045868 seconds.                                              ┃
━━━━━━━━━━━━━━━━━━━━━━━━━━━━━━━━━━━━━━━━━━━━━━━━━━━━━━━━━━━━━━━━━━━━━━━━━━━━━━━┛
 
FETI Base Setup━━━━━━━━━━━━━━━━━━━━━━━━━━━━━━━━━━━━━━━━━━━━━━━━━━━━━━━━━━━━━━━━┓
[Warning: Matrix is singular to working precision.] 
[> In <a href="matlab:matlab.internal.language.introspective.errorDocCallback('FETIBaseSolver/SetupBase', '/home/lukas/Desktop/SA_Thesis/FEMAC/solver/FETIBaseSolver.m', 201)" style="font-weight:bold">FETIBaseSolver/SetupBase</a> (<a href="matlab: opentoline('/home/lukas/Desktop/SA_Thesis/FEMAC/solver/FETIBaseSolver.m',201,0)">line 201</a>)
  In <a href="matlab:matlab.internal.language.introspective.errorDocCallback('FETIASSolver/Setup', '/home/lukas/Desktop/SA_Thesis/FEMAC/solver/FETIASSolver.m', 36)" style="font-weight:bold">FETIASSolver/Setup</a> (<a href="matlab: opentoline('/home/lukas/Desktop/SA_Thesis/FEMAC/solver/FETIASSolver.m',36,0)">line 36</a>)
  In <a href="matlab:matlab.internal.language.introspective.errorDocCallback('FETIBaseSolver/InitSolve', '/home/lukas/Desktop/SA_Thesis/FEMAC/solver/FETIBaseSolver.m', 306)" style="font-weight:bold">FETIBaseSolver/InitSolve</a> (<a href="matlab: opentoline('/home/lukas/Desktop/SA_Thesis/FEMAC/solver/FETIBaseSolver.m',306,0)">line 306</a>)
  In <a href="matlab:matlab.internal.language.introspective.errorDocCallback('FETIASSolver/Solve', '/home/lukas/Desktop/SA_Thesis/FEMAC/solver/FETIASSolver.m', 73)" style="font-weight:bold">FETIASSolver/Solve</a> (<a href="matlab: opentoline('/home/lukas/Desktop/SA_Thesis/FEMAC/solver/FETIASSolver.m',73,0)">line 73</a>)
  In <a href="matlab:matlab.internal.language.introspective.errorDocCallback('ProblemBaseMain/Work', '/home/lukas/Desktop/SA_Thesis/FEMAC/prob/ProblemBaseMain.m', 115)" style="font-weight:bold">ProblemBaseMain/Work</a> (<a href="matlab: opentoline('/home/lukas/Desktop/SA_Thesis/FEMAC/prob/ProblemBaseMain.m',115,0)">line 115</a>)
  In <a href="matlab:matlab.internal.language.introspective.errorDocCallback('ProblemFETIMain/Work', '/home/lukas/Desktop/SA_Thesis/FEMAC/prob/ProblemFETIMain.m', 47)" style="font-weight:bold">ProblemFETIMain/Work</a> (<a href="matlab: opentoline('/home/lukas/Desktop/SA_Thesis/FEMAC/prob/ProblemFETIMain.m',47,0)">line 47</a>)
  In <a href="matlab:matlab.internal.language.introspective.errorDocCallback('femac_main', '/home/lukas/Desktop/SA_Thesis/FEMAC/femac_main.m', 47)" style="font-weight:bold">femac_main</a> (<a href="matlab: opentoline('/home/lukas/Desktop/SA_Thesis/FEMAC/femac_main.m',47,0)">line 47</a>)] 
Scaling: kscaling                                                              ┃
Preconditioner: Dirichlet                                                      ┃
FETISSolver.FETISSolver: rigid body modes of substructures: 0  3  3  0  3  3  0  3  3
Elapsed time is 3.2209 seconds.                                                ┃
━━━━━━━━━━━━━━━━━━━━━━━━━━━━━━━━━━━━━━━━━━━━━━━━━━━━━━━━━━━━━━━━━━━━━━━━━━━━━━━┛
 
START FETI-AS SETUP━━━━━━━━━━━━━━━━━━━━━━━━━━━━━━━━━━━━━━━━━━━━━━━━━━━━━━━━━━━━┓
FETISSolver.FETISSolver: rigid body modes of substructures: 0  3  3  0  3  3  0  3  3
A-matrix taken as unity matrix                                                 ┃
Elapsed time is 0.34597 seconds.                                               ┃
━━━━━━━━━━━━━━━━━━━━━━━━━━━━━━━━━━━━━━━━━━━━━━━━━━━━━━━━━━━━━━━━━━━━━━━━━━━━━━━┛
 
INITIALIZE SOLVER━━━━━━━━━━━━━━━━━━━━━━━━━━━━━━━━━━━━━━━━━━━━━━━━━━━━━━━━━━━━━━┓
Using assembled FI operator!                                                   ┃
No Auxiliary Coarse Grid
Coarse Grid C_ IS empty!                                                       ┃
Check: Error of substructure equilibrium: 1.2173e-17                           ┃
Elapsed time is 0.005824 seconds.                                              ┃
━━━━━━━━━━━━━━━━━━━━━━━━━━━━━━━━━━━━━━━━━━━━━━━━━━━━━━━━━━━━━━━━━━━━━━━━━━━━━━━┛
 
Check: r projected into N coarse-space: 1.5597e-16                             ┃
Check: W projected into N coarse-space: 4.0581e-16                             ┃
START FETI-AS ITERATIONS━━━━━━━━━━━━━━━━━━━━━━━━━━━━━━━━━━━━━━━━━━━━━━━━━━━━━━━┓
tau has been determined as:1.3111 through a contraction factor of 0.999        ┃
Check: Error of substructure equilibrium: 1.2184e-17                           ┃
Check: r projected into N coarse-space: 1.514e-16                              ┃
Check: W projected into N coarse-space: 2.6702e-16                             ┃
current residuum: 0.20709                                                      ┃
Check: Error of substructure equilibrium: 1.2153e-17                           ┃
Check: r projected into N coarse-space: 1.3317e-16                             ┃
Check: W projected into N coarse-space: 6.5316e-16                             ┃
current residuum: 0.1369                                                       ┃
Check: Error of substructure equilibrium: 4.7442e-16                           ┃
Check: r projected into N coarse-space: 1.2992e-16                             ┃
Check: W projected into N coarse-space: 7.553e-15                              ┃
current residuum: 0.074541                                                     ┃
Check: Error of substructure equilibrium: 8.7421e-16                           ┃
Check: r projected into N coarse-space: 1.2637e-16                             ┃
Check: W projected into N coarse-space: 1.4768e-15                             ┃
current residuum: 0.024672                                                     ┃
Check: Error of substructure equilibrium: 1.1571e-15                           ┃
Check: r projected into N coarse-space: 1.2176e-16                             ┃
Check: W projected into N coarse-space: 3.8495e-16                             ┃
current residuum: 0.01287                                                      ┃
Check: Error of substructure equilibrium: 1.1161e-15                           ┃
Check: r projected into N coarse-space: 1.2031e-16                             ┃
Check: W projected into N coarse-space: 8.9049e-17                             ┃
current residuum: 0.0031396                                                    ┃
Check: Error of substructure equilibrium: 1.1211e-15                           ┃
Check: r projected into N coarse-space: 1.2021e-16                             ┃
Check: W projected into N coarse-space: 1.7539e-16                             ┃
current residuum: 0.0024014                                                    ┃
Check: Error of substructure equilibrium: 1.0992e-15                           ┃
Check: r projected into N coarse-space: 1.2017e-16                             ┃
Check: W projected into N coarse-space: 1.9824e-17                             ┃
current residuum: 0.00048737                                                   ┃
Check: Error of substructure equilibrium: 1.1018e-15                           ┃
Check: r projected into N coarse-space: 1.2017e-16                             ┃
Check: W projected into N coarse-space: 6.1291e-18                             ┃
current residuum: 0.00011387                                                   ┃
Check: Error of substructure equilibrium: 1.0995e-15                           ┃
Check: r projected into N coarse-space: 1.2017e-16                             ┃
Check: W projected into N coarse-space: 1.0531e-18                             ┃
current residuum: 3.6469e-05                                                   ┃
Check: Error of substructure equilibrium: 1.0999e-15                           ┃
Check: r projected into N coarse-space: 1.2018e-16                             ┃
Check: W projected into N coarse-space: 2.8562e-19                             ┃
current residuum: 9.5233e-06                                                   ┃
Check: Error of substructure equilibrium: 1.0988e-15                           ┃
Check: r projected into N coarse-space: 1.2018e-16                             ┃
Check: W projected into N coarse-space: 4.5964e-20                             ┃
current residuum: 1.7318e-06                                                   ┃
Check: Error of substructure equilibrium: 1.0995e-15                           ┃
Check: r projected into N coarse-space: 1.2018e-16                             ┃
Check: W projected into N coarse-space: 7.4623e-21                             ┃
current residuum: 4.0451e-07                                                   ┃
Residual = 4.0451e-07                                                          ┃
after 13 FETI-AS iterations with 10   9  10  10   6   1   5   1   1   1   1   1   1 search directions
Elapsed time is 0.68609 seconds.                                               ┃
━━━━━━━━━━━━━━━━━━━━━━━━━━━━━━━━━━━━━━━━━━━━━━━━━━━━━━━━━━━━━━━━━━━━━━━━━━━━━━━┛
 
RECOVER DOMAIN SOLUTION━━━━━━━━━━━━━━━━━━━━━━━━━━━━━━━━━━━━━━━━━━━━━━━━━━━━━━━━┓
Elapsed time is 0.045166 seconds.                                              ┃
━━━━━━━━━━━━━━━━━━━━━━━━━━━━━━━━━━━━━━━━━━━━━━━━━━━━━━━━━━━━━━━━━━━━━━━━━━━━━━━┛
 
RECOVER DOMAIN SOLUTION━━━━━━━━━━━━━━━━━━━━━━━━━━━━━━━━━━━━━━━━━━━━━━━━━━━━━━━━┓
Elapsed time is 0.044091 seconds.                                              ┃
━━━━━━━━━━━━━━━━━━━━━━━━━━━━━━━━━━━━━━━━━━━━━━━━━━━━━━━━━━━━━━━━━━━━━━━━━━━━━━━┛
 
