━━━━━━━━━━━━━━━━━━━━━━━━━━━━━━━━━━━━━━━━━━━━━━━━━━━━━━━━━━━━━━━━━━━━━━━━━━━━━━━┓
      ______________  ______   ______            __  ______    _____   __      ┃
     / ____/ ____/  |/  /   | / ____/           /  |/  /   |  /  _/ | / /      ┃
    / /_  / __/ / /|_/ / /| |/ /      ______   / /|_/ / /| |  / //  |/ /       ┃
   / __/ / /___/ /  / / ___ / /___   /_____/  / /  / / ___ |_/ // /|  /        ┃
  /_/   /_____/_/  /_/_/  |_\____/           /_/  /_/_/  |_/___/_/ |_/         ┃
  ©Lehrstuhl fuer Angewandte Mechanik - Technische Universitaet Muenchnen      ┃
━━━━━━━━━━━━━━━━━━━━━━━━━━━━━━━━━━━━━━━━━━━━━━━━━━━━━━━━━━━━━━━━━━━━━━━━━━━━━━━┛
 
START DIS READING━━━━━━━━━━━━━━━━━━━━━━━━━━━━━━━━━━━━━━━━━━━━━━━━━━━━━━━━━━━━━━┓
Elapsed time is 0.3659 seconds.                                                ┃
━━━━━━━━━━━━━━━━━━━━━━━━━━━━━━━━━━━━━━━━━━━━━━━━━━━━━━━━━━━━━━━━━━━━━━━━━━━━━━━┛
 
START RESOLVING CONDITIONS━━━━━━━━━━━━━━━━━━━━━━━━━━━━━━━━━━━━━━━━━━━━━━━━━━━━━┓
resolving dirichlet condition: ID:1 MSHTAG:1                                   ┃
resolving neumann   condition: ID:2 MSHTAG:2                                   ┃
Elapsed time is 1.8116 seconds.                                                ┃
━━━━━━━━━━━━━━━━━━━━━━━━━━━━━━━━━━━━━━━━━━━━━━━━━━━━━━━━━━━━━━━━━━━━━━━━━━━━━━━┛
 
RESOLVE FETI MANAGER━━━━━━━━━━━━━━━━━━━━━━━━━━━━━━━━━━━━━━━━━━━━━━━━━━━━━━━━━━━┓
9 subtructures created                                                         ┃
substructures resolved                                                         ┃
substructures evaluated                                                        ┃
connectivity matrices created                                                  ┃
Elapsed time is 8.3236 seconds.                                                ┃
━━━━━━━━━━━━━━━━━━━━━━━━━━━━━━━━━━━━━━━━━━━━━━━━━━━━━━━━━━━━━━━━━━━━━━━━━━━━━━━┛
 
APPLY KINEMATIC CONDITIONS ON SUBSTRUCTURES━━━━━━━━━━━━━━━━━━━━━━━━━━━━━━━━━━━━┓
Dirichlet conditions detected on substructures: 1  4  7                        ┃
Neumann   conditions detected on substructures: 3  6  9                        ┃
Elapsed time is 0.046164 seconds.                                              ┃
━━━━━━━━━━━━━━━━━━━━━━━━━━━━━━━━━━━━━━━━━━━━━━━━━━━━━━━━━━━━━━━━━━━━━━━━━━━━━━━┛
 
FETI Base Setup━━━━━━━━━━━━━━━━━━━━━━━━━━━━━━━━━━━━━━━━━━━━━━━━━━━━━━━━━━━━━━━━┓
[Warning: Matrix is singular to working precision.] 
[> In <a href="matlab:matlab.internal.language.introspective.errorDocCallback('FETIBaseSolver/SetupBase', '/home/lukas/Desktop/SA_Thesis/FEMAC/solver/FETIBaseSolver.m', 201)" style="font-weight:bold">FETIBaseSolver/SetupBase</a> (<a href="matlab: opentoline('/home/lukas/Desktop/SA_Thesis/FEMAC/solver/FETIBaseSolver.m',201,0)">line 201</a>)
  In <a href="matlab:matlab.internal.language.introspective.errorDocCallback('FETIASSolver/Setup', '/home/lukas/Desktop/SA_Thesis/FEMAC/solver/FETIASSolver.m', 36)" style="font-weight:bold">FETIASSolver/Setup</a> (<a href="matlab: opentoline('/home/lukas/Desktop/SA_Thesis/FEMAC/solver/FETIASSolver.m',36,0)">line 36</a>)
  In <a href="matlab:matlab.internal.language.introspective.errorDocCallback('FETIBaseSolver/InitSolve', '/home/lukas/Desktop/SA_Thesis/FEMAC/solver/FETIBaseSolver.m', 306)" style="font-weight:bold">FETIBaseSolver/InitSolve</a> (<a href="matlab: opentoline('/home/lukas/Desktop/SA_Thesis/FEMAC/solver/FETIBaseSolver.m',306,0)">line 306</a>)
  In <a href="matlab:matlab.internal.language.introspective.errorDocCallback('FETIASSolver/Solve', '/home/lukas/Desktop/SA_Thesis/FEMAC/solver/FETIASSolver.m', 73)" style="font-weight:bold">FETIASSolver/Solve</a> (<a href="matlab: opentoline('/home/lukas/Desktop/SA_Thesis/FEMAC/solver/FETIASSolver.m',73,0)">line 73</a>)
  In <a href="matlab:matlab.internal.language.introspective.errorDocCallback('ProblemBaseMain/Work', '/home/lukas/Desktop/SA_Thesis/FEMAC/prob/ProblemBaseMain.m', 115)" style="font-weight:bold">ProblemBaseMain/Work</a> (<a href="matlab: opentoline('/home/lukas/Desktop/SA_Thesis/FEMAC/prob/ProblemBaseMain.m',115,0)">line 115</a>)
  In <a href="matlab:matlab.internal.language.introspective.errorDocCallback('ProblemFETIMain/Work', '/home/lukas/Desktop/SA_Thesis/FEMAC/prob/ProblemFETIMain.m', 47)" style="font-weight:bold">ProblemFETIMain/Work</a> (<a href="matlab: opentoline('/home/lukas/Desktop/SA_Thesis/FEMAC/prob/ProblemFETIMain.m',47,0)">line 47</a>)
  In <a href="matlab:matlab.internal.language.introspective.errorDocCallback('femac_main', '/home/lukas/Desktop/SA_Thesis/FEMAC/femac_main.m', 47)" style="font-weight:bold">femac_main</a> (<a href="matlab: opentoline('/home/lukas/Desktop/SA_Thesis/FEMAC/femac_main.m',47,0)">line 47</a>)] 
Scaling: kscaling                                                              ┃
Preconditioner: Dirichlet                                                      ┃
FETISSolver.FETISSolver: rigid body modes of substructures: 0  3  3  0  3  3  0  3  3
Elapsed time is 3.3627 seconds.                                                ┃
━━━━━━━━━━━━━━━━━━━━━━━━━━━━━━━━━━━━━━━━━━━━━━━━━━━━━━━━━━━━━━━━━━━━━━━━━━━━━━━┛
 
START FETI-AS SETUP━━━━━━━━━━━━━━━━━━━━━━━━━━━━━━━━━━━━━━━━━━━━━━━━━━━━━━━━━━━━┓
FETISSolver.FETISSolver: rigid body modes of substructures: 0  3  3  0  3  3  0  3  3
A-matrix taken as unity matrix                                                 ┃
Elapsed time is 0.32964 seconds.                                               ┃
━━━━━━━━━━━━━━━━━━━━━━━━━━━━━━━━━━━━━━━━━━━━━━━━━━━━━━━━━━━━━━━━━━━━━━━━━━━━━━━┛
 
INITIALIZE SOLVER━━━━━━━━━━━━━━━━━━━━━━━━━━━━━━━━━━━━━━━━━━━━━━━━━━━━━━━━━━━━━━┓
Using assembled FI operator!                                                   ┃
No Auxiliary Coarse Grid
Coarse Grid C_ IS empty!                                                       ┃
Check: Error of substructure equilibrium: 1.3255e-17                           ┃
Elapsed time is 0.006154 seconds.                                              ┃
━━━━━━━━━━━━━━━━━━━━━━━━━━━━━━━━━━━━━━━━━━━━━━━━━━━━━━━━━━━━━━━━━━━━━━━━━━━━━━━┛
 
Check: r projected into N coarse-space: 6.4243e-17                             ┃
Check: W projected into N coarse-space: 8.3468e-18                             ┃
START FETI-AS ITERATIONS━━━━━━━━━━━━━━━━━━━━━━━━━━━━━━━━━━━━━━━━━━━━━━━━━━━━━━━┓
tau has been determined as:0.0033254 through a contraction factor of 0.999     ┃
Check: Error of substructure equilibrium: 8.9805e-18                           ┃
Check: r projected into N coarse-space: 4.131e-17                              ┃
Check: W projected into N coarse-space: 1.8486e-18                             ┃
current residuum: 0.01056                                                      ┃
Check: Error of substructure equilibrium: 9.2123e-18                           ┃
Check: r projected into N coarse-space: 3.9507e-17                             ┃
Check: W projected into N coarse-space: 2.3473e-19                             ┃
current residuum: 0.0028973                                                    ┃
Check: Error of substructure equilibrium: 8.7845e-18                           ┃
Check: r projected into N coarse-space: 3.9737e-17                             ┃
Check: W projected into N coarse-space: 1.0604e-19                             ┃
current residuum: 0.0011164                                                    ┃
Check: Error of substructure equilibrium: 8.6398e-18                           ┃
Check: r projected into N coarse-space: 3.9795e-17                             ┃
Check: W projected into N coarse-space: 1.2704e-20                             ┃
current residuum: 0.00031885                                                   ┃
Check: Error of substructure equilibrium: 8.9238e-18                           ┃
Check: r projected into N coarse-space: 3.9815e-17                             ┃
Check: W projected into N coarse-space: 7.0196e-21                             ┃
current residuum: 5.4775e-05                                                   ┃
Check: Error of substructure equilibrium: 8.5452e-18                           ┃
Check: r projected into N coarse-space: 3.9806e-17                             ┃
Check: W projected into N coarse-space: 2.2443e-21                             ┃
current residuum: 1.5255e-05                                                   ┃
Check: Error of substructure equilibrium: 9.1147e-18                           ┃
Check: r projected into N coarse-space: 3.9802e-17                             ┃
Check: W projected into N coarse-space: 8.2978e-22                             ┃
current residuum: 8.2676e-06                                                   ┃
Check: Error of substructure equilibrium: 8.3347e-18                           ┃
Check: r projected into N coarse-space: 3.9805e-17                             ┃
Check: W projected into N coarse-space: 1.9763e-22                             ┃
current residuum: 2.0108e-06                                                   ┃
Check: Error of substructure equilibrium: 9.0178e-18                           ┃
Check: r projected into N coarse-space: 3.9805e-17                             ┃
Check: W projected into N coarse-space: 6.7519e-23                             ┃
current residuum: 9.4859e-07                                                   ┃
Residual = 9.4859e-07                                                          ┃
after 9 FETI-AS iterations with 1  1  1  1  1  1  1  1  1 search directions    ┃
Elapsed time is 0.44031 seconds.                                               ┃
━━━━━━━━━━━━━━━━━━━━━━━━━━━━━━━━━━━━━━━━━━━━━━━━━━━━━━━━━━━━━━━━━━━━━━━━━━━━━━━┛
 
RECOVER DOMAIN SOLUTION━━━━━━━━━━━━━━━━━━━━━━━━━━━━━━━━━━━━━━━━━━━━━━━━━━━━━━━━┓
Elapsed time is 0.041999 seconds.                                              ┃
━━━━━━━━━━━━━━━━━━━━━━━━━━━━━━━━━━━━━━━━━━━━━━━━━━━━━━━━━━━━━━━━━━━━━━━━━━━━━━━┛
 
RECOVER DOMAIN SOLUTION━━━━━━━━━━━━━━━━━━━━━━━━━━━━━━━━━━━━━━━━━━━━━━━━━━━━━━━━┓
Elapsed time is 0.042241 seconds.                                              ┃
━━━━━━━━━━━━━━━━━━━━━━━━━━━━━━━━━━━━━━━━━━━━━━━━━━━━━━━━━━━━━━━━━━━━━━━━━━━━━━━┛
 
