━━━━━━━━━━━━━━━━━━━━━━━━━━━━━━━━━━━━━━━━━━━━━━━━━━━━━━━━━━━━━━━━━━━━━━━━━━━━━━━┓
          ______________  ______   ______            ____  ____  ______        ┃
         / ____/ ____/  |/  /   | / ____/           / __ \/ __ \/ ____/        ┃
        / /_  / __/ / /|_/ / /| |/ /      ______   / /_/ / /_/ / __/           ┃
       / __/ / /___/ /  / / ___ / /___   /_____/  / ____/ _, _/ /___           ┃
      /_/   /_____/_/  /_/_/  |_\____/           /_/   /_/ |_/_____/           ┃
  ©Lehrstuhl fuer Angewandte Mechanik - Technische Universitaet Muenchnen      ┃
━━━━━━━━━━━━━━━━━━━━━━━━━━━━━━━━━━━━━━━━━━━━━━━━━━━━━━━━━━━━━━━━━━━━━━━━━━━━━━━┛
 
START MESH READING━━━━━━━━━━━━━━━━━━━━━━━━━━━━━━━━━━━━━━━━━━━━━━━━━━━━━━━━━━━━━┓
2692 nodes created                                                             ┃
5190 stiffness elements created                                                ┃
48 dirichlet elements created                                                  ┃
48 neumann elements created                                                    ┃
wrote mesh to file: ./fetias/output/fetias_incratio-0p9.dis                    ┃
Elapsed time is 12.3978 seconds.                                               ┃
━━━━━━━━━━━━━━━━━━━━━━━━━━━━━━━━━━━━━━━━━━━━━━━━━━━━━━━━━━━━━━━━━━━━━━━━━━━━━━━┛
 
━━━━━━━━━━━━━━━━━━━━━━━━━━━━━━━━━━━━━━━━━━━━━━━━━━━━━━━━━━━━━━━━━━━━━━━━━━━━━━━┓
      ______________  ______   ______            __  ______    _____   __      ┃
     / ____/ ____/  |/  /   | / ____/           /  |/  /   |  /  _/ | / /      ┃
    / /_  / __/ / /|_/ / /| |/ /      ______   / /|_/ / /| |  / //  |/ /       ┃
   / __/ / /___/ /  / / ___ / /___   /_____/  / /  / / ___ |_/ // /|  /        ┃
  /_/   /_____/_/  /_/_/  |_\____/           /_/  /_/_/  |_/___/_/ |_/         ┃
  ©Lehrstuhl fuer Angewandte Mechanik - Technische Universitaet Muenchnen      ┃
━━━━━━━━━━━━━━━━━━━━━━━━━━━━━━━━━━━━━━━━━━━━━━━━━━━━━━━━━━━━━━━━━━━━━━━━━━━━━━━┛
 
START DIS READING━━━━━━━━━━━━━━━━━━━━━━━━━━━━━━━━━━━━━━━━━━━━━━━━━━━━━━━━━━━━━━┓
Elapsed time is 0.44505 seconds.                                               ┃
━━━━━━━━━━━━━━━━━━━━━━━━━━━━━━━━━━━━━━━━━━━━━━━━━━━━━━━━━━━━━━━━━━━━━━━━━━━━━━━┛
 
START RESOLVING CONDITIONS━━━━━━━━━━━━━━━━━━━━━━━━━━━━━━━━━━━━━━━━━━━━━━━━━━━━━┓
resolving dirichlet condition: ID:1 MSHTAG:1                                   ┃
resolving neumann   condition: ID:2 MSHTAG:2                                   ┃
Elapsed time is 2.342 seconds.                                                 ┃
━━━━━━━━━━━━━━━━━━━━━━━━━━━━━━━━━━━━━━━━━━━━━━━━━━━━━━━━━━━━━━━━━━━━━━━━━━━━━━━┛
 
RESOLVE FETI MANAGER━━━━━━━━━━━━━━━━━━━━━━━━━━━━━━━━━━━━━━━━━━━━━━━━━━━━━━━━━━━┓
9 subtructures created                                                         ┃
substructures resolved                                                         ┃
substructures evaluated                                                        ┃
connectivity matrices created                                                  ┃
Elapsed time is 10.9609 seconds.                                               ┃
━━━━━━━━━━━━━━━━━━━━━━━━━━━━━━━━━━━━━━━━━━━━━━━━━━━━━━━━━━━━━━━━━━━━━━━━━━━━━━━┛
 
APPLY KINEMATIC CONDITIONS ON SUBSTRUCTURES━━━━━━━━━━━━━━━━━━━━━━━━━━━━━━━━━━━━┓
Dirichlet conditions detected on substructures: 1  4  7                        ┃
Neumann   conditions detected on substructures: 3  6  9                        ┃
Elapsed time is 0.08403 seconds.                                               ┃
━━━━━━━━━━━━━━━━━━━━━━━━━━━━━━━━━━━━━━━━━━━━━━━━━━━━━━━━━━━━━━━━━━━━━━━━━━━━━━━┛
 
FETI Base Setup━━━━━━━━━━━━━━━━━━━━━━━━━━━━━━━━━━━━━━━━━━━━━━━━━━━━━━━━━━━━━━━━┓
[Warning: Matrix is singular to working precision.] 
[> In <a href="matlab:matlab.internal.language.introspective.errorDocCallback('FETIBaseSolver/SetupBase', '/home/lukas/Desktop/SA_Thesis/FEMAC/solver/FETIBaseSolver.m', 200)" style="font-weight:bold">FETIBaseSolver/SetupBase</a> (<a href="matlab: opentoline('/home/lukas/Desktop/SA_Thesis/FEMAC/solver/FETIBaseSolver.m',200,0)">line 200</a>)
  In <a href="matlab:matlab.internal.language.introspective.errorDocCallback('FETIASSolver/Setup', '/home/lukas/Desktop/SA_Thesis/FEMAC/solver/FETIASSolver.m', 36)" style="font-weight:bold">FETIASSolver/Setup</a> (<a href="matlab: opentoline('/home/lukas/Desktop/SA_Thesis/FEMAC/solver/FETIASSolver.m',36,0)">line 36</a>)
  In <a href="matlab:matlab.internal.language.introspective.errorDocCallback('FETIBaseSolver/InitSolve', '/home/lukas/Desktop/SA_Thesis/FEMAC/solver/FETIBaseSolver.m', 304)" style="font-weight:bold">FETIBaseSolver/InitSolve</a> (<a href="matlab: opentoline('/home/lukas/Desktop/SA_Thesis/FEMAC/solver/FETIBaseSolver.m',304,0)">line 304</a>)
  In <a href="matlab:matlab.internal.language.introspective.errorDocCallback('FETIASSolver/Solve', '/home/lukas/Desktop/SA_Thesis/FEMAC/solver/FETIASSolver.m', 73)" style="font-weight:bold">FETIASSolver/Solve</a> (<a href="matlab: opentoline('/home/lukas/Desktop/SA_Thesis/FEMAC/solver/FETIASSolver.m',73,0)">line 73</a>)
  In <a href="matlab:matlab.internal.language.introspective.errorDocCallback('ProblemBaseMain/Work', '/home/lukas/Desktop/SA_Thesis/FEMAC/prob/ProblemBaseMain.m', 115)" style="font-weight:bold">ProblemBaseMain/Work</a> (<a href="matlab: opentoline('/home/lukas/Desktop/SA_Thesis/FEMAC/prob/ProblemBaseMain.m',115,0)">line 115</a>)
  In <a href="matlab:matlab.internal.language.introspective.errorDocCallback('ProblemFETIMain/Work', '/home/lukas/Desktop/SA_Thesis/FEMAC/prob/ProblemFETIMain.m', 47)" style="font-weight:bold">ProblemFETIMain/Work</a> (<a href="matlab: opentoline('/home/lukas/Desktop/SA_Thesis/FEMAC/prob/ProblemFETIMain.m',47,0)">line 47</a>)
  In <a href="matlab:matlab.internal.language.introspective.errorDocCallback('femac_main', '/home/lukas/Desktop/SA_Thesis/FEMAC/femac_main.m', 47)" style="font-weight:bold">femac_main</a> (<a href="matlab: opentoline('/home/lukas/Desktop/SA_Thesis/FEMAC/femac_main.m',47,0)">line 47</a>)
  In <a href="matlab:matlab.internal.language.introspective.errorDocCallback('Run_dirichlet', '/home/lukas/Desktop/SA_Thesis/studies/2016-08-19_Inclusion/Run_dirichlet.m', 78)" style="font-weight:bold">Run_dirichlet</a> (<a href="matlab: opentoline('/home/lukas/Desktop/SA_Thesis/studies/2016-08-19_Inclusion/Run_dirichlet.m',78,0)">line 78</a>)] 
Scaling: kscaling                                                              ┃
Preconditioner: Dirichlet                                                      ┃
FETISSolver.FETISSolver: rigid body modes of substructures: 0  3  3  0  3  3  0  3  3
Elapsed time is 4.7489 seconds.                                                ┃
━━━━━━━━━━━━━━━━━━━━━━━━━━━━━━━━━━━━━━━━━━━━━━━━━━━━━━━━━━━━━━━━━━━━━━━━━━━━━━━┛
 
START FETI-AS SETUP━━━━━━━━━━━━━━━━━━━━━━━━━━━━━━━━━━━━━━━━━━━━━━━━━━━━━━━━━━━━┓
FETISSolver.FETISSolver: rigid body modes of substructures: 0  3  3  0  3  3  0  3  3
A-matrix taken as unity matrix                                                 ┃
Elapsed time is 0.59925 seconds.                                               ┃
━━━━━━━━━━━━━━━━━━━━━━━━━━━━━━━━━━━━━━━━━━━━━━━━━━━━━━━━━━━━━━━━━━━━━━━━━━━━━━━┛
 
INITIALIZE SOLVER━━━━━━━━━━━━━━━━━━━━━━━━━━━━━━━━━━━━━━━━━━━━━━━━━━━━━━━━━━━━━━┓
Using assembled FI operator!                                                   ┃
No Auxiliary Coarse Grid
Coarse Grid C_ IS empty!                                                       ┃
Check: Error of substructure equilibrium: 2.4354e-17                           ┃
Elapsed time is 0.012387 seconds.                                              ┃
━━━━━━━━━━━━━━━━━━━━━━━━━━━━━━━━━━━━━━━━━━━━━━━━━━━━━━━━━━━━━━━━━━━━━━━━━━━━━━━┛
 
Check: r projected into N coarse-space: 1.2902e-16                             ┃
Check: W projected into N coarse-space: 3.1271e-16                             ┃
START FETI-AS ITERATIONS━━━━━━━━━━━━━━━━━━━━━━━━━━━━━━━━━━━━━━━━━━━━━━━━━━━━━━━┓
Check: Error of substructure equilibrium: 2.4659e-17                           ┃
Check: r projected into N coarse-space: 1.2672e-16                             ┃
Check: W projected into N coarse-space: 3.0006e-16                             ┃
current residuum: 0.26867                                                      ┃
Check: Error of substructure equilibrium: 2.354e-17                            ┃
Check: r projected into N coarse-space: 1.1144e-16                             ┃
Check: W projected into N coarse-space: 4.4337e-16                             ┃
current residuum: 0.12527                                                      ┃
Check: Error of substructure equilibrium: 6.3872e-17                           ┃
Check: r projected into N coarse-space: 9.6184e-17                             ┃
Check: W projected into N coarse-space: 5.4706e-16                             ┃
current residuum: 0.088584                                                     ┃
Check: Error of substructure equilibrium: 8.8264e-17                           ┃
Check: r projected into N coarse-space: 9.3762e-17                             ┃
Check: W projected into N coarse-space: 4.1965e-16                             ┃
current residuum: 0.06381                                                      ┃
Check: Error of substructure equilibrium: 1.1832e-16                           ┃
Check: r projected into N coarse-space: 8.7153e-17                             ┃
Check: W projected into N coarse-space: 7.9381e-17                             ┃
current residuum: 0.026355                                                     ┃
Check: Error of substructure equilibrium: 1.1634e-16                           ┃
Check: r projected into N coarse-space: 8.5359e-17                             ┃
Check: W projected into N coarse-space: 3.179e-17                              ┃
current residuum: 0.01097                                                      ┃
Check: Error of substructure equilibrium: 1.1324e-16                           ┃
Check: r projected into N coarse-space: 8.498e-17                              ┃
Check: W projected into N coarse-space: 7.3437e-18                             ┃
current residuum: 0.0035453                                                    ┃
Check: Error of substructure equilibrium: 1.1479e-16                           ┃
Check: r projected into N coarse-space: 8.4971e-17                             ┃
Check: W projected into N coarse-space: 1.3055e-18                             ┃
current residuum: 0.0007596                                                    ┃
Check: Error of substructure equilibrium: 1.1271e-16                           ┃
Check: r projected into N coarse-space: 8.5001e-17                             ┃
Check: W projected into N coarse-space: 8.1735e-19                             ┃
current residuum: 0.00027743                                                   ┃
Check: Error of substructure equilibrium: 1.1459e-16                           ┃
Check: r projected into N coarse-space: 8.5011e-17                             ┃
Check: W projected into N coarse-space: 5.2174e-20                             ┃
current residuum: 5.5793e-05                                                   ┃
Check: Error of substructure equilibrium: 1.1382e-16                           ┃
Check: r projected into N coarse-space: 8.5011e-17                             ┃
Check: W projected into N coarse-space: 2.8545e-20                             ┃
current residuum: 1.8158e-05                                                   ┃
Check: Error of substructure equilibrium: 1.1826e-16                           ┃
Check: r projected into N coarse-space: 8.5011e-17                             ┃
Check: W projected into N coarse-space: 6.0915e-21                             ┃
current residuum: 3.9225e-06                                                   ┃
Check: Error of substructure equilibrium: 1.1638e-16                           ┃
Check: r projected into N coarse-space: 8.5011e-17                             ┃
Check: W projected into N coarse-space: 1.1031e-21                             ┃
current residuum: 7.6692e-07                                                   ┃
Residual = 7.6692e-07                                                          ┃
after 13 FETI-AS iterations with 10  10  10  10   7   5   4   1   1   1   1   1   1 search directions
Elapsed time is 1.0738 seconds.                                                ┃
━━━━━━━━━━━━━━━━━━━━━━━━━━━━━━━━━━━━━━━━━━━━━━━━━━━━━━━━━━━━━━━━━━━━━━━━━━━━━━━┛
 
RECOVER DOMAIN SOLUTION━━━━━━━━━━━━━━━━━━━━━━━━━━━━━━━━━━━━━━━━━━━━━━━━━━━━━━━━┓
Elapsed time is 0.090899 seconds.                                              ┃
━━━━━━━━━━━━━━━━━━━━━━━━━━━━━━━━━━━━━━━━━━━━━━━━━━━━━━━━━━━━━━━━━━━━━━━━━━━━━━━┛
 
RECOVER DOMAIN SOLUTION━━━━━━━━━━━━━━━━━━━━━━━━━━━━━━━━━━━━━━━━━━━━━━━━━━━━━━━━┓
Elapsed time is 0.071546 seconds.                                              ┃
━━━━━━━━━━━━━━━━━━━━━━━━━━━━━━━━━━━━━━━━━━━━━━━━━━━━━━━━━━━━━━━━━━━━━━━━━━━━━━━┛
 
