━━━━━━━━━━━━━━━━━━━━━━━━━━━━━━━━━━━━━━━━━━━━━━━━━━━━━━━━━━━━━━━━━━━━━━━━━━━━━━━┓
          ______________  ______   ______            ____  ____  ______        ┃
         / ____/ ____/  |/  /   | / ____/           / __ \/ __ \/ ____/        ┃
        / /_  / __/ / /|_/ / /| |/ /      ______   / /_/ / /_/ / __/           ┃
       / __/ / /___/ /  / / ___ / /___   /_____/  / ____/ _, _/ /___           ┃
      /_/   /_____/_/  /_/_/  |_\____/           /_/   /_/ |_/_____/           ┃
  ©Lehrstuhl fuer Angewandte Mechanik - Technische Universitaet Muenchnen      ┃
━━━━━━━━━━━━━━━━━━━━━━━━━━━━━━━━━━━━━━━━━━━━━━━━━━━━━━━━━━━━━━━━━━━━━━━━━━━━━━━┛
 
START MESH READING━━━━━━━━━━━━━━━━━━━━━━━━━━━━━━━━━━━━━━━━━━━━━━━━━━━━━━━━━━━━━┓
5792 nodes created                                                             ┃
11113 stiffness elements created                                               ┃
21 dirichlet elements created                                                  ┃
20 neumann elements created                                                    ┃
wrote mesh to file: ./examples/core/ustripe_tri3/bending_stripe.dis            ┃
Elapsed time is 35.7268 seconds.                                               ┃
━━━━━━━━━━━━━━━━━━━━━━━━━━━━━━━━━━━━━━━━━━━━━━━━━━━━━━━━━━━━━━━━━━━━━━━━━━━━━━━┛
 
━━━━━━━━━━━━━━━━━━━━━━━━━━━━━━━━━━━━━━━━━━━━━━━━━━━━━━━━━━━━━━━━━━━━━━━━━━━━━━━┓
      ______________  ______   ______            __  ______    _____   __      ┃
     / ____/ ____/  |/  /   | / ____/           /  |/  /   |  /  _/ | / /      ┃
    / /_  / __/ / /|_/ / /| |/ /      ______   / /|_/ / /| |  / //  |/ /       ┃
   / __/ / /___/ /  / / ___ / /___   /_____/  / /  / / ___ |_/ // /|  /        ┃
  /_/   /_____/_/  /_/_/  |_\____/           /_/  /_/_/  |_/___/_/ |_/         ┃
  ©Lehrstuhl fuer Angewandte Mechanik - Technische Universitaet Muenchnen      ┃
━━━━━━━━━━━━━━━━━━━━━━━━━━━━━━━━━━━━━━━━━━━━━━━━━━━━━━━━━━━━━━━━━━━━━━━━━━━━━━━┛
 
START DIS READING━━━━━━━━━━━━━━━━━━━━━━━━━━━━━━━━━━━━━━━━━━━━━━━━━━━━━━━━━━━━━━┓
Elapsed time is 1.0693 seconds.                                                ┃
━━━━━━━━━━━━━━━━━━━━━━━━━━━━━━━━━━━━━━━━━━━━━━━━━━━━━━━━━━━━━━━━━━━━━━━━━━━━━━━┛
 
START RESOLVING CONDITIONS━━━━━━━━━━━━━━━━━━━━━━━━━━━━━━━━━━━━━━━━━━━━━━━━━━━━━┓
resolving dirichlet condition: ID:1 MSHTAG:1                                   ┃
resolving dirichlet condition: ID:2 MSHTAG:2                                   ┃
resolving neumann   condition: ID:3 MSHTAG:3                                   ┃
Elapsed time is 7.1764 seconds.                                                ┃
━━━━━━━━━━━━━━━━━━━━━━━━━━━━━━━━━━━━━━━━━━━━━━━━━━━━━━━━━━━━━━━━━━━━━━━━━━━━━━━┛
 
Matrix Assembly━━━━━━━━━━━━━━━━━━━━━━━━━━━━━━━━━━━━━━━━━━━━━━━━━━━━━━━━━━━━━━━━┓
Elapsed time is 16.7279 seconds.                                               ┃
━━━━━━━━━━━━━━━━━━━━━━━━━━━━━━━━━━━━━━━━━━━━━━━━━━━━━━━━━━━━━━━━━━━━━━━━━━━━━━━┛
 
START APPLYING CONDITIONS━━━━━━━━━━━━━━━━━━━━━━━━━━━━━━━━━━━━━━━━━━━━━━━━━━━━━━┓
Elapsed time is 0.05221 seconds.                                               ┃
━━━━━━━━━━━━━━━━━━━━━━━━━━━━━━━━━━━━━━━━━━━━━━━━━━━━━━━━━━━━━━━━━━━━━━━━━━━━━━━┛
 
START SYSTEM SOLVE━━━━━━━━━━━━━━━━━━━━━━━━━━━━━━━━━━━━━━━━━━━━━━━━━━━━━━━━━━━━━┓
using standard solver                                                          ┃
Elapsed time is 0.12706 seconds.                                               ┃
━━━━━━━━━━━━━━━━━━━━━━━━━━━━━━━━━━━━━━━━━━━━━━━━━━━━━━━━━━━━━━━━━━━━━━━━━━━━━━━┛
 
━━━━━━━━━━━━━━━━━━━━━━━━━━━━━━━━━━━━━━━━━━━━━━━━━━━━━━━━━━━━━━━━━━━━━━━━━━━━━━━┓
       ______________  ______   ______            ____  ____  ___________      ┃
      / ____/ ____/  |/  /   | / ____/           / __ \/ __ \/ ___/_  __/      ┃
     / /_  / __/ / /|_/ / /| |/ /      ______   / /_/ / / / /\__ \ / /         ┃
    / __/ / /___/ /  / / ___ / /___   /_____/  / ____/ /_/ /___/ // /          ┃
   /_/   /_____/_/  /_/_/  |_\____/           /_/    \____//____//_/           ┃
  ©Lehrstuhl fuer Angewandte Mechanik - Technische Universitaet Muenchnen      ┃
━━━━━━━━━━━━━━━━━━━━━━━━━━━━━━━━━━━━━━━━━━━━━━━━━━━━━━━━━━━━━━━━━━━━━━━━━━━━━━━┛
 
START DIS READING━━━━━━━━━━━━━━━━━━━━━━━━━━━━━━━━━━━━━━━━━━━━━━━━━━━━━━━━━━━━━━┓
Elapsed time is 1.3737 seconds.                                                ┃
━━━━━━━━━━━━━━━━━━━━━━━━━━━━━━━━━━━━━━━━━━━━━━━━━━━━━━━━━━━━━━━━━━━━━━━━━━━━━━━┛
 
START POSTPROCESSING━━━━━━━━━━━━━━━━━━━━━━━━━━━━━━━━━━━━━━━━━━━━━━━━━━━━━━━━━━━┓
{Operation terminated by user during <a href="matlab:matlab.internal.language.introspective.errorDocCallback('EleTri3/ComputeEleStresses', '/home/lukas/Desktop/SA_Thesis/FEMAC/ele/EleTri3.m', 104)" style="font-weight:bold">EleTri3/ComputeEleStresses</a>
(<a href="matlab: opentoline('/home/lukas/Desktop/SA_Thesis/FEMAC/ele/EleTri3.m',104,0)">line 104</a>)

In <a href="matlab:matlab.internal.language.introspective.errorDocCallback('Discretization/ComputeEleStresses', '/home/lukas/Desktop/SA_Thesis/FEMAC/fe_core/Discretization.m', 268)" style="font-weight:bold">Discretization/ComputeEleStresses</a> (<a href="matlab: opentoline('/home/lukas/Desktop/SA_Thesis/FEMAC/fe_core/Discretization.m',268,0)">line 268</a>)
            fulltensors=[fulltensors;iter{:}.ComputeEleStresses(uele)'];%TODO
            bring it to Vtk format now
In <a href="matlab:matlab.internal.language.introspective.errorDocCallback('PostProcessor/Process', '/home/lukas/Desktop/SA_Thesis/FEMAC/post/PostProcessor.m', 33)" style="font-weight:bold">PostProcessor/Process</a> (<a href="matlab: opentoline('/home/lukas/Desktop/SA_Thesis/FEMAC/post/PostProcessor.m',33,0)">line 33</a>)
        this.dis_.ComputeEleStresses(sol);
In <a href="matlab:matlab.internal.language.introspective.errorDocCallback('ProblemBasePost/Work', '/home/lukas/Desktop/SA_Thesis/FEMAC/prob/ProblemBasePost.m', 117)" style="font-weight:bold">ProblemBasePost/Work</a> (<a href="matlab: opentoline('/home/lukas/Desktop/SA_Thesis/FEMAC/prob/ProblemBasePost.m',117,0)">line 117</a>)
      this.postproc_.Process(sol);
In <a href="matlab:matlab.internal.language.introspective.errorDocCallback('femac_post', '/home/lukas/Desktop/SA_Thesis/FEMAC/femac_post.m', 46)" style="font-weight:bold">femac_post</a> (<a href="matlab: opentoline('/home/lukas/Desktop/SA_Thesis/FEMAC/femac_post.m',46,0)">line 46</a>)
  prob.Work();
In <a href="matlab:matlab.internal.language.introspective.errorDocCallback('femac', '/home/lukas/Desktop/SA_Thesis/FEMAC/femac.m', 31)" style="font-weight:bold">femac</a> (<a href="matlab: opentoline('/home/lukas/Desktop/SA_Thesis/FEMAC/femac.m',31,0)">line 31</a>)
  prob.post=femac_post(datpath);} 
femac('./examples/feti/manual_partitioner/manual_partitioner.dat');
femacdir = 
    '/home/lukas/Desktop/SA_Thesis/FEMAC/'    ''
femacdir =
/home/lukas/Desktop/SA_Thesis/FEMAC/
datpath =
./examples/feti/manual_partitioner/manual_partitioner.dat
