━━━━━━━━━━━━━━━━━━━━━━━━━━━━━━━━━━━━━━━━━━━━━━━━━━━━━━━━━━━━━━━━━━━━━━━━━━━━━━━┓
          ______________  ______   ______            ____  ____  ______        ┃
         / ____/ ____/  |/  /   | / ____/           / __ \/ __ \/ ____/        ┃
        / /_  / __/ / /|_/ / /| |/ /      ______   / /_/ / /_/ / __/           ┃
       / __/ / /___/ /  / / ___ / /___   /_____/  / ____/ _, _/ /___           ┃
      /_/   /_____/_/  /_/_/  |_\____/           /_/   /_/ |_/_____/           ┃
  ©Lehrstuhl fuer Angewandte Mechanik - Technische Universitaet Muenchnen      ┃
━━━━━━━━━━━━━━━━━━━━━━━━━━━━━━━━━━━━━━━━━━━━━━━━━━━━━━━━━━━━━━━━━━━━━━━━━━━━━━━┛
 
START MESH READING━━━━━━━━━━━━━━━━━━━━━━━━━━━━━━━━━━━━━━━━━━━━━━━━━━━━━━━━━━━━━┓
814 nodes created                                                              ┃
1530 stiffness elements created                                                ┃
25 dirichlet elements created                                                  ┃
24 neumann elements created                                                    ┃
wrote mesh to file: ./taudevelopment/output/chaco_fetis.dis                    ┃
Elapsed time is 3.6036 seconds.                                                ┃
━━━━━━━━━━━━━━━━━━━━━━━━━━━━━━━━━━━━━━━━━━━━━━━━━━━━━━━━━━━━━━━━━━━━━━━━━━━━━━━┛
 
━━━━━━━━━━━━━━━━━━━━━━━━━━━━━━━━━━━━━━━━━━━━━━━━━━━━━━━━━━━━━━━━━━━━━━━━━━━━━━━┓
      ______________  ______   ______            __  ______    _____   __      ┃
     / ____/ ____/  |/  /   | / ____/           /  |/  /   |  /  _/ | / /      ┃
    / /_  / __/ / /|_/ / /| |/ /      ______   / /|_/ / /| |  / //  |/ /       ┃
   / __/ / /___/ /  / / ___ / /___   /_____/  / /  / / ___ |_/ // /|  /        ┃
  /_/   /_____/_/  /_/_/  |_\____/           /_/  /_/_/  |_/___/_/ |_/         ┃
  ©Lehrstuhl fuer Angewandte Mechanik - Technische Universitaet Muenchnen      ┃
━━━━━━━━━━━━━━━━━━━━━━━━━━━━━━━━━━━━━━━━━━━━━━━━━━━━━━━━━━━━━━━━━━━━━━━━━━━━━━━┛
 
START DIS READING━━━━━━━━━━━━━━━━━━━━━━━━━━━━━━━━━━━━━━━━━━━━━━━━━━━━━━━━━━━━━━┓
Elapsed time is 0.13383 seconds.                                               ┃
━━━━━━━━━━━━━━━━━━━━━━━━━━━━━━━━━━━━━━━━━━━━━━━━━━━━━━━━━━━━━━━━━━━━━━━━━━━━━━━┛
 
START RESOLVING CONDITIONS━━━━━━━━━━━━━━━━━━━━━━━━━━━━━━━━━━━━━━━━━━━━━━━━━━━━━┓
resolving dirichlet condition: ID:1 MSHTAG:1                                   ┃
resolving dirichlet condition: ID:2 MSHTAG:2                                   ┃
resolving neumann   condition: ID:3 MSHTAG:3                                   ┃
Elapsed time is 0.74089 seconds.                                               ┃
━━━━━━━━━━━━━━━━━━━━━━━━━━━━━━━━━━━━━━━━━━━━━━━━━━━━━━━━━━━━━━━━━━━━━━━━━━━━━━━┛
 
RESOLVE FETI MANAGER━━━━━━━━━━━━━━━━━━━━━━━━━━━━━━━━━━━━━━━━━━━━━━━━━━━━━━━━━━━┓
36 subtructures created                                                        ┃
substructures resolved                                                         ┃
substructures evaluated                                                        ┃
connectivity matrices created                                                  ┃
Elapsed time is 6.4325 seconds.                                                ┃
━━━━━━━━━━━━━━━━━━━━━━━━━━━━━━━━━━━━━━━━━━━━━━━━━━━━━━━━━━━━━━━━━━━━━━━━━━━━━━━┛
 
APPLY KINEMATIC CONDITIONS ON SUBSTRUCTURES━━━━━━━━━━━━━━━━━━━━━━━━━━━━━━━━━━━━┓
Dirichlet conditions detected on substructures: 1   2   3   4   5   6   7   8   9  10  11  12  13  14  15  16  17  18  19  20  21  22  23  24  25  26  27  28  29  30  31  32  33  34  35  36
Neumann   conditions detected on substructures: 25  27  31  35  36             ┃
Elapsed time is 0.065669 seconds.                                              ┃
━━━━━━━━━━━━━━━━━━━━━━━━━━━━━━━━━━━━━━━━━━━━━━━━━━━━━━━━━━━━━━━━━━━━━━━━━━━━━━━┛
 
FETI Base Setup━━━━━━━━━━━━━━━━━━━━━━━━━━━━━━━━━━━━━━━━━━━━━━━━━━━━━━━━━━━━━━━━┓
Preconditioner: Lumped                                                         ┃
FETISSolver.FETISSolver: rigid body modes of substructures: 3  3  3  3  3  3  0  0  3  3  3  3  0  0  0  3  3  3  3  3  3  3  3  3  3  3  3  3  3  3  3  3  3  3  3  3
Elapsed time is 0.52966 seconds.                                               ┃
━━━━━━━━━━━━━━━━━━━━━━━━━━━━━━━━━━━━━━━━━━━━━━━━━━━━━━━━━━━━━━━━━━━━━━━━━━━━━━━┛
 
START FETI-AS SETUP━━━━━━━━━━━━━━━━━━━━━━━━━━━━━━━━━━━━━━━━━━━━━━━━━━━━━━━━━━━━┓
FETISSolver.FETISSolver: rigid body modes of substructures: 3  3  3  3  3  3  0  0  3  3  3  3  0  0  0  3  3  3  3  3  3  3  3  3  3  3  3  3  3  3  3  3  3  3  3  3
A-matrix taken as unity matrix                                                 ┃
Elapsed time is 0.41825 seconds.                                               ┃
━━━━━━━━━━━━━━━━━━━━━━━━━━━━━━━━━━━━━━━━━━━━━━━━━━━━━━━━━━━━━━━━━━━━━━━━━━━━━━━┛
 
INITIALIZE SOLVER━━━━━━━━━━━━━━━━━━━━━━━━━━━━━━━━━━━━━━━━━━━━━━━━━━━━━━━━━━━━━━┓
Using assembled FI operator!                                                   ┃
No Auxiliary Coarse Grid
Coarse Grid C_ IS empty!                                                       ┃
Check: Error of substructure equilibrium: 3.2796e-16                           ┃
Elapsed time is 0.048633 seconds.                                              ┃
━━━━━━━━━━━━━━━━━━━━━━━━━━━━━━━━━━━━━━━━━━━━━━━━━━━━━━━━━━━━━━━━━━━━━━━━━━━━━━━┛
 
Check: r projected into N coarse-space: 1.8835e-15                             ┃
Check: W projected into N coarse-space: 4.588e-13                              ┃
START FETI-AS ITERATIONS━━━━━━━━━━━━━━━━━━━━━━━━━━━━━━━━━━━━━━━━━━━━━━━━━━━━━━━┓
Check: Error of substructure equilibrium: 3.2151e-16                           ┃
Check: r projected into N coarse-space: 1.4614e-15                             ┃
Check: W projected into N coarse-space: 4.951e-13                              ┃
current residuum: 14.6115                                                      ┃
Check: Error of substructure equilibrium: 2.6178e-16                           ┃
Check: r projected into N coarse-space: 8.3454e-16                             ┃
Check: W projected into N coarse-space: 6.8469e-13                             ┃
current residuum: 7.558                                                        ┃
Check: Error of substructure equilibrium: 2.3216e-16                           ┃
Check: r projected into N coarse-space: 5.5207e-16                             ┃
Check: W projected into N coarse-space: 3.3636e-13                             ┃
current residuum: 3.8114                                                       ┃
Check: Error of substructure equilibrium: 3.0955e-16                           ┃
Check: r projected into N coarse-space: 5.0825e-16                             ┃
Check: W projected into N coarse-space: 3.6632e-13                             ┃
current residuum: 1.9104                                                       ┃
Check: Error of substructure equilibrium: 3.8735e-16                           ┃
Check: r projected into N coarse-space: 4.995e-16                              ┃
Check: W projected into N coarse-space: 3.0124e-13                             ┃
current residuum: 0.82893                                                      ┃
Check: Error of substructure equilibrium: 5.2167e-16                           ┃
Check: r projected into N coarse-space: 4.9891e-16                             ┃
Check: W projected into N coarse-space: 2.3176e-13                             ┃
current residuum: 0.26163                                                      ┃
Check: Error of substructure equilibrium: 1.0727e-15                           ┃
Check: r projected into N coarse-space: 4.9928e-16                             ┃
Check: W projected into N coarse-space: 1.3386e-13                             ┃
current residuum: 0.11174                                                      ┃
Check: Error of substructure equilibrium: 1.4117e-15                           ┃
Check: r projected into N coarse-space: 4.9952e-16                             ┃
Check: W projected into N coarse-space: 2.3558e-13                             ┃
current residuum: 0.046784                                                     ┃
Check: Error of substructure equilibrium: 1.7108e-15                           ┃
Check: r projected into N coarse-space: 4.9934e-16                             ┃
Check: W projected into N coarse-space: 4.8825e-14                             ┃
current residuum: 0.019891                                                     ┃
Check: Error of substructure equilibrium: 2.392e-15                            ┃
Check: r projected into N coarse-space: 4.9938e-16                             ┃
Check: W projected into N coarse-space: 4.0584e-14                             ┃
current residuum: 0.0083897                                                    ┃
Check: Error of substructure equilibrium: 2.3264e-15                           ┃
Check: r projected into N coarse-space: 4.994e-16                              ┃
Check: W projected into N coarse-space: 3.3207e-15                             ┃
current residuum: 0.0012358                                                    ┃
Check: Error of substructure equilibrium: 2.3085e-15                           ┃
Check: r projected into N coarse-space: 4.9938e-16                             ┃
Check: W projected into N coarse-space: 4.3442e-16                             ┃
current residuum: 0.00021344                                                   ┃
Check: Error of substructure equilibrium: 2.3022e-15                           ┃
Check: r projected into N coarse-space: 4.9938e-16                             ┃
Check: W projected into N coarse-space: 4.3236e-17                             ┃
current residuum: 3.6727e-05                                                   ┃
Check: Error of substructure equilibrium: 2.3052e-15                           ┃
Check: r projected into N coarse-space: 4.9938e-16                             ┃
Check: W projected into N coarse-space: 3.2923e-17                             ┃
current residuum: 3.1748e-06                                                   ┃
Residual = 3.1748e-06                                                          ┃
after 14 FETI-AS iterations with 37  37  37  37  37  37  37  37  37  37  37  37  37  37 search directions
Elapsed time is 2.7941 seconds.                                                ┃
━━━━━━━━━━━━━━━━━━━━━━━━━━━━━━━━━━━━━━━━━━━━━━━━━━━━━━━━━━━━━━━━━━━━━━━━━━━━━━━┛
 
RECOVER DOMAIN SOLUTION━━━━━━━━━━━━━━━━━━━━━━━━━━━━━━━━━━━━━━━━━━━━━━━━━━━━━━━━┓
Elapsed time is 0.02633 seconds.                                               ┃
━━━━━━━━━━━━━━━━━━━━━━━━━━━━━━━━━━━━━━━━━━━━━━━━━━━━━━━━━━━━━━━━━━━━━━━━━━━━━━━┛
 
RECOVER DOMAIN SOLUTION━━━━━━━━━━━━━━━━━━━━━━━━━━━━━━━━━━━━━━━━━━━━━━━━━━━━━━━━┓
Elapsed time is 0.038286 seconds.                                              ┃
━━━━━━━━━━━━━━━━━━━━━━━━━━━━━━━━━━━━━━━━━━━━━━━━━━━━━━━━━━━━━━━━━━━━━━━━━━━━━━━┛
 
━━━━━━━━━━━━━━━━━━━━━━━━━━━━━━━━━━━━━━━━━━━━━━━━━━━━━━━━━━━━━━━━━━━━━━━━━━━━━━━┓
       ______________  ______   ______            ____  ____  ___________      ┃
      / ____/ ____/  |/  /   | / ____/           / __ \/ __ \/ ___/_  __/      ┃
     / /_  / __/ / /|_/ / /| |/ /      ______   / /_/ / / / /\__ \ / /         ┃
    / __/ / /___/ /  / / ___ / /___   /_____/  / ____/ /_/ /___/ // /          ┃
   /_/   /_____/_/  /_/_/  |_\____/           /_/    \____//____//_/           ┃
  ©Lehrstuhl fuer Angewandte Mechanik - Technische Universitaet Muenchnen      ┃
━━━━━━━━━━━━━━━━━━━━━━━━━━━━━━━━━━━━━━━━━━━━━━━━━━━━━━━━━━━━━━━━━━━━━━━━━━━━━━━┛
 
START POSTPROCESSING━━━━━━━━━━━━━━━━━━━━━━━━━━━━━━━━━━━━━━━━━━━━━━━━━━━━━━━━━━━┓
element stresses processed                                                     ┃
Elapsed time is 0.015729 seconds.                                              ┃
━━━━━━━━━━━━━━━━━━━━━━━━━━━━━━━━━━━━━━━━━━━━━━━━━━━━━━━━━━━━━━━━━━━━━━━━━━━━━━━┛
 
START POSTPROCESSING━━━━━━━━━━━━━━━━━━━━━━━━━━━━━━━━━━━━━━━━━━━━━━━━━━━━━━━━━━━┓
element stresses processed                                                     ┃
Elapsed time is 0.015832 seconds.                                              ┃
━━━━━━━━━━━━━━━━━━━━━━━━━━━━━━━━━━━━━━━━━━━━━━━━━━━━━━━━━━━━━━━━━━━━━━━━━━━━━━━┛
 
START POSTPROCESSING━━━━━━━━━━━━━━━━━━━━━━━━━━━━━━━━━━━━━━━━━━━━━━━━━━━━━━━━━━━┓
element stresses processed                                                     ┃
Elapsed time is 0.019721 seconds.                                              ┃
━━━━━━━━━━━━━━━━━━━━━━━━━━━━━━━━━━━━━━━━━━━━━━━━━━━━━━━━━━━━━━━━━━━━━━━━━━━━━━━┛
 
START POSTPROCESSING━━━━━━━━━━━━━━━━━━━━━━━━━━━━━━━━━━━━━━━━━━━━━━━━━━━━━━━━━━━┓
element stresses processed                                                     ┃
Elapsed time is 0.017129 seconds.                                              ┃
━━━━━━━━━━━━━━━━━━━━━━━━━━━━━━━━━━━━━━━━━━━━━━━━━━━━━━━━━━━━━━━━━━━━━━━━━━━━━━━┛
 
START POSTPROCESSING━━━━━━━━━━━━━━━━━━━━━━━━━━━━━━━━━━━━━━━━━━━━━━━━━━━━━━━━━━━┓
element stresses processed                                                     ┃
Elapsed time is 0.022496 seconds.                                              ┃
━━━━━━━━━━━━━━━━━━━━━━━━━━━━━━━━━━━━━━━━━━━━━━━━━━━━━━━━━━━━━━━━━━━━━━━━━━━━━━━┛
 
START POSTPROCESSING━━━━━━━━━━━━━━━━━━━━━━━━━━━━━━━━━━━━━━━━━━━━━━━━━━━━━━━━━━━┓
element stresses processed                                                     ┃
Elapsed time is 0.018752 seconds.                                              ┃
━━━━━━━━━━━━━━━━━━━━━━━━━━━━━━━━━━━━━━━━━━━━━━━━━━━━━━━━━━━━━━━━━━━━━━━━━━━━━━━┛
 
START POSTPROCESSING━━━━━━━━━━━━━━━━━━━━━━━━━━━━━━━━━━━━━━━━━━━━━━━━━━━━━━━━━━━┓
element stresses processed                                                     ┃
Elapsed time is 0.021392 seconds.                                              ┃
━━━━━━━━━━━━━━━━━━━━━━━━━━━━━━━━━━━━━━━━━━━━━━━━━━━━━━━━━━━━━━━━━━━━━━━━━━━━━━━┛
 
START POSTPROCESSING━━━━━━━━━━━━━━━━━━━━━━━━━━━━━━━━━━━━━━━━━━━━━━━━━━━━━━━━━━━┓
element stresses processed                                                     ┃
Elapsed time is 0.020285 seconds.                                              ┃
━━━━━━━━━━━━━━━━━━━━━━━━━━━━━━━━━━━━━━━━━━━━━━━━━━━━━━━━━━━━━━━━━━━━━━━━━━━━━━━┛
 
START POSTPROCESSING━━━━━━━━━━━━━━━━━━━━━━━━━━━━━━━━━━━━━━━━━━━━━━━━━━━━━━━━━━━┓
element stresses processed                                                     ┃
Elapsed time is 0.021885 seconds.                                              ┃
━━━━━━━━━━━━━━━━━━━━━━━━━━━━━━━━━━━━━━━━━━━━━━━━━━━━━━━━━━━━━━━━━━━━━━━━━━━━━━━┛
 
START POSTPROCESSING━━━━━━━━━━━━━━━━━━━━━━━━━━━━━━━━━━━━━━━━━━━━━━━━━━━━━━━━━━━┓
element stresses processed                                                     ┃
Elapsed time is 0.024411 seconds.                                              ┃
━━━━━━━━━━━━━━━━━━━━━━━━━━━━━━━━━━━━━━━━━━━━━━━━━━━━━━━━━━━━━━━━━━━━━━━━━━━━━━━┛
 
START POSTPROCESSING━━━━━━━━━━━━━━━━━━━━━━━━━━━━━━━━━━━━━━━━━━━━━━━━━━━━━━━━━━━┓
element stresses processed                                                     ┃
Elapsed time is 0.027458 seconds.                                              ┃
━━━━━━━━━━━━━━━━━━━━━━━━━━━━━━━━━━━━━━━━━━━━━━━━━━━━━━━━━━━━━━━━━━━━━━━━━━━━━━━┛
 
START POSTPROCESSING━━━━━━━━━━━━━━━━━━━━━━━━━━━━━━━━━━━━━━━━━━━━━━━━━━━━━━━━━━━┓
element stresses processed                                                     ┃
Elapsed time is 0.022224 seconds.                                              ┃
━━━━━━━━━━━━━━━━━━━━━━━━━━━━━━━━━━━━━━━━━━━━━━━━━━━━━━━━━━━━━━━━━━━━━━━━━━━━━━━┛
 
START POSTPROCESSING━━━━━━━━━━━━━━━━━━━━━━━━━━━━━━━━━━━━━━━━━━━━━━━━━━━━━━━━━━━┓
element stresses processed                                                     ┃
Elapsed time is 0.028193 seconds.                                              ┃
━━━━━━━━━━━━━━━━━━━━━━━━━━━━━━━━━━━━━━━━━━━━━━━━━━━━━━━━━━━━━━━━━━━━━━━━━━━━━━━┛
 
START POSTPROCESSING━━━━━━━━━━━━━━━━━━━━━━━━━━━━━━━━━━━━━━━━━━━━━━━━━━━━━━━━━━━┓
element stresses processed                                                     ┃
Elapsed time is 0.022329 seconds.                                              ┃
━━━━━━━━━━━━━━━━━━━━━━━━━━━━━━━━━━━━━━━━━━━━━━━━━━━━━━━━━━━━━━━━━━━━━━━━━━━━━━━┛
 
START POSTPROCESSING━━━━━━━━━━━━━━━━━━━━━━━━━━━━━━━━━━━━━━━━━━━━━━━━━━━━━━━━━━━┓
element stresses processed                                                     ┃
Elapsed time is 0.032561 seconds.                                              ┃
━━━━━━━━━━━━━━━━━━━━━━━━━━━━━━━━━━━━━━━━━━━━━━━━━━━━━━━━━━━━━━━━━━━━━━━━━━━━━━━┛
 
START POSTPROCESSING━━━━━━━━━━━━━━━━━━━━━━━━━━━━━━━━━━━━━━━━━━━━━━━━━━━━━━━━━━━┓
element stresses processed                                                     ┃
Elapsed time is 0.0239 seconds.                                                ┃
━━━━━━━━━━━━━━━━━━━━━━━━━━━━━━━━━━━━━━━━━━━━━━━━━━━━━━━━━━━━━━━━━━━━━━━━━━━━━━━┛
 
START POSTPROCESSING━━━━━━━━━━━━━━━━━━━━━━━━━━━━━━━━━━━━━━━━━━━━━━━━━━━━━━━━━━━┓
element stresses processed                                                     ┃
Elapsed time is 0.029241 seconds.                                              ┃
━━━━━━━━━━━━━━━━━━━━━━━━━━━━━━━━━━━━━━━━━━━━━━━━━━━━━━━━━━━━━━━━━━━━━━━━━━━━━━━┛
 
START POSTPROCESSING━━━━━━━━━━━━━━━━━━━━━━━━━━━━━━━━━━━━━━━━━━━━━━━━━━━━━━━━━━━┓
element stresses processed                                                     ┃
Elapsed time is 0.022813 seconds.                                              ┃
━━━━━━━━━━━━━━━━━━━━━━━━━━━━━━━━━━━━━━━━━━━━━━━━━━━━━━━━━━━━━━━━━━━━━━━━━━━━━━━┛
 
START POSTPROCESSING━━━━━━━━━━━━━━━━━━━━━━━━━━━━━━━━━━━━━━━━━━━━━━━━━━━━━━━━━━━┓
element stresses processed                                                     ┃
Elapsed time is 0.025945 seconds.                                              ┃
━━━━━━━━━━━━━━━━━━━━━━━━━━━━━━━━━━━━━━━━━━━━━━━━━━━━━━━━━━━━━━━━━━━━━━━━━━━━━━━┛
 
START POSTPROCESSING━━━━━━━━━━━━━━━━━━━━━━━━━━━━━━━━━━━━━━━━━━━━━━━━━━━━━━━━━━━┓
element stresses processed                                                     ┃
Elapsed time is 0.024446 seconds.                                              ┃
━━━━━━━━━━━━━━━━━━━━━━━━━━━━━━━━━━━━━━━━━━━━━━━━━━━━━━━━━━━━━━━━━━━━━━━━━━━━━━━┛
 
START POSTPROCESSING━━━━━━━━━━━━━━━━━━━━━━━━━━━━━━━━━━━━━━━━━━━━━━━━━━━━━━━━━━━┓
element stresses processed                                                     ┃
Elapsed time is 0.027212 seconds.                                              ┃
━━━━━━━━━━━━━━━━━━━━━━━━━━━━━━━━━━━━━━━━━━━━━━━━━━━━━━━━━━━━━━━━━━━━━━━━━━━━━━━┛
 
START POSTPROCESSING━━━━━━━━━━━━━━━━━━━━━━━━━━━━━━━━━━━━━━━━━━━━━━━━━━━━━━━━━━━┓
element stresses processed                                                     ┃
Elapsed time is 0.022916 seconds.                                              ┃
━━━━━━━━━━━━━━━━━━━━━━━━━━━━━━━━━━━━━━━━━━━━━━━━━━━━━━━━━━━━━━━━━━━━━━━━━━━━━━━┛
 
START POSTPROCESSING━━━━━━━━━━━━━━━━━━━━━━━━━━━━━━━━━━━━━━━━━━━━━━━━━━━━━━━━━━━┓
element stresses processed                                                     ┃
Elapsed time is 0.032208 seconds.                                              ┃
━━━━━━━━━━━━━━━━━━━━━━━━━━━━━━━━━━━━━━━━━━━━━━━━━━━━━━━━━━━━━━━━━━━━━━━━━━━━━━━┛
 
START POSTPROCESSING━━━━━━━━━━━━━━━━━━━━━━━━━━━━━━━━━━━━━━━━━━━━━━━━━━━━━━━━━━━┓
element stresses processed                                                     ┃
Elapsed time is 0.029151 seconds.                                              ┃
━━━━━━━━━━━━━━━━━━━━━━━━━━━━━━━━━━━━━━━━━━━━━━━━━━━━━━━━━━━━━━━━━━━━━━━━━━━━━━━┛
 
START POSTPROCESSING━━━━━━━━━━━━━━━━━━━━━━━━━━━━━━━━━━━━━━━━━━━━━━━━━━━━━━━━━━━┓
element stresses processed                                                     ┃
Elapsed time is 0.025913 seconds.                                              ┃
━━━━━━━━━━━━━━━━━━━━━━━━━━━━━━━━━━━━━━━━━━━━━━━━━━━━━━━━━━━━━━━━━━━━━━━━━━━━━━━┛
 
START POSTPROCESSING━━━━━━━━━━━━━━━━━━━━━━━━━━━━━━━━━━━━━━━━━━━━━━━━━━━━━━━━━━━┓
element stresses processed                                                     ┃
Elapsed time is 0.028213 seconds.                                              ┃
━━━━━━━━━━━━━━━━━━━━━━━━━━━━━━━━━━━━━━━━━━━━━━━━━━━━━━━━━━━━━━━━━━━━━━━━━━━━━━━┛
 
START POSTPROCESSING━━━━━━━━━━━━━━━━━━━━━━━━━━━━━━━━━━━━━━━━━━━━━━━━━━━━━━━━━━━┓
element stresses processed                                                     ┃
Elapsed time is 0.027547 seconds.                                              ┃
━━━━━━━━━━━━━━━━━━━━━━━━━━━━━━━━━━━━━━━━━━━━━━━━━━━━━━━━━━━━━━━━━━━━━━━━━━━━━━━┛
 
START POSTPROCESSING━━━━━━━━━━━━━━━━━━━━━━━━━━━━━━━━━━━━━━━━━━━━━━━━━━━━━━━━━━━┓
element stresses processed                                                     ┃
Elapsed time is 0.030677 seconds.                                              ┃
━━━━━━━━━━━━━━━━━━━━━━━━━━━━━━━━━━━━━━━━━━━━━━━━━━━━━━━━━━━━━━━━━━━━━━━━━━━━━━━┛
 
START POSTPROCESSING━━━━━━━━━━━━━━━━━━━━━━━━━━━━━━━━━━━━━━━━━━━━━━━━━━━━━━━━━━━┓
element stresses processed                                                     ┃
Elapsed time is 0.021446 seconds.                                              ┃
━━━━━━━━━━━━━━━━━━━━━━━━━━━━━━━━━━━━━━━━━━━━━━━━━━━━━━━━━━━━━━━━━━━━━━━━━━━━━━━┛
 
START POSTPROCESSING━━━━━━━━━━━━━━━━━━━━━━━━━━━━━━━━━━━━━━━━━━━━━━━━━━━━━━━━━━━┓
element stresses processed                                                     ┃
Elapsed time is 0.033493 seconds.                                              ┃
━━━━━━━━━━━━━━━━━━━━━━━━━━━━━━━━━━━━━━━━━━━━━━━━━━━━━━━━━━━━━━━━━━━━━━━━━━━━━━━┛
 
START POSTPROCESSING━━━━━━━━━━━━━━━━━━━━━━━━━━━━━━━━━━━━━━━━━━━━━━━━━━━━━━━━━━━┓
element stresses processed                                                     ┃
Elapsed time is 0.030534 seconds.                                              ┃
━━━━━━━━━━━━━━━━━━━━━━━━━━━━━━━━━━━━━━━━━━━━━━━━━━━━━━━━━━━━━━━━━━━━━━━━━━━━━━━┛
 
START POSTPROCESSING━━━━━━━━━━━━━━━━━━━━━━━━━━━━━━━━━━━━━━━━━━━━━━━━━━━━━━━━━━━┓
element stresses processed                                                     ┃
Elapsed time is 0.033191 seconds.                                              ┃
━━━━━━━━━━━━━━━━━━━━━━━━━━━━━━━━━━━━━━━━━━━━━━━━━━━━━━━━━━━━━━━━━━━━━━━━━━━━━━━┛
 
START POSTPROCESSING━━━━━━━━━━━━━━━━━━━━━━━━━━━━━━━━━━━━━━━━━━━━━━━━━━━━━━━━━━━┓
element stresses processed                                                     ┃
Elapsed time is 0.024366 seconds.                                              ┃
━━━━━━━━━━━━━━━━━━━━━━━━━━━━━━━━━━━━━━━━━━━━━━━━━━━━━━━━━━━━━━━━━━━━━━━━━━━━━━━┛
 
START POSTPROCESSING━━━━━━━━━━━━━━━━━━━━━━━━━━━━━━━━━━━━━━━━━━━━━━━━━━━━━━━━━━━┓
element stresses processed                                                     ┃
Elapsed time is 0.029867 seconds.                                              ┃
━━━━━━━━━━━━━━━━━━━━━━━━━━━━━━━━━━━━━━━━━━━━━━━━━━━━━━━━━━━━━━━━━━━━━━━━━━━━━━━┛
 
START POSTPROCESSING━━━━━━━━━━━━━━━━━━━━━━━━━━━━━━━━━━━━━━━━━━━━━━━━━━━━━━━━━━━┓
element stresses processed                                                     ┃
Elapsed time is 0.029115 seconds.                                              ┃
━━━━━━━━━━━━━━━━━━━━━━━━━━━━━━━━━━━━━━━━━━━━━━━━━━━━━━━━━━━━━━━━━━━━━━━━━━━━━━━┛
 
START POSTPROCESSING━━━━━━━━━━━━━━━━━━━━━━━━━━━━━━━━━━━━━━━━━━━━━━━━━━━━━━━━━━━┓
element stresses processed                                                     ┃
Elapsed time is 0.024946 seconds.                                              ┃
━━━━━━━━━━━━━━━━━━━━━━━━━━━━━━━━━━━━━━━━━━━━━━━━━━━━━━━━━━━━━━━━━━━━━━━━━━━━━━━┛
 
START POSTPROCESSING━━━━━━━━━━━━━━━━━━━━━━━━━━━━━━━━━━━━━━━━━━━━━━━━━━━━━━━━━━━┓
element stresses processed                                                     ┃
Elapsed time is 0.032658 seconds.                                              ┃
━━━━━━━━━━━━━━━━━━━━━━━━━━━━━━━━━━━━━━━━━━━━━━━━━━━━━━━━━━━━━━━━━━━━━━━━━━━━━━━┛
 
START POSTPROCESSING━━━━━━━━━━━━━━━━━━━━━━━━━━━━━━━━━━━━━━━━━━━━━━━━━━━━━━━━━━━┓
element stresses processed                                                     ┃
Elapsed time is 0.028057 seconds.                                              ┃
━━━━━━━━━━━━━━━━━━━━━━━━━━━━━━━━━━━━━━━━━━━━━━━━━━━━━━━━━━━━━━━━━━━━━━━━━━━━━━━┛
 
START POSTPROCESSING━━━━━━━━━━━━━━━━━━━━━━━━━━━━━━━━━━━━━━━━━━━━━━━━━━━━━━━━━━━┓
element stresses processed                                                     ┃
Elapsed time is 0.0268 seconds.                                                ┃
━━━━━━━━━━━━━━━━━━━━━━━━━━━━━━━━━━━━━━━━━━━━━━━━━━━━━━━━━━━━━━━━━━━━━━━━━━━━━━━┛
 
START POSTPROCESSING━━━━━━━━━━━━━━━━━━━━━━━━━━━━━━━━━━━━━━━━━━━━━━━━━━━━━━━━━━━┓
element stresses processed                                                     ┃
Elapsed time is 0.025139 seconds.                                              ┃
━━━━━━━━━━━━━━━━━━━━━━━━━━━━━━━━━━━━━━━━━━━━━━━━━━━━━━━━━━━━━━━━━━━━━━━━━━━━━━━┛
 
START POSTPROCESSING━━━━━━━━━━━━━━━━━━━━━━━━━━━━━━━━━━━━━━━━━━━━━━━━━━━━━━━━━━━┓
element stresses processed                                                     ┃
Elapsed time is 0.022746 seconds.                                              ┃
━━━━━━━━━━━━━━━━━━━━━━━━━━━━━━━━━━━━━━━━━━━━━━━━━━━━━━━━━━━━━━━━━━━━━━━━━━━━━━━┛
 
START POSTPROCESSING━━━━━━━━━━━━━━━━━━━━━━━━━━━━━━━━━━━━━━━━━━━━━━━━━━━━━━━━━━━┓
element stresses processed                                                     ┃
Elapsed time is 0.032488 seconds.                                              ┃
━━━━━━━━━━━━━━━━━━━━━━━━━━━━━━━━━━━━━━━━━━━━━━━━━━━━━━━━━━━━━━━━━━━━━━━━━━━━━━━┛
 
START POSTPROCESSING━━━━━━━━━━━━━━━━━━━━━━━━━━━━━━━━━━━━━━━━━━━━━━━━━━━━━━━━━━━┓
element stresses processed                                                     ┃
Elapsed time is 0.029086 seconds.                                              ┃
━━━━━━━━━━━━━━━━━━━━━━━━━━━━━━━━━━━━━━━━━━━━━━━━━━━━━━━━━━━━━━━━━━━━━━━━━━━━━━━┛
 
START POSTPROCESSING━━━━━━━━━━━━━━━━━━━━━━━━━━━━━━━━━━━━━━━━━━━━━━━━━━━━━━━━━━━┓
element stresses processed                                                     ┃
Elapsed time is 0.028754 seconds.                                              ┃
━━━━━━━━━━━━━━━━━━━━━━━━━━━━━━━━━━━━━━━━━━━━━━━━━━━━━━━━━━━━━━━━━━━━━━━━━━━━━━━┛
 
START POSTPROCESSING━━━━━━━━━━━━━━━━━━━━━━━━━━━━━━━━━━━━━━━━━━━━━━━━━━━━━━━━━━━┓
element stresses processed                                                     ┃
Elapsed time is 0.024269 seconds.                                              ┃
━━━━━━━━━━━━━━━━━━━━━━━━━━━━━━━━━━━━━━━━━━━━━━━━━━━━━━━━━━━━━━━━━━━━━━━━━━━━━━━┛
 
START POSTPROCESSING━━━━━━━━━━━━━━━━━━━━━━━━━━━━━━━━━━━━━━━━━━━━━━━━━━━━━━━━━━━┓
element stresses processed                                                     ┃
Elapsed time is 0.032124 seconds.                                              ┃
━━━━━━━━━━━━━━━━━━━━━━━━━━━━━━━━━━━━━━━━━━━━━━━━━━━━━━━━━━━━━━━━━━━━━━━━━━━━━━━┛
 
START POSTPROCESSING━━━━━━━━━━━━━━━━━━━━━━━━━━━━━━━━━━━━━━━━━━━━━━━━━━━━━━━━━━━┓
element stresses processed                                                     ┃
Elapsed time is 0.024361 seconds.                                              ┃
━━━━━━━━━━━━━━━━━━━━━━━━━━━━━━━━━━━━━━━━━━━━━━━━━━━━━━━━━━━━━━━━━━━━━━━━━━━━━━━┛
 
START POSTPROCESSING━━━━━━━━━━━━━━━━━━━━━━━━━━━━━━━━━━━━━━━━━━━━━━━━━━━━━━━━━━━┓
element stresses processed                                                     ┃
Elapsed time is 0.02943 seconds.                                               ┃
━━━━━━━━━━━━━━━━━━━━━━━━━━━━━━━━━━━━━━━━━━━━━━━━━━━━━━━━━━━━━━━━━━━━━━━━━━━━━━━┛
 
START POSTPROCESSING━━━━━━━━━━━━━━━━━━━━━━━━━━━━━━━━━━━━━━━━━━━━━━━━━━━━━━━━━━━┓
element stresses processed                                                     ┃
Elapsed time is 0.035877 seconds.                                              ┃
━━━━━━━━━━━━━━━━━━━━━━━━━━━━━━━━━━━━━━━━━━━━━━━━━━━━━━━━━━━━━━━━━━━━━━━━━━━━━━━┛
 
START POSTPROCESSING━━━━━━━━━━━━━━━━━━━━━━━━━━━━━━━━━━━━━━━━━━━━━━━━━━━━━━━━━━━┓
element stresses processed                                                     ┃
Elapsed time is 0.034745 seconds.                                              ┃
━━━━━━━━━━━━━━━━━━━━━━━━━━━━━━━━━━━━━━━━━━━━━━━━━━━━━━━━━━━━━━━━━━━━━━━━━━━━━━━┛
 
START POSTPROCESSING━━━━━━━━━━━━━━━━━━━━━━━━━━━━━━━━━━━━━━━━━━━━━━━━━━━━━━━━━━━┓
element stresses processed                                                     ┃
Elapsed time is 0.029705 seconds.                                              ┃
━━━━━━━━━━━━━━━━━━━━━━━━━━━━━━━━━━━━━━━━━━━━━━━━━━━━━━━━━━━━━━━━━━━━━━━━━━━━━━━┛
 
START POSTPROCESSING━━━━━━━━━━━━━━━━━━━━━━━━━━━━━━━━━━━━━━━━━━━━━━━━━━━━━━━━━━━┓
element stresses processed                                                     ┃
Elapsed time is 0.022825 seconds.                                              ┃
━━━━━━━━━━━━━━━━━━━━━━━━━━━━━━━━━━━━━━━━━━━━━━━━━━━━━━━━━━━━━━━━━━━━━━━━━━━━━━━┛
 
START POSTPROCESSING━━━━━━━━━━━━━━━━━━━━━━━━━━━━━━━━━━━━━━━━━━━━━━━━━━━━━━━━━━━┓
element stresses processed                                                     ┃
Elapsed time is 0.028278 seconds.                                              ┃
━━━━━━━━━━━━━━━━━━━━━━━━━━━━━━━━━━━━━━━━━━━━━━━━━━━━━━━━━━━━━━━━━━━━━━━━━━━━━━━┛
 
START POSTPROCESSING━━━━━━━━━━━━━━━━━━━━━━━━━━━━━━━━━━━━━━━━━━━━━━━━━━━━━━━━━━━┓
element stresses processed                                                     ┃
Elapsed time is 0.023181 seconds.                                              ┃
━━━━━━━━━━━━━━━━━━━━━━━━━━━━━━━━━━━━━━━━━━━━━━━━━━━━━━━━━━━━━━━━━━━━━━━━━━━━━━━┛
 
START POSTPROCESSING━━━━━━━━━━━━━━━━━━━━━━━━━━━━━━━━━━━━━━━━━━━━━━━━━━━━━━━━━━━┓
element stresses processed                                                     ┃
Elapsed time is 0.020285 seconds.                                              ┃
━━━━━━━━━━━━━━━━━━━━━━━━━━━━━━━━━━━━━━━━━━━━━━━━━━━━━━━━━━━━━━━━━━━━━━━━━━━━━━━┛
 
START POSTPROCESSING━━━━━━━━━━━━━━━━━━━━━━━━━━━━━━━━━━━━━━━━━━━━━━━━━━━━━━━━━━━┓
element stresses processed                                                     ┃
Elapsed time is 0.024151 seconds.                                              ┃
━━━━━━━━━━━━━━━━━━━━━━━━━━━━━━━━━━━━━━━━━━━━━━━━━━━━━━━━━━━━━━━━━━━━━━━━━━━━━━━┛
 
START POSTPROCESSING━━━━━━━━━━━━━━━━━━━━━━━━━━━━━━━━━━━━━━━━━━━━━━━━━━━━━━━━━━━┓
element stresses processed                                                     ┃
Elapsed time is 0.021978 seconds.                                              ┃
━━━━━━━━━━━━━━━━━━━━━━━━━━━━━━━━━━━━━━━━━━━━━━━━━━━━━━━━━━━━━━━━━━━━━━━━━━━━━━━┛
 
START POSTPROCESSING━━━━━━━━━━━━━━━━━━━━━━━━━━━━━━━━━━━━━━━━━━━━━━━━━━━━━━━━━━━┓
element stresses processed                                                     ┃
Elapsed time is 0.027435 seconds.                                              ┃
━━━━━━━━━━━━━━━━━━━━━━━━━━━━━━━━━━━━━━━━━━━━━━━━━━━━━━━━━━━━━━━━━━━━━━━━━━━━━━━┛
 
START POSTPROCESSING━━━━━━━━━━━━━━━━━━━━━━━━━━━━━━━━━━━━━━━━━━━━━━━━━━━━━━━━━━━┓
element stresses processed                                                     ┃
Elapsed time is 0.035763 seconds.                                              ┃
━━━━━━━━━━━━━━━━━━━━━━━━━━━━━━━━━━━━━━━━━━━━━━━━━━━━━━━━━━━━━━━━━━━━━━━━━━━━━━━┛
 
START POSTPROCESSING━━━━━━━━━━━━━━━━━━━━━━━━━━━━━━━━━━━━━━━━━━━━━━━━━━━━━━━━━━━┓
element stresses processed                                                     ┃
Elapsed time is 0.033909 seconds.                                              ┃
━━━━━━━━━━━━━━━━━━━━━━━━━━━━━━━━━━━━━━━━━━━━━━━━━━━━━━━━━━━━━━━━━━━━━━━━━━━━━━━┛
 
START POSTPROCESSING━━━━━━━━━━━━━━━━━━━━━━━━━━━━━━━━━━━━━━━━━━━━━━━━━━━━━━━━━━━┓
element stresses processed                                                     ┃
Elapsed time is 0.031277 seconds.                                              ┃
━━━━━━━━━━━━━━━━━━━━━━━━━━━━━━━━━━━━━━━━━━━━━━━━━━━━━━━━━━━━━━━━━━━━━━━━━━━━━━━┛
 
START POSTPROCESSING━━━━━━━━━━━━━━━━━━━━━━━━━━━━━━━━━━━━━━━━━━━━━━━━━━━━━━━━━━━┓
element stresses processed                                                     ┃
Elapsed time is 0.022528 seconds.                                              ┃
━━━━━━━━━━━━━━━━━━━━━━━━━━━━━━━━━━━━━━━━━━━━━━━━━━━━━━━━━━━━━━━━━━━━━━━━━━━━━━━┛
 
START POSTPROCESSING━━━━━━━━━━━━━━━━━━━━━━━━━━━━━━━━━━━━━━━━━━━━━━━━━━━━━━━━━━━┓
element stresses processed                                                     ┃
Elapsed time is 0.030877 seconds.                                              ┃
━━━━━━━━━━━━━━━━━━━━━━━━━━━━━━━━━━━━━━━━━━━━━━━━━━━━━━━━━━━━━━━━━━━━━━━━━━━━━━━┛
 
START POSTPROCESSING━━━━━━━━━━━━━━━━━━━━━━━━━━━━━━━━━━━━━━━━━━━━━━━━━━━━━━━━━━━┓
element stresses processed                                                     ┃
Elapsed time is 0.025641 seconds.                                              ┃
━━━━━━━━━━━━━━━━━━━━━━━━━━━━━━━━━━━━━━━━━━━━━━━━━━━━━━━━━━━━━━━━━━━━━━━━━━━━━━━┛
 
START POSTPROCESSING━━━━━━━━━━━━━━━━━━━━━━━━━━━━━━━━━━━━━━━━━━━━━━━━━━━━━━━━━━━┓
element stresses processed                                                     ┃
Elapsed time is 0.024423 seconds.                                              ┃
━━━━━━━━━━━━━━━━━━━━━━━━━━━━━━━━━━━━━━━━━━━━━━━━━━━━━━━━━━━━━━━━━━━━━━━━━━━━━━━┛
 
START POSTPROCESSING━━━━━━━━━━━━━━━━━━━━━━━━━━━━━━━━━━━━━━━━━━━━━━━━━━━━━━━━━━━┓
element stresses processed                                                     ┃
Elapsed time is 0.035178 seconds.                                              ┃
━━━━━━━━━━━━━━━━━━━━━━━━━━━━━━━━━━━━━━━━━━━━━━━━━━━━━━━━━━━━━━━━━━━━━━━━━━━━━━━┛
 
START POSTPROCESSING━━━━━━━━━━━━━━━━━━━━━━━━━━━━━━━━━━━━━━━━━━━━━━━━━━━━━━━━━━━┓
element stresses processed                                                     ┃
Elapsed time is 0.031812 seconds.                                              ┃
━━━━━━━━━━━━━━━━━━━━━━━━━━━━━━━━━━━━━━━━━━━━━━━━━━━━━━━━━━━━━━━━━━━━━━━━━━━━━━━┛
 
START POSTPROCESSING━━━━━━━━━━━━━━━━━━━━━━━━━━━━━━━━━━━━━━━━━━━━━━━━━━━━━━━━━━━┓
element stresses processed                                                     ┃
Elapsed time is 0.027501 seconds.                                              ┃
━━━━━━━━━━━━━━━━━━━━━━━━━━━━━━━━━━━━━━━━━━━━━━━━━━━━━━━━━━━━━━━━━━━━━━━━━━━━━━━┛
 
START POSTPROCESSING━━━━━━━━━━━━━━━━━━━━━━━━━━━━━━━━━━━━━━━━━━━━━━━━━━━━━━━━━━━┓
element stresses processed                                                     ┃
Elapsed time is 0.033715 seconds.                                              ┃
━━━━━━━━━━━━━━━━━━━━━━━━━━━━━━━━━━━━━━━━━━━━━━━━━━━━━━━━━━━━━━━━━━━━━━━━━━━━━━━┛
 
START POSTPROCESSING━━━━━━━━━━━━━━━━━━━━━━━━━━━━━━━━━━━━━━━━━━━━━━━━━━━━━━━━━━━┓
element stresses processed                                                     ┃
Elapsed time is 0.02987 seconds.                                               ┃
━━━━━━━━━━━━━━━━━━━━━━━━━━━━━━━━━━━━━━━━━━━━━━━━━━━━━━━━━━━━━━━━━━━━━━━━━━━━━━━┛
 
START POSTPROCESSING━━━━━━━━━━━━━━━━━━━━━━━━━━━━━━━━━━━━━━━━━━━━━━━━━━━━━━━━━━━┓
element stresses processed                                                     ┃
Elapsed time is 0.02463 seconds.                                               ┃
━━━━━━━━━━━━━━━━━━━━━━━━━━━━━━━━━━━━━━━━━━━━━━━━━━━━━━━━━━━━━━━━━━━━━━━━━━━━━━━┛
 
START POSTPROCESSING━━━━━━━━━━━━━━━━━━━━━━━━━━━━━━━━━━━━━━━━━━━━━━━━━━━━━━━━━━━┓
element stresses processed                                                     ┃
Elapsed time is 0.025983 seconds.                                              ┃
━━━━━━━━━━━━━━━━━━━━━━━━━━━━━━━━━━━━━━━━━━━━━━━━━━━━━━━━━━━━━━━━━━━━━━━━━━━━━━━┛
 
START VTK-WRITING━━━━━━━━━━━━━━━━━━━━━━━━━━━━━━━━━━━━━━━━━━━━━━━━━━━━━━━━━━━━━━┓
31 nodes written                                                               ┃
43 elements written                                                            ┃
field displacement_ITER1 VECTORS FLOAT written                                 ┃
field displacement_ITER2 VECTORS FLOAT written                                 ┃
field displacement_ITER3 VECTORS FLOAT written                                 ┃
field displacement_ITER4 VECTORS FLOAT written                                 ┃
field displacement_ITER5 VECTORS FLOAT written                                 ┃
field displacement_ITER6 VECTORS FLOAT written                                 ┃
field displacement_ITER7 VECTORS FLOAT written                                 ┃
field displacement_ITER8 VECTORS FLOAT written                                 ┃
field displacement_ITER9 VECTORS FLOAT written                                 ┃
field displacement_ITER10 VECTORS FLOAT written                                ┃
field displacement_ITER11 VECTORS FLOAT written                                ┃
field displacement_ITER12 VECTORS FLOAT written                                ┃
field displacement_ITER13 VECTORS FLOAT written                                ┃
field displacement_ITER14 VECTORS FLOAT written                                ┃
field element_stresses TENSORS FLOAT written                                   ┃
field element_stresses TENSORS FLOAT written                                   ┃
Elapsed time is 0.11863 seconds.                                               ┃
━━━━━━━━━━━━━━━━━━━━━━━━━━━━━━━━━━━━━━━━━━━━━━━━━━━━━━━━━━━━━━━━━━━━━━━━━━━━━━━┛
 
START VTK-WRITING━━━━━━━━━━━━━━━━━━━━━━━━━━━━━━━━━━━━━━━━━━━━━━━━━━━━━━━━━━━━━━┓
31 nodes written                                                               ┃
42 elements written                                                            ┃
field displacement_ITER1 VECTORS FLOAT written                                 ┃
field displacement_ITER2 VECTORS FLOAT written                                 ┃
field displacement_ITER3 VECTORS FLOAT written                                 ┃
field displacement_ITER4 VECTORS FLOAT written                                 ┃
field displacement_ITER5 VECTORS FLOAT written                                 ┃
field displacement_ITER6 VECTORS FLOAT written                                 ┃
field displacement_ITER7 VECTORS FLOAT written                                 ┃
field displacement_ITER8 VECTORS FLOAT written                                 ┃
field displacement_ITER9 VECTORS FLOAT written                                 ┃
field displacement_ITER10 VECTORS FLOAT written                                ┃
field displacement_ITER11 VECTORS FLOAT written                                ┃
field displacement_ITER12 VECTORS FLOAT written                                ┃
field displacement_ITER13 VECTORS FLOAT written                                ┃
field displacement_ITER14 VECTORS FLOAT written                                ┃
field element_stresses TENSORS FLOAT written                                   ┃
field element_stresses TENSORS FLOAT written                                   ┃
Elapsed time is 0.0883 seconds.                                                ┃
━━━━━━━━━━━━━━━━━━━━━━━━━━━━━━━━━━━━━━━━━━━━━━━━━━━━━━━━━━━━━━━━━━━━━━━━━━━━━━━┛
 
START VTK-WRITING━━━━━━━━━━━━━━━━━━━━━━━━━━━━━━━━━━━━━━━━━━━━━━━━━━━━━━━━━━━━━━┓
32 nodes written                                                               ┃
43 elements written                                                            ┃
field displacement_ITER1 VECTORS FLOAT written                                 ┃
field displacement_ITER2 VECTORS FLOAT written                                 ┃
field displacement_ITER3 VECTORS FLOAT written                                 ┃
field displacement_ITER4 VECTORS FLOAT written                                 ┃
field displacement_ITER5 VECTORS FLOAT written                                 ┃
field displacement_ITER6 VECTORS FLOAT written                                 ┃
field displacement_ITER7 VECTORS FLOAT written                                 ┃
field displacement_ITER8 VECTORS FLOAT written                                 ┃
field displacement_ITER9 VECTORS FLOAT written                                 ┃
field displacement_ITER10 VECTORS FLOAT written                                ┃
field displacement_ITER11 VECTORS FLOAT written                                ┃
field displacement_ITER12 VECTORS FLOAT written                                ┃
field displacement_ITER13 VECTORS FLOAT written                                ┃
field displacement_ITER14 VECTORS FLOAT written                                ┃
field element_stresses TENSORS FLOAT written                                   ┃
field element_stresses TENSORS FLOAT written                                   ┃
Elapsed time is 0.072895 seconds.                                              ┃
━━━━━━━━━━━━━━━━━━━━━━━━━━━━━━━━━━━━━━━━━━━━━━━━━━━━━━━━━━━━━━━━━━━━━━━━━━━━━━━┛
 
START VTK-WRITING━━━━━━━━━━━━━━━━━━━━━━━━━━━━━━━━━━━━━━━━━━━━━━━━━━━━━━━━━━━━━━┓
30 nodes written                                                               ┃
42 elements written                                                            ┃
field displacement_ITER1 VECTORS FLOAT written                                 ┃
field displacement_ITER2 VECTORS FLOAT written                                 ┃
field displacement_ITER3 VECTORS FLOAT written                                 ┃
field displacement_ITER4 VECTORS FLOAT written                                 ┃
field displacement_ITER5 VECTORS FLOAT written                                 ┃
field displacement_ITER6 VECTORS FLOAT written                                 ┃
field displacement_ITER7 VECTORS FLOAT written                                 ┃
field displacement_ITER8 VECTORS FLOAT written                                 ┃
field displacement_ITER9 VECTORS FLOAT written                                 ┃
field displacement_ITER10 VECTORS FLOAT written                                ┃
field displacement_ITER11 VECTORS FLOAT written                                ┃
field displacement_ITER12 VECTORS FLOAT written                                ┃
field displacement_ITER13 VECTORS FLOAT written                                ┃
field displacement_ITER14 VECTORS FLOAT written                                ┃
field element_stresses TENSORS FLOAT written                                   ┃
field element_stresses TENSORS FLOAT written                                   ┃
Elapsed time is 0.086945 seconds.                                              ┃
━━━━━━━━━━━━━━━━━━━━━━━━━━━━━━━━━━━━━━━━━━━━━━━━━━━━━━━━━━━━━━━━━━━━━━━━━━━━━━━┛
 
START VTK-WRITING━━━━━━━━━━━━━━━━━━━━━━━━━━━━━━━━━━━━━━━━━━━━━━━━━━━━━━━━━━━━━━┓
31 nodes written                                                               ┃
42 elements written                                                            ┃
field displacement_ITER1 VECTORS FLOAT written                                 ┃
field displacement_ITER2 VECTORS FLOAT written                                 ┃
field displacement_ITER3 VECTORS FLOAT written                                 ┃
field displacement_ITER4 VECTORS FLOAT written                                 ┃
field displacement_ITER5 VECTORS FLOAT written                                 ┃
field displacement_ITER6 VECTORS FLOAT written                                 ┃
field displacement_ITER7 VECTORS FLOAT written                                 ┃
field displacement_ITER8 VECTORS FLOAT written                                 ┃
field displacement_ITER9 VECTORS FLOAT written                                 ┃
field displacement_ITER10 VECTORS FLOAT written                                ┃
field displacement_ITER11 VECTORS FLOAT written                                ┃
field displacement_ITER12 VECTORS FLOAT written                                ┃
field displacement_ITER13 VECTORS FLOAT written                                ┃
field displacement_ITER14 VECTORS FLOAT written                                ┃
field element_stresses TENSORS FLOAT written                                   ┃
field element_stresses TENSORS FLOAT written                                   ┃
Elapsed time is 0.076032 seconds.                                              ┃
━━━━━━━━━━━━━━━━━━━━━━━━━━━━━━━━━━━━━━━━━━━━━━━━━━━━━━━━━━━━━━━━━━━━━━━━━━━━━━━┛
 
START VTK-WRITING━━━━━━━━━━━━━━━━━━━━━━━━━━━━━━━━━━━━━━━━━━━━━━━━━━━━━━━━━━━━━━┓
31 nodes written                                                               ┃
42 elements written                                                            ┃
field displacement_ITER1 VECTORS FLOAT written                                 ┃
field displacement_ITER2 VECTORS FLOAT written                                 ┃
field displacement_ITER3 VECTORS FLOAT written                                 ┃
field displacement_ITER4 VECTORS FLOAT written                                 ┃
field displacement_ITER5 VECTORS FLOAT written                                 ┃
field displacement_ITER6 VECTORS FLOAT written                                 ┃
field displacement_ITER7 VECTORS FLOAT written                                 ┃
field displacement_ITER8 VECTORS FLOAT written                                 ┃
field displacement_ITER9 VECTORS FLOAT written                                 ┃
field displacement_ITER10 VECTORS FLOAT written                                ┃
field displacement_ITER11 VECTORS FLOAT written                                ┃
field displacement_ITER12 VECTORS FLOAT written                                ┃
field displacement_ITER13 VECTORS FLOAT written                                ┃
field displacement_ITER14 VECTORS FLOAT written                                ┃
field element_stresses TENSORS FLOAT written                                   ┃
field element_stresses TENSORS FLOAT written                                   ┃
Elapsed time is 0.095776 seconds.                                              ┃
━━━━━━━━━━━━━━━━━━━━━━━━━━━━━━━━━━━━━━━━━━━━━━━━━━━━━━━━━━━━━━━━━━━━━━━━━━━━━━━┛
 
START VTK-WRITING━━━━━━━━━━━━━━━━━━━━━━━━━━━━━━━━━━━━━━━━━━━━━━━━━━━━━━━━━━━━━━┓
32 nodes written                                                               ┃
43 elements written                                                            ┃
field displacement_ITER1 VECTORS FLOAT written                                 ┃
field displacement_ITER2 VECTORS FLOAT written                                 ┃
field displacement_ITER3 VECTORS FLOAT written                                 ┃
field displacement_ITER4 VECTORS FLOAT written                                 ┃
field displacement_ITER5 VECTORS FLOAT written                                 ┃
field displacement_ITER6 VECTORS FLOAT written                                 ┃
field displacement_ITER7 VECTORS FLOAT written                                 ┃
field displacement_ITER8 VECTORS FLOAT written                                 ┃
field displacement_ITER9 VECTORS FLOAT written                                 ┃
field displacement_ITER10 VECTORS FLOAT written                                ┃
field displacement_ITER11 VECTORS FLOAT written                                ┃
field displacement_ITER12 VECTORS FLOAT written                                ┃
field displacement_ITER13 VECTORS FLOAT written                                ┃
field displacement_ITER14 VECTORS FLOAT written                                ┃
field element_stresses TENSORS FLOAT written                                   ┃
field element_stresses TENSORS FLOAT written                                   ┃
Elapsed time is 0.07312 seconds.                                               ┃
━━━━━━━━━━━━━━━━━━━━━━━━━━━━━━━━━━━━━━━━━━━━━━━━━━━━━━━━━━━━━━━━━━━━━━━━━━━━━━━┛
 
START VTK-WRITING━━━━━━━━━━━━━━━━━━━━━━━━━━━━━━━━━━━━━━━━━━━━━━━━━━━━━━━━━━━━━━┓
32 nodes written                                                               ┃
43 elements written                                                            ┃
field displacement_ITER1 VECTORS FLOAT written                                 ┃
field displacement_ITER2 VECTORS FLOAT written                                 ┃
field displacement_ITER3 VECTORS FLOAT written                                 ┃
field displacement_ITER4 VECTORS FLOAT written                                 ┃
field displacement_ITER5 VECTORS FLOAT written                                 ┃
field displacement_ITER6 VECTORS FLOAT written                                 ┃
field displacement_ITER7 VECTORS FLOAT written                                 ┃
field displacement_ITER8 VECTORS FLOAT written                                 ┃
field displacement_ITER9 VECTORS FLOAT written                                 ┃
field displacement_ITER10 VECTORS FLOAT written                                ┃
field displacement_ITER11 VECTORS FLOAT written                                ┃
field displacement_ITER12 VECTORS FLOAT written                                ┃
field displacement_ITER13 VECTORS FLOAT written                                ┃
field displacement_ITER14 VECTORS FLOAT written                                ┃
field element_stresses TENSORS FLOAT written                                   ┃
field element_stresses TENSORS FLOAT written                                   ┃
Elapsed time is 0.091927 seconds.                                              ┃
━━━━━━━━━━━━━━━━━━━━━━━━━━━━━━━━━━━━━━━━━━━━━━━━━━━━━━━━━━━━━━━━━━━━━━━━━━━━━━━┛
 
START VTK-WRITING━━━━━━━━━━━━━━━━━━━━━━━━━━━━━━━━━━━━━━━━━━━━━━━━━━━━━━━━━━━━━━┓
33 nodes written                                                               ┃
42 elements written                                                            ┃
field displacement_ITER1 VECTORS FLOAT written                                 ┃
field displacement_ITER2 VECTORS FLOAT written                                 ┃
field displacement_ITER3 VECTORS FLOAT written                                 ┃
field displacement_ITER4 VECTORS FLOAT written                                 ┃
field displacement_ITER5 VECTORS FLOAT written                                 ┃
field displacement_ITER6 VECTORS FLOAT written                                 ┃
field displacement_ITER7 VECTORS FLOAT written                                 ┃
field displacement_ITER8 VECTORS FLOAT written                                 ┃
field displacement_ITER9 VECTORS FLOAT written                                 ┃
field displacement_ITER10 VECTORS FLOAT written                                ┃
field displacement_ITER11 VECTORS FLOAT written                                ┃
field displacement_ITER12 VECTORS FLOAT written                                ┃
field displacement_ITER13 VECTORS FLOAT written                                ┃
field displacement_ITER14 VECTORS FLOAT written                                ┃
field element_stresses TENSORS FLOAT written                                   ┃
field element_stresses TENSORS FLOAT written                                   ┃
Elapsed time is 0.10478 seconds.                                               ┃
━━━━━━━━━━━━━━━━━━━━━━━━━━━━━━━━━━━━━━━━━━━━━━━━━━━━━━━━━━━━━━━━━━━━━━━━━━━━━━━┛
 
START VTK-WRITING━━━━━━━━━━━━━━━━━━━━━━━━━━━━━━━━━━━━━━━━━━━━━━━━━━━━━━━━━━━━━━┓
32 nodes written                                                               ┃
43 elements written                                                            ┃
field displacement_ITER1 VECTORS FLOAT written                                 ┃
field displacement_ITER2 VECTORS FLOAT written                                 ┃
field displacement_ITER3 VECTORS FLOAT written                                 ┃
field displacement_ITER4 VECTORS FLOAT written                                 ┃
field displacement_ITER5 VECTORS FLOAT written                                 ┃
field displacement_ITER6 VECTORS FLOAT written                                 ┃
field displacement_ITER7 VECTORS FLOAT written                                 ┃
field displacement_ITER8 VECTORS FLOAT written                                 ┃
field displacement_ITER9 VECTORS FLOAT written                                 ┃
field displacement_ITER10 VECTORS FLOAT written                                ┃
field displacement_ITER11 VECTORS FLOAT written                                ┃
field displacement_ITER12 VECTORS FLOAT written                                ┃
field displacement_ITER13 VECTORS FLOAT written                                ┃
field displacement_ITER14 VECTORS FLOAT written                                ┃
field element_stresses TENSORS FLOAT written                                   ┃
field element_stresses TENSORS FLOAT written                                   ┃
Elapsed time is 0.081026 seconds.                                              ┃
━━━━━━━━━━━━━━━━━━━━━━━━━━━━━━━━━━━━━━━━━━━━━━━━━━━━━━━━━━━━━━━━━━━━━━━━━━━━━━━┛
 
START VTK-WRITING━━━━━━━━━━━━━━━━━━━━━━━━━━━━━━━━━━━━━━━━━━━━━━━━━━━━━━━━━━━━━━┓
31 nodes written                                                               ┃
42 elements written                                                            ┃
field displacement_ITER1 VECTORS FLOAT written                                 ┃
field displacement_ITER2 VECTORS FLOAT written                                 ┃
field displacement_ITER3 VECTORS FLOAT written                                 ┃
field displacement_ITER4 VECTORS FLOAT written                                 ┃
field displacement_ITER5 VECTORS FLOAT written                                 ┃
field displacement_ITER6 VECTORS FLOAT written                                 ┃
field displacement_ITER7 VECTORS FLOAT written                                 ┃
field displacement_ITER8 VECTORS FLOAT written                                 ┃
field displacement_ITER9 VECTORS FLOAT written                                 ┃
field displacement_ITER10 VECTORS FLOAT written                                ┃
field displacement_ITER11 VECTORS FLOAT written                                ┃
field displacement_ITER12 VECTORS FLOAT written                                ┃
field displacement_ITER13 VECTORS FLOAT written                                ┃
field displacement_ITER14 VECTORS FLOAT written                                ┃
field element_stresses TENSORS FLOAT written                                   ┃
field element_stresses TENSORS FLOAT written                                   ┃
Elapsed time is 0.083783 seconds.                                              ┃
━━━━━━━━━━━━━━━━━━━━━━━━━━━━━━━━━━━━━━━━━━━━━━━━━━━━━━━━━━━━━━━━━━━━━━━━━━━━━━━┛
 
START VTK-WRITING━━━━━━━━━━━━━━━━━━━━━━━━━━━━━━━━━━━━━━━━━━━━━━━━━━━━━━━━━━━━━━┓
32 nodes written                                                               ┃
43 elements written                                                            ┃
field displacement_ITER1 VECTORS FLOAT written                                 ┃
field displacement_ITER2 VECTORS FLOAT written                                 ┃
field displacement_ITER3 VECTORS FLOAT written                                 ┃
field displacement_ITER4 VECTORS FLOAT written                                 ┃
field displacement_ITER5 VECTORS FLOAT written                                 ┃
field displacement_ITER6 VECTORS FLOAT written                                 ┃
field displacement_ITER7 VECTORS FLOAT written                                 ┃
field displacement_ITER8 VECTORS FLOAT written                                 ┃
field displacement_ITER9 VECTORS FLOAT written                                 ┃
field displacement_ITER10 VECTORS FLOAT written                                ┃
field displacement_ITER11 VECTORS FLOAT written                                ┃
field displacement_ITER12 VECTORS FLOAT written                                ┃
field displacement_ITER13 VECTORS FLOAT written                                ┃
field displacement_ITER14 VECTORS FLOAT written                                ┃
field element_stresses TENSORS FLOAT written                                   ┃
field element_stresses TENSORS FLOAT written                                   ┃
Elapsed time is 0.078049 seconds.                                              ┃
━━━━━━━━━━━━━━━━━━━━━━━━━━━━━━━━━━━━━━━━━━━━━━━━━━━━━━━━━━━━━━━━━━━━━━━━━━━━━━━┛
 
START VTK-WRITING━━━━━━━━━━━━━━━━━━━━━━━━━━━━━━━━━━━━━━━━━━━━━━━━━━━━━━━━━━━━━━┓
31 nodes written                                                               ┃
43 elements written                                                            ┃
field displacement_ITER1 VECTORS FLOAT written                                 ┃
field displacement_ITER2 VECTORS FLOAT written                                 ┃
field displacement_ITER3 VECTORS FLOAT written                                 ┃
field displacement_ITER4 VECTORS FLOAT written                                 ┃
field displacement_ITER5 VECTORS FLOAT written                                 ┃
field displacement_ITER6 VECTORS FLOAT written                                 ┃
field displacement_ITER7 VECTORS FLOAT written                                 ┃
field displacement_ITER8 VECTORS FLOAT written                                 ┃
field displacement_ITER9 VECTORS FLOAT written                                 ┃
field displacement_ITER10 VECTORS FLOAT written                                ┃
field displacement_ITER11 VECTORS FLOAT written                                ┃
field displacement_ITER12 VECTORS FLOAT written                                ┃
field displacement_ITER13 VECTORS FLOAT written                                ┃
field displacement_ITER14 VECTORS FLOAT written                                ┃
field element_stresses TENSORS FLOAT written                                   ┃
field element_stresses TENSORS FLOAT written                                   ┃
Elapsed time is 0.085443 seconds.                                              ┃
━━━━━━━━━━━━━━━━━━━━━━━━━━━━━━━━━━━━━━━━━━━━━━━━━━━━━━━━━━━━━━━━━━━━━━━━━━━━━━━┛
 
START VTK-WRITING━━━━━━━━━━━━━━━━━━━━━━━━━━━━━━━━━━━━━━━━━━━━━━━━━━━━━━━━━━━━━━┓
31 nodes written                                                               ┃
42 elements written                                                            ┃
field displacement_ITER1 VECTORS FLOAT written                                 ┃
field displacement_ITER2 VECTORS FLOAT written                                 ┃
field displacement_ITER3 VECTORS FLOAT written                                 ┃
field displacement_ITER4 VECTORS FLOAT written                                 ┃
field displacement_ITER5 VECTORS FLOAT written                                 ┃
field displacement_ITER6 VECTORS FLOAT written                                 ┃
field displacement_ITER7 VECTORS FLOAT written                                 ┃
field displacement_ITER8 VECTORS FLOAT written                                 ┃
field displacement_ITER9 VECTORS FLOAT written                                 ┃
field displacement_ITER10 VECTORS FLOAT written                                ┃
field displacement_ITER11 VECTORS FLOAT written                                ┃
field displacement_ITER12 VECTORS FLOAT written                                ┃
field displacement_ITER13 VECTORS FLOAT written                                ┃
field displacement_ITER14 VECTORS FLOAT written                                ┃
field element_stresses TENSORS FLOAT written                                   ┃
field element_stresses TENSORS FLOAT written                                   ┃
Elapsed time is 0.084898 seconds.                                              ┃
━━━━━━━━━━━━━━━━━━━━━━━━━━━━━━━━━━━━━━━━━━━━━━━━━━━━━━━━━━━━━━━━━━━━━━━━━━━━━━━┛
 
START VTK-WRITING━━━━━━━━━━━━━━━━━━━━━━━━━━━━━━━━━━━━━━━━━━━━━━━━━━━━━━━━━━━━━━┓
32 nodes written                                                               ┃
43 elements written                                                            ┃
field displacement_ITER1 VECTORS FLOAT written                                 ┃
field displacement_ITER2 VECTORS FLOAT written                                 ┃
field displacement_ITER3 VECTORS FLOAT written                                 ┃
field displacement_ITER4 VECTORS FLOAT written                                 ┃
field displacement_ITER5 VECTORS FLOAT written                                 ┃
field displacement_ITER6 VECTORS FLOAT written                                 ┃
field displacement_ITER7 VECTORS FLOAT written                                 ┃
field displacement_ITER8 VECTORS FLOAT written                                 ┃
field displacement_ITER9 VECTORS FLOAT written                                 ┃
field displacement_ITER10 VECTORS FLOAT written                                ┃
field displacement_ITER11 VECTORS FLOAT written                                ┃
field displacement_ITER12 VECTORS FLOAT written                                ┃
field displacement_ITER13 VECTORS FLOAT written                                ┃
field displacement_ITER14 VECTORS FLOAT written                                ┃
field element_stresses TENSORS FLOAT written                                   ┃
field element_stresses TENSORS FLOAT written                                   ┃
Elapsed time is 0.089591 seconds.                                              ┃
━━━━━━━━━━━━━━━━━━━━━━━━━━━━━━━━━━━━━━━━━━━━━━━━━━━━━━━━━━━━━━━━━━━━━━━━━━━━━━━┛
 
START VTK-WRITING━━━━━━━━━━━━━━━━━━━━━━━━━━━━━━━━━━━━━━━━━━━━━━━━━━━━━━━━━━━━━━┓
31 nodes written                                                               ┃
42 elements written                                                            ┃
field displacement_ITER1 VECTORS FLOAT written                                 ┃
field displacement_ITER2 VECTORS FLOAT written                                 ┃
field displacement_ITER3 VECTORS FLOAT written                                 ┃
field displacement_ITER4 VECTORS FLOAT written                                 ┃
field displacement_ITER5 VECTORS FLOAT written                                 ┃
field displacement_ITER6 VECTORS FLOAT written                                 ┃
field displacement_ITER7 VECTORS FLOAT written                                 ┃
field displacement_ITER8 VECTORS FLOAT written                                 ┃
field displacement_ITER9 VECTORS FLOAT written                                 ┃
field displacement_ITER10 VECTORS FLOAT written                                ┃
field displacement_ITER11 VECTORS FLOAT written                                ┃
field displacement_ITER12 VECTORS FLOAT written                                ┃
field displacement_ITER13 VECTORS FLOAT written                                ┃
field displacement_ITER14 VECTORS FLOAT written                                ┃
field element_stresses TENSORS FLOAT written                                   ┃
field element_stresses TENSORS FLOAT written                                   ┃
Elapsed time is 0.082343 seconds.                                              ┃
━━━━━━━━━━━━━━━━━━━━━━━━━━━━━━━━━━━━━━━━━━━━━━━━━━━━━━━━━━━━━━━━━━━━━━━━━━━━━━━┛
 
START VTK-WRITING━━━━━━━━━━━━━━━━━━━━━━━━━━━━━━━━━━━━━━━━━━━━━━━━━━━━━━━━━━━━━━┓
31 nodes written                                                               ┃
42 elements written                                                            ┃
field displacement_ITER1 VECTORS FLOAT written                                 ┃
field displacement_ITER2 VECTORS FLOAT written                                 ┃
field displacement_ITER3 VECTORS FLOAT written                                 ┃
field displacement_ITER4 VECTORS FLOAT written                                 ┃
field displacement_ITER5 VECTORS FLOAT written                                 ┃
field displacement_ITER6 VECTORS FLOAT written                                 ┃
field displacement_ITER7 VECTORS FLOAT written                                 ┃
field displacement_ITER8 VECTORS FLOAT written                                 ┃
field displacement_ITER9 VECTORS FLOAT written                                 ┃
field displacement_ITER10 VECTORS FLOAT written                                ┃
field displacement_ITER11 VECTORS FLOAT written                                ┃
field displacement_ITER12 VECTORS FLOAT written                                ┃
field displacement_ITER13 VECTORS FLOAT written                                ┃
field displacement_ITER14 VECTORS FLOAT written                                ┃
field element_stresses TENSORS FLOAT written                                   ┃
field element_stresses TENSORS FLOAT written                                   ┃
Elapsed time is 0.08152 seconds.                                               ┃
━━━━━━━━━━━━━━━━━━━━━━━━━━━━━━━━━━━━━━━━━━━━━━━━━━━━━━━━━━━━━━━━━━━━━━━━━━━━━━━┛
 
START VTK-WRITING━━━━━━━━━━━━━━━━━━━━━━━━━━━━━━━━━━━━━━━━━━━━━━━━━━━━━━━━━━━━━━┓
31 nodes written                                                               ┃
43 elements written                                                            ┃
field displacement_ITER1 VECTORS FLOAT written                                 ┃
field displacement_ITER2 VECTORS FLOAT written                                 ┃
field displacement_ITER3 VECTORS FLOAT written                                 ┃
field displacement_ITER4 VECTORS FLOAT written                                 ┃
field displacement_ITER5 VECTORS FLOAT written                                 ┃
field displacement_ITER6 VECTORS FLOAT written                                 ┃
field displacement_ITER7 VECTORS FLOAT written                                 ┃
field displacement_ITER8 VECTORS FLOAT written                                 ┃
field displacement_ITER9 VECTORS FLOAT written                                 ┃
field displacement_ITER10 VECTORS FLOAT written                                ┃
field displacement_ITER11 VECTORS FLOAT written                                ┃
field displacement_ITER12 VECTORS FLOAT written                                ┃
field displacement_ITER13 VECTORS FLOAT written                                ┃
field displacement_ITER14 VECTORS FLOAT written                                ┃
field element_stresses TENSORS FLOAT written                                   ┃
field element_stresses TENSORS FLOAT written                                   ┃
Elapsed time is 0.075135 seconds.                                              ┃
━━━━━━━━━━━━━━━━━━━━━━━━━━━━━━━━━━━━━━━━━━━━━━━━━━━━━━━━━━━━━━━━━━━━━━━━━━━━━━━┛
 
START VTK-WRITING━━━━━━━━━━━━━━━━━━━━━━━━━━━━━━━━━━━━━━━━━━━━━━━━━━━━━━━━━━━━━━┓
31 nodes written                                                               ┃
43 elements written                                                            ┃
field displacement_ITER1 VECTORS FLOAT written                                 ┃
field displacement_ITER2 VECTORS FLOAT written                                 ┃
field displacement_ITER3 VECTORS FLOAT written                                 ┃
field displacement_ITER4 VECTORS FLOAT written                                 ┃
field displacement_ITER5 VECTORS FLOAT written                                 ┃
field displacement_ITER6 VECTORS FLOAT written                                 ┃
field displacement_ITER7 VECTORS FLOAT written                                 ┃
field displacement_ITER8 VECTORS FLOAT written                                 ┃
field displacement_ITER9 VECTORS FLOAT written                                 ┃
field displacement_ITER10 VECTORS FLOAT written                                ┃
field displacement_ITER11 VECTORS FLOAT written                                ┃
field displacement_ITER12 VECTORS FLOAT written                                ┃
field displacement_ITER13 VECTORS FLOAT written                                ┃
field displacement_ITER14 VECTORS FLOAT written                                ┃
field element_stresses TENSORS FLOAT written                                   ┃
field element_stresses TENSORS FLOAT written                                   ┃
Elapsed time is 0.087169 seconds.                                              ┃
━━━━━━━━━━━━━━━━━━━━━━━━━━━━━━━━━━━━━━━━━━━━━━━━━━━━━━━━━━━━━━━━━━━━━━━━━━━━━━━┛
 
START VTK-WRITING━━━━━━━━━━━━━━━━━━━━━━━━━━━━━━━━━━━━━━━━━━━━━━━━━━━━━━━━━━━━━━┓
31 nodes written                                                               ┃
43 elements written                                                            ┃
field displacement_ITER1 VECTORS FLOAT written                                 ┃
field displacement_ITER2 VECTORS FLOAT written                                 ┃
field displacement_ITER3 VECTORS FLOAT written                                 ┃
field displacement_ITER4 VECTORS FLOAT written                                 ┃
field displacement_ITER5 VECTORS FLOAT written                                 ┃
field displacement_ITER6 VECTORS FLOAT written                                 ┃
field displacement_ITER7 VECTORS FLOAT written                                 ┃
field displacement_ITER8 VECTORS FLOAT written                                 ┃
field displacement_ITER9 VECTORS FLOAT written                                 ┃
field displacement_ITER10 VECTORS FLOAT written                                ┃
field displacement_ITER11 VECTORS FLOAT written                                ┃
field displacement_ITER12 VECTORS FLOAT written                                ┃
field displacement_ITER13 VECTORS FLOAT written                                ┃
field displacement_ITER14 VECTORS FLOAT written                                ┃
field element_stresses TENSORS FLOAT written                                   ┃
field element_stresses TENSORS FLOAT written                                   ┃
Elapsed time is 0.11618 seconds.                                               ┃
━━━━━━━━━━━━━━━━━━━━━━━━━━━━━━━━━━━━━━━━━━━━━━━━━━━━━━━━━━━━━━━━━━━━━━━━━━━━━━━┛
 
START VTK-WRITING━━━━━━━━━━━━━━━━━━━━━━━━━━━━━━━━━━━━━━━━━━━━━━━━━━━━━━━━━━━━━━┓
34 nodes written                                                               ┃
42 elements written                                                            ┃
field displacement_ITER1 VECTORS FLOAT written                                 ┃
field displacement_ITER2 VECTORS FLOAT written                                 ┃
field displacement_ITER3 VECTORS FLOAT written                                 ┃
field displacement_ITER4 VECTORS FLOAT written                                 ┃
field displacement_ITER5 VECTORS FLOAT written                                 ┃
field displacement_ITER6 VECTORS FLOAT written                                 ┃
field displacement_ITER7 VECTORS FLOAT written                                 ┃
field displacement_ITER8 VECTORS FLOAT written                                 ┃
field displacement_ITER9 VECTORS FLOAT written                                 ┃
field displacement_ITER10 VECTORS FLOAT written                                ┃
field displacement_ITER11 VECTORS FLOAT written                                ┃
field displacement_ITER12 VECTORS FLOAT written                                ┃
field displacement_ITER13 VECTORS FLOAT written                                ┃
field displacement_ITER14 VECTORS FLOAT written                                ┃
field element_stresses TENSORS FLOAT written                                   ┃
field element_stresses TENSORS FLOAT written                                   ┃
Elapsed time is 0.093477 seconds.                                              ┃
━━━━━━━━━━━━━━━━━━━━━━━━━━━━━━━━━━━━━━━━━━━━━━━━━━━━━━━━━━━━━━━━━━━━━━━━━━━━━━━┛
 
START VTK-WRITING━━━━━━━━━━━━━━━━━━━━━━━━━━━━━━━━━━━━━━━━━━━━━━━━━━━━━━━━━━━━━━┓
33 nodes written                                                               ┃
43 elements written                                                            ┃
field displacement_ITER1 VECTORS FLOAT written                                 ┃
field displacement_ITER2 VECTORS FLOAT written                                 ┃
field displacement_ITER3 VECTORS FLOAT written                                 ┃
field displacement_ITER4 VECTORS FLOAT written                                 ┃
field displacement_ITER5 VECTORS FLOAT written                                 ┃
field displacement_ITER6 VECTORS FLOAT written                                 ┃
field displacement_ITER7 VECTORS FLOAT written                                 ┃
field displacement_ITER8 VECTORS FLOAT written                                 ┃
field displacement_ITER9 VECTORS FLOAT written                                 ┃
field displacement_ITER10 VECTORS FLOAT written                                ┃
field displacement_ITER11 VECTORS FLOAT written                                ┃
field displacement_ITER12 VECTORS FLOAT written                                ┃
field displacement_ITER13 VECTORS FLOAT written                                ┃
field displacement_ITER14 VECTORS FLOAT written                                ┃
field element_stresses TENSORS FLOAT written                                   ┃
field element_stresses TENSORS FLOAT written                                   ┃
Elapsed time is 0.075664 seconds.                                              ┃
━━━━━━━━━━━━━━━━━━━━━━━━━━━━━━━━━━━━━━━━━━━━━━━━━━━━━━━━━━━━━━━━━━━━━━━━━━━━━━━┛
 
START VTK-WRITING━━━━━━━━━━━━━━━━━━━━━━━━━━━━━━━━━━━━━━━━━━━━━━━━━━━━━━━━━━━━━━┓
31 nodes written                                                               ┃
42 elements written                                                            ┃
field displacement_ITER1 VECTORS FLOAT written                                 ┃
field displacement_ITER2 VECTORS FLOAT written                                 ┃
field displacement_ITER3 VECTORS FLOAT written                                 ┃
field displacement_ITER4 VECTORS FLOAT written                                 ┃
field displacement_ITER5 VECTORS FLOAT written                                 ┃
field displacement_ITER6 VECTORS FLOAT written                                 ┃
field displacement_ITER7 VECTORS FLOAT written                                 ┃
field displacement_ITER8 VECTORS FLOAT written                                 ┃
field displacement_ITER9 VECTORS FLOAT written                                 ┃
field displacement_ITER10 VECTORS FLOAT written                                ┃
field displacement_ITER11 VECTORS FLOAT written                                ┃
field displacement_ITER12 VECTORS FLOAT written                                ┃
field displacement_ITER13 VECTORS FLOAT written                                ┃
field displacement_ITER14 VECTORS FLOAT written                                ┃
field element_stresses TENSORS FLOAT written                                   ┃
field element_stresses TENSORS FLOAT written                                   ┃
Elapsed time is 0.085759 seconds.                                              ┃
━━━━━━━━━━━━━━━━━━━━━━━━━━━━━━━━━━━━━━━━━━━━━━━━━━━━━━━━━━━━━━━━━━━━━━━━━━━━━━━┛
 
START VTK-WRITING━━━━━━━━━━━━━━━━━━━━━━━━━━━━━━━━━━━━━━━━━━━━━━━━━━━━━━━━━━━━━━┓
31 nodes written                                                               ┃
43 elements written                                                            ┃
field displacement_ITER1 VECTORS FLOAT written                                 ┃
field displacement_ITER2 VECTORS FLOAT written                                 ┃
field displacement_ITER3 VECTORS FLOAT written                                 ┃
field displacement_ITER4 VECTORS FLOAT written                                 ┃
field displacement_ITER5 VECTORS FLOAT written                                 ┃
field displacement_ITER6 VECTORS FLOAT written                                 ┃
field displacement_ITER7 VECTORS FLOAT written                                 ┃
field displacement_ITER8 VECTORS FLOAT written                                 ┃
field displacement_ITER9 VECTORS FLOAT written                                 ┃
field displacement_ITER10 VECTORS FLOAT written                                ┃
field displacement_ITER11 VECTORS FLOAT written                                ┃
field displacement_ITER12 VECTORS FLOAT written                                ┃
field displacement_ITER13 VECTORS FLOAT written                                ┃
field displacement_ITER14 VECTORS FLOAT written                                ┃
field element_stresses TENSORS FLOAT written                                   ┃
field element_stresses TENSORS FLOAT written                                   ┃
Elapsed time is 0.093483 seconds.                                              ┃
━━━━━━━━━━━━━━━━━━━━━━━━━━━━━━━━━━━━━━━━━━━━━━━━━━━━━━━━━━━━━━━━━━━━━━━━━━━━━━━┛
 
START VTK-WRITING━━━━━━━━━━━━━━━━━━━━━━━━━━━━━━━━━━━━━━━━━━━━━━━━━━━━━━━━━━━━━━┓
30 nodes written                                                               ┃
42 elements written                                                            ┃
field displacement_ITER1 VECTORS FLOAT written                                 ┃
field displacement_ITER2 VECTORS FLOAT written                                 ┃
field displacement_ITER3 VECTORS FLOAT written                                 ┃
field displacement_ITER4 VECTORS FLOAT written                                 ┃
field displacement_ITER5 VECTORS FLOAT written                                 ┃
field displacement_ITER6 VECTORS FLOAT written                                 ┃
field displacement_ITER7 VECTORS FLOAT written                                 ┃
field displacement_ITER8 VECTORS FLOAT written                                 ┃
field displacement_ITER9 VECTORS FLOAT written                                 ┃
field displacement_ITER10 VECTORS FLOAT written                                ┃
field displacement_ITER11 VECTORS FLOAT written                                ┃
field displacement_ITER12 VECTORS FLOAT written                                ┃
field displacement_ITER13 VECTORS FLOAT written                                ┃
field displacement_ITER14 VECTORS FLOAT written                                ┃
field element_stresses TENSORS FLOAT written                                   ┃
field element_stresses TENSORS FLOAT written                                   ┃
Elapsed time is 0.074103 seconds.                                              ┃
━━━━━━━━━━━━━━━━━━━━━━━━━━━━━━━━━━━━━━━━━━━━━━━━━━━━━━━━━━━━━━━━━━━━━━━━━━━━━━━┛
 
START VTK-WRITING━━━━━━━━━━━━━━━━━━━━━━━━━━━━━━━━━━━━━━━━━━━━━━━━━━━━━━━━━━━━━━┓
31 nodes written                                                               ┃
42 elements written                                                            ┃
field displacement_ITER1 VECTORS FLOAT written                                 ┃
field displacement_ITER2 VECTORS FLOAT written                                 ┃
field displacement_ITER3 VECTORS FLOAT written                                 ┃
field displacement_ITER4 VECTORS FLOAT written                                 ┃
field displacement_ITER5 VECTORS FLOAT written                                 ┃
field displacement_ITER6 VECTORS FLOAT written                                 ┃
field displacement_ITER7 VECTORS FLOAT written                                 ┃
field displacement_ITER8 VECTORS FLOAT written                                 ┃
field displacement_ITER9 VECTORS FLOAT written                                 ┃
field displacement_ITER10 VECTORS FLOAT written                                ┃
field displacement_ITER11 VECTORS FLOAT written                                ┃
field displacement_ITER12 VECTORS FLOAT written                                ┃
field displacement_ITER13 VECTORS FLOAT written                                ┃
field displacement_ITER14 VECTORS FLOAT written                                ┃
field element_stresses TENSORS FLOAT written                                   ┃
field element_stresses TENSORS FLOAT written                                   ┃
Elapsed time is 0.086486 seconds.                                              ┃
━━━━━━━━━━━━━━━━━━━━━━━━━━━━━━━━━━━━━━━━━━━━━━━━━━━━━━━━━━━━━━━━━━━━━━━━━━━━━━━┛
 
START VTK-WRITING━━━━━━━━━━━━━━━━━━━━━━━━━━━━━━━━━━━━━━━━━━━━━━━━━━━━━━━━━━━━━━┓
33 nodes written                                                               ┃
43 elements written                                                            ┃
field displacement_ITER1 VECTORS FLOAT written                                 ┃
field displacement_ITER2 VECTORS FLOAT written                                 ┃
field displacement_ITER3 VECTORS FLOAT written                                 ┃
field displacement_ITER4 VECTORS FLOAT written                                 ┃
field displacement_ITER5 VECTORS FLOAT written                                 ┃
field displacement_ITER6 VECTORS FLOAT written                                 ┃
field displacement_ITER7 VECTORS FLOAT written                                 ┃
field displacement_ITER8 VECTORS FLOAT written                                 ┃
field displacement_ITER9 VECTORS FLOAT written                                 ┃
field displacement_ITER10 VECTORS FLOAT written                                ┃
field displacement_ITER11 VECTORS FLOAT written                                ┃
field displacement_ITER12 VECTORS FLOAT written                                ┃
field displacement_ITER13 VECTORS FLOAT written                                ┃
field displacement_ITER14 VECTORS FLOAT written                                ┃
field element_stresses TENSORS FLOAT written                                   ┃
field element_stresses TENSORS FLOAT written                                   ┃
Elapsed time is 0.079179 seconds.                                              ┃
━━━━━━━━━━━━━━━━━━━━━━━━━━━━━━━━━━━━━━━━━━━━━━━━━━━━━━━━━━━━━━━━━━━━━━━━━━━━━━━┛
 
START VTK-WRITING━━━━━━━━━━━━━━━━━━━━━━━━━━━━━━━━━━━━━━━━━━━━━━━━━━━━━━━━━━━━━━┓
32 nodes written                                                               ┃
42 elements written                                                            ┃
field displacement_ITER1 VECTORS FLOAT written                                 ┃
field displacement_ITER2 VECTORS FLOAT written                                 ┃
field displacement_ITER3 VECTORS FLOAT written                                 ┃
field displacement_ITER4 VECTORS FLOAT written                                 ┃
field displacement_ITER5 VECTORS FLOAT written                                 ┃
field displacement_ITER6 VECTORS FLOAT written                                 ┃
field displacement_ITER7 VECTORS FLOAT written                                 ┃
field displacement_ITER8 VECTORS FLOAT written                                 ┃
field displacement_ITER9 VECTORS FLOAT written                                 ┃
field displacement_ITER10 VECTORS FLOAT written                                ┃
field displacement_ITER11 VECTORS FLOAT written                                ┃
field displacement_ITER12 VECTORS FLOAT written                                ┃
field displacement_ITER13 VECTORS FLOAT written                                ┃
field displacement_ITER14 VECTORS FLOAT written                                ┃
field element_stresses TENSORS FLOAT written                                   ┃
field element_stresses TENSORS FLOAT written                                   ┃
Elapsed time is 0.084234 seconds.                                              ┃
━━━━━━━━━━━━━━━━━━━━━━━━━━━━━━━━━━━━━━━━━━━━━━━━━━━━━━━━━━━━━━━━━━━━━━━━━━━━━━━┛
 
START VTK-WRITING━━━━━━━━━━━━━━━━━━━━━━━━━━━━━━━━━━━━━━━━━━━━━━━━━━━━━━━━━━━━━━┓
31 nodes written                                                               ┃
42 elements written                                                            ┃
field displacement_ITER1 VECTORS FLOAT written                                 ┃
field displacement_ITER2 VECTORS FLOAT written                                 ┃
field displacement_ITER3 VECTORS FLOAT written                                 ┃
field displacement_ITER4 VECTORS FLOAT written                                 ┃
field displacement_ITER5 VECTORS FLOAT written                                 ┃
field displacement_ITER6 VECTORS FLOAT written                                 ┃
field displacement_ITER7 VECTORS FLOAT written                                 ┃
field displacement_ITER8 VECTORS FLOAT written                                 ┃
field displacement_ITER9 VECTORS FLOAT written                                 ┃
field displacement_ITER10 VECTORS FLOAT written                                ┃
field displacement_ITER11 VECTORS FLOAT written                                ┃
field displacement_ITER12 VECTORS FLOAT written                                ┃
field displacement_ITER13 VECTORS FLOAT written                                ┃
field displacement_ITER14 VECTORS FLOAT written                                ┃
field element_stresses TENSORS FLOAT written                                   ┃
field element_stresses TENSORS FLOAT written                                   ┃
Elapsed time is 0.077122 seconds.                                              ┃
━━━━━━━━━━━━━━━━━━━━━━━━━━━━━━━━━━━━━━━━━━━━━━━━━━━━━━━━━━━━━━━━━━━━━━━━━━━━━━━┛
 
START VTK-WRITING━━━━━━━━━━━━━━━━━━━━━━━━━━━━━━━━━━━━━━━━━━━━━━━━━━━━━━━━━━━━━━┓
30 nodes written                                                               ┃
43 elements written                                                            ┃
field displacement_ITER1 VECTORS FLOAT written                                 ┃
field displacement_ITER2 VECTORS FLOAT written                                 ┃
field displacement_ITER3 VECTORS FLOAT written                                 ┃
field displacement_ITER4 VECTORS FLOAT written                                 ┃
field displacement_ITER5 VECTORS FLOAT written                                 ┃
field displacement_ITER6 VECTORS FLOAT written                                 ┃
field displacement_ITER7 VECTORS FLOAT written                                 ┃
field displacement_ITER8 VECTORS FLOAT written                                 ┃
field displacement_ITER9 VECTORS FLOAT written                                 ┃
field displacement_ITER10 VECTORS FLOAT written                                ┃
field displacement_ITER11 VECTORS FLOAT written                                ┃
field displacement_ITER12 VECTORS FLOAT written                                ┃
field displacement_ITER13 VECTORS FLOAT written                                ┃
field displacement_ITER14 VECTORS FLOAT written                                ┃
field element_stresses TENSORS FLOAT written                                   ┃
field element_stresses TENSORS FLOAT written                                   ┃
Elapsed time is 0.091432 seconds.                                              ┃
━━━━━━━━━━━━━━━━━━━━━━━━━━━━━━━━━━━━━━━━━━━━━━━━━━━━━━━━━━━━━━━━━━━━━━━━━━━━━━━┛
 
START VTK-WRITING━━━━━━━━━━━━━━━━━━━━━━━━━━━━━━━━━━━━━━━━━━━━━━━━━━━━━━━━━━━━━━┓
32 nodes written                                                               ┃
43 elements written                                                            ┃
field displacement_ITER1 VECTORS FLOAT written                                 ┃
field displacement_ITER2 VECTORS FLOAT written                                 ┃
field displacement_ITER3 VECTORS FLOAT written                                 ┃
field displacement_ITER4 VECTORS FLOAT written                                 ┃
field displacement_ITER5 VECTORS FLOAT written                                 ┃
field displacement_ITER6 VECTORS FLOAT written                                 ┃
field displacement_ITER7 VECTORS FLOAT written                                 ┃
field displacement_ITER8 VECTORS FLOAT written                                 ┃
field displacement_ITER9 VECTORS FLOAT written                                 ┃
field displacement_ITER10 VECTORS FLOAT written                                ┃
field displacement_ITER11 VECTORS FLOAT written                                ┃
field displacement_ITER12 VECTORS FLOAT written                                ┃
field displacement_ITER13 VECTORS FLOAT written                                ┃
field displacement_ITER14 VECTORS FLOAT written                                ┃
field element_stresses TENSORS FLOAT written                                   ┃
field element_stresses TENSORS FLOAT written                                   ┃
Elapsed time is 0.10811 seconds.                                               ┃
━━━━━━━━━━━━━━━━━━━━━━━━━━━━━━━━━━━━━━━━━━━━━━━━━━━━━━━━━━━━━━━━━━━━━━━━━━━━━━━┛
 
START VTK-WRITING━━━━━━━━━━━━━━━━━━━━━━━━━━━━━━━━━━━━━━━━━━━━━━━━━━━━━━━━━━━━━━┓
30 nodes written                                                               ┃
42 elements written                                                            ┃
field displacement_ITER1 VECTORS FLOAT written                                 ┃
field displacement_ITER2 VECTORS FLOAT written                                 ┃
field displacement_ITER3 VECTORS FLOAT written                                 ┃
field displacement_ITER4 VECTORS FLOAT written                                 ┃
field displacement_ITER5 VECTORS FLOAT written                                 ┃
field displacement_ITER6 VECTORS FLOAT written                                 ┃
field displacement_ITER7 VECTORS FLOAT written                                 ┃
field displacement_ITER8 VECTORS FLOAT written                                 ┃
field displacement_ITER9 VECTORS FLOAT written                                 ┃
field displacement_ITER10 VECTORS FLOAT written                                ┃
field displacement_ITER11 VECTORS FLOAT written                                ┃
field displacement_ITER12 VECTORS FLOAT written                                ┃
field displacement_ITER13 VECTORS FLOAT written                                ┃
field displacement_ITER14 VECTORS FLOAT written                                ┃
field element_stresses TENSORS FLOAT written                                   ┃
field element_stresses TENSORS FLOAT written                                   ┃
Elapsed time is 0.099909 seconds.                                              ┃
━━━━━━━━━━━━━━━━━━━━━━━━━━━━━━━━━━━━━━━━━━━━━━━━━━━━━━━━━━━━━━━━━━━━━━━━━━━━━━━┛
 
START VTK-WRITING━━━━━━━━━━━━━━━━━━━━━━━━━━━━━━━━━━━━━━━━━━━━━━━━━━━━━━━━━━━━━━┓
31 nodes written                                                               ┃
43 elements written                                                            ┃
field displacement_ITER1 VECTORS FLOAT written                                 ┃
field displacement_ITER2 VECTORS FLOAT written                                 ┃
field displacement_ITER3 VECTORS FLOAT written                                 ┃
field displacement_ITER4 VECTORS FLOAT written                                 ┃
field displacement_ITER5 VECTORS FLOAT written                                 ┃
field displacement_ITER6 VECTORS FLOAT written                                 ┃
field displacement_ITER7 VECTORS FLOAT written                                 ┃
field displacement_ITER8 VECTORS FLOAT written                                 ┃
field displacement_ITER9 VECTORS FLOAT written                                 ┃
field displacement_ITER10 VECTORS FLOAT written                                ┃
field displacement_ITER11 VECTORS FLOAT written                                ┃
field displacement_ITER12 VECTORS FLOAT written                                ┃
field displacement_ITER13 VECTORS FLOAT written                                ┃
field displacement_ITER14 VECTORS FLOAT written                                ┃
field element_stresses TENSORS FLOAT written                                   ┃
field element_stresses TENSORS FLOAT written                                   ┃
Elapsed time is 0.083536 seconds.                                              ┃
━━━━━━━━━━━━━━━━━━━━━━━━━━━━━━━━━━━━━━━━━━━━━━━━━━━━━━━━━━━━━━━━━━━━━━━━━━━━━━━┛
 
START VTK-WRITING━━━━━━━━━━━━━━━━━━━━━━━━━━━━━━━━━━━━━━━━━━━━━━━━━━━━━━━━━━━━━━┓
31 nodes written                                                               ┃
42 elements written                                                            ┃
field displacement_ITER1 VECTORS FLOAT written                                 ┃
field displacement_ITER2 VECTORS FLOAT written                                 ┃
field displacement_ITER3 VECTORS FLOAT written                                 ┃
field displacement_ITER4 VECTORS FLOAT written                                 ┃
field displacement_ITER5 VECTORS FLOAT written                                 ┃
field displacement_ITER6 VECTORS FLOAT written                                 ┃
field displacement_ITER7 VECTORS FLOAT written                                 ┃
field displacement_ITER8 VECTORS FLOAT written                                 ┃
field displacement_ITER9 VECTORS FLOAT written                                 ┃
field displacement_ITER10 VECTORS FLOAT written                                ┃
field displacement_ITER11 VECTORS FLOAT written                                ┃
field displacement_ITER12 VECTORS FLOAT written                                ┃
field displacement_ITER13 VECTORS FLOAT written                                ┃
field displacement_ITER14 VECTORS FLOAT written                                ┃
field element_stresses TENSORS FLOAT written                                   ┃
field element_stresses TENSORS FLOAT written                                   ┃
Elapsed time is 0.079101 seconds.                                              ┃
━━━━━━━━━━━━━━━━━━━━━━━━━━━━━━━━━━━━━━━━━━━━━━━━━━━━━━━━━━━━━━━━━━━━━━━━━━━━━━━┛
 
START VTK-WRITING━━━━━━━━━━━━━━━━━━━━━━━━━━━━━━━━━━━━━━━━━━━━━━━━━━━━━━━━━━━━━━┓
31 nodes written                                                               ┃
42 elements written                                                            ┃
field displacement_ITER1 VECTORS FLOAT written                                 ┃
field displacement_ITER2 VECTORS FLOAT written                                 ┃
field displacement_ITER3 VECTORS FLOAT written                                 ┃
field displacement_ITER4 VECTORS FLOAT written                                 ┃
field displacement_ITER5 VECTORS FLOAT written                                 ┃
field displacement_ITER6 VECTORS FLOAT written                                 ┃
field displacement_ITER7 VECTORS FLOAT written                                 ┃
field displacement_ITER8 VECTORS FLOAT written                                 ┃
field displacement_ITER9 VECTORS FLOAT written                                 ┃
field displacement_ITER10 VECTORS FLOAT written                                ┃
field displacement_ITER11 VECTORS FLOAT written                                ┃
field displacement_ITER12 VECTORS FLOAT written                                ┃
field displacement_ITER13 VECTORS FLOAT written                                ┃
field displacement_ITER14 VECTORS FLOAT written                                ┃
field element_stresses TENSORS FLOAT written                                   ┃
field element_stresses TENSORS FLOAT written                                   ┃
Elapsed time is 0.083792 seconds.                                              ┃
━━━━━━━━━━━━━━━━━━━━━━━━━━━━━━━━━━━━━━━━━━━━━━━━━━━━━━━━━━━━━━━━━━━━━━━━━━━━━━━┛
 
START VTK-WRITING━━━━━━━━━━━━━━━━━━━━━━━━━━━━━━━━━━━━━━━━━━━━━━━━━━━━━━━━━━━━━━┓
30 nodes written                                                               ┃
43 elements written                                                            ┃
field displacement_ITER1 VECTORS FLOAT written                                 ┃
field displacement_ITER2 VECTORS FLOAT written                                 ┃
field displacement_ITER3 VECTORS FLOAT written                                 ┃
field displacement_ITER4 VECTORS FLOAT written                                 ┃
field displacement_ITER5 VECTORS FLOAT written                                 ┃
field displacement_ITER6 VECTORS FLOAT written                                 ┃
field displacement_ITER7 VECTORS FLOAT written                                 ┃
field displacement_ITER8 VECTORS FLOAT written                                 ┃
field displacement_ITER9 VECTORS FLOAT written                                 ┃
field displacement_ITER10 VECTORS FLOAT written                                ┃
field displacement_ITER11 VECTORS FLOAT written                                ┃
field displacement_ITER12 VECTORS FLOAT written                                ┃
field displacement_ITER13 VECTORS FLOAT written                                ┃
field displacement_ITER14 VECTORS FLOAT written                                ┃
field element_stresses TENSORS FLOAT written                                   ┃
field element_stresses TENSORS FLOAT written                                   ┃
Elapsed time is 0.080736 seconds.                                              ┃
━━━━━━━━━━━━━━━━━━━━━━━━━━━━━━━━━━━━━━━━━━━━━━━━━━━━━━━━━━━━━━━━━━━━━━━━━━━━━━━┛
 
START DIS READING━━━━━━━━━━━━━━━━━━━━━━━━━━━━━━━━━━━━━━━━━━━━━━━━━━━━━━━━━━━━━━┓
Elapsed time is 0.21982 seconds.                                               ┃
━━━━━━━━━━━━━━━━━━━━━━━━━━━━━━━━━━━━━━━━━━━━━━━━━━━━━━━━━━━━━━━━━━━━━━━━━━━━━━━┛
 
START POSTPROCESSING━━━━━━━━━━━━━━━━━━━━━━━━━━━━━━━━━━━━━━━━━━━━━━━━━━━━━━━━━━━┓
element stresses processed                                                     ┃
Elapsed time is 0.43323 seconds.                                               ┃
━━━━━━━━━━━━━━━━━━━━━━━━━━━━━━━━━━━━━━━━━━━━━━━━━━━━━━━━━━━━━━━━━━━━━━━━━━━━━━━┛
 
START VTK-WRITING━━━━━━━━━━━━━━━━━━━━━━━━━━━━━━━━━━━━━━━━━━━━━━━━━━━━━━━━━━━━━━┓
814 nodes written                                                              ┃
1530 elements written                                                          ┃
field CONDID_1 SCALARS FLOAT written                                           ┃
field CONDID_2 SCALARS FLOAT written                                           ┃
field CONDID_3 SCALARS FLOAT written                                           ┃
field displacement VECTORS FLOAT written                                       ┃
field MATID_1 SCALARS FLOAT written                                            ┃
field MATID_2 SCALARS FLOAT written                                            ┃
field SUB_ID SCALARS FLOAT written                                             ┃
field SubCenter_Diff VECTORS FLOAT written                                     ┃
Elapsed time is 0.94171 seconds.                                               ┃
━━━━━━━━━━━━━━━━━━━━━━━━━━━━━━━━━━━━━━━━━━━━━━━━━━━━━━━━━━━━━━━━━━━━━━━━━━━━━━━┛
 
INFO━━━━━━━━━━━━━━━━━━━━━━━━━━━━━━━━━━━━━━━━━━━━━━━━━━━━━━━━━━━━━━━━━━━━━━━━━━━┓
dat   -file:                                                                   ┃
mesh  -file: ./taudevelopment/../mesh_chaco_tri.msh                            ┃
output-file: ./taudevelopment/output/vtk/chaco_fetis.vtk.1                     ┃
matlab-version: 9.0.0.341360 (R2016a)                                          ┃
calculated on : 05-Sep-2016 by lukas on xubuntu                                ┃
git-hash: unknown                                                              ┃
━━━━━━━━━━━━━━━━━━━━━━━━━━━━━━━━━━━━━━━━━━━━━━━━━━━━━━━━━━━━━━━━━━━━━━━━━━━━━━━┛
 
