━━━━━━━━━━━━━━━━━━━━━━━━━━━━━━━━━━━━━━━━━━━━━━━━━━━━━━━━━━━━━━━━━━━━━━━━━━━━━━━┓
      ______________  ______   ______            __  ______    _____   __      ┃
     / ____/ ____/  |/  /   | / ____/           /  |/  /   |  /  _/ | / /      ┃
    / /_  / __/ / /|_/ / /| |/ /      ______   / /|_/ / /| |  / //  |/ /       ┃
   / __/ / /___/ /  / / ___ / /___   /_____/  / /  / / ___ |_/ // /|  /        ┃
  /_/   /_____/_/  /_/_/  |_\____/           /_/  /_/_/  |_/___/_/ |_/         ┃
  ©Lehrstuhl fuer Angewandte Mechanik - Technische Universitaet Muenchnen      ┃
━━━━━━━━━━━━━━━━━━━━━━━━━━━━━━━━━━━━━━━━━━━━━━━━━━━━━━━━━━━━━━━━━━━━━━━━━━━━━━━┛
 
START DIS READING━━━━━━━━━━━━━━━━━━━━━━━━━━━━━━━━━━━━━━━━━━━━━━━━━━━━━━━━━━━━━━┓
Elapsed time is 0.085704 seconds.                                              ┃
━━━━━━━━━━━━━━━━━━━━━━━━━━━━━━━━━━━━━━━━━━━━━━━━━━━━━━━━━━━━━━━━━━━━━━━━━━━━━━━┛
 
START RESOLVING CONDITIONS━━━━━━━━━━━━━━━━━━━━━━━━━━━━━━━━━━━━━━━━━━━━━━━━━━━━━┓
resolving dirichlet condition: ID:1 MSHTAG:1                                   ┃
resolving neumann   condition: ID:2 MSHTAG:3                                   ┃
Elapsed time is 0.4707 seconds.                                                ┃
━━━━━━━━━━━━━━━━━━━━━━━━━━━━━━━━━━━━━━━━━━━━━━━━━━━━━━━━━━━━━━━━━━━━━━━━━━━━━━━┛
 
RESOLVE FETI MANAGER━━━━━━━━━━━━━━━━━━━━━━━━━━━━━━━━━━━━━━━━━━━━━━━━━━━━━━━━━━━┓
12 subtructures created                                                        ┃
substructures resolved                                                         ┃
substructures evaluated                                                        ┃
connectivity matrices created                                                  ┃
Elapsed time is 2.2707 seconds.                                                ┃
━━━━━━━━━━━━━━━━━━━━━━━━━━━━━━━━━━━━━━━━━━━━━━━━━━━━━━━━━━━━━━━━━━━━━━━━━━━━━━━┛
 
APPLY KINEMATIC CONDITIONS ON SUBSTRUCTURES━━━━━━━━━━━━━━━━━━━━━━━━━━━━━━━━━━━━┓
Dirichlet conditions detected on substructures: 1   3   5   6   7   8   9  10  12
Neumann   conditions detected on substructures: 3  4  5                        ┃
Elapsed time is 0.047392 seconds.                                              ┃
━━━━━━━━━━━━━━━━━━━━━━━━━━━━━━━━━━━━━━━━━━━━━━━━━━━━━━━━━━━━━━━━━━━━━━━━━━━━━━━┛
 
FETI Base Setup━━━━━━━━━━━━━━━━━━━━━━━━━━━━━━━━━━━━━━━━━━━━━━━━━━━━━━━━━━━━━━━━┓
[Warning: Matrix is singular to working precision.] 
[> In <a href="matlab:matlab.internal.language.introspective.errorDocCallback('FETIBaseSolver/SetupBase', '/home/lukas/Desktop/SA_Thesis/FEMAC/solver/FETIBaseSolver.m', 201)" style="font-weight:bold">FETIBaseSolver/SetupBase</a> (<a href="matlab: opentoline('/home/lukas/Desktop/SA_Thesis/FEMAC/solver/FETIBaseSolver.m',201,0)">line 201</a>)
  In <a href="matlab:matlab.internal.language.introspective.errorDocCallback('FETIASSolver/Setup', '/home/lukas/Desktop/SA_Thesis/FEMAC/solver/FETIASSolver.m', 36)" style="font-weight:bold">FETIASSolver/Setup</a> (<a href="matlab: opentoline('/home/lukas/Desktop/SA_Thesis/FEMAC/solver/FETIASSolver.m',36,0)">line 36</a>)
  In <a href="matlab:matlab.internal.language.introspective.errorDocCallback('FETIBaseSolver/InitSolve', '/home/lukas/Desktop/SA_Thesis/FEMAC/solver/FETIBaseSolver.m', 306)" style="font-weight:bold">FETIBaseSolver/InitSolve</a> (<a href="matlab: opentoline('/home/lukas/Desktop/SA_Thesis/FEMAC/solver/FETIBaseSolver.m',306,0)">line 306</a>)
  In <a href="matlab:matlab.internal.language.introspective.errorDocCallback('FETIASSolver/Solve', '/home/lukas/Desktop/SA_Thesis/FEMAC/solver/FETIASSolver.m', 73)" style="font-weight:bold">FETIASSolver/Solve</a> (<a href="matlab: opentoline('/home/lukas/Desktop/SA_Thesis/FEMAC/solver/FETIASSolver.m',73,0)">line 73</a>)
  In <a href="matlab:matlab.internal.language.introspective.errorDocCallback('ProblemBaseMain/Work', '/home/lukas/Desktop/SA_Thesis/FEMAC/prob/ProblemBaseMain.m', 115)" style="font-weight:bold">ProblemBaseMain/Work</a> (<a href="matlab: opentoline('/home/lukas/Desktop/SA_Thesis/FEMAC/prob/ProblemBaseMain.m',115,0)">line 115</a>)
  In <a href="matlab:matlab.internal.language.introspective.errorDocCallback('ProblemFETIMain/Work', '/home/lukas/Desktop/SA_Thesis/FEMAC/prob/ProblemFETIMain.m', 47)" style="font-weight:bold">ProblemFETIMain/Work</a> (<a href="matlab: opentoline('/home/lukas/Desktop/SA_Thesis/FEMAC/prob/ProblemFETIMain.m',47,0)">line 47</a>)
  In <a href="matlab:matlab.internal.language.introspective.errorDocCallback('femac_main', '/home/lukas/Desktop/SA_Thesis/FEMAC/femac_main.m', 47)" style="font-weight:bold">femac_main</a> (<a href="matlab: opentoline('/home/lukas/Desktop/SA_Thesis/FEMAC/femac_main.m',47,0)">line 47</a>)] 
Scaling: kscaling                                                              ┃
Preconditioner: Lumped                                                         ┃
FETISSolver.FETISSolver: rigid body modes of substructures: 0  3  0  3  0  0  0  0  0  0  3  0
Elapsed time is 0.18171 seconds.                                               ┃
━━━━━━━━━━━━━━━━━━━━━━━━━━━━━━━━━━━━━━━━━━━━━━━━━━━━━━━━━━━━━━━━━━━━━━━━━━━━━━━┛
 
START FETI-AS SETUP━━━━━━━━━━━━━━━━━━━━━━━━━━━━━━━━━━━━━━━━━━━━━━━━━━━━━━━━━━━━┓
FETISSolver.FETISSolver: rigid body modes of substructures: 0  3  0  3  0  0  0  0  0  0  3  0
A-matrix taken as unity matrix                                                 ┃
Elapsed time is 0.024676 seconds.                                              ┃
━━━━━━━━━━━━━━━━━━━━━━━━━━━━━━━━━━━━━━━━━━━━━━━━━━━━━━━━━━━━━━━━━━━━━━━━━━━━━━━┛
 
INITIALIZE SOLVER━━━━━━━━━━━━━━━━━━━━━━━━━━━━━━━━━━━━━━━━━━━━━━━━━━━━━━━━━━━━━━┓
Using assembled FI operator!                                                   ┃
No Auxiliary Coarse Grid
Coarse Grid C_ IS empty!                                                       ┃
Check: Error of substructure equilibrium: 3.1563e-17                           ┃
Elapsed time is 0.005351 seconds.                                              ┃
━━━━━━━━━━━━━━━━━━━━━━━━━━━━━━━━━━━━━━━━━━━━━━━━━━━━━━━━━━━━━━━━━━━━━━━━━━━━━━━┛
 
Check: r projected into N coarse-space: 9.2547e-18                             ┃
Check: W projected into N coarse-space: 4.3184e-14                             ┃
START FETI-AS ITERATIONS━━━━━━━━━━━━━━━━━━━━━━━━━━━━━━━━━━━━━━━━━━━━━━━━━━━━━━━┓
Check: Error of substructure equilibrium: 6.3025e-17                           ┃
Check: r projected into N coarse-space: 6.0697e-18                             ┃
Check: W projected into N coarse-space: 2.0155e-14                             ┃
current residuum: 3.6993                                                       ┃
Check: Error of substructure equilibrium: 7.656e-17                            ┃
Check: r projected into N coarse-space: 5.4454e-18                             ┃
Check: W projected into N coarse-space: 4.9759e-14                             ┃
current residuum: 1.7625                                                       ┃
Check: Error of substructure equilibrium: 1.0472e-16                           ┃
Check: r projected into N coarse-space: 4.3648e-18                             ┃
Check: W projected into N coarse-space: 2.811e-14                              ┃
current residuum: 1.0032                                                       ┃
Check: Error of substructure equilibrium: 1.0877e-16                           ┃
Check: r projected into N coarse-space: 4.4768e-18                             ┃
Check: W projected into N coarse-space: 7.6731e-15                             ┃
current residuum: 0.41835                                                      ┃
Check: Error of substructure equilibrium: 1.2494e-16                           ┃
Check: r projected into N coarse-space: 4.4608e-18                             ┃
Check: W projected into N coarse-space: 6.7422e-15                             ┃
current residuum: 0.29353                                                      ┃
Check: Error of substructure equilibrium: 1.1498e-16                           ┃
Check: r projected into N coarse-space: 4.3552e-18                             ┃
Check: W projected into N coarse-space: 1.9766e-15                             ┃
current residuum: 0.16512                                                      ┃
Check: Error of substructure equilibrium: 1.4288e-16                           ┃
Check: r projected into N coarse-space: 4.3644e-18                             ┃
Check: W projected into N coarse-space: 1.447e-15                              ┃
current residuum: 0.099895                                                     ┃
Check: Error of substructure equilibrium: 1.1346e-16                           ┃
Check: r projected into N coarse-space: 4.3065e-18                             ┃
Check: W projected into N coarse-space: 7.22e-16                               ┃
current residuum: 0.066741                                                     ┃
Check: Error of substructure equilibrium: 1.1162e-16                           ┃
Check: r projected into N coarse-space: 4.2945e-18                             ┃
Check: W projected into N coarse-space: 9.2322e-16                             ┃
current residuum: 0.044982                                                     ┃
Check: Error of substructure equilibrium: 1.258e-16                            ┃
Check: r projected into N coarse-space: 4.2915e-18                             ┃
Check: W projected into N coarse-space: 7.0069e-16                             ┃
current residuum: 0.035566                                                     ┃
Check: Error of substructure equilibrium: 1.6036e-16                           ┃
Check: r projected into N coarse-space: 4.2844e-18                             ┃
Check: W projected into N coarse-space: 3.0472e-16                             ┃
current residuum: 0.022034                                                     ┃
Check: Error of substructure equilibrium: 1.5276e-16                           ┃
Check: r projected into N coarse-space: 4.3045e-18                             ┃
Check: W projected into N coarse-space: 2.0631e-16                             ┃
current residuum: 0.016701                                                     ┃
Check: Error of substructure equilibrium: 1.3902e-16                           ┃
Check: r projected into N coarse-space: 4.2965e-18                             ┃
Check: W projected into N coarse-space: 1.4291e-16                             ┃
current residuum: 0.013358                                                     ┃
Check: Error of substructure equilibrium: 1.2067e-16                           ┃
Check: r projected into N coarse-space: 4.2915e-18                             ┃
Check: W projected into N coarse-space: 1.5765e-16                             ┃
current residuum: 0.011731                                                     ┃
Check: Error of substructure equilibrium: 1.3891e-16                           ┃
Check: r projected into N coarse-space: 4.2842e-18                             ┃
Check: W projected into N coarse-space: 1.384e-16                              ┃
current residuum: 0.0089406                                                    ┃
Check: Error of substructure equilibrium: 1.427e-16                            ┃
Check: r projected into N coarse-space: 4.2814e-18                             ┃
Check: W projected into N coarse-space: 7.7978e-17                             ┃
current residuum: 0.0055499                                                    ┃
Check: Error of substructure equilibrium: 1.3102e-16                           ┃
Check: r projected into N coarse-space: 4.2804e-18                             ┃
Check: W projected into N coarse-space: 4.5367e-17                             ┃
current residuum: 0.0033057                                                    ┃
Check: Error of substructure equilibrium: 1.2264e-16                           ┃
Check: r projected into N coarse-space: 4.282e-18                              ┃
Check: W projected into N coarse-space: 3.0167e-17                             ┃
current residuum: 0.0022761                                                    ┃
Check: Error of substructure equilibrium: 1.4605e-16                           ┃
Check: r projected into N coarse-space: 4.2814e-18                             ┃
Check: W projected into N coarse-space: 2.2252e-17                             ┃
current residuum: 0.0016142                                                    ┃
Check: Error of substructure equilibrium: 1.3109e-16                           ┃
Check: r projected into N coarse-space: 4.281e-18                              ┃
Check: W projected into N coarse-space: 1.3214e-17                             ┃
current residuum: 0.00080543                                                   ┃
Check: Error of substructure equilibrium: 1.5879e-16                           ┃
Check: r projected into N coarse-space: 4.2807e-18                             ┃
Check: W projected into N coarse-space: 7.1354e-18                             ┃
current residuum: 0.00039057                                                   ┃
Check: Error of substructure equilibrium: 1.2281e-16                           ┃
Check: r projected into N coarse-space: 4.2808e-18                             ┃
Check: W projected into N coarse-space: 3.7385e-18                             ┃
current residuum: 0.00019361                                                   ┃
Check: Error of substructure equilibrium: 1.3504e-16                           ┃
Check: r projected into N coarse-space: 4.2807e-18                             ┃
Check: W projected into N coarse-space: 9.4547e-19                             ┃
current residuum: 5.8035e-05                                                   ┃
Check: Error of substructure equilibrium: 1.3282e-16                           ┃
Check: r projected into N coarse-space: 4.2807e-18                             ┃
Check: W projected into N coarse-space: 3.9476e-19                             ┃
current residuum: 1.1591e-05                                                   ┃
Check: Error of substructure equilibrium: 1.4577e-16                           ┃
Check: r projected into N coarse-space: 4.2807e-18                             ┃
Check: W projected into N coarse-space: 2.3552e-22                             ┃
current residuum: 5.0111e-11                                                   ┃
Residual = 5.0111e-11                                                          ┃
after 25 FETI-AS iterations with 13  13  13  13  13  13  13  13  13  13  13  13  13  13  13  13  13  13  13  13  13  13  13  12   1 search directions
Elapsed time is 0.67159 seconds.                                               ┃
━━━━━━━━━━━━━━━━━━━━━━━━━━━━━━━━━━━━━━━━━━━━━━━━━━━━━━━━━━━━━━━━━━━━━━━━━━━━━━━┛
 
RECOVER DOMAIN SOLUTION━━━━━━━━━━━━━━━━━━━━━━━━━━━━━━━━━━━━━━━━━━━━━━━━━━━━━━━━┓
Elapsed time is 0.005039 seconds.                                              ┃
━━━━━━━━━━━━━━━━━━━━━━━━━━━━━━━━━━━━━━━━━━━━━━━━━━━━━━━━━━━━━━━━━━━━━━━━━━━━━━━┛
 
RECOVER DOMAIN SOLUTION━━━━━━━━━━━━━━━━━━━━━━━━━━━━━━━━━━━━━━━━━━━━━━━━━━━━━━━━┓
Elapsed time is 0.005675 seconds.                                              ┃
━━━━━━━━━━━━━━━━━━━━━━━━━━━━━━━━━━━━━━━━━━━━━━━━━━━━━━━━━━━━━━━━━━━━━━━━━━━━━━━┛
 
