━━━━━━━━━━━━━━━━━━━━━━━━━━━━━━━━━━━━━━━━━━━━━━━━━━━━━━━━━━━━━━━━━━━━━━━━━━━━━━━┓
      ______________  ______   ______            __  ______    _____   __      ┃
     / ____/ ____/  |/  /   | / ____/           /  |/  /   |  /  _/ | / /      ┃
    / /_  / __/ / /|_/ / /| |/ /      ______   / /|_/ / /| |  / //  |/ /       ┃
   / __/ / /___/ /  / / ___ / /___   /_____/  / /  / / ___ |_/ // /|  /        ┃
  /_/   /_____/_/  /_/_/  |_\____/           /_/  /_/_/  |_/___/_/ |_/         ┃
  ©Lehrstuhl fuer Angewandte Mechanik - Technische Universitaet Muenchnen      ┃
━━━━━━━━━━━━━━━━━━━━━━━━━━━━━━━━━━━━━━━━━━━━━━━━━━━━━━━━━━━━━━━━━━━━━━━━━━━━━━━┛
 
START DIS READING━━━━━━━━━━━━━━━━━━━━━━━━━━━━━━━━━━━━━━━━━━━━━━━━━━━━━━━━━━━━━━┓
Elapsed time is 0.09347 seconds.                                               ┃
━━━━━━━━━━━━━━━━━━━━━━━━━━━━━━━━━━━━━━━━━━━━━━━━━━━━━━━━━━━━━━━━━━━━━━━━━━━━━━━┛
 
START RESOLVING CONDITIONS━━━━━━━━━━━━━━━━━━━━━━━━━━━━━━━━━━━━━━━━━━━━━━━━━━━━━┓
resolving dirichlet condition: ID:1 MSHTAG:1                                   ┃
resolving neumann   condition: ID:2 MSHTAG:3                                   ┃
Elapsed time is 0.47739 seconds.                                               ┃
━━━━━━━━━━━━━━━━━━━━━━━━━━━━━━━━━━━━━━━━━━━━━━━━━━━━━━━━━━━━━━━━━━━━━━━━━━━━━━━┛
 
RESOLVE FETI MANAGER━━━━━━━━━━━━━━━━━━━━━━━━━━━━━━━━━━━━━━━━━━━━━━━━━━━━━━━━━━━┓
12 subtructures created                                                        ┃
substructures resolved                                                         ┃
substructures evaluated                                                        ┃
connectivity matrices created                                                  ┃
Elapsed time is 2.3237 seconds.                                                ┃
━━━━━━━━━━━━━━━━━━━━━━━━━━━━━━━━━━━━━━━━━━━━━━━━━━━━━━━━━━━━━━━━━━━━━━━━━━━━━━━┛
 
APPLY KINEMATIC CONDITIONS ON SUBSTRUCTURES━━━━━━━━━━━━━━━━━━━━━━━━━━━━━━━━━━━━┓
Dirichlet conditions detected on substructures: 1   3   5   6   7   8   9  10  12
Neumann   conditions detected on substructures: 3  4  5                        ┃
Elapsed time is 0.043176 seconds.                                              ┃
━━━━━━━━━━━━━━━━━━━━━━━━━━━━━━━━━━━━━━━━━━━━━━━━━━━━━━━━━━━━━━━━━━━━━━━━━━━━━━━┛
 
FETI Base Setup━━━━━━━━━━━━━━━━━━━━━━━━━━━━━━━━━━━━━━━━━━━━━━━━━━━━━━━━━━━━━━━━┓
[Warning: Matrix is singular to working precision.] 
[> In <a href="matlab:matlab.internal.language.introspective.errorDocCallback('FETIBaseSolver/SetupBase', '/home/lukas/Desktop/SA_Thesis/FEMAC/solver/FETIBaseSolver.m', 201)" style="font-weight:bold">FETIBaseSolver/SetupBase</a> (<a href="matlab: opentoline('/home/lukas/Desktop/SA_Thesis/FEMAC/solver/FETIBaseSolver.m',201,0)">line 201</a>)
  In <a href="matlab:matlab.internal.language.introspective.errorDocCallback('FETIASSolver/Setup', '/home/lukas/Desktop/SA_Thesis/FEMAC/solver/FETIASSolver.m', 36)" style="font-weight:bold">FETIASSolver/Setup</a> (<a href="matlab: opentoline('/home/lukas/Desktop/SA_Thesis/FEMAC/solver/FETIASSolver.m',36,0)">line 36</a>)
  In <a href="matlab:matlab.internal.language.introspective.errorDocCallback('FETIBaseSolver/InitSolve', '/home/lukas/Desktop/SA_Thesis/FEMAC/solver/FETIBaseSolver.m', 306)" style="font-weight:bold">FETIBaseSolver/InitSolve</a> (<a href="matlab: opentoline('/home/lukas/Desktop/SA_Thesis/FEMAC/solver/FETIBaseSolver.m',306,0)">line 306</a>)
  In <a href="matlab:matlab.internal.language.introspective.errorDocCallback('FETIASSolver/Solve', '/home/lukas/Desktop/SA_Thesis/FEMAC/solver/FETIASSolver.m', 73)" style="font-weight:bold">FETIASSolver/Solve</a> (<a href="matlab: opentoline('/home/lukas/Desktop/SA_Thesis/FEMAC/solver/FETIASSolver.m',73,0)">line 73</a>)
  In <a href="matlab:matlab.internal.language.introspective.errorDocCallback('ProblemBaseMain/Work', '/home/lukas/Desktop/SA_Thesis/FEMAC/prob/ProblemBaseMain.m', 115)" style="font-weight:bold">ProblemBaseMain/Work</a> (<a href="matlab: opentoline('/home/lukas/Desktop/SA_Thesis/FEMAC/prob/ProblemBaseMain.m',115,0)">line 115</a>)
  In <a href="matlab:matlab.internal.language.introspective.errorDocCallback('ProblemFETIMain/Work', '/home/lukas/Desktop/SA_Thesis/FEMAC/prob/ProblemFETIMain.m', 47)" style="font-weight:bold">ProblemFETIMain/Work</a> (<a href="matlab: opentoline('/home/lukas/Desktop/SA_Thesis/FEMAC/prob/ProblemFETIMain.m',47,0)">line 47</a>)
  In <a href="matlab:matlab.internal.language.introspective.errorDocCallback('femac_main', '/home/lukas/Desktop/SA_Thesis/FEMAC/femac_main.m', 47)" style="font-weight:bold">femac_main</a> (<a href="matlab: opentoline('/home/lukas/Desktop/SA_Thesis/FEMAC/femac_main.m',47,0)">line 47</a>)] 
Scaling: kscaling                                                              ┃
Preconditioner: Lumped                                                         ┃
FETISSolver.FETISSolver: rigid body modes of substructures: 0  3  0  3  0  0  0  0  0  0  3  0
Elapsed time is 0.18247 seconds.                                               ┃
━━━━━━━━━━━━━━━━━━━━━━━━━━━━━━━━━━━━━━━━━━━━━━━━━━━━━━━━━━━━━━━━━━━━━━━━━━━━━━━┛
 
START FETI-AS SETUP━━━━━━━━━━━━━━━━━━━━━━━━━━━━━━━━━━━━━━━━━━━━━━━━━━━━━━━━━━━━┓
FETISSolver.FETISSolver: rigid body modes of substructures: 0  3  0  3  0  0  0  0  0  0  3  0
A-matrix taken as unity matrix                                                 ┃
Elapsed time is 0.021905 seconds.                                              ┃
━━━━━━━━━━━━━━━━━━━━━━━━━━━━━━━━━━━━━━━━━━━━━━━━━━━━━━━━━━━━━━━━━━━━━━━━━━━━━━━┛
 
INITIALIZE SOLVER━━━━━━━━━━━━━━━━━━━━━━━━━━━━━━━━━━━━━━━━━━━━━━━━━━━━━━━━━━━━━━┓
Using assembled FI operator!                                                   ┃
No Auxiliary Coarse Grid
Coarse Grid C_ IS empty!                                                       ┃
Check: Error of substructure equilibrium: 4.4938e-17                           ┃
Elapsed time is 0.00327 seconds.                                               ┃
━━━━━━━━━━━━━━━━━━━━━━━━━━━━━━━━━━━━━━━━━━━━━━━━━━━━━━━━━━━━━━━━━━━━━━━━━━━━━━━┛
 
Check: r projected into N coarse-space: 1.2814e-17                             ┃
Check: W projected into N coarse-space: 2.5867e-12                             ┃
START FETI-AS ITERATIONS━━━━━━━━━━━━━━━━━━━━━━━━━━━━━━━━━━━━━━━━━━━━━━━━━━━━━━━┓
tau has been determined as:2072.0786 through a contraction factor of 0.999     ┃
Check: Error of substructure equilibrium: 7.1809e-17                           ┃
Check: r projected into N coarse-space: 1.2352e-17                             ┃
Check: W projected into N coarse-space: 2.3604e-12                             ┃
current residuum: 35.3457                                                      ┃
Check: Error of substructure equilibrium: 1.1351e-16                           ┃
Check: r projected into N coarse-space: 1.2225e-17                             ┃
Check: W projected into N coarse-space: 4.8833e-12                             ┃
current residuum: 17.5202                                                      ┃
Check: Error of substructure equilibrium: 1.1134e-16                           ┃
Check: r projected into N coarse-space: 9.6474e-18                             ┃
Check: W projected into N coarse-space: 1.6121e-12                             ┃
current residuum: 9.4306                                                       ┃
Check: Error of substructure equilibrium: 1.3244e-16                           ┃
Check: r projected into N coarse-space: 8.4468e-18                             ┃
Check: W projected into N coarse-space: 7.6423e-13                             ┃
current residuum: 2.9375                                                       ┃
Check: Error of substructure equilibrium: 1.2498e-16                           ┃
Check: r projected into N coarse-space: 8.3406e-18                             ┃
Check: W projected into N coarse-space: 5.0052e-13                             ┃
current residuum: 2.4369                                                       ┃
Check: Error of substructure equilibrium: 1.5304e-16                           ┃
Check: r projected into N coarse-space: 8.2286e-18                             ┃
Check: W projected into N coarse-space: 2.0682e-13                             ┃
current residuum: 1.3328                                                       ┃
Check: Error of substructure equilibrium: 1.5977e-16                           ┃
Check: r projected into N coarse-space: 8.1833e-18                             ┃
Check: W projected into N coarse-space: 1.7323e-13                             ┃
current residuum: 0.95775                                                      ┃
Check: Error of substructure equilibrium: 1.7903e-16                           ┃
Check: r projected into N coarse-space: 8.1525e-18                             ┃
Check: W projected into N coarse-space: 1.1768e-13                             ┃
current residuum: 0.91275                                                      ┃
Check: Error of substructure equilibrium: 1.7631e-16                           ┃
Check: r projected into N coarse-space: 8.0937e-18                             ┃
Check: W projected into N coarse-space: 8.051e-14                              ┃
current residuum: 0.63933                                                      ┃
Check: Error of substructure equilibrium: 1.5873e-16                           ┃
Check: r projected into N coarse-space: 7.9887e-18                             ┃
Check: W projected into N coarse-space: 7.5577e-14                             ┃
current residuum: 0.61019                                                      ┃
Check: Error of substructure equilibrium: 1.5217e-16                           ┃
Check: r projected into N coarse-space: 7.9147e-18                             ┃
Check: W projected into N coarse-space: 6.3932e-14                             ┃
current residuum: 0.46297                                                      ┃
Check: Error of substructure equilibrium: 1.6867e-16                           ┃
Check: r projected into N coarse-space: 7.9353e-18                             ┃
Check: W projected into N coarse-space: 5.8133e-14                             ┃
current residuum: 0.40068                                                      ┃
Check: Error of substructure equilibrium: 1.742e-16                            ┃
Check: r projected into N coarse-space: 7.8771e-18                             ┃
Check: W projected into N coarse-space: 5.2111e-14                             ┃
current residuum: 0.35733                                                      ┃
Check: Error of substructure equilibrium: 2.1298e-16                           ┃
Check: r projected into N coarse-space: 7.8529e-18                             ┃
Check: W projected into N coarse-space: 4.3165e-14                             ┃
current residuum: 0.29916                                                      ┃
Check: Error of substructure equilibrium: 1.5576e-16                           ┃
Check: r projected into N coarse-space: 7.8194e-18                             ┃
Check: W projected into N coarse-space: 2.6894e-14                             ┃
current residuum: 0.22192                                                      ┃
Check: Error of substructure equilibrium: 2.1071e-16                           ┃
Check: r projected into N coarse-space: 7.8438e-18                             ┃
Check: W projected into N coarse-space: 2.968e-14                              ┃
current residuum: 0.22871                                                      ┃
Check: Error of substructure equilibrium: 1.5456e-16                           ┃
Check: r projected into N coarse-space: 7.8634e-18                             ┃
Check: W projected into N coarse-space: 1.8004e-14                             ┃
current residuum: 0.16621                                                      ┃
Check: Error of substructure equilibrium: 2.1581e-16                           ┃
Check: r projected into N coarse-space: 7.8627e-18                             ┃
Check: W projected into N coarse-space: 3.7055e-14                             ┃
current residuum: 0.16869                                                      ┃
Check: Error of substructure equilibrium: 1.7881e-16                           ┃
Check: r projected into N coarse-space: 7.8504e-18                             ┃
Check: W projected into N coarse-space: 2.1093e-14                             ┃
current residuum: 0.17541                                                      ┃
Check: Error of substructure equilibrium: 1.7342e-16                           ┃
Check: r projected into N coarse-space: 7.8574e-18                             ┃
Check: W projected into N coarse-space: 1.3576e-14                             ┃
current residuum: 0.13311                                                      ┃
Check: Error of substructure equilibrium: 1.9265e-16                           ┃
Check: r projected into N coarse-space: 7.8491e-18                             ┃
Check: W projected into N coarse-space: 1.9395e-14                             ┃
current residuum: 0.1216                                                       ┃
Check: Error of substructure equilibrium: 1.7694e-16                           ┃
Check: r projected into N coarse-space: 7.8513e-18                             ┃
Check: W projected into N coarse-space: 1.5244e-14                             ┃
current residuum: 0.10445                                                      ┃
Check: Error of substructure equilibrium: 1.7747e-16                           ┃
Check: r projected into N coarse-space: 7.8518e-18                             ┃
Check: W projected into N coarse-space: 1.7419e-14                             ┃
current residuum: 0.10005                                                      ┃
Check: Error of substructure equilibrium: 1.8915e-16                           ┃
Check: r projected into N coarse-space: 7.8622e-18                             ┃
Check: W projected into N coarse-space: 1.9578e-14                             ┃
current residuum: 0.085033                                                     ┃
Check: Error of substructure equilibrium: 1.9798e-16                           ┃
Check: r projected into N coarse-space: 7.8594e-18                             ┃
Check: W projected into N coarse-space: 2.1241e-14                             ┃
current residuum: 0.10212                                                      ┃
Check: Error of substructure equilibrium: 2.3262e-16                           ┃
Check: r projected into N coarse-space: 7.8774e-18                             ┃
Check: W projected into N coarse-space: 1.9297e-14                             ┃
current residuum: 0.067148                                                     ┃
Check: Error of substructure equilibrium: 1.867e-16                            ┃
Check: r projected into N coarse-space: 7.8777e-18                             ┃
Check: W projected into N coarse-space: 2.1257e-14                             ┃
current residuum: 0.077284                                                     ┃
Check: Error of substructure equilibrium: 2.1522e-16                           ┃
Check: r projected into N coarse-space: 7.8736e-18                             ┃
Check: W projected into N coarse-space: 2.3885e-14                             ┃
current residuum: 0.069011                                                     ┃
Check: Error of substructure equilibrium: 2.3846e-16                           ┃
Check: r projected into N coarse-space: 7.8833e-18                             ┃
Check: W projected into N coarse-space: 2.6652e-14                             ┃
current residuum: 0.058065                                                     ┃
Check: Error of substructure equilibrium: 2.0809e-16                           ┃
Check: r projected into N coarse-space: 7.8636e-18                             ┃
Check: W projected into N coarse-space: 2.0911e-14                             ┃
current residuum: 0.052817                                                     ┃
Check: Error of substructure equilibrium: 2.4349e-16                           ┃
Check: r projected into N coarse-space: 7.8524e-18                             ┃
Check: W projected into N coarse-space: 1.4413e-14                             ┃
current residuum: 0.036194                                                     ┃
Check: Error of substructure equilibrium: 2.3614e-16                           ┃
Check: r projected into N coarse-space: 7.8509e-18                             ┃
Check: W projected into N coarse-space: 1.3279e-14                             ┃
current residuum: 0.037099                                                     ┃
Check: Error of substructure equilibrium: 2.4628e-16                           ┃
Check: r projected into N coarse-space: 7.8429e-18                             ┃
Check: W projected into N coarse-space: 1.3536e-14                             ┃
current residuum: 0.030986                                                     ┃
Check: Error of substructure equilibrium: 2.5503e-16                           ┃
Check: r projected into N coarse-space: 7.843e-18                              ┃
Check: W projected into N coarse-space: 1.2409e-14                             ┃
current residuum: 0.034578                                                     ┃
Check: Error of substructure equilibrium: 2.4918e-16                           ┃
Check: r projected into N coarse-space: 7.8315e-18                             ┃
Check: W projected into N coarse-space: 1.5201e-14                             ┃
current residuum: 0.032482                                                     ┃
Check: Error of substructure equilibrium: 2.9011e-16                           ┃
Check: r projected into N coarse-space: 7.8284e-18                             ┃
Check: W projected into N coarse-space: 1.5229e-14                             ┃
current residuum: 0.036944                                                     ┃
Check: Error of substructure equilibrium: 2.8411e-16                           ┃
Check: r projected into N coarse-space: 7.843e-18                              ┃
Check: W projected into N coarse-space: 1.5096e-14                             ┃
current residuum: 0.026028                                                     ┃
Check: Error of substructure equilibrium: 3.1121e-16                           ┃
Check: r projected into N coarse-space: 7.8389e-18                             ┃
Check: W projected into N coarse-space: 9.2254e-15                             ┃
current residuum: 0.023757                                                     ┃
Check: Error of substructure equilibrium: 2.709e-16                            ┃
Check: r projected into N coarse-space: 7.8517e-18                             ┃
Check: W projected into N coarse-space: 9.8988e-15                             ┃
current residuum: 0.02122                                                      ┃
Check: Error of substructure equilibrium: 3.0321e-16                           ┃
Check: r projected into N coarse-space: 7.8504e-18                             ┃
Check: W projected into N coarse-space: 1.8438e-14                             ┃
current residuum: 0.024846                                                     ┃
Check: Error of substructure equilibrium: 2.933e-16                            ┃
Check: r projected into N coarse-space: 7.8491e-18                             ┃
Check: W projected into N coarse-space: 1.2605e-14                             ┃
current residuum: 0.01947                                                      ┃
Check: Error of substructure equilibrium: 3.1495e-16                           ┃
Check: r projected into N coarse-space: 7.8449e-18                             ┃
Check: W projected into N coarse-space: 1.9353e-14                             ┃
current residuum: 0.018206                                                     ┃
Check: Error of substructure equilibrium: 3.7238e-16                           ┃
Check: r projected into N coarse-space: 7.8399e-18                             ┃
Check: W projected into N coarse-space: 1.554e-14                              ┃
current residuum: 0.021939                                                     ┃
Check: Error of substructure equilibrium: 3.6996e-16                           ┃
Check: r projected into N coarse-space: 7.8347e-18                             ┃
Check: W projected into N coarse-space: 1.8796e-14                             ┃
current residuum: 0.020107                                                     ┃
Check: Error of substructure equilibrium: 3.8285e-16                           ┃
Check: r projected into N coarse-space: 7.8443e-18                             ┃
Check: W projected into N coarse-space: 2.0398e-14                             ┃
current residuum: 0.020976                                                     ┃
Check: Error of substructure equilibrium: 4.1223e-16                           ┃
Check: r projected into N coarse-space: 7.8367e-18                             ┃
Check: W projected into N coarse-space: 1.3704e-14                             ┃
current residuum: 0.015714                                                     ┃
Check: Error of substructure equilibrium: 4.0227e-16                           ┃
Check: r projected into N coarse-space: 7.836e-18                              ┃
Check: W projected into N coarse-space: 4.8421e-15                             ┃
current residuum: 0.0093022                                                    ┃
Check: Error of substructure equilibrium: 3.7528e-16                           ┃
Check: r projected into N coarse-space: 7.831e-18                              ┃
Check: W projected into N coarse-space: 1.2432e-14                             ┃
current residuum: 0.0071636                                                    ┃
Check: Error of substructure equilibrium: 4.7812e-16                           ┃
Check: r projected into N coarse-space: 7.8287e-18                             ┃
Check: W projected into N coarse-space: 1.1409e-14                             ┃
current residuum: 0.0060371                                                    ┃
Check: Error of substructure equilibrium: 4.8561e-16                           ┃
Check: r projected into N coarse-space: 7.8285e-18                             ┃
Check: W projected into N coarse-space: 6.9489e-15                             ┃
current residuum: 0.0050282                                                    ┃
Check: Error of substructure equilibrium: 4.1219e-16                           ┃
Check: r projected into N coarse-space: 7.8301e-18                             ┃
Check: W projected into N coarse-space: 3.9118e-15                             ┃
current residuum: 0.0026095                                                    ┃
Check: Error of substructure equilibrium: 4.0698e-16                           ┃
Check: r projected into N coarse-space: 7.8297e-18                             ┃
Check: W projected into N coarse-space: 1.9808e-15                             ┃
current residuum: 0.0023618                                                    ┃
Check: Error of substructure equilibrium: 4.6766e-16                           ┃
Check: r projected into N coarse-space: 7.8299e-18                             ┃
Check: W projected into N coarse-space: 1.455e-15                              ┃
current residuum: 0.0012395                                                    ┃
Check: Error of substructure equilibrium: 5.2923e-16                           ┃
Check: r projected into N coarse-space: 7.8306e-18                             ┃
Check: W projected into N coarse-space: 7.4754e-16                             ┃
current residuum: 0.001137                                                     ┃
Check: Error of substructure equilibrium: 4.7241e-16                           ┃
Check: r projected into N coarse-space: 7.831e-18                              ┃
Check: W projected into N coarse-space: 8.9634e-16                             ┃
current residuum: 0.0011571                                                    ┃
Check: Error of substructure equilibrium: 4.7484e-16                           ┃
Check: r projected into N coarse-space: 7.8311e-18                             ┃
Check: W projected into N coarse-space: 1.0517e-15                             ┃
current residuum: 0.00077359                                                   ┃
Check: Error of substructure equilibrium: 5.1555e-16                           ┃
Check: r projected into N coarse-space: 7.8304e-18                             ┃
Check: W projected into N coarse-space: 3.5594e-16                             ┃
current residuum: 0.00042705                                                   ┃
Check: Error of substructure equilibrium: 4.8442e-16                           ┃
Check: r projected into N coarse-space: 7.8304e-18                             ┃
Check: W projected into N coarse-space: 2.3731e-16                             ┃
current residuum: 0.00023201                                                   ┃
Check: Error of substructure equilibrium: 5.132e-16                            ┃
Check: r projected into N coarse-space: 7.8305e-18                             ┃
Check: W projected into N coarse-space: 8.2069e-17                             ┃
current residuum: 9.5214e-05                                                   ┃
Check: Error of substructure equilibrium: 5.4902e-16                           ┃
Check: r projected into N coarse-space: 7.8305e-18                             ┃
Check: W projected into N coarse-space: 1.5649e-17                             ┃
current residuum: 4.0591e-05                                                   ┃
Check: Error of substructure equilibrium: 4.8711e-16                           ┃
Check: r projected into N coarse-space: 7.8305e-18                             ┃
Check: W projected into N coarse-space: 1.0139e-17                             ┃
current residuum: 2.05e-05                                                     ┃
Check: Error of substructure equilibrium: 4.9092e-16                           ┃
Check: r projected into N coarse-space: 7.8305e-18                             ┃
Check: W projected into N coarse-space: 5.2826e-18                             ┃
current residuum: 1.4089e-05                                                   ┃
Check: Error of substructure equilibrium: 4.8342e-16                           ┃
Check: r projected into N coarse-space: 7.8305e-18                             ┃
Check: W projected into N coarse-space: 4.1384e-18                             ┃
current residuum: 1.4693e-05                                                   ┃
Check: Error of substructure equilibrium: 5.1757e-16                           ┃
Check: r projected into N coarse-space: 7.8305e-18                             ┃
Check: W projected into N coarse-space: 6.3676e-18                             ┃
current residuum: 9.2148e-06                                                   ┃
Check: Error of substructure equilibrium: 4.8556e-16                           ┃
Check: r projected into N coarse-space: 7.8305e-18                             ┃
Check: W projected into N coarse-space: 1.0875e-18                             ┃
current residuum: 2.7348e-06                                                   ┃
Check: Error of substructure equilibrium: 4.8303e-16                           ┃
Check: r projected into N coarse-space: 7.8305e-18                             ┃
Check: W projected into N coarse-space: 3.3047e-19                             ┃
current residuum: 1.1623e-06                                                   ┃
Check: Error of substructure equilibrium: 5.3745e-16                           ┃
Check: r projected into N coarse-space: 7.8305e-18                             ┃
Check: W projected into N coarse-space: 3.1339e-19                             ┃
current residuum: 2.4184e-07                                                   ┃
Residual = 2.4184e-07                                                          ┃
after 67 FETI-AS iterations with 13  13  13   4   9   4   3   8   2   5   4   7   4   7   2   6   4   4   8   4   7   5   5   3   9   1   8   5   3   5   5   6   5   7   3   7   4   7   4   3   3   4   4   5   4   4   2   2   1   8   1   3   1   2   1   3   1   1   1   1   1   1   1   1   1   1   1 search directions
Elapsed time is 1.348 seconds.                                                 ┃
━━━━━━━━━━━━━━━━━━━━━━━━━━━━━━━━━━━━━━━━━━━━━━━━━━━━━━━━━━━━━━━━━━━━━━━━━━━━━━━┛
 
RECOVER DOMAIN SOLUTION━━━━━━━━━━━━━━━━━━━━━━━━━━━━━━━━━━━━━━━━━━━━━━━━━━━━━━━━┓
Elapsed time is 0.006374 seconds.                                              ┃
━━━━━━━━━━━━━━━━━━━━━━━━━━━━━━━━━━━━━━━━━━━━━━━━━━━━━━━━━━━━━━━━━━━━━━━━━━━━━━━┛
 
RECOVER DOMAIN SOLUTION━━━━━━━━━━━━━━━━━━━━━━━━━━━━━━━━━━━━━━━━━━━━━━━━━━━━━━━━┓
Elapsed time is 0.00549 seconds.                                               ┃
━━━━━━━━━━━━━━━━━━━━━━━━━━━━━━━━━━━━━━━━━━━━━━━━━━━━━━━━━━━━━━━━━━━━━━━━━━━━━━━┛
 
