━━━━━━━━━━━━━━━━━━━━━━━━━━━━━━━━━━━━━━━━━━━━━━━━━━━━━━━━━━━━━━━━━━━━━━━━━━━━━━━┓
      ______________  ______   ______            __  ______    _____   __      ┃
     / ____/ ____/  |/  /   | / ____/           /  |/  /   |  /  _/ | / /      ┃
    / /_  / __/ / /|_/ / /| |/ /      ______   / /|_/ / /| |  / //  |/ /       ┃
   / __/ / /___/ /  / / ___ / /___   /_____/  / /  / / ___ |_/ // /|  /        ┃
  /_/   /_____/_/  /_/_/  |_\____/           /_/  /_/_/  |_/___/_/ |_/         ┃
  ©Lehrstuhl fuer Angewandte Mechanik - Technische Universitaet Muenchnen      ┃
━━━━━━━━━━━━━━━━━━━━━━━━━━━━━━━━━━━━━━━━━━━━━━━━━━━━━━━━━━━━━━━━━━━━━━━━━━━━━━━┛
 
START DIS READING━━━━━━━━━━━━━━━━━━━━━━━━━━━━━━━━━━━━━━━━━━━━━━━━━━━━━━━━━━━━━━┓
Elapsed time is 0.098415 seconds.                                              ┃
━━━━━━━━━━━━━━━━━━━━━━━━━━━━━━━━━━━━━━━━━━━━━━━━━━━━━━━━━━━━━━━━━━━━━━━━━━━━━━━┛
 
START RESOLVING CONDITIONS━━━━━━━━━━━━━━━━━━━━━━━━━━━━━━━━━━━━━━━━━━━━━━━━━━━━━┓
resolving dirichlet condition: ID:1 MSHTAG:1                                   ┃
resolving neumann   condition: ID:2 MSHTAG:3                                   ┃
Elapsed time is 0.48335 seconds.                                               ┃
━━━━━━━━━━━━━━━━━━━━━━━━━━━━━━━━━━━━━━━━━━━━━━━━━━━━━━━━━━━━━━━━━━━━━━━━━━━━━━━┛
 
RESOLVE FETI MANAGER━━━━━━━━━━━━━━━━━━━━━━━━━━━━━━━━━━━━━━━━━━━━━━━━━━━━━━━━━━━┓
12 subtructures created                                                        ┃
substructures resolved                                                         ┃
substructures evaluated                                                        ┃
connectivity matrices created                                                  ┃
Elapsed time is 2.3446 seconds.                                                ┃
━━━━━━━━━━━━━━━━━━━━━━━━━━━━━━━━━━━━━━━━━━━━━━━━━━━━━━━━━━━━━━━━━━━━━━━━━━━━━━━┛
 
APPLY KINEMATIC CONDITIONS ON SUBSTRUCTURES━━━━━━━━━━━━━━━━━━━━━━━━━━━━━━━━━━━━┓
Dirichlet conditions detected on substructures: 1   3   5   6   7   8   9  10  12
Neumann   conditions detected on substructures: 3  4  5                        ┃
Elapsed time is 0.043666 seconds.                                              ┃
━━━━━━━━━━━━━━━━━━━━━━━━━━━━━━━━━━━━━━━━━━━━━━━━━━━━━━━━━━━━━━━━━━━━━━━━━━━━━━━┛
 
FETI Base Setup━━━━━━━━━━━━━━━━━━━━━━━━━━━━━━━━━━━━━━━━━━━━━━━━━━━━━━━━━━━━━━━━┓
[Warning: Matrix is singular to working precision.] 
[> In <a href="matlab:matlab.internal.language.introspective.errorDocCallback('FETIBaseSolver/SetupBase', '/home/lukas/Desktop/SA_Thesis/FEMAC/solver/FETIBaseSolver.m', 201)" style="font-weight:bold">FETIBaseSolver/SetupBase</a> (<a href="matlab: opentoline('/home/lukas/Desktop/SA_Thesis/FEMAC/solver/FETIBaseSolver.m',201,0)">line 201</a>)
  In <a href="matlab:matlab.internal.language.introspective.errorDocCallback('FETIASSolver/Setup', '/home/lukas/Desktop/SA_Thesis/FEMAC/solver/FETIASSolver.m', 36)" style="font-weight:bold">FETIASSolver/Setup</a> (<a href="matlab: opentoline('/home/lukas/Desktop/SA_Thesis/FEMAC/solver/FETIASSolver.m',36,0)">line 36</a>)
  In <a href="matlab:matlab.internal.language.introspective.errorDocCallback('FETIBaseSolver/InitSolve', '/home/lukas/Desktop/SA_Thesis/FEMAC/solver/FETIBaseSolver.m', 306)" style="font-weight:bold">FETIBaseSolver/InitSolve</a> (<a href="matlab: opentoline('/home/lukas/Desktop/SA_Thesis/FEMAC/solver/FETIBaseSolver.m',306,0)">line 306</a>)
  In <a href="matlab:matlab.internal.language.introspective.errorDocCallback('FETIASSolver/Solve', '/home/lukas/Desktop/SA_Thesis/FEMAC/solver/FETIASSolver.m', 73)" style="font-weight:bold">FETIASSolver/Solve</a> (<a href="matlab: opentoline('/home/lukas/Desktop/SA_Thesis/FEMAC/solver/FETIASSolver.m',73,0)">line 73</a>)
  In <a href="matlab:matlab.internal.language.introspective.errorDocCallback('ProblemBaseMain/Work', '/home/lukas/Desktop/SA_Thesis/FEMAC/prob/ProblemBaseMain.m', 115)" style="font-weight:bold">ProblemBaseMain/Work</a> (<a href="matlab: opentoline('/home/lukas/Desktop/SA_Thesis/FEMAC/prob/ProblemBaseMain.m',115,0)">line 115</a>)
  In <a href="matlab:matlab.internal.language.introspective.errorDocCallback('ProblemFETIMain/Work', '/home/lukas/Desktop/SA_Thesis/FEMAC/prob/ProblemFETIMain.m', 47)" style="font-weight:bold">ProblemFETIMain/Work</a> (<a href="matlab: opentoline('/home/lukas/Desktop/SA_Thesis/FEMAC/prob/ProblemFETIMain.m',47,0)">line 47</a>)
  In <a href="matlab:matlab.internal.language.introspective.errorDocCallback('femac_main', '/home/lukas/Desktop/SA_Thesis/FEMAC/femac_main.m', 47)" style="font-weight:bold">femac_main</a> (<a href="matlab: opentoline('/home/lukas/Desktop/SA_Thesis/FEMAC/femac_main.m',47,0)">line 47</a>)] 
Scaling: kscaling                                                              ┃
Preconditioner: Lumped                                                         ┃
FETISSolver.FETISSolver: rigid body modes of substructures: 0  3  0  3  0  0  0  0  0  0  3  0
Elapsed time is 0.20444 seconds.                                               ┃
━━━━━━━━━━━━━━━━━━━━━━━━━━━━━━━━━━━━━━━━━━━━━━━━━━━━━━━━━━━━━━━━━━━━━━━━━━━━━━━┛
 
START FETI-AS SETUP━━━━━━━━━━━━━━━━━━━━━━━━━━━━━━━━━━━━━━━━━━━━━━━━━━━━━━━━━━━━┓
FETISSolver.FETISSolver: rigid body modes of substructures: 0  3  0  3  0  0  0  0  0  0  3  0
A-matrix taken as unity matrix                                                 ┃
Elapsed time is 0.022255 seconds.                                              ┃
━━━━━━━━━━━━━━━━━━━━━━━━━━━━━━━━━━━━━━━━━━━━━━━━━━━━━━━━━━━━━━━━━━━━━━━━━━━━━━━┛
 
INITIALIZE SOLVER━━━━━━━━━━━━━━━━━━━━━━━━━━━━━━━━━━━━━━━━━━━━━━━━━━━━━━━━━━━━━━┓
Using assembled FI operator!                                                   ┃
No Auxiliary Coarse Grid
Coarse Grid C_ IS empty!                                                       ┃
Check: Error of substructure equilibrium: 3.8474e-17                           ┃
Elapsed time is 0.002176 seconds.                                              ┃
━━━━━━━━━━━━━━━━━━━━━━━━━━━━━━━━━━━━━━━━━━━━━━━━━━━━━━━━━━━━━━━━━━━━━━━━━━━━━━━┛
 
Check: r projected into N coarse-space: 1.4974e-17                             ┃
Check: W projected into N coarse-space: 2.9079e-15                             ┃
START FETI-AS ITERATIONS━━━━━━━━━━━━━━━━━━━━━━━━━━━━━━━━━━━━━━━━━━━━━━━━━━━━━━━┓
tau has been determined as:4.5152 through a contraction factor of 0.999        ┃
Check: Error of substructure equilibrium: 3.6959e-17                           ┃
Check: r projected into N coarse-space: 1.3382e-17                             ┃
Check: W projected into N coarse-space: 4.5867e-15                             ┃
current residuum: 1.3943                                                       ┃
Check: Error of substructure equilibrium: 4.3363e-17                           ┃
Check: r projected into N coarse-space: 1.1744e-17                             ┃
Check: W projected into N coarse-space: 5.2286e-15                             ┃
current residuum: 0.56309                                                      ┃
Check: Error of substructure equilibrium: 1.0067e-16                           ┃
Check: r projected into N coarse-space: 9.4507e-18                             ┃
Check: W projected into N coarse-space: 2.6041e-15                             ┃
current residuum: 0.31726                                                      ┃
Check: Error of substructure equilibrium: 1.2766e-16                           ┃
Check: r projected into N coarse-space: 9.0214e-18                             ┃
Check: W projected into N coarse-space: 3.8437e-16                             ┃
current residuum: 0.10455                                                      ┃
Check: Error of substructure equilibrium: 1.3188e-16                           ┃
Check: r projected into N coarse-space: 8.8919e-18                             ┃
Check: W projected into N coarse-space: 5.938e-16                              ┃
current residuum: 0.088802                                                     ┃
Check: Error of substructure equilibrium: 1.343e-16                            ┃
Check: r projected into N coarse-space: 8.7035e-18                             ┃
Check: W projected into N coarse-space: 1.4019e-16                             ┃
current residuum: 0.044577                                                     ┃
Check: Error of substructure equilibrium: 1.3647e-16                           ┃
Check: r projected into N coarse-space: 8.6613e-18                             ┃
Check: W projected into N coarse-space: 4.6786e-16                             ┃
current residuum: 0.048334                                                     ┃
Check: Error of substructure equilibrium: 1.3119e-16                           ┃
Check: r projected into N coarse-space: 8.6653e-18                             ┃
Check: W projected into N coarse-space: 1.0592e-16                             ┃
current residuum: 0.022186                                                     ┃
Check: Error of substructure equilibrium: 1.5216e-16                           ┃
Check: r projected into N coarse-space: 8.6642e-18                             ┃
Check: W projected into N coarse-space: 3.8596e-17                             ┃
current residuum: 0.015963                                                     ┃
Check: Error of substructure equilibrium: 1.2983e-16                           ┃
Check: r projected into N coarse-space: 8.6415e-18                             ┃
Check: W projected into N coarse-space: 4.9813e-17                             ┃
current residuum: 0.0098458                                                    ┃
Check: Error of substructure equilibrium: 1.402e-16                            ┃
Check: r projected into N coarse-space: 8.6357e-18                             ┃
Check: W projected into N coarse-space: 4.3792e-17                             ┃
current residuum: 0.0073768                                                    ┃
Check: Error of substructure equilibrium: 1.6712e-16                           ┃
Check: r projected into N coarse-space: 8.6358e-18                             ┃
Check: W projected into N coarse-space: 2.4733e-17                             ┃
current residuum: 0.0059583                                                    ┃
Check: Error of substructure equilibrium: 1.4093e-16                           ┃
Check: r projected into N coarse-space: 8.6352e-18                             ┃
Check: W projected into N coarse-space: 1.4997e-17                             ┃
current residuum: 0.0040173                                                    ┃
Check: Error of substructure equilibrium: 1.4312e-16                           ┃
Check: r projected into N coarse-space: 8.6352e-18                             ┃
Check: W projected into N coarse-space: 8.5995e-18                             ┃
current residuum: 0.0022488                                                    ┃
Check: Error of substructure equilibrium: 1.4027e-16                           ┃
Check: r projected into N coarse-space: 8.634e-18                              ┃
Check: W projected into N coarse-space: 7.5713e-18                             ┃
current residuum: 0.0016721                                                    ┃
Check: Error of substructure equilibrium: 1.482e-16                            ┃
Check: r projected into N coarse-space: 8.6354e-18                             ┃
Check: W projected into N coarse-space: 2.8222e-18                             ┃
current residuum: 0.0010843                                                    ┃
Check: Error of substructure equilibrium: 1.529e-16                            ┃
Check: r projected into N coarse-space: 8.6356e-18                             ┃
Check: W projected into N coarse-space: 2.9994e-18                             ┃
current residuum: 0.0006618                                                    ┃
Check: Error of substructure equilibrium: 1.371e-16                            ┃
Check: r projected into N coarse-space: 8.6345e-18                             ┃
Check: W projected into N coarse-space: 9.841e-19                              ┃
current residuum: 0.00036621                                                   ┃
Check: Error of substructure equilibrium: 1.4901e-16                           ┃
Check: r projected into N coarse-space: 8.6341e-18                             ┃
Check: W projected into N coarse-space: 7.2371e-19                             ┃
current residuum: 0.00024278                                                   ┃
Check: Error of substructure equilibrium: 1.4147e-16                           ┃
Check: r projected into N coarse-space: 8.6341e-18                             ┃
Check: W projected into N coarse-space: 3.5665e-19                             ┃
current residuum: 0.00011846                                                   ┃
Check: Error of substructure equilibrium: 1.4362e-16                           ┃
Check: r projected into N coarse-space: 8.6342e-18                             ┃
Check: W projected into N coarse-space: 2.7976e-19                             ┃
current residuum: 8.3295e-05                                                   ┃
Check: Error of substructure equilibrium: 1.5115e-16                           ┃
Check: r projected into N coarse-space: 8.6341e-18                             ┃
Check: W projected into N coarse-space: 1.0133e-19                             ┃
current residuum: 4.1069e-05                                                   ┃
Check: Error of substructure equilibrium: 1.6396e-16                           ┃
Check: r projected into N coarse-space: 8.6342e-18                             ┃
Check: W projected into N coarse-space: 4.7127e-20                             ┃
current residuum: 1.8948e-05                                                   ┃
Check: Error of substructure equilibrium: 1.3334e-16                           ┃
Check: r projected into N coarse-space: 8.6342e-18                             ┃
Check: W projected into N coarse-space: 5.9654e-20                             ┃
current residuum: 1.2218e-05                                                   ┃
Check: Error of substructure equilibrium: 1.5329e-16                           ┃
Check: r projected into N coarse-space: 8.6342e-18                             ┃
Check: W projected into N coarse-space: 1.351e-20                              ┃
current residuum: 5.0084e-06                                                   ┃
Check: Error of substructure equilibrium: 1.4609e-16                           ┃
Check: r projected into N coarse-space: 8.6342e-18                             ┃
Check: W projected into N coarse-space: 1.0928e-20                             ┃
current residuum: 2.9437e-06                                                   ┃
Check: Error of substructure equilibrium: 1.384e-16                            ┃
Check: r projected into N coarse-space: 8.6342e-18                             ┃
Check: W projected into N coarse-space: 4.2473e-21                             ┃
current residuum: 1.2319e-06                                                   ┃
Check: Error of substructure equilibrium: 1.2768e-16                           ┃
Check: r projected into N coarse-space: 8.6342e-18                             ┃
Check: W projected into N coarse-space: 2.7181e-21                             ┃
current residuum: 6.8615e-07                                                   ┃
Residual = 6.8615e-07                                                          ┃
after 28 FETI-AS iterations with 13  13  13   3   9   3   7   2   7   4   5   6   5   2   5   7   5   5   7   5   5   5   3   7   4   8   3   7 search directions
Elapsed time is 0.56461 seconds.                                               ┃
━━━━━━━━━━━━━━━━━━━━━━━━━━━━━━━━━━━━━━━━━━━━━━━━━━━━━━━━━━━━━━━━━━━━━━━━━━━━━━━┛
 
RECOVER DOMAIN SOLUTION━━━━━━━━━━━━━━━━━━━━━━━━━━━━━━━━━━━━━━━━━━━━━━━━━━━━━━━━┓
Elapsed time is 0.005772 seconds.                                              ┃
━━━━━━━━━━━━━━━━━━━━━━━━━━━━━━━━━━━━━━━━━━━━━━━━━━━━━━━━━━━━━━━━━━━━━━━━━━━━━━━┛
 
RECOVER DOMAIN SOLUTION━━━━━━━━━━━━━━━━━━━━━━━━━━━━━━━━━━━━━━━━━━━━━━━━━━━━━━━━┓
Elapsed time is 0.004878 seconds.                                              ┃
━━━━━━━━━━━━━━━━━━━━━━━━━━━━━━━━━━━━━━━━━━━━━━━━━━━━━━━━━━━━━━━━━━━━━━━━━━━━━━━┛
 
