━━━━━━━━━━━━━━━━━━━━━━━━━━━━━━━━━━━━━━━━━━━━━━━━━━━━━━━━━━━━━━━━━━━━━━━━━━━━━━━┓
          ______________  ______   ______            ____  ____  ______        ┃
         / ____/ ____/  |/  /   | / ____/           / __ \/ __ \/ ____/        ┃
        / /_  / __/ / /|_/ / /| |/ /      ______   / /_/ / /_/ / __/           ┃
       / __/ / /___/ /  / / ___ / /___   /_____/  / ____/ _, _/ /___           ┃
      /_/   /_____/_/  /_/_/  |_\____/           /_/   /_/ |_/_____/           ┃
  ©Lehrstuhl fuer Angewandte Mechanik - Technische Universitaet Muenchnen      ┃
━━━━━━━━━━━━━━━━━━━━━━━━━━━━━━━━━━━━━━━━━━━━━━━━━━━━━━━━━━━━━━━━━━━━━━━━━━━━━━━┛
 
START MESH READING━━━━━━━━━━━━━━━━━━━━━━━━━━━━━━━━━━━━━━━━━━━━━━━━━━━━━━━━━━━━━┓
2911 nodes created                                                             ┃
5628 stiffness elements created                                                ┃
49 dirichlet elements created                                                  ┃
5628 neumann elements created                                                  ┃
wrote mesh to file: ./new/fetis/output/chaco_tris_1x36.dis                     ┃
Elapsed time is 34.0577 seconds.                                               ┃
━━━━━━━━━━━━━━━━━━━━━━━━━━━━━━━━━━━━━━━━━━━━━━━━━━━━━━━━━━━━━━━━━━━━━━━━━━━━━━━┛
 
━━━━━━━━━━━━━━━━━━━━━━━━━━━━━━━━━━━━━━━━━━━━━━━━━━━━━━━━━━━━━━━━━━━━━━━━━━━━━━━┓
      ______________  ______   ______            __  ______    _____   __      ┃
     / ____/ ____/  |/  /   | / ____/           /  |/  /   |  /  _/ | / /      ┃
    / /_  / __/ / /|_/ / /| |/ /      ______   / /|_/ / /| |  / //  |/ /       ┃
   / __/ / /___/ /  / / ___ / /___   /_____/  / /  / / ___ |_/ // /|  /        ┃
  /_/   /_____/_/  /_/_/  |_\____/           /_/  /_/_/  |_/___/_/ |_/         ┃
  ©Lehrstuhl fuer Angewandte Mechanik - Technische Universitaet Muenchnen      ┃
━━━━━━━━━━━━━━━━━━━━━━━━━━━━━━━━━━━━━━━━━━━━━━━━━━━━━━━━━━━━━━━━━━━━━━━━━━━━━━━┛
 
START DIS READING━━━━━━━━━━━━━━━━━━━━━━━━━━━━━━━━━━━━━━━━━━━━━━━━━━━━━━━━━━━━━━┓
Elapsed time is 1.1948 seconds.                                                ┃
━━━━━━━━━━━━━━━━━━━━━━━━━━━━━━━━━━━━━━━━━━━━━━━━━━━━━━━━━━━━━━━━━━━━━━━━━━━━━━━┛
 
START RESOLVING CONDITIONS━━━━━━━━━━━━━━━━━━━━━━━━━━━━━━━━━━━━━━━━━━━━━━━━━━━━━┓
resolving dirichlet condition: ID:1 MSHTAG:1                                   ┃
resolving dirichlet condition: ID:2 MSHTAG:2                                   ┃
resolving neumann   condition: ID:3 MSHTAG:3                                   ┃
Elapsed time is 4.3284 seconds.                                                ┃
━━━━━━━━━━━━━━━━━━━━━━━━━━━━━━━━━━━━━━━━━━━━━━━━━━━━━━━━━━━━━━━━━━━━━━━━━━━━━━━┛
 
RESOLVE FETI MANAGER━━━━━━━━━━━━━━━━━━━━━━━━━━━━━━━━━━━━━━━━━━━━━━━━━━━━━━━━━━━┓
11 subtructures created                                                        ┃
substructures resolved                                                         ┃
substructures evaluated                                                        ┃
connectivity matrices created                                                  ┃
Elapsed time is 18.2488 seconds.                                               ┃
━━━━━━━━━━━━━━━━━━━━━━━━━━━━━━━━━━━━━━━━━━━━━━━━━━━━━━━━━━━━━━━━━━━━━━━━━━━━━━━┛
 
APPLY KINEMATIC CONDITIONS ON SUBSTRUCTURES━━━━━━━━━━━━━━━━━━━━━━━━━━━━━━━━━━━━┓
Dirichlet conditions detected on substructures: 1   2   3   4   5   6   7   8   9  10  11
Neumann   conditions detected on substructures: 1   2   3   4   5   6   7   8   9  10  11
Elapsed time is 18.0263 seconds.                                               ┃
━━━━━━━━━━━━━━━━━━━━━━━━━━━━━━━━━━━━━━━━━━━━━━━━━━━━━━━━━━━━━━━━━━━━━━━━━━━━━━━┛
 
FETI Base Setup━━━━━━━━━━━━━━━━━━━━━━━━━━━━━━━━━━━━━━━━━━━━━━━━━━━━━━━━━━━━━━━━┓
Preconditioner: Lumped                                                         ┃
FETISSolver.FETISSolver: rigid body modes of substructures: 0  0  0  0  0  0  0  0  0  0  0
Elapsed time is 6.5849 seconds.                                                ┃
━━━━━━━━━━━━━━━━━━━━━━━━━━━━━━━━━━━━━━━━━━━━━━━━━━━━━━━━━━━━━━━━━━━━━━━━━━━━━━━┛
 
START FETIS SETUP━━━━━━━━━━━━━━━━━━━━━━━━━━━━━━━━━━━━━━━━━━━━━━━━━━━━━━━━━━━━━━┓
FETISSolver.FETISSolver: rigid body modes of substructures: 0  0  0  0  0  0  0  0  0  0  0
A-matrix taken as preconditioner                                               ┃
Elapsed time is 0.020674 seconds.                                              ┃
━━━━━━━━━━━━━━━━━━━━━━━━━━━━━━━━━━━━━━━━━━━━━━━━━━━━━━━━━━━━━━━━━━━━━━━━━━━━━━━┛
 
INITIALIZE SOLVER━━━━━━━━━━━━━━━━━━━━━━━━━━━━━━━━━━━━━━━━━━━━━━━━━━━━━━━━━━━━━━┓
Using assembled FI operator!                                                   ┃
No Auxiliary Coarse Grid
Coarse Grid C_ IS empty!                                                       ┃
Check: Error of substructure equilibrium: 0                                    ┃
Elapsed time is 0.00904 seconds.                                               ┃
━━━━━━━━━━━━━━━━━━━━━━━━━━━━━━━━━━━━━━━━━━━━━━━━━━━━━━━━━━━━━━━━━━━━━━━━━━━━━━━┛
 
Check: r projected into N coarse-space: 0                                      ┃
Check: W projected into N coarse-space: 0                                      ┃
START FETIS ITERATIONS━━━━━━━━━━━━━━━━━━━━━━━━━━━━━━━━━━━━━━━━━━━━━━━━━━━━━━━━━┓
Check: Error of substructure equilibrium: 0                                    ┃
Check: r projected into N coarse-space: 0                                      ┃
Check: W projected into N coarse-space: 0                                      ┃
Check: Error of substructure equilibrium: 0                                    ┃
Check: r projected into N coarse-space: 0                                      ┃
Check: W projected into N coarse-space: 0                                      ┃
Check: Error of substructure equilibrium: 0                                    ┃
Check: r projected into N coarse-space: 0                                      ┃
Check: W projected into N coarse-space: 0                                      ┃
Check: Error of substructure equilibrium: 0                                    ┃
Check: r projected into N coarse-space: 0                                      ┃
Check: W projected into N coarse-space: 0                                      ┃
Check: Error of substructure equilibrium: 0                                    ┃
Check: r projected into N coarse-space: 0                                      ┃
Check: W projected into N coarse-space: 0                                      ┃
Check: Error of substructure equilibrium: 0                                    ┃
Check: r projected into N coarse-space: 0                                      ┃
Check: W projected into N coarse-space: 0                                      ┃
Check: Error of substructure equilibrium: 0                                    ┃
Check: r projected into N coarse-space: 0                                      ┃
Check: W projected into N coarse-space: 0                                      ┃
Check: Error of substructure equilibrium: 0                                    ┃
Check: r projected into N coarse-space: 0                                      ┃
Check: W projected into N coarse-space: 0                                      ┃
Check: Error of substructure equilibrium: 0                                    ┃
Check: r projected into N coarse-space: 0                                      ┃
Check: W projected into N coarse-space: 0                                      ┃
Check: Error of substructure equilibrium: 0                                    ┃
Check: r projected into N coarse-space: 0                                      ┃
Check: W projected into N coarse-space: 0                                      ┃
Check: Error of substructure equilibrium: 0                                    ┃
Check: r projected into N coarse-space: 0                                      ┃
Check: W projected into N coarse-space: 0                                      ┃
Check: Error of substructure equilibrium: 0                                    ┃
Check: r projected into N coarse-space: 0                                      ┃
Check: W projected into N coarse-space: 0                                      ┃
Check: Error of substructure equilibrium: 0                                    ┃
Check: r projected into N coarse-space: 0                                      ┃
Check: W projected into N coarse-space: 0                                      ┃
Check: Error of substructure equilibrium: 0                                    ┃
Check: r projected into N coarse-space: 0                                      ┃
Check: W projected into N coarse-space: 0                                      ┃
Check: Error of substructure equilibrium: 0                                    ┃
Check: r projected into N coarse-space: 0                                      ┃
Check: W projected into N coarse-space: 0                                      ┃
Check: Error of substructure equilibrium: 0                                    ┃
Check: r projected into N coarse-space: 0                                      ┃
Check: W projected into N coarse-space: 0                                      ┃
Check: Error of substructure equilibrium: 0                                    ┃
Check: r projected into N coarse-space: 0                                      ┃
Check: W projected into N coarse-space: 0                                      ┃
Check: Error of substructure equilibrium: 0                                    ┃
Check: r projected into N coarse-space: 0                                      ┃
Check: W projected into N coarse-space: 0                                      ┃
Check: Error of substructure equilibrium: 0                                    ┃
Check: r projected into N coarse-space: 0                                      ┃
Check: W projected into N coarse-space: 0                                      ┃
Check: Error of substructure equilibrium: 0                                    ┃
Check: r projected into N coarse-space: 0                                      ┃
Check: W projected into N coarse-space: 0                                      ┃
Check: Error of substructure equilibrium: 0                                    ┃
Check: r projected into N coarse-space: 0                                      ┃
Check: W projected into N coarse-space: 0                                      ┃
Residual = 5.0389e-06                                                          ┃
after 21 FETI-S iterations with 11  11  11  11  11  11  11  11  11  11  11  11  11  11  11  11  11  11  11  11  11 search directions
Elapsed time is 2.0111 seconds.                                                ┃
━━━━━━━━━━━━━━━━━━━━━━━━━━━━━━━━━━━━━━━━━━━━━━━━━━━━━━━━━━━━━━━━━━━━━━━━━━━━━━━┛
 
RECOVER DOMAIN SOLUTION━━━━━━━━━━━━━━━━━━━━━━━━━━━━━━━━━━━━━━━━━━━━━━━━━━━━━━━━┓
Elapsed time is 0.061708 seconds.                                              ┃
━━━━━━━━━━━━━━━━━━━━━━━━━━━━━━━━━━━━━━━━━━━━━━━━━━━━━━━━━━━━━━━━━━━━━━━━━━━━━━━┛
 
RECOVER DOMAIN SOLUTION━━━━━━━━━━━━━━━━━━━━━━━━━━━━━━━━━━━━━━━━━━━━━━━━━━━━━━━━┓
Elapsed time is 0.06071 seconds.                                               ┃
━━━━━━━━━━━━━━━━━━━━━━━━━━━━━━━━━━━━━━━━━━━━━━━━━━━━━━━━━━━━━━━━━━━━━━━━━━━━━━━┛
 
━━━━━━━━━━━━━━━━━━━━━━━━━━━━━━━━━━━━━━━━━━━━━━━━━━━━━━━━━━━━━━━━━━━━━━━━━━━━━━━┓
       ______________  ______   ______            ____  ____  ___________      ┃
      / ____/ ____/  |/  /   | / ____/           / __ \/ __ \/ ___/_  __/      ┃
     / /_  / __/ / /|_/ / /| |/ /      ______   / /_/ / / / /\__ \ / /         ┃
    / __/ / /___/ /  / / ___ / /___   /_____/  / ____/ /_/ /___/ // /          ┃
   /_/   /_____/_/  /_/_/  |_\____/           /_/    \____//____//_/           ┃
  ©Lehrstuhl fuer Angewandte Mechanik - Technische Universitaet Muenchnen      ┃
━━━━━━━━━━━━━━━━━━━━━━━━━━━━━━━━━━━━━━━━━━━━━━━━━━━━━━━━━━━━━━━━━━━━━━━━━━━━━━━┛
 
START DIS READING━━━━━━━━━━━━━━━━━━━━━━━━━━━━━━━━━━━━━━━━━━━━━━━━━━━━━━━━━━━━━━┓
Elapsed time is 1.4197 seconds.                                                ┃
━━━━━━━━━━━━━━━━━━━━━━━━━━━━━━━━━━━━━━━━━━━━━━━━━━━━━━━━━━━━━━━━━━━━━━━━━━━━━━━┛
 
START POSTPROCESSING━━━━━━━━━━━━━━━━━━━━━━━━━━━━━━━━━━━━━━━━━━━━━━━━━━━━━━━━━━━┓
element stresses processed                                                     ┃
Elapsed time is 2.8081 seconds.                                                ┃
━━━━━━━━━━━━━━━━━━━━━━━━━━━━━━━━━━━━━━━━━━━━━━━━━━━━━━━━━━━━━━━━━━━━━━━━━━━━━━━┛
 
START VTK-WRITING━━━━━━━━━━━━━━━━━━━━━━━━━━━━━━━━━━━━━━━━━━━━━━━━━━━━━━━━━━━━━━┓
2911 nodes written                                                             ┃
5628 elements written                                                          ┃
field CONDID_1 SCALARS FLOAT written                                           ┃
field CONDID_2 SCALARS FLOAT written                                           ┃
field CONDID_3 SCALARS FLOAT written                                           ┃
field displacement VECTORS FLOAT written                                       ┃
field MATID_1 SCALARS FLOAT written                                            ┃
field MATID_2 SCALARS FLOAT written                                            ┃
field SUB_ID SCALARS FLOAT written                                             ┃
field SubCenter_Diff VECTORS FLOAT written                                     ┃
Elapsed time is 5.416 seconds.                                                 ┃
━━━━━━━━━━━━━━━━━━━━━━━━━━━━━━━━━━━━━━━━━━━━━━━━━━━━━━━━━━━━━━━━━━━━━━━━━━━━━━━┛
 
INFO━━━━━━━━━━━━━━━━━━━━━━━━━━━━━━━━━━━━━━━━━━━━━━━━━━━━━━━━━━━━━━━━━━━━━━━━━━━┓
dat   -file:                                                                   ┃
mesh  -file: ./new/fetis/../../mesh_chaco_tris_1x36.msh                        ┃
output-file: ./new/fetis/output/vtk/chaco_tris_1x36.vtk.1                      ┃
matlab-version: 9.0.0.341360 (R2016a)                                          ┃
calculated on : 10-Sep-2016 by lukas on xubuntu                                ┃
git-hash: unknown                                                              ┃
━━━━━━━━━━━━━━━━━━━━━━━━━━━━━━━━━━━━━━━━━━━━━━━━━━━━━━━━━━━━━━━━━━━━━━━━━━━━━━━┛
 
━━━━━━━━━━━━━━━━━━━━━━━━━━━━━━━━━━━━━━━━━━━━━━━━━━━━━━━━━━━━━━━━━━━━━━━━━━━━━━━┓
      ______________  ______   ______            __  ______    _____   __      ┃
     / ____/ ____/  |/  /   | / ____/           /  |/  /   |  /  _/ | / /      ┃
    / /_  / __/ / /|_/ / /| |/ /      ______   / /|_/ / /| |  / //  |/ /       ┃
   / __/ / /___/ /  / / ___ / /___   /_____/  / /  / / ___ |_/ // /|  /        ┃
  /_/   /_____/_/  /_/_/  |_\____/           /_/  /_/_/  |_/___/_/ |_/         ┃
  ©Lehrstuhl fuer Angewandte Mechanik - Technische Universitaet Muenchnen      ┃
━━━━━━━━━━━━━━━━━━━━━━━━━━━━━━━━━━━━━━━━━━━━━━━━━━━━━━━━━━━━━━━━━━━━━━━━━━━━━━━┛
 
START DIS READING━━━━━━━━━━━━━━━━━━━━━━━━━━━━━━━━━━━━━━━━━━━━━━━━━━━━━━━━━━━━━━┓
Elapsed time is 1.7662 seconds.                                                ┃
━━━━━━━━━━━━━━━━━━━━━━━━━━━━━━━━━━━━━━━━━━━━━━━━━━━━━━━━━━━━━━━━━━━━━━━━━━━━━━━┛
 
START RESOLVING CONDITIONS━━━━━━━━━━━━━━━━━━━━━━━━━━━━━━━━━━━━━━━━━━━━━━━━━━━━━┓
resolving dirichlet condition: ID:1 MSHTAG:1                                   ┃
resolving dirichlet condition: ID:2 MSHTAG:2                                   ┃
resolving neumann   condition: ID:3 MSHTAG:3                                   ┃
Elapsed time is 5.6071 seconds.                                                ┃
━━━━━━━━━━━━━━━━━━━━━━━━━━━━━━━━━━━━━━━━━━━━━━━━━━━━━━━━━━━━━━━━━━━━━━━━━━━━━━━┛
 
RESOLVE FETI MANAGER━━━━━━━━━━━━━━━━━━━━━━━━━━━━━━━━━━━━━━━━━━━━━━━━━━━━━━━━━━━┓
11 subtructures created                                                        ┃
substructures resolved                                                         ┃
substructures evaluated                                                        ┃
connectivity matrices created                                                  ┃
Elapsed time is 19.5474 seconds.                                               ┃
━━━━━━━━━━━━━━━━━━━━━━━━━━━━━━━━━━━━━━━━━━━━━━━━━━━━━━━━━━━━━━━━━━━━━━━━━━━━━━━┛
 
APPLY KINEMATIC CONDITIONS ON SUBSTRUCTURES━━━━━━━━━━━━━━━━━━━━━━━━━━━━━━━━━━━━┓
Dirichlet conditions detected on substructures: 1   2   3   4   5   6   7   8   9  10  11
Neumann   conditions detected on substructures: 1   2   3   4   5   6   7   8   9  10  11
Elapsed time is 16.2343 seconds.                                               ┃
━━━━━━━━━━━━━━━━━━━━━━━━━━━━━━━━━━━━━━━━━━━━━━━━━━━━━━━━━━━━━━━━━━━━━━━━━━━━━━━┛
 
FETI Base Setup━━━━━━━━━━━━━━━━━━━━━━━━━━━━━━━━━━━━━━━━━━━━━━━━━━━━━━━━━━━━━━━━┓
Preconditioner: Lumped                                                         ┃
FETISSolver.FETISSolver: rigid body modes of substructures: 0  0  0  0  0  0  0  0  0  0  0
Elapsed time is 6.4581 seconds.                                                ┃
━━━━━━━━━━━━━━━━━━━━━━━━━━━━━━━━━━━━━━━━━━━━━━━━━━━━━━━━━━━━━━━━━━━━━━━━━━━━━━━┛
 
START FETIS SETUP━━━━━━━━━━━━━━━━━━━━━━━━━━━━━━━━━━━━━━━━━━━━━━━━━━━━━━━━━━━━━━┓
FETISSolver.FETISSolver: rigid body modes of substructures: 0  0  0  0  0  0  0  0  0  0  0
A-matrix taken as preconditioner                                               ┃
Elapsed time is 0.014592 seconds.                                              ┃
━━━━━━━━━━━━━━━━━━━━━━━━━━━━━━━━━━━━━━━━━━━━━━━━━━━━━━━━━━━━━━━━━━━━━━━━━━━━━━━┛
 
INITIALIZE SOLVER━━━━━━━━━━━━━━━━━━━━━━━━━━━━━━━━━━━━━━━━━━━━━━━━━━━━━━━━━━━━━━┓
Using assembled FI operator!                                                   ┃
No Auxiliary Coarse Grid
Coarse Grid C_ IS empty!                                                       ┃
Check: Error of substructure equilibrium: 0                                    ┃
Elapsed time is 0.007806 seconds.                                              ┃
━━━━━━━━━━━━━━━━━━━━━━━━━━━━━━━━━━━━━━━━━━━━━━━━━━━━━━━━━━━━━━━━━━━━━━━━━━━━━━━┛
 
Check: r projected into N coarse-space: 0                                      ┃
Check: W projected into N coarse-space: 0                                      ┃
START FETIS ITERATIONS━━━━━━━━━━━━━━━━━━━━━━━━━━━━━━━━━━━━━━━━━━━━━━━━━━━━━━━━━┓
Check: Error of substructure equilibrium: 0                                    ┃
Check: r projected into N coarse-space: 0                                      ┃
Check: W projected into N coarse-space: 0                                      ┃
Check: Error of substructure equilibrium: 0                                    ┃
Check: r projected into N coarse-space: 0                                      ┃
Check: W projected into N coarse-space: 0                                      ┃
Check: Error of substructure equilibrium: 0                                    ┃
Check: r projected into N coarse-space: 0                                      ┃
Check: W projected into N coarse-space: 0                                      ┃
Check: Error of substructure equilibrium: 0                                    ┃
Check: r projected into N coarse-space: 0                                      ┃
Check: W projected into N coarse-space: 0                                      ┃
Check: Error of substructure equilibrium: 0                                    ┃
Check: r projected into N coarse-space: 0                                      ┃
Check: W projected into N coarse-space: 0                                      ┃
Check: Error of substructure equilibrium: 0                                    ┃
Check: r projected into N coarse-space: 0                                      ┃
Check: W projected into N coarse-space: 0                                      ┃
Check: Error of substructure equilibrium: 0                                    ┃
Check: r projected into N coarse-space: 0                                      ┃
Check: W projected into N coarse-space: 0                                      ┃
Check: Error of substructure equilibrium: 0                                    ┃
Check: r projected into N coarse-space: 0                                      ┃
Check: W projected into N coarse-space: 0                                      ┃
Check: Error of substructure equilibrium: 0                                    ┃
Check: r projected into N coarse-space: 0                                      ┃
Check: W projected into N coarse-space: 0                                      ┃
Check: Error of substructure equilibrium: 0                                    ┃
Check: r projected into N coarse-space: 0                                      ┃
Check: W projected into N coarse-space: 0                                      ┃
Check: Error of substructure equilibrium: 0                                    ┃
Check: r projected into N coarse-space: 0                                      ┃
Check: W projected into N coarse-space: 0                                      ┃
Check: Error of substructure equilibrium: 0                                    ┃
Check: r projected into N coarse-space: 0                                      ┃
Check: W projected into N coarse-space: 0                                      ┃
Check: Error of substructure equilibrium: 0                                    ┃
Check: r projected into N coarse-space: 0                                      ┃
Check: W projected into N coarse-space: 0                                      ┃
Check: Error of substructure equilibrium: 0                                    ┃
Check: r projected into N coarse-space: 0                                      ┃
Check: W projected into N coarse-space: 0                                      ┃
Check: Error of substructure equilibrium: 0                                    ┃
Check: r projected into N coarse-space: 0                                      ┃
Check: W projected into N coarse-space: 0                                      ┃
Check: Error of substructure equilibrium: 0                                    ┃
Check: r projected into N coarse-space: 0                                      ┃
Check: W projected into N coarse-space: 0                                      ┃
Check: Error of substructure equilibrium: 0                                    ┃
Check: r projected into N coarse-space: 0                                      ┃
Check: W projected into N coarse-space: 0                                      ┃
Check: Error of substructure equilibrium: 0                                    ┃
Check: r projected into N coarse-space: 0                                      ┃
Check: W projected into N coarse-space: 0                                      ┃
Check: Error of substructure equilibrium: 0                                    ┃
Check: r projected into N coarse-space: 0                                      ┃
Check: W projected into N coarse-space: 0                                      ┃
Check: Error of substructure equilibrium: 0                                    ┃
Check: r projected into N coarse-space: 0                                      ┃
Check: W projected into N coarse-space: 0                                      ┃
Check: Error of substructure equilibrium: 0                                    ┃
Check: r projected into N coarse-space: 0                                      ┃
Check: W projected into N coarse-space: 0                                      ┃
Residual = 5.0389e-06                                                          ┃
after 21 FETI-S iterations with 11  11  11  11  11  11  11  11  11  11  11  11  11  11  11  11  11  11  11  11  11 search directions
Elapsed time is 2.0816 seconds.                                                ┃
━━━━━━━━━━━━━━━━━━━━━━━━━━━━━━━━━━━━━━━━━━━━━━━━━━━━━━━━━━━━━━━━━━━━━━━━━━━━━━━┛
 
RECOVER DOMAIN SOLUTION━━━━━━━━━━━━━━━━━━━━━━━━━━━━━━━━━━━━━━━━━━━━━━━━━━━━━━━━┓
Elapsed time is 0.050321 seconds.                                              ┃
━━━━━━━━━━━━━━━━━━━━━━━━━━━━━━━━━━━━━━━━━━━━━━━━━━━━━━━━━━━━━━━━━━━━━━━━━━━━━━━┛
 
RECOVER DOMAIN SOLUTION━━━━━━━━━━━━━━━━━━━━━━━━━━━━━━━━━━━━━━━━━━━━━━━━━━━━━━━━┓
Elapsed time is 0.047348 seconds.                                              ┃
━━━━━━━━━━━━━━━━━━━━━━━━━━━━━━━━━━━━━━━━━━━━━━━━━━━━━━━━━━━━━━━━━━━━━━━━━━━━━━━┛
 
━━━━━━━━━━━━━━━━━━━━━━━━━━━━━━━━━━━━━━━━━━━━━━━━━━━━━━━━━━━━━━━━━━━━━━━━━━━━━━━┓
      ______________  ______   ______            __  ______    _____   __      ┃
     / ____/ ____/  |/  /   | / ____/           /  |/  /   |  /  _/ | / /      ┃
    / /_  / __/ / /|_/ / /| |/ /      ______   / /|_/ / /| |  / //  |/ /       ┃
   / __/ / /___/ /  / / ___ / /___   /_____/  / /  / / ___ |_/ // /|  /        ┃
  /_/   /_____/_/  /_/_/  |_\____/           /_/  /_/_/  |_/___/_/ |_/         ┃
  ©Lehrstuhl fuer Angewandte Mechanik - Technische Universitaet Muenchnen      ┃
━━━━━━━━━━━━━━━━━━━━━━━━━━━━━━━━━━━━━━━━━━━━━━━━━━━━━━━━━━━━━━━━━━━━━━━━━━━━━━━┛
 
START DIS READING━━━━━━━━━━━━━━━━━━━━━━━━━━━━━━━━━━━━━━━━━━━━━━━━━━━━━━━━━━━━━━┓
Elapsed time is 1.046 seconds.                                                 ┃
━━━━━━━━━━━━━━━━━━━━━━━━━━━━━━━━━━━━━━━━━━━━━━━━━━━━━━━━━━━━━━━━━━━━━━━━━━━━━━━┛
 
START RESOLVING CONDITIONS━━━━━━━━━━━━━━━━━━━━━━━━━━━━━━━━━━━━━━━━━━━━━━━━━━━━━┓
resolving dirichlet condition: ID:1 MSHTAG:1                                   ┃
resolving dirichlet condition: ID:2 MSHTAG:2                                   ┃
resolving neumann   condition: ID:3 MSHTAG:3                                   ┃
Elapsed time is 4.2501 seconds.                                                ┃
━━━━━━━━━━━━━━━━━━━━━━━━━━━━━━━━━━━━━━━━━━━━━━━━━━━━━━━━━━━━━━━━━━━━━━━━━━━━━━━┛
 
RESOLVE FETI MANAGER━━━━━━━━━━━━━━━━━━━━━━━━━━━━━━━━━━━━━━━━━━━━━━━━━━━━━━━━━━━┓
11 subtructures created                                                        ┃
substructures resolved                                                         ┃
substructures evaluated                                                        ┃
connectivity matrices created                                                  ┃
Elapsed time is 18.3272 seconds.                                               ┃
━━━━━━━━━━━━━━━━━━━━━━━━━━━━━━━━━━━━━━━━━━━━━━━━━━━━━━━━━━━━━━━━━━━━━━━━━━━━━━━┛
 
APPLY KINEMATIC CONDITIONS ON SUBSTRUCTURES━━━━━━━━━━━━━━━━━━━━━━━━━━━━━━━━━━━━┓
Dirichlet conditions detected on substructures: 1   2   3   4   5   6   7   8   9  10  11
Neumann   conditions detected on substructures: 1   2   3   4   5   6   7   8   9  10  11
Elapsed time is 14.0331 seconds.                                               ┃
━━━━━━━━━━━━━━━━━━━━━━━━━━━━━━━━━━━━━━━━━━━━━━━━━━━━━━━━━━━━━━━━━━━━━━━━━━━━━━━┛
 
FETI Base Setup━━━━━━━━━━━━━━━━━━━━━━━━━━━━━━━━━━━━━━━━━━━━━━━━━━━━━━━━━━━━━━━━┓
Scaling: kscaling                                                              ┃
Preconditioner: Lumped                                                         ┃
FETISSolver.FETISSolver: rigid body modes of substructures: 0  0  0  0  0  0  0  0  0  0  0
Elapsed time is 5.5788 seconds.                                                ┃
━━━━━━━━━━━━━━━━━━━━━━━━━━━━━━━━━━━━━━━━━━━━━━━━━━━━━━━━━━━━━━━━━━━━━━━━━━━━━━━┛
 
START FETIS SETUP━━━━━━━━━━━━━━━━━━━━━━━━━━━━━━━━━━━━━━━━━━━━━━━━━━━━━━━━━━━━━━┓
FETISSolver.FETISSolver: rigid body modes of substructures: 0  0  0  0  0  0  0  0  0  0  0
A-matrix taken as preconditioner                                               ┃
Elapsed time is 0.001027 seconds.                                              ┃
━━━━━━━━━━━━━━━━━━━━━━━━━━━━━━━━━━━━━━━━━━━━━━━━━━━━━━━━━━━━━━━━━━━━━━━━━━━━━━━┛
 
INITIALIZE SOLVER━━━━━━━━━━━━━━━━━━━━━━━━━━━━━━━━━━━━━━━━━━━━━━━━━━━━━━━━━━━━━━┓
Using assembled FI operator!                                                   ┃
No Auxiliary Coarse Grid
Coarse Grid C_ IS empty!                                                       ┃
Check: Error of substructure equilibrium: 0                                    ┃
Elapsed time is 0.004068 seconds.                                              ┃
━━━━━━━━━━━━━━━━━━━━━━━━━━━━━━━━━━━━━━━━━━━━━━━━━━━━━━━━━━━━━━━━━━━━━━━━━━━━━━━┛
 
Check: r projected into N coarse-space: 0                                      ┃
Check: W projected into N coarse-space: 0                                      ┃
START FETIS ITERATIONS━━━━━━━━━━━━━━━━━━━━━━━━━━━━━━━━━━━━━━━━━━━━━━━━━━━━━━━━━┓
Check: Error of substructure equilibrium: 0                                    ┃
Check: r projected into N coarse-space: 0                                      ┃
Check: W projected into N coarse-space: 0                                      ┃
Check: Error of substructure equilibrium: 0                                    ┃
Check: r projected into N coarse-space: 0                                      ┃
Check: W projected into N coarse-space: 0                                      ┃
Check: Error of substructure equilibrium: 0                                    ┃
Check: r projected into N coarse-space: 0                                      ┃
Check: W projected into N coarse-space: 0                                      ┃
Check: Error of substructure equilibrium: 0                                    ┃
Check: r projected into N coarse-space: 0                                      ┃
Check: W projected into N coarse-space: 0                                      ┃
Check: Error of substructure equilibrium: 0                                    ┃
Check: r projected into N coarse-space: 0                                      ┃
Check: W projected into N coarse-space: 0                                      ┃
Check: Error of substructure equilibrium: 0                                    ┃
Check: r projected into N coarse-space: 0                                      ┃
Check: W projected into N coarse-space: 0                                      ┃
Check: Error of substructure equilibrium: 0                                    ┃
Check: r projected into N coarse-space: 0                                      ┃
Check: W projected into N coarse-space: 0                                      ┃
Check: Error of substructure equilibrium: 0                                    ┃
Check: r projected into N coarse-space: 0                                      ┃
Check: W projected into N coarse-space: 0                                      ┃
Check: Error of substructure equilibrium: 0                                    ┃
Check: r projected into N coarse-space: 0                                      ┃
Check: W projected into N coarse-space: 0                                      ┃
Check: Error of substructure equilibrium: 0                                    ┃
Check: r projected into N coarse-space: 0                                      ┃
Check: W projected into N coarse-space: 0                                      ┃
Check: Error of substructure equilibrium: 0                                    ┃
Check: r projected into N coarse-space: 0                                      ┃
Check: W projected into N coarse-space: 0                                      ┃
Check: Error of substructure equilibrium: 0                                    ┃
Check: r projected into N coarse-space: 0                                      ┃
Check: W projected into N coarse-space: 0                                      ┃
Check: Error of substructure equilibrium: 0                                    ┃
Check: r projected into N coarse-space: 0                                      ┃
Check: W projected into N coarse-space: 0                                      ┃
Check: Error of substructure equilibrium: 0                                    ┃
Check: r projected into N coarse-space: 0                                      ┃
Check: W projected into N coarse-space: 0                                      ┃
Check: Error of substructure equilibrium: 0                                    ┃
Check: r projected into N coarse-space: 0                                      ┃
Check: W projected into N coarse-space: 0                                      ┃
Check: Error of substructure equilibrium: 0                                    ┃
Check: r projected into N coarse-space: 0                                      ┃
Check: W projected into N coarse-space: 0                                      ┃
Check: Error of substructure equilibrium: 0                                    ┃
Check: r projected into N coarse-space: 0                                      ┃
Check: W projected into N coarse-space: 0                                      ┃
Check: Error of substructure equilibrium: 0                                    ┃
Check: r projected into N coarse-space: 0                                      ┃
Check: W projected into N coarse-space: 0                                      ┃
Check: Error of substructure equilibrium: 0                                    ┃
Check: r projected into N coarse-space: 0                                      ┃
Check: W projected into N coarse-space: 0                                      ┃
Check: Error of substructure equilibrium: 0                                    ┃
Check: r projected into N coarse-space: 0                                      ┃
Check: W projected into N coarse-space: 0                                      ┃
Residual = 3.6315e-06                                                          ┃
after 20 FETI-S iterations with 11  11  11  11  11  11  11  11  11  11  11  11  11  11  11  11  11  11  11  11 search directions
Elapsed time is 1.6799 seconds.                                                ┃
━━━━━━━━━━━━━━━━━━━━━━━━━━━━━━━━━━━━━━━━━━━━━━━━━━━━━━━━━━━━━━━━━━━━━━━━━━━━━━━┛
 
RECOVER DOMAIN SOLUTION━━━━━━━━━━━━━━━━━━━━━━━━━━━━━━━━━━━━━━━━━━━━━━━━━━━━━━━━┓
Elapsed time is 0.051033 seconds.                                              ┃
━━━━━━━━━━━━━━━━━━━━━━━━━━━━━━━━━━━━━━━━━━━━━━━━━━━━━━━━━━━━━━━━━━━━━━━━━━━━━━━┛
 
RECOVER DOMAIN SOLUTION━━━━━━━━━━━━━━━━━━━━━━━━━━━━━━━━━━━━━━━━━━━━━━━━━━━━━━━━┓
Elapsed time is 0.045724 seconds.                                              ┃
━━━━━━━━━━━━━━━━━━━━━━━━━━━━━━━━━━━━━━━━━━━━━━━━━━━━━━━━━━━━━━━━━━━━━━━━━━━━━━━┛
 
━━━━━━━━━━━━━━━━━━━━━━━━━━━━━━━━━━━━━━━━━━━━━━━━━━━━━━━━━━━━━━━━━━━━━━━━━━━━━━━┓
      ______________  ______   ______            __  ______    _____   __      ┃
     / ____/ ____/  |/  /   | / ____/           /  |/  /   |  /  _/ | / /      ┃
    / /_  / __/ / /|_/ / /| |/ /      ______   / /|_/ / /| |  / //  |/ /       ┃
   / __/ / /___/ /  / / ___ / /___   /_____/  / /  / / ___ |_/ // /|  /        ┃
  /_/   /_____/_/  /_/_/  |_\____/           /_/  /_/_/  |_/___/_/ |_/         ┃
  ©Lehrstuhl fuer Angewandte Mechanik - Technische Universitaet Muenchnen      ┃
━━━━━━━━━━━━━━━━━━━━━━━━━━━━━━━━━━━━━━━━━━━━━━━━━━━━━━━━━━━━━━━━━━━━━━━━━━━━━━━┛
 
START DIS READING━━━━━━━━━━━━━━━━━━━━━━━━━━━━━━━━━━━━━━━━━━━━━━━━━━━━━━━━━━━━━━┓
Elapsed time is 1.0547 seconds.                                                ┃
━━━━━━━━━━━━━━━━━━━━━━━━━━━━━━━━━━━━━━━━━━━━━━━━━━━━━━━━━━━━━━━━━━━━━━━━━━━━━━━┛
 
START RESOLVING CONDITIONS━━━━━━━━━━━━━━━━━━━━━━━━━━━━━━━━━━━━━━━━━━━━━━━━━━━━━┓
resolving dirichlet condition: ID:1 MSHTAG:1                                   ┃
resolving dirichlet condition: ID:2 MSHTAG:2                                   ┃
resolving neumann   condition: ID:3 MSHTAG:3                                   ┃
Elapsed time is 3.3884 seconds.                                                ┃
━━━━━━━━━━━━━━━━━━━━━━━━━━━━━━━━━━━━━━━━━━━━━━━━━━━━━━━━━━━━━━━━━━━━━━━━━━━━━━━┛
 
RESOLVE FETI MANAGER━━━━━━━━━━━━━━━━━━━━━━━━━━━━━━━━━━━━━━━━━━━━━━━━━━━━━━━━━━━┓
11 subtructures created                                                        ┃
substructures resolved                                                         ┃
substructures evaluated                                                        ┃
connectivity matrices created                                                  ┃
Elapsed time is 14.6238 seconds.                                               ┃
━━━━━━━━━━━━━━━━━━━━━━━━━━━━━━━━━━━━━━━━━━━━━━━━━━━━━━━━━━━━━━━━━━━━━━━━━━━━━━━┛
 
APPLY KINEMATIC CONDITIONS ON SUBSTRUCTURES━━━━━━━━━━━━━━━━━━━━━━━━━━━━━━━━━━━━┓
Dirichlet conditions detected on substructures: 1   2   3   4   5   6   7   8   9  10  11
Neumann   conditions detected on substructures: 1   2   3   4   5   6   7   8   9  10  11
Elapsed time is 13.3602 seconds.                                               ┃
━━━━━━━━━━━━━━━━━━━━━━━━━━━━━━━━━━━━━━━━━━━━━━━━━━━━━━━━━━━━━━━━━━━━━━━━━━━━━━━┛
 
FETI Base Setup━━━━━━━━━━━━━━━━━━━━━━━━━━━━━━━━━━━━━━━━━━━━━━━━━━━━━━━━━━━━━━━━┓
Scaling: kscaling                                                              ┃
Preconditioner: Lumped                                                         ┃
FETISSolver.FETISSolver: rigid body modes of substructures: 0  0  0  0  0  0  0  0  0  0  0
Elapsed time is 5.5323 seconds.                                                ┃
━━━━━━━━━━━━━━━━━━━━━━━━━━━━━━━━━━━━━━━━━━━━━━━━━━━━━━━━━━━━━━━━━━━━━━━━━━━━━━━┛
 
START FETIS SETUP━━━━━━━━━━━━━━━━━━━━━━━━━━━━━━━━━━━━━━━━━━━━━━━━━━━━━━━━━━━━━━┓
FETISSolver.FETISSolver: rigid body modes of substructures: 0  0  0  0  0  0  0  0  0  0  0
A-matrix taken as unity matrix                                                 ┃
Elapsed time is 0.000872 seconds.                                              ┃
━━━━━━━━━━━━━━━━━━━━━━━━━━━━━━━━━━━━━━━━━━━━━━━━━━━━━━━━━━━━━━━━━━━━━━━━━━━━━━━┛
 
INITIALIZE SOLVER━━━━━━━━━━━━━━━━━━━━━━━━━━━━━━━━━━━━━━━━━━━━━━━━━━━━━━━━━━━━━━┓
Using assembled FI operator!                                                   ┃
No Auxiliary Coarse Grid
Coarse Grid C_ IS empty!                                                       ┃
Check: Error of substructure equilibrium: 0                                    ┃
Elapsed time is 0.004261 seconds.                                              ┃
━━━━━━━━━━━━━━━━━━━━━━━━━━━━━━━━━━━━━━━━━━━━━━━━━━━━━━━━━━━━━━━━━━━━━━━━━━━━━━━┛
 
Check: r projected into N coarse-space: 0                                      ┃
Check: W projected into N coarse-space: 0                                      ┃
START FETIS ITERATIONS━━━━━━━━━━━━━━━━━━━━━━━━━━━━━━━━━━━━━━━━━━━━━━━━━━━━━━━━━┓
Check: Error of substructure equilibrium: 0                                    ┃
Check: r projected into N coarse-space: 0                                      ┃
Check: W projected into N coarse-space: 0                                      ┃
Check: Error of substructure equilibrium: 0                                    ┃
Check: r projected into N coarse-space: 0                                      ┃
Check: W projected into N coarse-space: 0                                      ┃
Check: Error of substructure equilibrium: 0                                    ┃
Check: r projected into N coarse-space: 0                                      ┃
Check: W projected into N coarse-space: 0                                      ┃
Check: Error of substructure equilibrium: 0                                    ┃
Check: r projected into N coarse-space: 0                                      ┃
Check: W projected into N coarse-space: 0                                      ┃
Check: Error of substructure equilibrium: 0                                    ┃
Check: r projected into N coarse-space: 0                                      ┃
Check: W projected into N coarse-space: 0                                      ┃
Check: Error of substructure equilibrium: 0                                    ┃
Check: r projected into N coarse-space: 0                                      ┃
Check: W projected into N coarse-space: 0                                      ┃
Check: Error of substructure equilibrium: 0                                    ┃
Check: r projected into N coarse-space: 0                                      ┃
Check: W projected into N coarse-space: 0                                      ┃
Check: Error of substructure equilibrium: 0                                    ┃
Check: r projected into N coarse-space: 0                                      ┃
Check: W projected into N coarse-space: 0                                      ┃
Check: Error of substructure equilibrium: 0                                    ┃
Check: r projected into N coarse-space: 0                                      ┃
Check: W projected into N coarse-space: 0                                      ┃
Check: Error of substructure equilibrium: 0                                    ┃
Check: r projected into N coarse-space: 0                                      ┃
Check: W projected into N coarse-space: 0                                      ┃
Check: Error of substructure equilibrium: 0                                    ┃
Check: r projected into N coarse-space: 0                                      ┃
Check: W projected into N coarse-space: 0                                      ┃
Check: Error of substructure equilibrium: 0                                    ┃
Check: r projected into N coarse-space: 0                                      ┃
Check: W projected into N coarse-space: 0                                      ┃
Check: Error of substructure equilibrium: 0                                    ┃
Check: r projected into N coarse-space: 0                                      ┃
Check: W projected into N coarse-space: 0                                      ┃
Check: Error of substructure equilibrium: 0                                    ┃
Check: r projected into N coarse-space: 0                                      ┃
Check: W projected into N coarse-space: 0                                      ┃
Check: Error of substructure equilibrium: 0                                    ┃
Check: r projected into N coarse-space: 0                                      ┃
Check: W projected into N coarse-space: 0                                      ┃
Check: Error of substructure equilibrium: 0                                    ┃
Check: r projected into N coarse-space: 0                                      ┃
Check: W projected into N coarse-space: 0                                      ┃
Check: Error of substructure equilibrium: 0                                    ┃
Check: r projected into N coarse-space: 0                                      ┃
Check: W projected into N coarse-space: 0                                      ┃
Check: Error of substructure equilibrium: 0                                    ┃
Check: r projected into N coarse-space: 0                                      ┃
Check: W projected into N coarse-space: 0                                      ┃
Check: Error of substructure equilibrium: 0                                    ┃
Check: r projected into N coarse-space: 0                                      ┃
Check: W projected into N coarse-space: 0                                      ┃
Check: Error of substructure equilibrium: 0                                    ┃
Check: r projected into N coarse-space: 0                                      ┃
Check: W projected into N coarse-space: 0                                      ┃
Residual = 3.6315e-06                                                          ┃
after 20 FETI-S iterations with 11  11  11  11  11  11  11  11  11  11  11  11  11  11  11  11  11  11  11  11 search directions
Elapsed time is 1.6528 seconds.                                                ┃
━━━━━━━━━━━━━━━━━━━━━━━━━━━━━━━━━━━━━━━━━━━━━━━━━━━━━━━━━━━━━━━━━━━━━━━━━━━━━━━┛
 
RECOVER DOMAIN SOLUTION━━━━━━━━━━━━━━━━━━━━━━━━━━━━━━━━━━━━━━━━━━━━━━━━━━━━━━━━┓
Elapsed time is 0.050429 seconds.                                              ┃
━━━━━━━━━━━━━━━━━━━━━━━━━━━━━━━━━━━━━━━━━━━━━━━━━━━━━━━━━━━━━━━━━━━━━━━━━━━━━━━┛
 
RECOVER DOMAIN SOLUTION━━━━━━━━━━━━━━━━━━━━━━━━━━━━━━━━━━━━━━━━━━━━━━━━━━━━━━━━┓
Elapsed time is 0.045509 seconds.                                              ┃
━━━━━━━━━━━━━━━━━━━━━━━━━━━━━━━━━━━━━━━━━━━━━━━━━━━━━━━━━━━━━━━━━━━━━━━━━━━━━━━┛
 
━━━━━━━━━━━━━━━━━━━━━━━━━━━━━━━━━━━━━━━━━━━━━━━━━━━━━━━━━━━━━━━━━━━━━━━━━━━━━━━┓
      ______________  ______   ______            __  ______    _____   __      ┃
     / ____/ ____/  |/  /   | / ____/           /  |/  /   |  /  _/ | / /      ┃
    / /_  / __/ / /|_/ / /| |/ /      ______   / /|_/ / /| |  / //  |/ /       ┃
   / __/ / /___/ /  / / ___ / /___   /_____/  / /  / / ___ |_/ // /|  /        ┃
  /_/   /_____/_/  /_/_/  |_\____/           /_/  /_/_/  |_/___/_/ |_/         ┃
  ©Lehrstuhl fuer Angewandte Mechanik - Technische Universitaet Muenchnen      ┃
━━━━━━━━━━━━━━━━━━━━━━━━━━━━━━━━━━━━━━━━━━━━━━━━━━━━━━━━━━━━━━━━━━━━━━━━━━━━━━━┛
 
START DIS READING━━━━━━━━━━━━━━━━━━━━━━━━━━━━━━━━━━━━━━━━━━━━━━━━━━━━━━━━━━━━━━┓
Elapsed time is 0.60314 seconds.                                               ┃
━━━━━━━━━━━━━━━━━━━━━━━━━━━━━━━━━━━━━━━━━━━━━━━━━━━━━━━━━━━━━━━━━━━━━━━━━━━━━━━┛
 
START RESOLVING CONDITIONS━━━━━━━━━━━━━━━━━━━━━━━━━━━━━━━━━━━━━━━━━━━━━━━━━━━━━┓
resolving dirichlet condition: ID:1 MSHTAG:1                                   ┃
resolving dirichlet condition: ID:2 MSHTAG:2                                   ┃
resolving neumann   condition: ID:3 MSHTAG:3                                   ┃
Elapsed time is 2.136 seconds.                                                 ┃
━━━━━━━━━━━━━━━━━━━━━━━━━━━━━━━━━━━━━━━━━━━━━━━━━━━━━━━━━━━━━━━━━━━━━━━━━━━━━━━┛
 
RESOLVE FETI MANAGER━━━━━━━━━━━━━━━━━━━━━━━━━━━━━━━━━━━━━━━━━━━━━━━━━━━━━━━━━━━┓
11 subtructures created                                                        ┃
substructures resolved                                                         ┃
substructures evaluated                                                        ┃
connectivity matrices created                                                  ┃
Elapsed time is 8.666 seconds.                                                 ┃
━━━━━━━━━━━━━━━━━━━━━━━━━━━━━━━━━━━━━━━━━━━━━━━━━━━━━━━━━━━━━━━━━━━━━━━━━━━━━━━┛
 
APPLY KINEMATIC CONDITIONS ON SUBSTRUCTURES━━━━━━━━━━━━━━━━━━━━━━━━━━━━━━━━━━━━┓
Dirichlet conditions detected on substructures: 1   2   3   4   5   6   7   8   9  10  11
Neumann   conditions detected on substructures: 1   2   3   4   5   6   7   8   9  10  11
Elapsed time is 7.9983 seconds.                                                ┃
━━━━━━━━━━━━━━━━━━━━━━━━━━━━━━━━━━━━━━━━━━━━━━━━━━━━━━━━━━━━━━━━━━━━━━━━━━━━━━━┛
 
FETI Base Setup━━━━━━━━━━━━━━━━━━━━━━━━━━━━━━━━━━━━━━━━━━━━━━━━━━━━━━━━━━━━━━━━┓
Scaling: kscaling                                                              ┃
Preconditioner: Lumped                                                         ┃
FETISSolver.FETISSolver: rigid body modes of substructures: 0  0  0  0  0  0  0  0  0  0  0
Elapsed time is 2.5262 seconds.                                                ┃
━━━━━━━━━━━━━━━━━━━━━━━━━━━━━━━━━━━━━━━━━━━━━━━━━━━━━━━━━━━━━━━━━━━━━━━━━━━━━━━┛
 
START FETIS SETUP━━━━━━━━━━━━━━━━━━━━━━━━━━━━━━━━━━━━━━━━━━━━━━━━━━━━━━━━━━━━━━┓
FETISSolver.FETISSolver: rigid body modes of substructures: 0  0  0  0  0  0  0  0  0  0  0
A-matrix taken as unity matrix                                                 ┃
Elapsed time is 0.001024 seconds.                                              ┃
━━━━━━━━━━━━━━━━━━━━━━━━━━━━━━━━━━━━━━━━━━━━━━━━━━━━━━━━━━━━━━━━━━━━━━━━━━━━━━━┛
 
INITIALIZE SOLVER━━━━━━━━━━━━━━━━━━━━━━━━━━━━━━━━━━━━━━━━━━━━━━━━━━━━━━━━━━━━━━┓
Using assembled FI operator!                                                   ┃
No Auxiliary Coarse Grid
Coarse Grid C_ IS empty!                                                       ┃
Check: Error of substructure equilibrium: 0                                    ┃
Elapsed time is 0.002628 seconds.                                              ┃
━━━━━━━━━━━━━━━━━━━━━━━━━━━━━━━━━━━━━━━━━━━━━━━━━━━━━━━━━━━━━━━━━━━━━━━━━━━━━━━┛
 
Check: r projected into N coarse-space: 0                                      ┃
Check: W projected into N coarse-space: 0                                      ┃
START FETIS ITERATIONS━━━━━━━━━━━━━━━━━━━━━━━━━━━━━━━━━━━━━━━━━━━━━━━━━━━━━━━━━┓
Check: Error of substructure equilibrium: 0                                    ┃
Check: r projected into N coarse-space: 0                                      ┃
Check: W projected into N coarse-space: 0                                      ┃
Check: Error of substructure equilibrium: 0                                    ┃
Check: r projected into N coarse-space: 0                                      ┃
Check: W projected into N coarse-space: 0                                      ┃
Check: Error of substructure equilibrium: 0                                    ┃
Check: r projected into N coarse-space: 0                                      ┃
Check: W projected into N coarse-space: 0                                      ┃
Check: Error of substructure equilibrium: 0                                    ┃
Check: r projected into N coarse-space: 0                                      ┃
Check: W projected into N coarse-space: 0                                      ┃
Check: Error of substructure equilibrium: 0                                    ┃
Check: r projected into N coarse-space: 0                                      ┃
Check: W projected into N coarse-space: 0                                      ┃
Check: Error of substructure equilibrium: 0                                    ┃
Check: r projected into N coarse-space: 0                                      ┃
Check: W projected into N coarse-space: 0                                      ┃
Check: Error of substructure equilibrium: 0                                    ┃
Check: r projected into N coarse-space: 0                                      ┃
Check: W projected into N coarse-space: 0                                      ┃
Check: Error of substructure equilibrium: 0                                    ┃
Check: r projected into N coarse-space: 0                                      ┃
Check: W projected into N coarse-space: 0                                      ┃
Check: Error of substructure equilibrium: 0                                    ┃
Check: r projected into N coarse-space: 0                                      ┃
Check: W projected into N coarse-space: 0                                      ┃
Check: Error of substructure equilibrium: 0                                    ┃
Check: r projected into N coarse-space: 0                                      ┃
Check: W projected into N coarse-space: 0                                      ┃
Check: Error of substructure equilibrium: 0                                    ┃
Check: r projected into N coarse-space: 0                                      ┃
Check: W projected into N coarse-space: 0                                      ┃
Check: Error of substructure equilibrium: 0                                    ┃
Check: r projected into N coarse-space: 0                                      ┃
Check: W projected into N coarse-space: 0                                      ┃
Check: Error of substructure equilibrium: 0                                    ┃
Check: r projected into N coarse-space: 0                                      ┃
Check: W projected into N coarse-space: 0                                      ┃
Check: Error of substructure equilibrium: 0                                    ┃
Check: r projected into N coarse-space: 0                                      ┃
Check: W projected into N coarse-space: 0                                      ┃
Check: Error of substructure equilibrium: 0                                    ┃
Check: r projected into N coarse-space: 0                                      ┃
Check: W projected into N coarse-space: 0                                      ┃
Check: Error of substructure equilibrium: 0                                    ┃
Check: r projected into N coarse-space: 0                                      ┃
Check: W projected into N coarse-space: 0                                      ┃
Check: Error of substructure equilibrium: 0                                    ┃
Check: r projected into N coarse-space: 0                                      ┃
Check: W projected into N coarse-space: 0                                      ┃
Check: Error of substructure equilibrium: 0                                    ┃
Check: r projected into N coarse-space: 0                                      ┃
Check: W projected into N coarse-space: 0                                      ┃
Check: Error of substructure equilibrium: 0                                    ┃
Check: r projected into N coarse-space: 0                                      ┃
Check: W projected into N coarse-space: 0                                      ┃
Check: Error of substructure equilibrium: 0                                    ┃
Check: r projected into N coarse-space: 0                                      ┃
Check: W projected into N coarse-space: 0                                      ┃
Residual = 3.6315e-06                                                          ┃
after 20 FETI-S iterations with 11  11  11  11  11  11  11  11  11  11  11  11  11  11  11  11  11  11  11  11 search directions
Elapsed time is 0.76293 seconds.                                               ┃
━━━━━━━━━━━━━━━━━━━━━━━━━━━━━━━━━━━━━━━━━━━━━━━━━━━━━━━━━━━━━━━━━━━━━━━━━━━━━━━┛
 
RECOVER DOMAIN SOLUTION━━━━━━━━━━━━━━━━━━━━━━━━━━━━━━━━━━━━━━━━━━━━━━━━━━━━━━━━┓
Elapsed time is 0.023159 seconds.                                              ┃
━━━━━━━━━━━━━━━━━━━━━━━━━━━━━━━━━━━━━━━━━━━━━━━━━━━━━━━━━━━━━━━━━━━━━━━━━━━━━━━┛
 
RECOVER DOMAIN SOLUTION━━━━━━━━━━━━━━━━━━━━━━━━━━━━━━━━━━━━━━━━━━━━━━━━━━━━━━━━┓
Elapsed time is 0.02131 seconds.                                               ┃
━━━━━━━━━━━━━━━━━━━━━━━━━━━━━━━━━━━━━━━━━━━━━━━━━━━━━━━━━━━━━━━━━━━━━━━━━━━━━━━┛
 
━━━━━━━━━━━━━━━━━━━━━━━━━━━━━━━━━━━━━━━━━━━━━━━━━━━━━━━━━━━━━━━━━━━━━━━━━━━━━━━┓
      ______________  ______   ______            __  ______    _____   __      ┃
     / ____/ ____/  |/  /   | / ____/           /  |/  /   |  /  _/ | / /      ┃
    / /_  / __/ / /|_/ / /| |/ /      ______   / /|_/ / /| |  / //  |/ /       ┃
   / __/ / /___/ /  / / ___ / /___   /_____/  / /  / / ___ |_/ // /|  /        ┃
  /_/   /_____/_/  /_/_/  |_\____/           /_/  /_/_/  |_/___/_/ |_/         ┃
  ©Lehrstuhl fuer Angewandte Mechanik - Technische Universitaet Muenchnen      ┃
━━━━━━━━━━━━━━━━━━━━━━━━━━━━━━━━━━━━━━━━━━━━━━━━━━━━━━━━━━━━━━━━━━━━━━━━━━━━━━━┛
 
START DIS READING━━━━━━━━━━━━━━━━━━━━━━━━━━━━━━━━━━━━━━━━━━━━━━━━━━━━━━━━━━━━━━┓
Elapsed time is 0.59712 seconds.                                               ┃
━━━━━━━━━━━━━━━━━━━━━━━━━━━━━━━━━━━━━━━━━━━━━━━━━━━━━━━━━━━━━━━━━━━━━━━━━━━━━━━┛
 
START RESOLVING CONDITIONS━━━━━━━━━━━━━━━━━━━━━━━━━━━━━━━━━━━━━━━━━━━━━━━━━━━━━┓
resolving dirichlet condition: ID:1 MSHTAG:1                                   ┃
resolving dirichlet condition: ID:2 MSHTAG:2                                   ┃
resolving neumann   condition: ID:3 MSHTAG:3                                   ┃
Elapsed time is 2.1129 seconds.                                                ┃
━━━━━━━━━━━━━━━━━━━━━━━━━━━━━━━━━━━━━━━━━━━━━━━━━━━━━━━━━━━━━━━━━━━━━━━━━━━━━━━┛
 
RESOLVE FETI MANAGER━━━━━━━━━━━━━━━━━━━━━━━━━━━━━━━━━━━━━━━━━━━━━━━━━━━━━━━━━━━┓
11 subtructures created                                                        ┃
substructures resolved                                                         ┃
substructures evaluated                                                        ┃
connectivity matrices created                                                  ┃
Elapsed time is 8.5557 seconds.                                                ┃
━━━━━━━━━━━━━━━━━━━━━━━━━━━━━━━━━━━━━━━━━━━━━━━━━━━━━━━━━━━━━━━━━━━━━━━━━━━━━━━┛
 
APPLY KINEMATIC CONDITIONS ON SUBSTRUCTURES━━━━━━━━━━━━━━━━━━━━━━━━━━━━━━━━━━━━┓
Dirichlet conditions detected on substructures: 1   2   3   4   5   6   7   8   9  10  11
Neumann   conditions detected on substructures: 1   2   3   4   5   6   7   8   9  10  11
Elapsed time is 7.9308 seconds.                                                ┃
━━━━━━━━━━━━━━━━━━━━━━━━━━━━━━━━━━━━━━━━━━━━━━━━━━━━━━━━━━━━━━━━━━━━━━━━━━━━━━━┛
 
FETI Base Setup━━━━━━━━━━━━━━━━━━━━━━━━━━━━━━━━━━━━━━━━━━━━━━━━━━━━━━━━━━━━━━━━┓
Scaling: kscaling                                                              ┃
Preconditioner: Lumped                                                         ┃
FETISSolver.FETISSolver: rigid body modes of substructures: 0  0  0  0  0  0  0  0  0  0  0
Elapsed time is 2.5659 seconds.                                                ┃
━━━━━━━━━━━━━━━━━━━━━━━━━━━━━━━━━━━━━━━━━━━━━━━━━━━━━━━━━━━━━━━━━━━━━━━━━━━━━━━┛
 
START FETIS SETUP━━━━━━━━━━━━━━━━━━━━━━━━━━━━━━━━━━━━━━━━━━━━━━━━━━━━━━━━━━━━━━┓
FETISSolver.FETISSolver: rigid body modes of substructures: 0  0  0  0  0  0  0  0  0  0  0
A-matrix taken as unity matrix                                                 ┃
Elapsed time is 0.000468 seconds.                                              ┃
━━━━━━━━━━━━━━━━━━━━━━━━━━━━━━━━━━━━━━━━━━━━━━━━━━━━━━━━━━━━━━━━━━━━━━━━━━━━━━━┛
 
INITIALIZE SOLVER━━━━━━━━━━━━━━━━━━━━━━━━━━━━━━━━━━━━━━━━━━━━━━━━━━━━━━━━━━━━━━┓
Using assembled FI operator!                                                   ┃
No Auxiliary Coarse Grid
Coarse Grid C_ IS empty!                                                       ┃
Check: Error of substructure equilibrium: 0                                    ┃
Elapsed time is 0.001876 seconds.                                              ┃
━━━━━━━━━━━━━━━━━━━━━━━━━━━━━━━━━━━━━━━━━━━━━━━━━━━━━━━━━━━━━━━━━━━━━━━━━━━━━━━┛
 
Check: r projected into N coarse-space: 0                                      ┃
Check: W projected into N coarse-space: 0                                      ┃
START FETIS ITERATIONS━━━━━━━━━━━━━━━━━━━━━━━━━━━━━━━━━━━━━━━━━━━━━━━━━━━━━━━━━┓
Check: Error of substructure equilibrium: 0                                    ┃
Check: r projected into N coarse-space: 0                                      ┃
Check: W projected into N coarse-space: 0                                      ┃
Check: Error of substructure equilibrium: 0                                    ┃
Check: r projected into N coarse-space: 0                                      ┃
Check: W projected into N coarse-space: 0                                      ┃
Check: Error of substructure equilibrium: 0                                    ┃
Check: r projected into N coarse-space: 0                                      ┃
Check: W projected into N coarse-space: 0                                      ┃
Check: Error of substructure equilibrium: 0                                    ┃
Check: r projected into N coarse-space: 0                                      ┃
Check: W projected into N coarse-space: 0                                      ┃
Check: Error of substructure equilibrium: 0                                    ┃
Check: r projected into N coarse-space: 0                                      ┃
Check: W projected into N coarse-space: 0                                      ┃
Check: Error of substructure equilibrium: 0                                    ┃
Check: r projected into N coarse-space: 0                                      ┃
Check: W projected into N coarse-space: 0                                      ┃
Check: Error of substructure equilibrium: 0                                    ┃
Check: r projected into N coarse-space: 0                                      ┃
Check: W projected into N coarse-space: 0                                      ┃
Check: Error of substructure equilibrium: 0                                    ┃
Check: r projected into N coarse-space: 0                                      ┃
Check: W projected into N coarse-space: 0                                      ┃
Check: Error of substructure equilibrium: 0                                    ┃
Check: r projected into N coarse-space: 0                                      ┃
Check: W projected into N coarse-space: 0                                      ┃
Check: Error of substructure equilibrium: 0                                    ┃
Check: r projected into N coarse-space: 0                                      ┃
Check: W projected into N coarse-space: 0                                      ┃
Check: Error of substructure equilibrium: 0                                    ┃
Check: r projected into N coarse-space: 0                                      ┃
Check: W projected into N coarse-space: 0                                      ┃
Check: Error of substructure equilibrium: 0                                    ┃
Check: r projected into N coarse-space: 0                                      ┃
Check: W projected into N coarse-space: 0                                      ┃
Check: Error of substructure equilibrium: 0                                    ┃
Check: r projected into N coarse-space: 0                                      ┃
Check: W projected into N coarse-space: 0                                      ┃
Check: Error of substructure equilibrium: 0                                    ┃
Check: r projected into N coarse-space: 0                                      ┃
Check: W projected into N coarse-space: 0                                      ┃
Check: Error of substructure equilibrium: 0                                    ┃
Check: r projected into N coarse-space: 0                                      ┃
Check: W projected into N coarse-space: 0                                      ┃
Check: Error of substructure equilibrium: 0                                    ┃
Check: r projected into N coarse-space: 0                                      ┃
Check: W projected into N coarse-space: 0                                      ┃
Check: Error of substructure equilibrium: 0                                    ┃
Check: r projected into N coarse-space: 0                                      ┃
Check: W projected into N coarse-space: 0                                      ┃
Check: Error of substructure equilibrium: 0                                    ┃
Check: r projected into N coarse-space: 0                                      ┃
Check: W projected into N coarse-space: 0                                      ┃
Check: Error of substructure equilibrium: 0                                    ┃
Check: r projected into N coarse-space: 0                                      ┃
Check: W projected into N coarse-space: 0                                      ┃
Check: Error of substructure equilibrium: 0                                    ┃
Check: r projected into N coarse-space: 0                                      ┃
Check: W projected into N coarse-space: 0                                      ┃
Check: Error of substructure equilibrium: 0                                    ┃
Check: r projected into N coarse-space: 0                                      ┃
Check: W projected into N coarse-space: 0                                      ┃
Check: Error of substructure equilibrium: 0                                    ┃
Check: r projected into N coarse-space: 0                                      ┃
Check: W projected into N coarse-space: 0                                      ┃
Residual = 6.8165e-07                                                          ┃
after 22 FETI-S iterations with 11  11  11  11  11  11  11  11  11  11  11  11  11  11  11  11  11  11  11  11  11  11 search directions
Elapsed time is 0.88795 seconds.                                               ┃
━━━━━━━━━━━━━━━━━━━━━━━━━━━━━━━━━━━━━━━━━━━━━━━━━━━━━━━━━━━━━━━━━━━━━━━━━━━━━━━┛
 
RECOVER DOMAIN SOLUTION━━━━━━━━━━━━━━━━━━━━━━━━━━━━━━━━━━━━━━━━━━━━━━━━━━━━━━━━┓
Elapsed time is 0.022233 seconds.                                              ┃
━━━━━━━━━━━━━━━━━━━━━━━━━━━━━━━━━━━━━━━━━━━━━━━━━━━━━━━━━━━━━━━━━━━━━━━━━━━━━━━┛
 
RECOVER DOMAIN SOLUTION━━━━━━━━━━━━━━━━━━━━━━━━━━━━━━━━━━━━━━━━━━━━━━━━━━━━━━━━┓
Elapsed time is 0.021713 seconds.                                              ┃
━━━━━━━━━━━━━━━━━━━━━━━━━━━━━━━━━━━━━━━━━━━━━━━━━━━━━━━━━━━━━━━━━━━━━━━━━━━━━━━┛
 
━━━━━━━━━━━━━━━━━━━━━━━━━━━━━━━━━━━━━━━━━━━━━━━━━━━━━━━━━━━━━━━━━━━━━━━━━━━━━━━┓
      ______________  ______   ______            __  ______    _____   __      ┃
     / ____/ ____/  |/  /   | / ____/           /  |/  /   |  /  _/ | / /      ┃
    / /_  / __/ / /|_/ / /| |/ /      ______   / /|_/ / /| |  / //  |/ /       ┃
   / __/ / /___/ /  / / ___ / /___   /_____/  / /  / / ___ |_/ // /|  /        ┃
  /_/   /_____/_/  /_/_/  |_\____/           /_/  /_/_/  |_/___/_/ |_/         ┃
  ©Lehrstuhl fuer Angewandte Mechanik - Technische Universitaet Muenchnen      ┃
━━━━━━━━━━━━━━━━━━━━━━━━━━━━━━━━━━━━━━━━━━━━━━━━━━━━━━━━━━━━━━━━━━━━━━━━━━━━━━━┛
 
START DIS READING━━━━━━━━━━━━━━━━━━━━━━━━━━━━━━━━━━━━━━━━━━━━━━━━━━━━━━━━━━━━━━┓
Elapsed time is 0.57493 seconds.                                               ┃
━━━━━━━━━━━━━━━━━━━━━━━━━━━━━━━━━━━━━━━━━━━━━━━━━━━━━━━━━━━━━━━━━━━━━━━━━━━━━━━┛
 
START RESOLVING CONDITIONS━━━━━━━━━━━━━━━━━━━━━━━━━━━━━━━━━━━━━━━━━━━━━━━━━━━━━┓
resolving dirichlet condition: ID:1 MSHTAG:1                                   ┃
resolving dirichlet condition: ID:2 MSHTAG:2                                   ┃
resolving neumann   condition: ID:3 MSHTAG:3                                   ┃
Elapsed time is 2.0009 seconds.                                                ┃
━━━━━━━━━━━━━━━━━━━━━━━━━━━━━━━━━━━━━━━━━━━━━━━━━━━━━━━━━━━━━━━━━━━━━━━━━━━━━━━┛
 
RESOLVE FETI MANAGER━━━━━━━━━━━━━━━━━━━━━━━━━━━━━━━━━━━━━━━━━━━━━━━━━━━━━━━━━━━┓
11 subtructures created                                                        ┃
substructures resolved                                                         ┃
substructures evaluated                                                        ┃
connectivity matrices created                                                  ┃
Elapsed time is 8.1854 seconds.                                                ┃
━━━━━━━━━━━━━━━━━━━━━━━━━━━━━━━━━━━━━━━━━━━━━━━━━━━━━━━━━━━━━━━━━━━━━━━━━━━━━━━┛
 
APPLY KINEMATIC CONDITIONS ON SUBSTRUCTURES━━━━━━━━━━━━━━━━━━━━━━━━━━━━━━━━━━━━┓
Dirichlet conditions detected on substructures: 1   2   3   4   5   6   7   8   9  10  11
Neumann   conditions detected on substructures: 1   2   3   4   5   6   7   8   9  10  11
Elapsed time is 7.6244 seconds.                                                ┃
━━━━━━━━━━━━━━━━━━━━━━━━━━━━━━━━━━━━━━━━━━━━━━━━━━━━━━━━━━━━━━━━━━━━━━━━━━━━━━━┛
 
FETI Base Setup━━━━━━━━━━━━━━━━━━━━━━━━━━━━━━━━━━━━━━━━━━━━━━━━━━━━━━━━━━━━━━━━┓
Scaling: kscaling                                                              ┃
Preconditioner: Lumped                                                         ┃
FETISSolver.FETISSolver: rigid body modes of substructures: 0  0  0  0  0  0  0  0  0  0  0
Elapsed time is 2.9281 seconds.                                                ┃
━━━━━━━━━━━━━━━━━━━━━━━━━━━━━━━━━━━━━━━━━━━━━━━━━━━━━━━━━━━━━━━━━━━━━━━━━━━━━━━┛
 
START FETIS SETUP━━━━━━━━━━━━━━━━━━━━━━━━━━━━━━━━━━━━━━━━━━━━━━━━━━━━━━━━━━━━━━┓
FETISSolver.FETISSolver: rigid body modes of substructures: 0  0  0  0  0  0  0  0  0  0  0
A-matrix taken as unity matrix                                                 ┃
Elapsed time is 0.000833 seconds.                                              ┃
━━━━━━━━━━━━━━━━━━━━━━━━━━━━━━━━━━━━━━━━━━━━━━━━━━━━━━━━━━━━━━━━━━━━━━━━━━━━━━━┛
 
INITIALIZE SOLVER━━━━━━━━━━━━━━━━━━━━━━━━━━━━━━━━━━━━━━━━━━━━━━━━━━━━━━━━━━━━━━┓
Using assembled FI operator!                                                   ┃
No Auxiliary Coarse Grid
Coarse Grid C_ IS empty!                                                       ┃
Check: Error of substructure equilibrium: 0                                    ┃
Elapsed time is 0.002055 seconds.                                              ┃
━━━━━━━━━━━━━━━━━━━━━━━━━━━━━━━━━━━━━━━━━━━━━━━━━━━━━━━━━━━━━━━━━━━━━━━━━━━━━━━┛
 
Check: r projected into N coarse-space: 0                                      ┃
Check: W projected into N coarse-space: 0                                      ┃
START FETIS ITERATIONS━━━━━━━━━━━━━━━━━━━━━━━━━━━━━━━━━━━━━━━━━━━━━━━━━━━━━━━━━┓
Check: Error of substructure equilibrium: 0                                    ┃
Check: r projected into N coarse-space: 0                                      ┃
Check: W projected into N coarse-space: 0                                      ┃
Check: Error of substructure equilibrium: 0                                    ┃
Check: r projected into N coarse-space: 0                                      ┃
Check: W projected into N coarse-space: 0                                      ┃
Check: Error of substructure equilibrium: 0                                    ┃
Check: r projected into N coarse-space: 0                                      ┃
Check: W projected into N coarse-space: 0                                      ┃
Check: Error of substructure equilibrium: 0                                    ┃
Check: r projected into N coarse-space: 0                                      ┃
Check: W projected into N coarse-space: 0                                      ┃
Check: Error of substructure equilibrium: 0                                    ┃
Check: r projected into N coarse-space: 0                                      ┃
Check: W projected into N coarse-space: 0                                      ┃
Check: Error of substructure equilibrium: 0                                    ┃
Check: r projected into N coarse-space: 0                                      ┃
Check: W projected into N coarse-space: 0                                      ┃
Check: Error of substructure equilibrium: 0                                    ┃
Check: r projected into N coarse-space: 0                                      ┃
Check: W projected into N coarse-space: 0                                      ┃
Check: Error of substructure equilibrium: 0                                    ┃
Check: r projected into N coarse-space: 0                                      ┃
Check: W projected into N coarse-space: 0                                      ┃
Check: Error of substructure equilibrium: 0                                    ┃
Check: r projected into N coarse-space: 0                                      ┃
Check: W projected into N coarse-space: 0                                      ┃
Check: Error of substructure equilibrium: 0                                    ┃
Check: r projected into N coarse-space: 0                                      ┃
Check: W projected into N coarse-space: 0                                      ┃
Check: Error of substructure equilibrium: 0                                    ┃
Check: r projected into N coarse-space: 0                                      ┃
Check: W projected into N coarse-space: 0                                      ┃
Check: Error of substructure equilibrium: 0                                    ┃
Check: r projected into N coarse-space: 0                                      ┃
Check: W projected into N coarse-space: 0                                      ┃
Check: Error of substructure equilibrium: 0                                    ┃
Check: r projected into N coarse-space: 0                                      ┃
Check: W projected into N coarse-space: 0                                      ┃
Check: Error of substructure equilibrium: 0                                    ┃
Check: r projected into N coarse-space: 0                                      ┃
Check: W projected into N coarse-space: 0                                      ┃
Check: Error of substructure equilibrium: 0                                    ┃
Check: r projected into N coarse-space: 0                                      ┃
Check: W projected into N coarse-space: 0                                      ┃
Check: Error of substructure equilibrium: 0                                    ┃
Check: r projected into N coarse-space: 0                                      ┃
Check: W projected into N coarse-space: 0                                      ┃
Check: Error of substructure equilibrium: 0                                    ┃
Check: r projected into N coarse-space: 0                                      ┃
Check: W projected into N coarse-space: 0                                      ┃
Check: Error of substructure equilibrium: 0                                    ┃
Check: r projected into N coarse-space: 0                                      ┃
Check: W projected into N coarse-space: 0                                      ┃
Check: Error of substructure equilibrium: 0                                    ┃
Check: r projected into N coarse-space: 0                                      ┃
Check: W projected into N coarse-space: 0                                      ┃
Check: Error of substructure equilibrium: 0                                    ┃
Check: r projected into N coarse-space: 0                                      ┃
Check: W projected into N coarse-space: 0                                      ┃
Check: Error of substructure equilibrium: 0                                    ┃
Check: r projected into N coarse-space: 0                                      ┃
Check: W projected into N coarse-space: 0                                      ┃
Check: Error of substructure equilibrium: 0                                    ┃
Check: r projected into N coarse-space: 0                                      ┃
Check: W projected into N coarse-space: 0                                      ┃
Residual = 6.8165e-07                                                          ┃
after 22 FETI-S iterations with 11  11  11  11  11  11  11  11  11  11  11  11  11  11  11  11  11  11  11  11  11  11 search directions
Elapsed time is 0.8926 seconds.                                                ┃
━━━━━━━━━━━━━━━━━━━━━━━━━━━━━━━━━━━━━━━━━━━━━━━━━━━━━━━━━━━━━━━━━━━━━━━━━━━━━━━┛
 
RECOVER DOMAIN SOLUTION━━━━━━━━━━━━━━━━━━━━━━━━━━━━━━━━━━━━━━━━━━━━━━━━━━━━━━━━┓
Elapsed time is 0.023385 seconds.                                              ┃
━━━━━━━━━━━━━━━━━━━━━━━━━━━━━━━━━━━━━━━━━━━━━━━━━━━━━━━━━━━━━━━━━━━━━━━━━━━━━━━┛
 
RECOVER DOMAIN SOLUTION━━━━━━━━━━━━━━━━━━━━━━━━━━━━━━━━━━━━━━━━━━━━━━━━━━━━━━━━┓
Elapsed time is 0.022116 seconds.                                              ┃
━━━━━━━━━━━━━━━━━━━━━━━━━━━━━━━━━━━━━━━━━━━━━━━━━━━━━━━━━━━━━━━━━━━━━━━━━━━━━━━┛
 
