━━━━━━━━━━━━━━━━━━━━━━━━━━━━━━━━━━━━━━━━━━━━━━━━━━━━━━━━━━━━━━━━━━━━━━━━━━━━━━━┓
          ______________  ______   ______            ____  ____  ______        ┃
         / ____/ ____/  |/  /   | / ____/           / __ \/ __ \/ ____/        ┃
        / /_  / __/ / /|_/ / /| |/ /      ______   / /_/ / /_/ / __/           ┃
       / __/ / /___/ /  / / ___ / /___   /_____/  / ____/ _, _/ /___           ┃
      /_/   /_____/_/  /_/_/  |_\____/           /_/   /_/ |_/_____/           ┃
  ©Lehrstuhl fuer Angewandte Mechanik - Technische Universitaet Muenchnen      ┃
━━━━━━━━━━━━━━━━━━━━━━━━━━━━━━━━━━━━━━━━━━━━━━━━━━━━━━━━━━━━━━━━━━━━━━━━━━━━━━━┛
 
START MESH READING━━━━━━━━━━━━━━━━━━━━━━━━━━━━━━━━━━━━━━━━━━━━━━━━━━━━━━━━━━━━━┓
10 nodes created                                                               ┃
10 stiffness elements created                                                  ┃
2 dirichlet elements created                                                   ┃
1 neumann elements created                                                     ┃
wrote mesh to file: ./examples/feti/manual_partitioner/manual_partitioner.dis  ┃
Elapsed time is 0.060274 seconds.                                              ┃
━━━━━━━━━━━━━━━━━━━━━━━━━━━━━━━━━━━━━━━━━━━━━━━━━━━━━━━━━━━━━━━━━━━━━━━━━━━━━━━┛
 
━━━━━━━━━━━━━━━━━━━━━━━━━━━━━━━━━━━━━━━━━━━━━━━━━━━━━━━━━━━━━━━━━━━━━━━━━━━━━━━┓
      ______________  ______   ______            __  ______    _____   __      ┃
     / ____/ ____/  |/  /   | / ____/           /  |/  /   |  /  _/ | / /      ┃
    / /_  / __/ / /|_/ / /| |/ /      ______   / /|_/ / /| |  / //  |/ /       ┃
   / __/ / /___/ /  / / ___ / /___   /_____/  / /  / / ___ |_/ // /|  /        ┃
  /_/   /_____/_/  /_/_/  |_\____/           /_/  /_/_/  |_/___/_/ |_/         ┃
  ©Lehrstuhl fuer Angewandte Mechanik - Technische Universitaet Muenchnen      ┃
━━━━━━━━━━━━━━━━━━━━━━━━━━━━━━━━━━━━━━━━━━━━━━━━━━━━━━━━━━━━━━━━━━━━━━━━━━━━━━━┛
 
START DIS READING━━━━━━━━━━━━━━━━━━━━━━━━━━━━━━━━━━━━━━━━━━━━━━━━━━━━━━━━━━━━━━┓
Elapsed time is 0.004046 seconds.                                              ┃
━━━━━━━━━━━━━━━━━━━━━━━━━━━━━━━━━━━━━━━━━━━━━━━━━━━━━━━━━━━━━━━━━━━━━━━━━━━━━━━┛
 
START RESOLVING CONDITIONS━━━━━━━━━━━━━━━━━━━━━━━━━━━━━━━━━━━━━━━━━━━━━━━━━━━━━┓
resolving dirichlet condition: ID:1 MSHTAG:1                                   ┃
resolving dirichlet condition: ID:2 MSHTAG:2                                   ┃
resolving neumann   condition: ID:3 MSHTAG:3                                   ┃
Elapsed time is 0.03511 seconds.                                               ┃
━━━━━━━━━━━━━━━━━━━━━━━━━━━━━━━━━━━━━━━━━━━━━━━━━━━━━━━━━━━━━━━━━━━━━━━━━━━━━━━┛
 
MATLAB PLOT━━━━━━━━━━━━━━━━━━━━━━━━━━━━━━━━━━━━━━━━━━━━━━━━━━━━━━━━━━━━━━━━━━━━┓
Number of geometry elements:  10                                               ┃
Number of dirichlet elements: 2                                                ┃
Number of neumann elements:   1                                                ┃
Elapsed time is 0.22791 seconds.                                               ┃
━━━━━━━━━━━━━━━━━━━━━━━━━━━━━━━━━━━━━━━━━━━━━━━━━━━━━━━━━━━━━━━━━━━━━━━━━━━━━━━┛
 
RESOLVE FETI MANAGER━━━━━━━━━━━━━━━━━━━━━━━━━━━━━━━━━━━━━━━━━━━━━━━━━━━━━━━━━━━┓
3 subtructures created                                                         ┃
substructures resolved                                                         ┃
substructures evaluated                                                        ┃
connectivity matrices created                                                  ┃
Elapsed time is 0.12956 seconds.                                               ┃
━━━━━━━━━━━━━━━━━━━━━━━━━━━━━━━━━━━━━━━━━━━━━━━━━━━━━━━━━━━━━━━━━━━━━━━━━━━━━━━┛
 
APPLY KINEMATIC CONDITIONS ON SUBSTRUCTURES━━━━━━━━━━━━━━━━━━━━━━━━━━━━━━━━━━━━┓
Dirichlet conditions detected on substructures: 1  2  3                        ┃
Neumann   conditions detected on substructures: 2                              ┃
Elapsed time is 0.031524 seconds.                                              ┃
━━━━━━━━━━━━━━━━━━━━━━━━━━━━━━━━━━━━━━━━━━━━━━━━━━━━━━━━━━━━━━━━━━━━━━━━━━━━━━━┛
 
FETI Base Setup━━━━━━━━━━━━━━━━━━━━━━━━━━━━━━━━━━━━━━━━━━━━━━━━━━━━━━━━━━━━━━━━┓
FETISSolver.FETISSolver: rigid body modes of substructures: 0  3  3            ┃
Elapsed time is 0.058397 seconds.                                              ┃
━━━━━━━━━━━━━━━━━━━━━━━━━━━━━━━━━━━━━━━━━━━━━━━━━━━━━━━━━━━━━━━━━━━━━━━━━━━━━━━┛
 
START FETI2 SETUP━━━━━━━━━━━━━━━━━━━━━━━━━━━━━━━━━━━━━━━━━━━━━━━━━━━━━━━━━━━━━━┓
Elapsed time is 0.011695 seconds.                                              ┃
━━━━━━━━━━━━━━━━━━━━━━━━━━━━━━━━━━━━━━━━━━━━━━━━━━━━━━━━━━━━━━━━━━━━━━━━━━━━━━━┛
 
INITIALIZE SOLVER━━━━━━━━━━━━━━━━━━━━━━━━━━━━━━━━━━━━━━━━━━━━━━━━━━━━━━━━━━━━━━┓
Using assembled FI operator!                                                   ┃
No Auxiliary Coarse Grid
Coarse Grid C_ IS empty!                                                       ┃
Check: Error of substructure equilibrium: 3.4414e-18                           ┃
Elapsed time is 0.037478 seconds.                                              ┃
━━━━━━━━━━━━━━━━━━━━━━━━━━━━━━━━━━━━━━━━━━━━━━━━━━━━━━━━━━━━━━━━━━━━━━━━━━━━━━━┛
 
START FETI2 ITERATIONS━━━━━━━━━━━━━━━━━━━━━━━━━━━━━━━━━━━━━━━━━━━━━━━━━━━━━━━━━┓
Residual = 3.2634e-18                                                          ┃
after 2 iterations                                                             ┃
Elapsed time is 0.033674 seconds.                                              ┃
━━━━━━━━━━━━━━━━━━━━━━━━━━━━━━━━━━━━━━━━━━━━━━━━━━━━━━━━━━━━━━━━━━━━━━━━━━━━━━━┛
 
RECOVER DOMAIN SOLUTION━━━━━━━━━━━━━━━━━━━━━━━━━━━━━━━━━━━━━━━━━━━━━━━━━━━━━━━━┓
Elapsed time is 0.007104 seconds.                                              ┃
━━━━━━━━━━━━━━━━━━━━━━━━━━━━━━━━━━━━━━━━━━━━━━━━━━━━━━━━━━━━━━━━━━━━━━━━━━━━━━━┛
 
RECOVER DOMAIN SOLUTION━━━━━━━━━━━━━━━━━━━━━━━━━━━━━━━━━━━━━━━━━━━━━━━━━━━━━━━━┓
Elapsed time is 0.008612 seconds.                                              ┃
━━━━━━━━━━━━━━━━━━━━━━━━━━━━━━━━━━━━━━━━━━━━━━━━━━━━━━━━━━━━━━━━━━━━━━━━━━━━━━━┛
 
━━━━━━━━━━━━━━━━━━━━━━━━━━━━━━━━━━━━━━━━━━━━━━━━━━━━━━━━━━━━━━━━━━━━━━━━━━━━━━━┓
       ______________  ______   ______            ____  ____  ___________      ┃
      / ____/ ____/  |/  /   | / ____/           / __ \/ __ \/ ___/_  __/      ┃
     / /_  / __/ / /|_/ / /| |/ /      ______   / /_/ / / / /\__ \ / /         ┃
    / __/ / /___/ /  / / ___ / /___   /_____/  / ____/ /_/ /___/ // /          ┃
   /_/   /_____/_/  /_/_/  |_\____/           /_/    \____//____//_/           ┃
  ©Lehrstuhl fuer Angewandte Mechanik - Technische Universitaet Muenchnen      ┃
━━━━━━━━━━━━━━━━━━━━━━━━━━━━━━━━━━━━━━━━━━━━━━━━━━━━━━━━━━━━━━━━━━━━━━━━━━━━━━━┛
 
MATLAB PLOT━━━━━━━━━━━━━━━━━━━━━━━━━━━━━━━━━━━━━━━━━━━━━━━━━━━━━━━━━━━━━━━━━━━━┓
Number of geometry elements:  5                                                ┃
Number of dirichlet elements: 0                                                ┃
Number of neumann elements:   0                                                ┃
Elapsed time is 0.070536 seconds.                                              ┃
━━━━━━━━━━━━━━━━━━━━━━━━━━━━━━━━━━━━━━━━━━━━━━━━━━━━━━━━━━━━━━━━━━━━━━━━━━━━━━━┛
 
MATLAB PLOT━━━━━━━━━━━━━━━━━━━━━━━━━━━━━━━━━━━━━━━━━━━━━━━━━━━━━━━━━━━━━━━━━━━━┓
Number of geometry elements:  4                                                ┃
Number of dirichlet elements: 0                                                ┃
Number of neumann elements:   0                                                ┃
Elapsed time is 0.057062 seconds.                                              ┃
━━━━━━━━━━━━━━━━━━━━━━━━━━━━━━━━━━━━━━━━━━━━━━━━━━━━━━━━━━━━━━━━━━━━━━━━━━━━━━━┛
 
MATLAB PLOT━━━━━━━━━━━━━━━━━━━━━━━━━━━━━━━━━━━━━━━━━━━━━━━━━━━━━━━━━━━━━━━━━━━━┓
Number of geometry elements:  1                                                ┃
Number of dirichlet elements: 0                                                ┃
Number of neumann elements:   0                                                ┃
Elapsed time is 0.036617 seconds.                                              ┃
━━━━━━━━━━━━━━━━━━━━━━━━━━━━━━━━━━━━━━━━━━━━━━━━━━━━━━━━━━━━━━━━━━━━━━━━━━━━━━━┛
 
START POSTPROCESSING━━━━━━━━━━━━━━━━━━━━━━━━━━━━━━━━━━━━━━━━━━━━━━━━━━━━━━━━━━━┓
element stresses processed                                                     ┃
Elapsed time is 0.007388 seconds.                                              ┃
━━━━━━━━━━━━━━━━━━━━━━━━━━━━━━━━━━━━━━━━━━━━━━━━━━━━━━━━━━━━━━━━━━━━━━━━━━━━━━━┛
 
START POSTPROCESSING━━━━━━━━━━━━━━━━━━━━━━━━━━━━━━━━━━━━━━━━━━━━━━━━━━━━━━━━━━━┓
element stresses processed                                                     ┃
Elapsed time is 0.003254 seconds.                                              ┃
━━━━━━━━━━━━━━━━━━━━━━━━━━━━━━━━━━━━━━━━━━━━━━━━━━━━━━━━━━━━━━━━━━━━━━━━━━━━━━━┛
 
START POSTPROCESSING━━━━━━━━━━━━━━━━━━━━━━━━━━━━━━━━━━━━━━━━━━━━━━━━━━━━━━━━━━━┓
element stresses processed                                                     ┃
Elapsed time is 0.00203 seconds.                                               ┃
━━━━━━━━━━━━━━━━━━━━━━━━━━━━━━━━━━━━━━━━━━━━━━━━━━━━━━━━━━━━━━━━━━━━━━━━━━━━━━━┛
 
START POSTPROCESSING━━━━━━━━━━━━━━━━━━━━━━━━━━━━━━━━━━━━━━━━━━━━━━━━━━━━━━━━━━━┓
element stresses processed                                                     ┃
Elapsed time is 0.003387 seconds.                                              ┃
━━━━━━━━━━━━━━━━━━━━━━━━━━━━━━━━━━━━━━━━━━━━━━━━━━━━━━━━━━━━━━━━━━━━━━━━━━━━━━━┛
 
START POSTPROCESSING━━━━━━━━━━━━━━━━━━━━━━━━━━━━━━━━━━━━━━━━━━━━━━━━━━━━━━━━━━━┓
element stresses processed                                                     ┃
Elapsed time is 0.002762 seconds.                                              ┃
━━━━━━━━━━━━━━━━━━━━━━━━━━━━━━━━━━━━━━━━━━━━━━━━━━━━━━━━━━━━━━━━━━━━━━━━━━━━━━━┛
 
START POSTPROCESSING━━━━━━━━━━━━━━━━━━━━━━━━━━━━━━━━━━━━━━━━━━━━━━━━━━━━━━━━━━━┓
element stresses processed                                                     ┃
Elapsed time is 0.0015 seconds.                                                ┃
━━━━━━━━━━━━━━━━━━━━━━━━━━━━━━━━━━━━━━━━━━━━━━━━━━━━━━━━━━━━━━━━━━━━━━━━━━━━━━━┛
 
START VTK-WRITING━━━━━━━━━━━━━━━━━━━━━━━━━━━━━━━━━━━━━━━━━━━━━━━━━━━━━━━━━━━━━━┓
6 nodes written                                                                ┃
5 elements written                                                             ┃
field displacement_ITER1 VECTORS FLOAT written                                 ┃
field displacement_ITER2 VECTORS FLOAT written                                 ┃
field element_stresses TENSORS FLOAT written                                   ┃
field element_stresses TENSORS FLOAT written                                   ┃
Elapsed time is 0.027413 seconds.                                              ┃
━━━━━━━━━━━━━━━━━━━━━━━━━━━━━━━━━━━━━━━━━━━━━━━━━━━━━━━━━━━━━━━━━━━━━━━━━━━━━━━┛
 
START VTK-WRITING━━━━━━━━━━━━━━━━━━━━━━━━━━━━━━━━━━━━━━━━━━━━━━━━━━━━━━━━━━━━━━┓
5 nodes written                                                                ┃
4 elements written                                                             ┃
field displacement_ITER1 VECTORS FLOAT written                                 ┃
field displacement_ITER2 VECTORS FLOAT written                                 ┃
field element_stresses TENSORS FLOAT written                                   ┃
field element_stresses TENSORS FLOAT written                                   ┃
Elapsed time is 0.013804 seconds.                                              ┃
━━━━━━━━━━━━━━━━━━━━━━━━━━━━━━━━━━━━━━━━━━━━━━━━━━━━━━━━━━━━━━━━━━━━━━━━━━━━━━━┛
 
START VTK-WRITING━━━━━━━━━━━━━━━━━━━━━━━━━━━━━━━━━━━━━━━━━━━━━━━━━━━━━━━━━━━━━━┓
3 nodes written                                                                ┃
1 elements written                                                             ┃
field displacement_ITER1 VECTORS FLOAT written                                 ┃
field displacement_ITER2 VECTORS FLOAT written                                 ┃
field element_stresses TENSORS FLOAT written                                   ┃
field element_stresses TENSORS FLOAT written                                   ┃
Elapsed time is 0.010573 seconds.                                              ┃
━━━━━━━━━━━━━━━━━━━━━━━━━━━━━━━━━━━━━━━━━━━━━━━━━━━━━━━━━━━━━━━━━━━━━━━━━━━━━━━┛
 
START DIS READING━━━━━━━━━━━━━━━━━━━━━━━━━━━━━━━━━━━━━━━━━━━━━━━━━━━━━━━━━━━━━━┓
Elapsed time is 0.005136 seconds.                                              ┃
━━━━━━━━━━━━━━━━━━━━━━━━━━━━━━━━━━━━━━━━━━━━━━━━━━━━━━━━━━━━━━━━━━━━━━━━━━━━━━━┛
 
START POSTPROCESSING━━━━━━━━━━━━━━━━━━━━━━━━━━━━━━━━━━━━━━━━━━━━━━━━━━━━━━━━━━━┓
element stresses processed                                                     ┃
Elapsed time is 0.010962 seconds.                                              ┃
━━━━━━━━━━━━━━━━━━━━━━━━━━━━━━━━━━━━━━━━━━━━━━━━━━━━━━━━━━━━━━━━━━━━━━━━━━━━━━━┛
 
START VTK-WRITING━━━━━━━━━━━━━━━━━━━━━━━━━━━━━━━━━━━━━━━━━━━━━━━━━━━━━━━━━━━━━━┓
10 nodes written                                                               ┃
10 elements written                                                            ┃
field CONDID_1 SCALARS FLOAT written                                           ┃
field CONDID_2 SCALARS FLOAT written                                           ┃
field CONDID_3 SCALARS FLOAT written                                           ┃
field displacement VECTORS FLOAT written                                       ┃
field MATID_1 SCALARS FLOAT written                                            ┃
field MATID_2 SCALARS FLOAT written                                            ┃
field SUB_ID SCALARS FLOAT written                                             ┃
field SubCenter_Diff VECTORS FLOAT written                                     ┃
Elapsed time is 0.028704 seconds.                                              ┃
━━━━━━━━━━━━━━━━━━━━━━━━━━━━━━━━━━━━━━━━━━━━━━━━━━━━━━━━━━━━━━━━━━━━━━━━━━━━━━━┛
 
MATLAB PLOT━━━━━━━━━━━━━━━━━━━━━━━━━━━━━━━━━━━━━━━━━━━━━━━━━━━━━━━━━━━━━━━━━━━━┓
Number of geometry elements:  10                                               ┃
Number of dirichlet elements: 2                                                ┃
Number of neumann elements:   1                                                ┃
Elapsed time is 0.1848 seconds.                                                ┃
━━━━━━━━━━━━━━━━━━━━━━━━━━━━━━━━━━━━━━━━━━━━━━━━━━━━━━━━━━━━━━━━━━━━━━━━━━━━━━━┛
 
INFO━━━━━━━━━━━━━━━━━━━━━━━━━━━━━━━━━━━━━━━━━━━━━━━━━━━━━━━━━━━━━━━━━━━━━━━━━━━┓
dat   -file:                                                                   ┃
mesh  -file: ./examples/feti/manual_partitioner/mesh_manual_partitioner.msh.part
output-file: ./examples/feti/manual_partitioner/output/manual_partitioner.vtk.1┃
matlab-version: 9.0.0.341360 (R2016a)                                          ┃
calculated on : 23-Aug-2016 by lukas on xubuntu                                ┃
git-hash: 0082902a7419927e9518bcde602cdd1f3bfd1ba7                             ┃
━━━━━━━━━━━━━━━━━━━━━━━━━━━━━━━━━━━━━━━━━━━━━━━━━━━━━━━━━━━━━━━━━━━━━━━━━━━━━━━┛
 
