━━━━━━━━━━━━━━━━━━━━━━━━━━━━━━━━━━━━━━━━━━━━━━━━━━━━━━━━━━━━━━━━━━━━━━━━━━━━━━━┓
          ______________  ______   ______            ____  ____  ______        ┃
         / ____/ ____/  |/  /   | / ____/           / __ \/ __ \/ ____/        ┃
        / /_  / __/ / /|_/ / /| |/ /      ______   / /_/ / /_/ / __/           ┃
       / __/ / /___/ /  / / ___ / /___   /_____/  / ____/ _, _/ /___           ┃
      /_/   /_____/_/  /_/_/  |_\____/           /_/   /_/ |_/_____/           ┃
  ©Lehrstuhl fuer Angewandte Mechanik - Technische Universitaet Muenchnen      ┃
━━━━━━━━━━━━━━━━━━━━━━━━━━━━━━━━━━━━━━━━━━━━━━━━━━━━━━━━━━━━━━━━━━━━━━━━━━━━━━━┛
 
START MESH READING━━━━━━━━━━━━━━━━━━━━━━━━━━━━━━━━━━━━━━━━━━━━━━━━━━━━━━━━━━━━━┓
1365 nodes created                                                             ┃
1280 stiffness elements created                                                ┃
21 dirichlet elements created                                                  ┃
1280 neumann elements created                                                  ┃
wrote mesh to file: ./vstripes/A_eye/feti1/../../../mesh_vstripes.dis          ┃
Elapsed time is 3.4715 seconds.                                                ┃
━━━━━━━━━━━━━━━━━━━━━━━━━━━━━━━━━━━━━━━━━━━━━━━━━━━━━━━━━━━━━━━━━━━━━━━━━━━━━━━┛
 
━━━━━━━━━━━━━━━━━━━━━━━━━━━━━━━━━━━━━━━━━━━━━━━━━━━━━━━━━━━━━━━━━━━━━━━━━━━━━━━┓
      ______________  ______   ______            __  ______    _____   __      ┃
     / ____/ ____/  |/  /   | / ____/           /  |/  /   |  /  _/ | / /      ┃
    / /_  / __/ / /|_/ / /| |/ /      ______   / /|_/ / /| |  / //  |/ /       ┃
   / __/ / /___/ /  / / ___ / /___   /_____/  / /  / / ___ |_/ // /|  /        ┃
  /_/   /_____/_/  /_/_/  |_\____/           /_/  /_/_/  |_/___/_/ |_/         ┃
  ©Lehrstuhl fuer Angewandte Mechanik - Technische Universitaet Muenchnen      ┃
━━━━━━━━━━━━━━━━━━━━━━━━━━━━━━━━━━━━━━━━━━━━━━━━━━━━━━━━━━━━━━━━━━━━━━━━━━━━━━━┛
 
START DIS READING━━━━━━━━━━━━━━━━━━━━━━━━━━━━━━━━━━━━━━━━━━━━━━━━━━━━━━━━━━━━━━┓
Elapsed time is 0.15923 seconds.                                               ┃
━━━━━━━━━━━━━━━━━━━━━━━━━━━━━━━━━━━━━━━━━━━━━━━━━━━━━━━━━━━━━━━━━━━━━━━━━━━━━━━┛
 
START RESOLVING CONDITIONS━━━━━━━━━━━━━━━━━━━━━━━━━━━━━━━━━━━━━━━━━━━━━━━━━━━━━┓
resolving dirichlet condition: ID:1 MSHTAG:1                                   ┃
resolving dirichlet condition: ID:2 MSHTAG:2                                   ┃
resolving neumann   condition: ID:3 MSHTAG:3                                   ┃
Elapsed time is 0.49308 seconds.                                               ┃
━━━━━━━━━━━━━━━━━━━━━━━━━━━━━━━━━━━━━━━━━━━━━━━━━━━━━━━━━━━━━━━━━━━━━━━━━━━━━━━┛
 
RESOLVE FETI MANAGER━━━━━━━━━━━━━━━━━━━━━━━━━━━━━━━━━━━━━━━━━━━━━━━━━━━━━━━━━━━┓
16 subtructures created                                                        ┃
substructures resolved                                                         ┃
substructures evaluated                                                        ┃
connectivity matrices created                                                  ┃
Elapsed time is 4.4684 seconds.                                                ┃
━━━━━━━━━━━━━━━━━━━━━━━━━━━━━━━━━━━━━━━━━━━━━━━━━━━━━━━━━━━━━━━━━━━━━━━━━━━━━━━┛
 
APPLY KINEMATIC CONDITIONS ON SUBSTRUCTURES━━━━━━━━━━━━━━━━━━━━━━━━━━━━━━━━━━━━┓
Dirichlet conditions detected on substructures: 1   2   3   4   5   6   7   8   9  10  11  12  13  14  15  16
Neumann   conditions detected on substructures: 1   2   3   4   5   6   7   8   9  10  11  12  13  14  15  16
Elapsed time is 2.3941 seconds.                                                ┃
━━━━━━━━━━━━━━━━━━━━━━━━━━━━━━━━━━━━━━━━━━━━━━━━━━━━━━━━━━━━━━━━━━━━━━━━━━━━━━━┛
 
FETI Base Setup━━━━━━━━━━━━━━━━━━━━━━━━━━━━━━━━━━━━━━━━━━━━━━━━━━━━━━━━━━━━━━━━┓
Scaling: none                                                                  ┃
Preconditioner: Lumped                                                         ┃
FETISSolver.FETISSolver: rigid body modes of substructures: 0  3  3  3  3  3  3  3  3  3  3  3  3  3  3  3
Elapsed time is 0.51587 seconds.                                               ┃
━━━━━━━━━━━━━━━━━━━━━━━━━━━━━━━━━━━━━━━━━━━━━━━━━━━━━━━━━━━━━━━━━━━━━━━━━━━━━━━┛
 
START FETI2 SETUP━━━━━━━━━━━━━━━━━━━━━━━━━━━━━━━━━━━━━━━━━━━━━━━━━━━━━━━━━━━━━━┓
A-matrix taken as unity matrix                                                 ┃
Elapsed time is 0.000839 seconds.                                              ┃
━━━━━━━━━━━━━━━━━━━━━━━━━━━━━━━━━━━━━━━━━━━━━━━━━━━━━━━━━━━━━━━━━━━━━━━━━━━━━━━┛
 
INITIALIZE SOLVER━━━━━━━━━━━━━━━━━━━━━━━━━━━━━━━━━━━━━━━━━━━━━━━━━━━━━━━━━━━━━━┓
Using assembled FI operator!                                                   ┃
No Auxiliary Coarse Grid
Coarse Grid C_ IS empty!                                                       ┃
Check: Error of substructure equilibrium: 8.3853e-17                           ┃
Elapsed time is 0.014107 seconds.                                              ┃
━━━━━━━━━━━━━━━━━━━━━━━━━━━━━━━━━━━━━━━━━━━━━━━━━━━━━━━━━━━━━━━━━━━━━━━━━━━━━━━┛
 
START FETI2 ITERATIONS━━━━━━━━━━━━━━━━━━━━━━━━━━━━━━━━━━━━━━━━━━━━━━━━━━━━━━━━━┓
Residual = 5.0288e-07                                                          ┃
after 6 iterations                                                             ┃
Elapsed time is 0.10458 seconds.                                               ┃
━━━━━━━━━━━━━━━━━━━━━━━━━━━━━━━━━━━━━━━━━━━━━━━━━━━━━━━━━━━━━━━━━━━━━━━━━━━━━━━┛
 
RECOVER DOMAIN SOLUTION━━━━━━━━━━━━━━━━━━━━━━━━━━━━━━━━━━━━━━━━━━━━━━━━━━━━━━━━┓
Elapsed time is 0.011007 seconds.                                              ┃
━━━━━━━━━━━━━━━━━━━━━━━━━━━━━━━━━━━━━━━━━━━━━━━━━━━━━━━━━━━━━━━━━━━━━━━━━━━━━━━┛
 
RECOVER DOMAIN SOLUTION━━━━━━━━━━━━━━━━━━━━━━━━━━━━━━━━━━━━━━━━━━━━━━━━━━━━━━━━┓
Elapsed time is 0.011122 seconds.                                              ┃
━━━━━━━━━━━━━━━━━━━━━━━━━━━━━━━━━━━━━━━━━━━━━━━━━━━━━━━━━━━━━━━━━━━━━━━━━━━━━━━┛
 
━━━━━━━━━━━━━━━━━━━━━━━━━━━━━━━━━━━━━━━━━━━━━━━━━━━━━━━━━━━━━━━━━━━━━━━━━━━━━━━┓
      ______________  ______   ______            __  ______    _____   __      ┃
     / ____/ ____/  |/  /   | / ____/           /  |/  /   |  /  _/ | / /      ┃
    / /_  / __/ / /|_/ / /| |/ /      ______   / /|_/ / /| |  / //  |/ /       ┃
   / __/ / /___/ /  / / ___ / /___   /_____/  / /  / / ___ |_/ // /|  /        ┃
  /_/   /_____/_/  /_/_/  |_\____/           /_/  /_/_/  |_/___/_/ |_/         ┃
  ©Lehrstuhl fuer Angewandte Mechanik - Technische Universitaet Muenchnen      ┃
━━━━━━━━━━━━━━━━━━━━━━━━━━━━━━━━━━━━━━━━━━━━━━━━━━━━━━━━━━━━━━━━━━━━━━━━━━━━━━━┛
 
START DIS READING━━━━━━━━━━━━━━━━━━━━━━━━━━━━━━━━━━━━━━━━━━━━━━━━━━━━━━━━━━━━━━┓
Elapsed time is 0.1636 seconds.                                                ┃
━━━━━━━━━━━━━━━━━━━━━━━━━━━━━━━━━━━━━━━━━━━━━━━━━━━━━━━━━━━━━━━━━━━━━━━━━━━━━━━┛
 
START RESOLVING CONDITIONS━━━━━━━━━━━━━━━━━━━━━━━━━━━━━━━━━━━━━━━━━━━━━━━━━━━━━┓
resolving dirichlet condition: ID:1 MSHTAG:1                                   ┃
resolving dirichlet condition: ID:2 MSHTAG:2                                   ┃
resolving neumann   condition: ID:3 MSHTAG:3                                   ┃
Elapsed time is 0.4918 seconds.                                                ┃
━━━━━━━━━━━━━━━━━━━━━━━━━━━━━━━━━━━━━━━━━━━━━━━━━━━━━━━━━━━━━━━━━━━━━━━━━━━━━━━┛
 
RESOLVE FETI MANAGER━━━━━━━━━━━━━━━━━━━━━━━━━━━━━━━━━━━━━━━━━━━━━━━━━━━━━━━━━━━┓
16 subtructures created                                                        ┃
substructures resolved                                                         ┃
substructures evaluated                                                        ┃
connectivity matrices created                                                  ┃
Elapsed time is 4.5447 seconds.                                                ┃
━━━━━━━━━━━━━━━━━━━━━━━━━━━━━━━━━━━━━━━━━━━━━━━━━━━━━━━━━━━━━━━━━━━━━━━━━━━━━━━┛
 
APPLY KINEMATIC CONDITIONS ON SUBSTRUCTURES━━━━━━━━━━━━━━━━━━━━━━━━━━━━━━━━━━━━┓
Dirichlet conditions detected on substructures: 1   2   3   4   5   6   7   8   9  10  11  12  13  14  15  16
Neumann   conditions detected on substructures: 1   2   3   4   5   6   7   8   9  10  11  12  13  14  15  16
Elapsed time is 2.3594 seconds.                                                ┃
━━━━━━━━━━━━━━━━━━━━━━━━━━━━━━━━━━━━━━━━━━━━━━━━━━━━━━━━━━━━━━━━━━━━━━━━━━━━━━━┛
 
FETI Base Setup━━━━━━━━━━━━━━━━━━━━━━━━━━━━━━━━━━━━━━━━━━━━━━━━━━━━━━━━━━━━━━━━┓
Scaling: none                                                                  ┃
Preconditioner: Lumped                                                         ┃
FETISSolver.FETISSolver: rigid body modes of substructures: 0  3  3  3  3  3  3  3  3  3  3  3  3  3  3  3
Elapsed time is 0.49846 seconds.                                               ┃
━━━━━━━━━━━━━━━━━━━━━━━━━━━━━━━━━━━━━━━━━━━━━━━━━━━━━━━━━━━━━━━━━━━━━━━━━━━━━━━┛
 
START FETI2 SETUP━━━━━━━━━━━━━━━━━━━━━━━━━━━━━━━━━━━━━━━━━━━━━━━━━━━━━━━━━━━━━━┓
A-matrix taken as unity matrix                                                 ┃
Elapsed time is 0.000735 seconds.                                              ┃
━━━━━━━━━━━━━━━━━━━━━━━━━━━━━━━━━━━━━━━━━━━━━━━━━━━━━━━━━━━━━━━━━━━━━━━━━━━━━━━┛
 
INITIALIZE SOLVER━━━━━━━━━━━━━━━━━━━━━━━━━━━━━━━━━━━━━━━━━━━━━━━━━━━━━━━━━━━━━━┓
Using assembled FI operator!                                                   ┃
No Auxiliary Coarse Grid
Coarse Grid C_ IS empty!                                                       ┃
Check: Error of substructure equilibrium: 1.0697e-16                           ┃
Elapsed time is 0.015623 seconds.                                              ┃
━━━━━━━━━━━━━━━━━━━━━━━━━━━━━━━━━━━━━━━━━━━━━━━━━━━━━━━━━━━━━━━━━━━━━━━━━━━━━━━┛
 
START FETI2 ITERATIONS━━━━━━━━━━━━━━━━━━━━━━━━━━━━━━━━━━━━━━━━━━━━━━━━━━━━━━━━━┓
Residual = 6.203e-07                                                           ┃
after 10 iterations                                                            ┃
Elapsed time is 0.16201 seconds.                                               ┃
━━━━━━━━━━━━━━━━━━━━━━━━━━━━━━━━━━━━━━━━━━━━━━━━━━━━━━━━━━━━━━━━━━━━━━━━━━━━━━━┛
 
RECOVER DOMAIN SOLUTION━━━━━━━━━━━━━━━━━━━━━━━━━━━━━━━━━━━━━━━━━━━━━━━━━━━━━━━━┓
Elapsed time is 0.0114 seconds.                                                ┃
━━━━━━━━━━━━━━━━━━━━━━━━━━━━━━━━━━━━━━━━━━━━━━━━━━━━━━━━━━━━━━━━━━━━━━━━━━━━━━━┛
 
RECOVER DOMAIN SOLUTION━━━━━━━━━━━━━━━━━━━━━━━━━━━━━━━━━━━━━━━━━━━━━━━━━━━━━━━━┓
Elapsed time is 0.011428 seconds.                                              ┃
━━━━━━━━━━━━━━━━━━━━━━━━━━━━━━━━━━━━━━━━━━━━━━━━━━━━━━━━━━━━━━━━━━━━━━━━━━━━━━━┛
 
━━━━━━━━━━━━━━━━━━━━━━━━━━━━━━━━━━━━━━━━━━━━━━━━━━━━━━━━━━━━━━━━━━━━━━━━━━━━━━━┓
      ______________  ______   ______            __  ______    _____   __      ┃
     / ____/ ____/  |/  /   | / ____/           /  |/  /   |  /  _/ | / /      ┃
    / /_  / __/ / /|_/ / /| |/ /      ______   / /|_/ / /| |  / //  |/ /       ┃
   / __/ / /___/ /  / / ___ / /___   /_____/  / /  / / ___ |_/ // /|  /        ┃
  /_/   /_____/_/  /_/_/  |_\____/           /_/  /_/_/  |_/___/_/ |_/         ┃
  ©Lehrstuhl fuer Angewandte Mechanik - Technische Universitaet Muenchnen      ┃
━━━━━━━━━━━━━━━━━━━━━━━━━━━━━━━━━━━━━━━━━━━━━━━━━━━━━━━━━━━━━━━━━━━━━━━━━━━━━━━┛
 
START DIS READING━━━━━━━━━━━━━━━━━━━━━━━━━━━━━━━━━━━━━━━━━━━━━━━━━━━━━━━━━━━━━━┓
Elapsed time is 0.16432 seconds.                                               ┃
━━━━━━━━━━━━━━━━━━━━━━━━━━━━━━━━━━━━━━━━━━━━━━━━━━━━━━━━━━━━━━━━━━━━━━━━━━━━━━━┛
 
START RESOLVING CONDITIONS━━━━━━━━━━━━━━━━━━━━━━━━━━━━━━━━━━━━━━━━━━━━━━━━━━━━━┓
resolving dirichlet condition: ID:1 MSHTAG:1                                   ┃
resolving dirichlet condition: ID:2 MSHTAG:2                                   ┃
resolving neumann   condition: ID:3 MSHTAG:3                                   ┃
Elapsed time is 0.48001 seconds.                                               ┃
━━━━━━━━━━━━━━━━━━━━━━━━━━━━━━━━━━━━━━━━━━━━━━━━━━━━━━━━━━━━━━━━━━━━━━━━━━━━━━━┛
 
RESOLVE FETI MANAGER━━━━━━━━━━━━━━━━━━━━━━━━━━━━━━━━━━━━━━━━━━━━━━━━━━━━━━━━━━━┓
16 subtructures created                                                        ┃
substructures resolved                                                         ┃
substructures evaluated                                                        ┃
connectivity matrices created                                                  ┃
Elapsed time is 4.3495 seconds.                                                ┃
━━━━━━━━━━━━━━━━━━━━━━━━━━━━━━━━━━━━━━━━━━━━━━━━━━━━━━━━━━━━━━━━━━━━━━━━━━━━━━━┛
 
APPLY KINEMATIC CONDITIONS ON SUBSTRUCTURES━━━━━━━━━━━━━━━━━━━━━━━━━━━━━━━━━━━━┓
Dirichlet conditions detected on substructures: 1   2   3   4   5   6   7   8   9  10  11  12  13  14  15  16
Neumann   conditions detected on substructures: 1   2   3   4   5   6   7   8   9  10  11  12  13  14  15  16
Elapsed time is 2.3277 seconds.                                                ┃
━━━━━━━━━━━━━━━━━━━━━━━━━━━━━━━━━━━━━━━━━━━━━━━━━━━━━━━━━━━━━━━━━━━━━━━━━━━━━━━┛
 
FETI Base Setup━━━━━━━━━━━━━━━━━━━━━━━━━━━━━━━━━━━━━━━━━━━━━━━━━━━━━━━━━━━━━━━━┓
Scaling: none                                                                  ┃
Preconditioner: Lumped                                                         ┃
FETISSolver.FETISSolver: rigid body modes of substructures: 0  3  3  3  3  3  3  3  3  3  3  3  3  3  3  3
Elapsed time is 0.50889 seconds.                                               ┃
━━━━━━━━━━━━━━━━━━━━━━━━━━━━━━━━━━━━━━━━━━━━━━━━━━━━━━━━━━━━━━━━━━━━━━━━━━━━━━━┛
 
START FETI2 SETUP━━━━━━━━━━━━━━━━━━━━━━━━━━━━━━━━━━━━━━━━━━━━━━━━━━━━━━━━━━━━━━┓
A-matrix taken as unity matrix                                                 ┃
Elapsed time is 0.000762 seconds.                                              ┃
━━━━━━━━━━━━━━━━━━━━━━━━━━━━━━━━━━━━━━━━━━━━━━━━━━━━━━━━━━━━━━━━━━━━━━━━━━━━━━━┛
 
INITIALIZE SOLVER━━━━━━━━━━━━━━━━━━━━━━━━━━━━━━━━━━━━━━━━━━━━━━━━━━━━━━━━━━━━━━┓
Using assembled FI operator!                                                   ┃
No Auxiliary Coarse Grid
Coarse Grid C_ IS empty!                                                       ┃
Check: Error of substructure equilibrium: 9.5626e-17                           ┃
Elapsed time is 0.014499 seconds.                                              ┃
━━━━━━━━━━━━━━━━━━━━━━━━━━━━━━━━━━━━━━━━━━━━━━━━━━━━━━━━━━━━━━━━━━━━━━━━━━━━━━━┛
 
START FETI2 ITERATIONS━━━━━━━━━━━━━━━━━━━━━━━━━━━━━━━━━━━━━━━━━━━━━━━━━━━━━━━━━┓
Residual = 4.3219e-07                                                          ┃
after 16 iterations                                                            ┃
Elapsed time is 0.25252 seconds.                                               ┃
━━━━━━━━━━━━━━━━━━━━━━━━━━━━━━━━━━━━━━━━━━━━━━━━━━━━━━━━━━━━━━━━━━━━━━━━━━━━━━━┛
 
RECOVER DOMAIN SOLUTION━━━━━━━━━━━━━━━━━━━━━━━━━━━━━━━━━━━━━━━━━━━━━━━━━━━━━━━━┓
Elapsed time is 0.011078 seconds.                                              ┃
━━━━━━━━━━━━━━━━━━━━━━━━━━━━━━━━━━━━━━━━━━━━━━━━━━━━━━━━━━━━━━━━━━━━━━━━━━━━━━━┛
 
RECOVER DOMAIN SOLUTION━━━━━━━━━━━━━━━━━━━━━━━━━━━━━━━━━━━━━━━━━━━━━━━━━━━━━━━━┓
Elapsed time is 0.011428 seconds.                                              ┃
━━━━━━━━━━━━━━━━━━━━━━━━━━━━━━━━━━━━━━━━━━━━━━━━━━━━━━━━━━━━━━━━━━━━━━━━━━━━━━━┛
 
━━━━━━━━━━━━━━━━━━━━━━━━━━━━━━━━━━━━━━━━━━━━━━━━━━━━━━━━━━━━━━━━━━━━━━━━━━━━━━━┓
      ______________  ______   ______            __  ______    _____   __      ┃
     / ____/ ____/  |/  /   | / ____/           /  |/  /   |  /  _/ | / /      ┃
    / /_  / __/ / /|_/ / /| |/ /      ______   / /|_/ / /| |  / //  |/ /       ┃
   / __/ / /___/ /  / / ___ / /___   /_____/  / /  / / ___ |_/ // /|  /        ┃
  /_/   /_____/_/  /_/_/  |_\____/           /_/  /_/_/  |_/___/_/ |_/         ┃
  ©Lehrstuhl fuer Angewandte Mechanik - Technische Universitaet Muenchnen      ┃
━━━━━━━━━━━━━━━━━━━━━━━━━━━━━━━━━━━━━━━━━━━━━━━━━━━━━━━━━━━━━━━━━━━━━━━━━━━━━━━┛
 
START DIS READING━━━━━━━━━━━━━━━━━━━━━━━━━━━━━━━━━━━━━━━━━━━━━━━━━━━━━━━━━━━━━━┓
Elapsed time is 0.16287 seconds.                                               ┃
━━━━━━━━━━━━━━━━━━━━━━━━━━━━━━━━━━━━━━━━━━━━━━━━━━━━━━━━━━━━━━━━━━━━━━━━━━━━━━━┛
 
START RESOLVING CONDITIONS━━━━━━━━━━━━━━━━━━━━━━━━━━━━━━━━━━━━━━━━━━━━━━━━━━━━━┓
resolving dirichlet condition: ID:1 MSHTAG:1                                   ┃
resolving dirichlet condition: ID:2 MSHTAG:2                                   ┃
resolving neumann   condition: ID:3 MSHTAG:3                                   ┃
Elapsed time is 0.4835 seconds.                                                ┃
━━━━━━━━━━━━━━━━━━━━━━━━━━━━━━━━━━━━━━━━━━━━━━━━━━━━━━━━━━━━━━━━━━━━━━━━━━━━━━━┛
 
RESOLVE FETI MANAGER━━━━━━━━━━━━━━━━━━━━━━━━━━━━━━━━━━━━━━━━━━━━━━━━━━━━━━━━━━━┓
16 subtructures created                                                        ┃
substructures resolved                                                         ┃
substructures evaluated                                                        ┃
connectivity matrices created                                                  ┃
Elapsed time is 4.3508 seconds.                                                ┃
━━━━━━━━━━━━━━━━━━━━━━━━━━━━━━━━━━━━━━━━━━━━━━━━━━━━━━━━━━━━━━━━━━━━━━━━━━━━━━━┛
 
APPLY KINEMATIC CONDITIONS ON SUBSTRUCTURES━━━━━━━━━━━━━━━━━━━━━━━━━━━━━━━━━━━━┓
Dirichlet conditions detected on substructures: 1   2   3   4   5   6   7   8   9  10  11  12  13  14  15  16
Neumann   conditions detected on substructures: 1   2   3   4   5   6   7   8   9  10  11  12  13  14  15  16
Elapsed time is 2.3417 seconds.                                                ┃
━━━━━━━━━━━━━━━━━━━━━━━━━━━━━━━━━━━━━━━━━━━━━━━━━━━━━━━━━━━━━━━━━━━━━━━━━━━━━━━┛
 
FETI Base Setup━━━━━━━━━━━━━━━━━━━━━━━━━━━━━━━━━━━━━━━━━━━━━━━━━━━━━━━━━━━━━━━━┓
Scaling: none                                                                  ┃
Preconditioner: Lumped                                                         ┃
FETISSolver.FETISSolver: rigid body modes of substructures: 0  3  3  3  3  3  3  3  3  3  3  3  3  3  3  3
Elapsed time is 0.51149 seconds.                                               ┃
━━━━━━━━━━━━━━━━━━━━━━━━━━━━━━━━━━━━━━━━━━━━━━━━━━━━━━━━━━━━━━━━━━━━━━━━━━━━━━━┛
 
START FETI2 SETUP━━━━━━━━━━━━━━━━━━━━━━━━━━━━━━━━━━━━━━━━━━━━━━━━━━━━━━━━━━━━━━┓
A-matrix taken as unity matrix                                                 ┃
Elapsed time is 0.000726 seconds.                                              ┃
━━━━━━━━━━━━━━━━━━━━━━━━━━━━━━━━━━━━━━━━━━━━━━━━━━━━━━━━━━━━━━━━━━━━━━━━━━━━━━━┛
 
INITIALIZE SOLVER━━━━━━━━━━━━━━━━━━━━━━━━━━━━━━━━━━━━━━━━━━━━━━━━━━━━━━━━━━━━━━┓
Using assembled FI operator!                                                   ┃
No Auxiliary Coarse Grid
Coarse Grid C_ IS empty!                                                       ┃
Check: Error of substructure equilibrium: 1.4779e-16                           ┃
Elapsed time is 0.014815 seconds.                                              ┃
━━━━━━━━━━━━━━━━━━━━━━━━━━━━━━━━━━━━━━━━━━━━━━━━━━━━━━━━━━━━━━━━━━━━━━━━━━━━━━━┛
 
START FETI2 ITERATIONS━━━━━━━━━━━━━━━━━━━━━━━━━━━━━━━━━━━━━━━━━━━━━━━━━━━━━━━━━┓
Residual = 5.5203e-07                                                          ┃
after 18 iterations                                                            ┃
Elapsed time is 0.2934 seconds.                                                ┃
━━━━━━━━━━━━━━━━━━━━━━━━━━━━━━━━━━━━━━━━━━━━━━━━━━━━━━━━━━━━━━━━━━━━━━━━━━━━━━━┛
 
RECOVER DOMAIN SOLUTION━━━━━━━━━━━━━━━━━━━━━━━━━━━━━━━━━━━━━━━━━━━━━━━━━━━━━━━━┓
Elapsed time is 0.011529 seconds.                                              ┃
━━━━━━━━━━━━━━━━━━━━━━━━━━━━━━━━━━━━━━━━━━━━━━━━━━━━━━━━━━━━━━━━━━━━━━━━━━━━━━━┛
 
RECOVER DOMAIN SOLUTION━━━━━━━━━━━━━━━━━━━━━━━━━━━━━━━━━━━━━━━━━━━━━━━━━━━━━━━━┓
Elapsed time is 0.011366 seconds.                                              ┃
━━━━━━━━━━━━━━━━━━━━━━━━━━━━━━━━━━━━━━━━━━━━━━━━━━━━━━━━━━━━━━━━━━━━━━━━━━━━━━━┛
 
