This is pdfTeX, Version 3.14159265-2.6-1.40.16 (TeX Live 2015/Debian) (preloaded format=latex 2016.4.19)  7 AUG 2016 10:39
entering extended mode
 restricted \write18 enabled.
 %&-line parsing enabled.
**struktex.ins
(./struktex.ins
LaTeX2e <2015/01/01>
Babel <3.9l> and hyphenation patterns for 2 languages loaded.
(/usr/share/texlive/texmf-dist/tex/latex/base/docstrip.tex
\blockLevel=\count79
\emptyLines=\count80
\processedLines=\count81
\commentsRemoved=\count82
\commentsPassed=\count83
\codeLinesPassed=\count84
\TotalprocessedLines=\count85
\TotalcommentsRemoved=\count86
\TotalcommentsPassed=\count87
\TotalcodeLinesPassed=\count88
\NumberOfFiles=\count89
\inFile=\read1
\inputcheck=\read2
\off@0=\count90
\off@1=\count91
\off@2=\count92
\off@3=\count93
\off@4=\count94
\off@5=\count95
\off@6=\count96
\off@7=\count97
\off@8=\count98
\off@9=\count99
\off@10=\count100
\off@11=\count101
\off@12=\count102
\off@13=\count103
\off@14=\count104
\off@15=\count105
\@maxfiles=\count106
\@maxoutfiles=\count107

Utility: `docstrip' 2.5e <2014/09/29>
English documentation    <2014/09/29>

**********************************************************
* This program converts documented macro-files into fast *
* loadable files by stripping off (nearly) all comments! *
**********************************************************

********************************************************
* No Configuration file found, using default settings. *
********************************************************

(./struktex.ins
*** Generating the package files ***

Generating file(s) ./struktex.sty ./strukdoc.sty ./struktxf.sty ./struktxp.sty 

\openout0 = `./struktex.sty'.

\openout1 = `./strukdoc.sty'.

\openout2 = `./struktxf.sty'.

\openout3 = `./struktxp.sty'.


Processing file struktex.dtx (struktex) -> struktex.sty
                             (strukdoc) -> strukdoc.sty
                             (struktxf) -> struktxf.sty
                             (struktxp) -> struktxp.sty
File struktex.dtx ended by \endinput.
Lines  processed: 7368
Comments removed: 5239
Comments  passed: 7
Codelines passed: 2084

*** Generating example files ***

Generating file(s) ./struktex-test-0.nss ./struktex-test-1.tex ./struktex-test-
2.tex ./struktex-test-3.tex ./struktex-test-4.tex 
\openout0 = `./struktex-test-0.nss'.

\openout1 = `./struktex-test-1.tex'.

\openout2 = `./struktex-test-2.tex'.

\openout3 = `./struktex-test-3.tex'.

\openout4 = `./struktex-test-4.tex'.


Processing file struktex.dtx (example1) -> struktex-test-0.nss
                             (example2) -> struktex-test-1.tex
                             (example3) -> struktex-test-2.tex
                             (example4) -> struktex-test-3.tex
                             (example5) -> struktex-test-4.tex
File struktex.dtx ended by \endinput.
Lines  processed: 7368
Comments removed: 5239
Comments  passed: 7
Codelines passed: 2084

*** Generating some additional files for easier handling ***

Generating file(s) ./getversion.tex ./struktex.makemake ./struktex.mk ./strukte
x.el 
\openout0 = `./getversion.tex'.

\openout1 = `./struktex.makemake'.

\openout2 = `./struktex.mk'.

\openout3 = `./struktex.el'.


Processing file struktex.dtx (getversion) -> getversion.tex
                             (setup) -> struktex.makemake
                             (makefile) -> struktex.mk
                             (auctex) -> struktex.el
File struktex.dtx ended by \endinput.
Lines  processed: 7368
Comments removed: 5239
Comments  passed: 7
Codelines passed: 2084

***********************************************************
*
* To finish the installation you have to move the file
*
*     struktex.sty
*
* into a directory searched by TeX:
* To produce the documentation, run the file
*
*     struktex.dtx through LaTeX.
*
* To see the examples, run the files
*
*     struktex-test-1.tex
*     struktex-test-2.tex
*     struktex-test-3.tex
*     struktex-test-4.tex
*
* through LaTeX.
***********************************************************
)
Overall statistics:
Files  processed: 3
Lines  processed: 22104
Comments removed: 15717
Comments  passed: 21
Codelines passed: 6252
 ) ) 
Here is how much of TeX's memory you used:
 426 strings out of 495001
 4857 string characters out of 6181195
 53852 words of memory out of 5000000
 3740 multiletter control sequences out of 15000+600000
 3640 words of font info for 14 fonts, out of 8000000 for 9000
 14 hyphenation exceptions out of 8191
 17i,0n,15p,203b,183s stack positions out of 5000i,500n,10000p,200000b,80000s

No pages of output.
