━━━━━━━━━━━━━━━━━━━━━━━━━━━━━━━━━━━━━━━━━━━━━━━━━━━━━━━━━━━━━━━━━━━━━━━━━━━━━━━┓
          ______________  ______   ______            ____  ____  ______        ┃
         / ____/ ____/  |/  /   | / ____/           / __ \/ __ \/ ____/        ┃
        / /_  / __/ / /|_/ / /| |/ /      ______   / /_/ / /_/ / __/           ┃
       / __/ / /___/ /  / / ___ / /___   /_____/  / ____/ _, _/ /___           ┃
      /_/   /_____/_/  /_/_/  |_\____/           /_/   /_/ |_/_____/           ┃
  ©Lehrstuhl fuer Angewandte Mechanik - Technische Universitaet Muenchnen      ┃
━━━━━━━━━━━━━━━━━━━━━━━━━━━━━━━━━━━━━━━━━━━━━━━━━━━━━━━━━━━━━━━━━━━━━━━━━━━━━━━┛
 
START MESH READING━━━━━━━━━━━━━━━━━━━━━━━━━━━━━━━━━━━━━━━━━━━━━━━━━━━━━━━━━━━━━┓
102 nodes created                                                              ┃
80 stiffness elements created                                                  ┃
6 dirichlet elements created                                                   ┃
80 neumann elements created                                                    ┃
wrote mesh to file: ./hstripes/A_eye/fetis/output/tau10.dis                    ┃
Elapsed time is 0.35751 seconds.                                               ┃
━━━━━━━━━━━━━━━━━━━━━━━━━━━━━━━━━━━━━━━━━━━━━━━━━━━━━━━━━━━━━━━━━━━━━━━━━━━━━━━┛
 
━━━━━━━━━━━━━━━━━━━━━━━━━━━━━━━━━━━━━━━━━━━━━━━━━━━━━━━━━━━━━━━━━━━━━━━━━━━━━━━┓
      ______________  ______   ______            __  ______    _____   __      ┃
     / ____/ ____/  |/  /   | / ____/           /  |/  /   |  /  _/ | / /      ┃
    / /_  / __/ / /|_/ / /| |/ /      ______   / /|_/ / /| |  / //  |/ /       ┃
   / __/ / /___/ /  / / ___ / /___   /_____/  / /  / / ___ |_/ // /|  /        ┃
  /_/   /_____/_/  /_/_/  |_\____/           /_/  /_/_/  |_/___/_/ |_/         ┃
  ©Lehrstuhl fuer Angewandte Mechanik - Technische Universitaet Muenchnen      ┃
━━━━━━━━━━━━━━━━━━━━━━━━━━━━━━━━━━━━━━━━━━━━━━━━━━━━━━━━━━━━━━━━━━━━━━━━━━━━━━━┛
 
START DIS READING━━━━━━━━━━━━━━━━━━━━━━━━━━━━━━━━━━━━━━━━━━━━━━━━━━━━━━━━━━━━━━┓
Elapsed time is 0.021745 seconds.                                              ┃
━━━━━━━━━━━━━━━━━━━━━━━━━━━━━━━━━━━━━━━━━━━━━━━━━━━━━━━━━━━━━━━━━━━━━━━━━━━━━━━┛
 
START RESOLVING CONDITIONS━━━━━━━━━━━━━━━━━━━━━━━━━━━━━━━━━━━━━━━━━━━━━━━━━━━━━┓
resolving dirichlet condition: ID:1 MSHTAG:1                                   ┃
resolving dirichlet condition: ID:2 MSHTAG:2                                   ┃
resolving neumann   condition: ID:3 MSHTAG:3                                   ┃
Elapsed time is 0.065508 seconds.                                              ┃
━━━━━━━━━━━━━━━━━━━━━━━━━━━━━━━━━━━━━━━━━━━━━━━━━━━━━━━━━━━━━━━━━━━━━━━━━━━━━━━┛
 
RESOLVE FETI MANAGER━━━━━━━━━━━━━━━━━━━━━━━━━━━━━━━━━━━━━━━━━━━━━━━━━━━━━━━━━━━┓
16 subtructures created                                                        ┃
substructures resolved                                                         ┃
substructures evaluated                                                        ┃
connectivity matrices created                                                  ┃
Elapsed time is 0.59142 seconds.                                               ┃
━━━━━━━━━━━━━━━━━━━━━━━━━━━━━━━━━━━━━━━━━━━━━━━━━━━━━━━━━━━━━━━━━━━━━━━━━━━━━━━┛
 
APPLY KINEMATIC CONDITIONS ON SUBSTRUCTURES━━━━━━━━━━━━━━━━━━━━━━━━━━━━━━━━━━━━┓
Dirichlet conditions detected on substructures: 1   2   3   4   5   6   7   8   9  10  11  12  13  14  15  16
Neumann   conditions detected on substructures: 1   2   3   4   5   6   7   8   9  10  11  12  13  14  15  16
Elapsed time is 0.2492 seconds.                                                ┃
━━━━━━━━━━━━━━━━━━━━━━━━━━━━━━━━━━━━━━━━━━━━━━━━━━━━━━━━━━━━━━━━━━━━━━━━━━━━━━━┛
 
FETI Base Setup━━━━━━━━━━━━━━━━━━━━━━━━━━━━━━━━━━━━━━━━━━━━━━━━━━━━━━━━━━━━━━━━┓
FETISSolver.FETISSolver: rigid body modes of substructures: 0  3  3  3  3  3  3  3  3  3  3  3  3  3  3  3
Elapsed time is 0.11583 seconds.                                               ┃
━━━━━━━━━━━━━━━━━━━━━━━━━━━━━━━━━━━━━━━━━━━━━━━━━━━━━━━━━━━━━━━━━━━━━━━━━━━━━━━┛
 
START FETIS SETUP━━━━━━━━━━━━━━━━━━━━━━━━━━━━━━━━━━━━━━━━━━━━━━━━━━━━━━━━━━━━━━┓
FETISSolver.FETISSolver: rigid body modes of substructures: 0  3  3  3  3  3  3  3  3  3  3  3  3  3  3  3
A-matrix taken as unity matrix                                                 ┃
Elapsed time is 0.016907 seconds.                                              ┃
━━━━━━━━━━━━━━━━━━━━━━━━━━━━━━━━━━━━━━━━━━━━━━━━━━━━━━━━━━━━━━━━━━━━━━━━━━━━━━━┛
 
INITIALIZE SOLVER━━━━━━━━━━━━━━━━━━━━━━━━━━━━━━━━━━━━━━━━━━━━━━━━━━━━━━━━━━━━━━┓
Using assembled FI operator!                                                   ┃
No Auxiliary Coarse Grid
Coarse Grid C_ IS empty!                                                       ┃
Check: Error of substructure equilibrium: 5.68e-15                             ┃
Elapsed time is 0.006101 seconds.                                              ┃
━━━━━━━━━━━━━━━━━━━━━━━━━━━━━━━━━━━━━━━━━━━━━━━━━━━━━━━━━━━━━━━━━━━━━━━━━━━━━━━┛
 
Check: r projected into N coarse-space: 3.4989e-17                             ┃
Check: W projected into N coarse-space: 1.8848e-16                             ┃
START FETIS ITERATIONS━━━━━━━━━━━━━━━━━━━━━━━━━━━━━━━━━━━━━━━━━━━━━━━━━━━━━━━━━┓
Check: Error of substructure equilibrium: 5.6617e-15                           ┃
Check: r projected into N coarse-space: 3.4406e-17                             ┃
Check: W projected into N coarse-space: 8.8512e-17                             ┃
Check: Error of substructure equilibrium: 5.6454e-15                           ┃
Check: r projected into N coarse-space: 3.4092e-17                             ┃
Check: W projected into N coarse-space: 1.762e-17                              ┃
Check: Error of substructure equilibrium: 5.644e-15                            ┃
Check: r projected into N coarse-space: 3.4087e-17                             ┃
Check: W projected into N coarse-space: 8.5732e-18                             ┃
Check: Error of substructure equilibrium: 5.6438e-15                           ┃
Check: r projected into N coarse-space: 3.4086e-17                             ┃
Check: W projected into N coarse-space: 7.497e-19                              ┃
Check: Error of substructure equilibrium: 5.6413e-15                           ┃
Check: r projected into N coarse-space: 3.4085e-17                             ┃
Check: W projected into N coarse-space: 1.2154e-19                             ┃
Check: Error of substructure equilibrium: 5.6402e-15                           ┃
Check: r projected into N coarse-space: 3.4086e-17                             ┃
Check: W projected into N coarse-space: 2.6617e-21                             ┃
Check: Error of substructure equilibrium: 5.6405e-15                           ┃
Check: r projected into N coarse-space: 3.4086e-17                             ┃
Check: W projected into N coarse-space: 1.0055e-22                             ┃
Check: Error of substructure equilibrium: 5.6419e-15                           ┃
Check: r projected into N coarse-space: 3.4086e-17                             ┃
Check: W projected into N coarse-space: 1.0986e-24                             ┃
Residual = 2.3765e-10                                                          ┃
after 8 FETI-S iterations with 128 search directions                           ┃
Elapsed time is 0.2005 seconds.                                                ┃
━━━━━━━━━━━━━━━━━━━━━━━━━━━━━━━━━━━━━━━━━━━━━━━━━━━━━━━━━━━━━━━━━━━━━━━━━━━━━━━┛
 
RECOVER DOMAIN SOLUTION━━━━━━━━━━━━━━━━━━━━━━━━━━━━━━━━━━━━━━━━━━━━━━━━━━━━━━━━┓
Elapsed time is 0.011607 seconds.                                              ┃
━━━━━━━━━━━━━━━━━━━━━━━━━━━━━━━━━━━━━━━━━━━━━━━━━━━━━━━━━━━━━━━━━━━━━━━━━━━━━━━┛
 
RECOVER DOMAIN SOLUTION━━━━━━━━━━━━━━━━━━━━━━━━━━━━━━━━━━━━━━━━━━━━━━━━━━━━━━━━┓
Elapsed time is 0.011111 seconds.                                              ┃
━━━━━━━━━━━━━━━━━━━━━━━━━━━━━━━━━━━━━━━━━━━━━━━━━━━━━━━━━━━━━━━━━━━━━━━━━━━━━━━┛
 
━━━━━━━━━━━━━━━━━━━━━━━━━━━━━━━━━━━━━━━━━━━━━━━━━━━━━━━━━━━━━━━━━━━━━━━━━━━━━━━┓
       ______________  ______   ______            ____  ____  ___________      ┃
      / ____/ ____/  |/  /   | / ____/           / __ \/ __ \/ ___/_  __/      ┃
     / /_  / __/ / /|_/ / /| |/ /      ______   / /_/ / / / /\__ \ / /         ┃
    / __/ / /___/ /  / / ___ / /___   /_____/  / ____/ /_/ /___/ // /          ┃
   /_/   /_____/_/  /_/_/  |_\____/           /_/    \____//____//_/           ┃
  ©Lehrstuhl fuer Angewandte Mechanik - Technische Universitaet Muenchnen      ┃
━━━━━━━━━━━━━━━━━━━━━━━━━━━━━━━━━━━━━━━━━━━━━━━━━━━━━━━━━━━━━━━━━━━━━━━━━━━━━━━┛
 
START DIS READING━━━━━━━━━━━━━━━━━━━━━━━━━━━━━━━━━━━━━━━━━━━━━━━━━━━━━━━━━━━━━━┓
Elapsed time is 0.019867 seconds.                                              ┃
━━━━━━━━━━━━━━━━━━━━━━━━━━━━━━━━━━━━━━━━━━━━━━━━━━━━━━━━━━━━━━━━━━━━━━━━━━━━━━━┛
 
START POSTPROCESSING━━━━━━━━━━━━━━━━━━━━━━━━━━━━━━━━━━━━━━━━━━━━━━━━━━━━━━━━━━━┓
element stresses processed                                                     ┃
Elapsed time is 0.069905 seconds.                                              ┃
━━━━━━━━━━━━━━━━━━━━━━━━━━━━━━━━━━━━━━━━━━━━━━━━━━━━━━━━━━━━━━━━━━━━━━━━━━━━━━━┛
 
START VTK-WRITING━━━━━━━━━━━━━━━━━━━━━━━━━━━━━━━━━━━━━━━━━━━━━━━━━━━━━━━━━━━━━━┓
102 nodes written                                                              ┃
80 elements written                                                            ┃
field CONDID_1 SCALARS FLOAT written                                           ┃
field CONDID_2 SCALARS FLOAT written                                           ┃
field CONDID_3 SCALARS FLOAT written                                           ┃
field displacement VECTORS FLOAT written                                       ┃
field MATID_1 SCALARS FLOAT written                                            ┃
field MATID_2 SCALARS FLOAT written                                            ┃
field SUB_ID SCALARS FLOAT written                                             ┃
field SubCenter_Diff VECTORS FLOAT written                                     ┃
Elapsed time is 0.069208 seconds.                                              ┃
━━━━━━━━━━━━━━━━━━━━━━━━━━━━━━━━━━━━━━━━━━━━━━━━━━━━━━━━━━━━━━━━━━━━━━━━━━━━━━━┛
 
INFO━━━━━━━━━━━━━━━━━━━━━━━━━━━━━━━━━━━━━━━━━━━━━━━━━━━━━━━━━━━━━━━━━━━━━━━━━━━┓
dat   -file:                                                                   ┃
mesh  -file: ./hstripes/A_eye/fetis/../../../mesh_hstripes.msh                 ┃
output-file: ./hstripes/A_eye/fetis/output/vtk/tau10.vtk.1                     ┃
matlab-version: 9.0.0.341360 (R2016a)                                          ┃
calculated on : 24-Aug-2016 by lukas on xubuntu                                ┃
git-hash: unknown                                                              ┃
━━━━━━━━━━━━━━━━━━━━━━━━━━━━━━━━━━━━━━━━━━━━━━━━━━━━━━━━━━━━━━━━━━━━━━━━━━━━━━━┛
 
━━━━━━━━━━━━━━━━━━━━━━━━━━━━━━━━━━━━━━━━━━━━━━━━━━━━━━━━━━━━━━━━━━━━━━━━━━━━━━━┓
      ______________  ______   ______            __  ______    _____   __      ┃
     / ____/ ____/  |/  /   | / ____/           /  |/  /   |  /  _/ | / /      ┃
    / /_  / __/ / /|_/ / /| |/ /      ______   / /|_/ / /| |  / //  |/ /       ┃
   / __/ / /___/ /  / / ___ / /___   /_____/  / /  / / ___ |_/ // /|  /        ┃
  /_/   /_____/_/  /_/_/  |_\____/           /_/  /_/_/  |_/___/_/ |_/         ┃
  ©Lehrstuhl fuer Angewandte Mechanik - Technische Universitaet Muenchnen      ┃
━━━━━━━━━━━━━━━━━━━━━━━━━━━━━━━━━━━━━━━━━━━━━━━━━━━━━━━━━━━━━━━━━━━━━━━━━━━━━━━┛
 
START DIS READING━━━━━━━━━━━━━━━━━━━━━━━━━━━━━━━━━━━━━━━━━━━━━━━━━━━━━━━━━━━━━━┓
Elapsed time is 0.62424 seconds.                                               ┃
━━━━━━━━━━━━━━━━━━━━━━━━━━━━━━━━━━━━━━━━━━━━━━━━━━━━━━━━━━━━━━━━━━━━━━━━━━━━━━━┛
 
START RESOLVING CONDITIONS━━━━━━━━━━━━━━━━━━━━━━━━━━━━━━━━━━━━━━━━━━━━━━━━━━━━━┓
resolving dirichlet condition: ID:1 MSHTAG:1                                   ┃
resolving dirichlet condition: ID:2 MSHTAG:2                                   ┃
resolving neumann   condition: ID:3 MSHTAG:3                                   ┃
Elapsed time is 1.2466 seconds.                                                ┃
━━━━━━━━━━━━━━━━━━━━━━━━━━━━━━━━━━━━━━━━━━━━━━━━━━━━━━━━━━━━━━━━━━━━━━━━━━━━━━━┛
 
RESOLVE FETI MANAGER━━━━━━━━━━━━━━━━━━━━━━━━━━━━━━━━━━━━━━━━━━━━━━━━━━━━━━━━━━━┓
16 subtructures created                                                        ┃
substructures resolved                                                         ┃
substructures evaluated                                                        ┃
connectivity matrices created                                                  ┃
Elapsed time is 9.8462 seconds.                                                ┃
━━━━━━━━━━━━━━━━━━━━━━━━━━━━━━━━━━━━━━━━━━━━━━━━━━━━━━━━━━━━━━━━━━━━━━━━━━━━━━━┛
 
APPLY KINEMATIC CONDITIONS ON SUBSTRUCTURES━━━━━━━━━━━━━━━━━━━━━━━━━━━━━━━━━━━━┓
Dirichlet conditions detected on substructures: 1   2   3   4   5   6   7   8   9  10  11  12  13  14  15  16
Neumann   conditions detected on substructures: 1   2   3   4   5   6   7   8   9  10  11  12  13  14  15  16
Elapsed time is 5.2969 seconds.                                                ┃
━━━━━━━━━━━━━━━━━━━━━━━━━━━━━━━━━━━━━━━━━━━━━━━━━━━━━━━━━━━━━━━━━━━━━━━━━━━━━━━┛
 
FETI Base Setup━━━━━━━━━━━━━━━━━━━━━━━━━━━━━━━━━━━━━━━━━━━━━━━━━━━━━━━━━━━━━━━━┓
Preconditioner: Lumped                                                         ┃
FETISSolver.FETISSolver: rigid body modes of substructures: 0  3  3  3  3  3  3  3  3  3  3  3  3  3  3  3
Elapsed time is 1.1223 seconds.                                                ┃
━━━━━━━━━━━━━━━━━━━━━━━━━━━━━━━━━━━━━━━━━━━━━━━━━━━━━━━━━━━━━━━━━━━━━━━━━━━━━━━┛
 
START FETIS SETUP━━━━━━━━━━━━━━━━━━━━━━━━━━━━━━━━━━━━━━━━━━━━━━━━━━━━━━━━━━━━━━┓
FETISSolver.FETISSolver: rigid body modes of substructures: 0  3  3  3  3  3  3  3  3  3  3  3  3  3  3  3
A-matrix taken as unity matrix                                                 ┃
Elapsed time is 0.014234 seconds.                                              ┃
━━━━━━━━━━━━━━━━━━━━━━━━━━━━━━━━━━━━━━━━━━━━━━━━━━━━━━━━━━━━━━━━━━━━━━━━━━━━━━━┛
 
INITIALIZE SOLVER━━━━━━━━━━━━━━━━━━━━━━━━━━━━━━━━━━━━━━━━━━━━━━━━━━━━━━━━━━━━━━┓
Using assembled FI operator!                                                   ┃
No Auxiliary Coarse Grid
Coarse Grid C_ IS empty!                                                       ┃
Check: Error of substructure equilibrium: 6.8852e-15                           ┃
Elapsed time is 0.035497 seconds.                                              ┃
━━━━━━━━━━━━━━━━━━━━━━━━━━━━━━━━━━━━━━━━━━━━━━━━━━━━━━━━━━━━━━━━━━━━━━━━━━━━━━━┛
 
Check: r projected into N coarse-space: 1.3237e-16                             ┃
Check: W projected into N coarse-space: 1.5172e-15                             ┃
START FETIS ITERATIONS━━━━━━━━━━━━━━━━━━━━━━━━━━━━━━━━━━━━━━━━━━━━━━━━━━━━━━━━━┓
Check: Error of substructure equilibrium: 5.8295e-15                           ┃
Check: r projected into N coarse-space: 1.1572e-16                             ┃
Check: W projected into N coarse-space: 4.8525e-16                             ┃
Check: Error of substructure equilibrium: 5.3762e-15                           ┃
Check: r projected into N coarse-space: 1.1072e-16                             ┃
Check: W projected into N coarse-space: 1.5056e-16                             ┃
Check: Error of substructure equilibrium: 5.156e-15                            ┃
Check: r projected into N coarse-space: 1.0904e-16                             ┃
Check: W projected into N coarse-space: 6.2269e-17                             ┃
Check: Error of substructure equilibrium: 5.082e-15                            ┃
Check: r projected into N coarse-space: 1.0858e-16                             ┃
Check: W projected into N coarse-space: 1.4309e-17                             ┃
Check: Error of substructure equilibrium: 5.0659e-15                           ┃
Check: r projected into N coarse-space: 1.0851e-16                             ┃
Check: W projected into N coarse-space: 6.5721e-18                             ┃
Check: Error of substructure equilibrium: 5.0633e-15                           ┃
Check: r projected into N coarse-space: 1.085e-16                              ┃
Check: W projected into N coarse-space: 3.1499e-18                             ┃
Check: Error of substructure equilibrium: 5.0593e-15                           ┃
Check: r projected into N coarse-space: 1.0849e-16                             ┃
Check: W projected into N coarse-space: 8.9295e-19                             ┃
Check: Error of substructure equilibrium: 5.0622e-15                           ┃
Check: r projected into N coarse-space: 1.0849e-16                             ┃
Check: W projected into N coarse-space: 9.0074e-20                             ┃
Check: Error of substructure equilibrium: 5.0619e-15                           ┃
Check: r projected into N coarse-space: 1.0849e-16                             ┃
Check: W projected into N coarse-space: 2.6848e-20                             ┃
Check: Error of substructure equilibrium: 5.061e-15                            ┃
Check: r projected into N coarse-space: 1.0849e-16                             ┃
Check: W projected into N coarse-space: 5.4507e-21                             ┃
Check: Error of substructure equilibrium: 5.0615e-15                           ┃
Check: r projected into N coarse-space: 1.0849e-16                             ┃
Check: W projected into N coarse-space: 1.1263e-21                             ┃
Check: Error of substructure equilibrium: 5.0608e-15                           ┃
Check: r projected into N coarse-space: 1.0849e-16                             ┃
Check: W projected into N coarse-space: 1.7988e-22                             ┃
Check: Error of substructure equilibrium: 5.0609e-15                           ┃
Check: r projected into N coarse-space: 1.0849e-16                             ┃
Check: W projected into N coarse-space: 3.1194e-23                             ┃
Residual = 5.7128e-09                                                          ┃
after 13 FETI-S iterations with 16  16  16  16  16  16  16  16  16  16  16  16  16 search directions
Elapsed time is 0.91431 seconds.                                               ┃
━━━━━━━━━━━━━━━━━━━━━━━━━━━━━━━━━━━━━━━━━━━━━━━━━━━━━━━━━━━━━━━━━━━━━━━━━━━━━━━┛
 
RECOVER DOMAIN SOLUTION━━━━━━━━━━━━━━━━━━━━━━━━━━━━━━━━━━━━━━━━━━━━━━━━━━━━━━━━┓
Elapsed time is 0.018851 seconds.                                              ┃
━━━━━━━━━━━━━━━━━━━━━━━━━━━━━━━━━━━━━━━━━━━━━━━━━━━━━━━━━━━━━━━━━━━━━━━━━━━━━━━┛
 
RECOVER DOMAIN SOLUTION━━━━━━━━━━━━━━━━━━━━━━━━━━━━━━━━━━━━━━━━━━━━━━━━━━━━━━━━┓
Elapsed time is 0.018575 seconds.                                              ┃
━━━━━━━━━━━━━━━━━━━━━━━━━━━━━━━━━━━━━━━━━━━━━━━━━━━━━━━━━━━━━━━━━━━━━━━━━━━━━━━┛
 
━━━━━━━━━━━━━━━━━━━━━━━━━━━━━━━━━━━━━━━━━━━━━━━━━━━━━━━━━━━━━━━━━━━━━━━━━━━━━━━┓
      ______________  ______   ______            __  ______    _____   __      ┃
     / ____/ ____/  |/  /   | / ____/           /  |/  /   |  /  _/ | / /      ┃
    / /_  / __/ / /|_/ / /| |/ /      ______   / /|_/ / /| |  / //  |/ /       ┃
   / __/ / /___/ /  / / ___ / /___   /_____/  / /  / / ___ |_/ // /|  /        ┃
  /_/   /_____/_/  /_/_/  |_\____/           /_/  /_/_/  |_/___/_/ |_/         ┃
  ©Lehrstuhl fuer Angewandte Mechanik - Technische Universitaet Muenchnen      ┃
━━━━━━━━━━━━━━━━━━━━━━━━━━━━━━━━━━━━━━━━━━━━━━━━━━━━━━━━━━━━━━━━━━━━━━━━━━━━━━━┛
 
START DIS READING━━━━━━━━━━━━━━━━━━━━━━━━━━━━━━━━━━━━━━━━━━━━━━━━━━━━━━━━━━━━━━┓
Elapsed time is 0.36928 seconds.                                               ┃
━━━━━━━━━━━━━━━━━━━━━━━━━━━━━━━━━━━━━━━━━━━━━━━━━━━━━━━━━━━━━━━━━━━━━━━━━━━━━━━┛
 
START RESOLVING CONDITIONS━━━━━━━━━━━━━━━━━━━━━━━━━━━━━━━━━━━━━━━━━━━━━━━━━━━━━┓
resolving dirichlet condition: ID:1 MSHTAG:1                                   ┃
resolving dirichlet condition: ID:2 MSHTAG:2                                   ┃
resolving neumann   condition: ID:3 MSHTAG:3                                   ┃
Elapsed time is 1.0328 seconds.                                                ┃
━━━━━━━━━━━━━━━━━━━━━━━━━━━━━━━━━━━━━━━━━━━━━━━━━━━━━━━━━━━━━━━━━━━━━━━━━━━━━━━┛
 
RESOLVE FETI MANAGER━━━━━━━━━━━━━━━━━━━━━━━━━━━━━━━━━━━━━━━━━━━━━━━━━━━━━━━━━━━┓
16 subtructures created                                                        ┃
substructures resolved                                                         ┃
substructures evaluated                                                        ┃
connectivity matrices created                                                  ┃
Elapsed time is 10.0761 seconds.                                               ┃
━━━━━━━━━━━━━━━━━━━━━━━━━━━━━━━━━━━━━━━━━━━━━━━━━━━━━━━━━━━━━━━━━━━━━━━━━━━━━━━┛
 
APPLY KINEMATIC CONDITIONS ON SUBSTRUCTURES━━━━━━━━━━━━━━━━━━━━━━━━━━━━━━━━━━━━┓
Dirichlet conditions detected on substructures: 1   2   3   4   5   6   7   8   9  10  11  12  13  14  15  16
Neumann   conditions detected on substructures: 1   2   3   4   5   6   7   8   9  10  11  12  13  14  15  16
Elapsed time is 5.0355 seconds.                                                ┃
━━━━━━━━━━━━━━━━━━━━━━━━━━━━━━━━━━━━━━━━━━━━━━━━━━━━━━━━━━━━━━━━━━━━━━━━━━━━━━━┛
 
FETI Base Setup━━━━━━━━━━━━━━━━━━━━━━━━━━━━━━━━━━━━━━━━━━━━━━━━━━━━━━━━━━━━━━━━┓
Preconditioner: Lumped                                                         ┃
FETISSolver.FETISSolver: rigid body modes of substructures: 0  3  3  3  3  3  3  3  3  3  3  3  3  3  3  3
Elapsed time is 1.1406 seconds.                                                ┃
━━━━━━━━━━━━━━━━━━━━━━━━━━━━━━━━━━━━━━━━━━━━━━━━━━━━━━━━━━━━━━━━━━━━━━━━━━━━━━━┛
 
START FETIS SETUP━━━━━━━━━━━━━━━━━━━━━━━━━━━━━━━━━━━━━━━━━━━━━━━━━━━━━━━━━━━━━━┓
FETISSolver.FETISSolver: rigid body modes of substructures: 0  3  3  3  3  3  3  3  3  3  3  3  3  3  3  3
A-matrix taken as unity matrix                                                 ┃
Elapsed time is 0.018195 seconds.                                              ┃
━━━━━━━━━━━━━━━━━━━━━━━━━━━━━━━━━━━━━━━━━━━━━━━━━━━━━━━━━━━━━━━━━━━━━━━━━━━━━━━┛
 
INITIALIZE SOLVER━━━━━━━━━━━━━━━━━━━━━━━━━━━━━━━━━━━━━━━━━━━━━━━━━━━━━━━━━━━━━━┓
Using assembled FI operator!                                                   ┃
No Auxiliary Coarse Grid
Coarse Grid C_ IS empty!                                                       ┃
Check: Error of substructure equilibrium: 6.8852e-15                           ┃
Elapsed time is 0.039411 seconds.                                              ┃
━━━━━━━━━━━━━━━━━━━━━━━━━━━━━━━━━━━━━━━━━━━━━━━━━━━━━━━━━━━━━━━━━━━━━━━━━━━━━━━┛
 
Check: r projected into N coarse-space: 1.3237e-16                             ┃
Check: W projected into N coarse-space: 1.5172e-15                             ┃
START FETIS ITERATIONS━━━━━━━━━━━━━━━━━━━━━━━━━━━━━━━━━━━━━━━━━━━━━━━━━━━━━━━━━┓
Check: Error of substructure equilibrium: 5.8295e-15                           ┃
Check: r projected into N coarse-space: 1.1572e-16                             ┃
Check: W projected into N coarse-space: 4.8525e-16                             ┃
Check: Error of substructure equilibrium: 5.3762e-15                           ┃
Check: r projected into N coarse-space: 1.1072e-16                             ┃
Check: W projected into N coarse-space: 1.5056e-16                             ┃
Check: Error of substructure equilibrium: 5.156e-15                            ┃
Check: r projected into N coarse-space: 1.0904e-16                             ┃
Check: W projected into N coarse-space: 6.2269e-17                             ┃
Check: Error of substructure equilibrium: 5.082e-15                            ┃
Check: r projected into N coarse-space: 1.0858e-16                             ┃
Check: W projected into N coarse-space: 1.4309e-17                             ┃
Check: Error of substructure equilibrium: 5.0659e-15                           ┃
Check: r projected into N coarse-space: 1.0851e-16                             ┃
Check: W projected into N coarse-space: 6.5721e-18                             ┃
Check: Error of substructure equilibrium: 5.0633e-15                           ┃
Check: r projected into N coarse-space: 1.085e-16                              ┃
Check: W projected into N coarse-space: 3.1499e-18                             ┃
Check: Error of substructure equilibrium: 5.0593e-15                           ┃
Check: r projected into N coarse-space: 1.0849e-16                             ┃
Check: W projected into N coarse-space: 8.9295e-19                             ┃
Check: Error of substructure equilibrium: 5.0622e-15                           ┃
Check: r projected into N coarse-space: 1.0849e-16                             ┃
Check: W projected into N coarse-space: 9.0074e-20                             ┃
Check: Error of substructure equilibrium: 5.0619e-15                           ┃
Check: r projected into N coarse-space: 1.0849e-16                             ┃
Check: W projected into N coarse-space: 2.6848e-20                             ┃
Check: Error of substructure equilibrium: 5.061e-15                            ┃
Check: r projected into N coarse-space: 1.0849e-16                             ┃
Check: W projected into N coarse-space: 5.4507e-21                             ┃
Check: Error of substructure equilibrium: 5.0615e-15                           ┃
Check: r projected into N coarse-space: 1.0849e-16                             ┃
Check: W projected into N coarse-space: 1.1263e-21                             ┃
Check: Error of substructure equilibrium: 5.0608e-15                           ┃
Check: r projected into N coarse-space: 1.0849e-16                             ┃
Check: W projected into N coarse-space: 1.7988e-22                             ┃
Check: Error of substructure equilibrium: 5.0609e-15                           ┃
Check: r projected into N coarse-space: 1.0849e-16                             ┃
Check: W projected into N coarse-space: 3.1194e-23                             ┃
Residual = 5.7128e-09                                                          ┃
after 13 FETI-S iterations with 16  16  16  16  16  16  16  16  16  16  16  16  16 search directions
Elapsed time is 1.3582 seconds.                                                ┃
━━━━━━━━━━━━━━━━━━━━━━━━━━━━━━━━━━━━━━━━━━━━━━━━━━━━━━━━━━━━━━━━━━━━━━━━━━━━━━━┛
 
RECOVER DOMAIN SOLUTION━━━━━━━━━━━━━━━━━━━━━━━━━━━━━━━━━━━━━━━━━━━━━━━━━━━━━━━━┓
Elapsed time is 0.042542 seconds.                                              ┃
━━━━━━━━━━━━━━━━━━━━━━━━━━━━━━━━━━━━━━━━━━━━━━━━━━━━━━━━━━━━━━━━━━━━━━━━━━━━━━━┛
 
RECOVER DOMAIN SOLUTION━━━━━━━━━━━━━━━━━━━━━━━━━━━━━━━━━━━━━━━━━━━━━━━━━━━━━━━━┓
Elapsed time is 0.045732 seconds.                                              ┃
━━━━━━━━━━━━━━━━━━━━━━━━━━━━━━━━━━━━━━━━━━━━━━━━━━━━━━━━━━━━━━━━━━━━━━━━━━━━━━━┛
 
━━━━━━━━━━━━━━━━━━━━━━━━━━━━━━━━━━━━━━━━━━━━━━━━━━━━━━━━━━━━━━━━━━━━━━━━━━━━━━━┓
      ______________  ______   ______            __  ______    _____   __      ┃
     / ____/ ____/  |/  /   | / ____/           /  |/  /   |  /  _/ | / /      ┃
    / /_  / __/ / /|_/ / /| |/ /      ______   / /|_/ / /| |  / //  |/ /       ┃
   / __/ / /___/ /  / / ___ / /___   /_____/  / /  / / ___ |_/ // /|  /        ┃
  /_/   /_____/_/  /_/_/  |_\____/           /_/  /_/_/  |_/___/_/ |_/         ┃
  ©Lehrstuhl fuer Angewandte Mechanik - Technische Universitaet Muenchnen      ┃
━━━━━━━━━━━━━━━━━━━━━━━━━━━━━━━━━━━━━━━━━━━━━━━━━━━━━━━━━━━━━━━━━━━━━━━━━━━━━━━┛
 
START DIS READING━━━━━━━━━━━━━━━━━━━━━━━━━━━━━━━━━━━━━━━━━━━━━━━━━━━━━━━━━━━━━━┓
Elapsed time is 0.33861 seconds.                                               ┃
━━━━━━━━━━━━━━━━━━━━━━━━━━━━━━━━━━━━━━━━━━━━━━━━━━━━━━━━━━━━━━━━━━━━━━━━━━━━━━━┛
 
START RESOLVING CONDITIONS━━━━━━━━━━━━━━━━━━━━━━━━━━━━━━━━━━━━━━━━━━━━━━━━━━━━━┓
resolving dirichlet condition: ID:1 MSHTAG:1                                   ┃
resolving dirichlet condition: ID:2 MSHTAG:2                                   ┃
resolving neumann   condition: ID:3 MSHTAG:3                                   ┃
Elapsed time is 0.96671 seconds.                                               ┃
━━━━━━━━━━━━━━━━━━━━━━━━━━━━━━━━━━━━━━━━━━━━━━━━━━━━━━━━━━━━━━━━━━━━━━━━━━━━━━━┛
 
RESOLVE FETI MANAGER━━━━━━━━━━━━━━━━━━━━━━━━━━━━━━━━━━━━━━━━━━━━━━━━━━━━━━━━━━━┓
16 subtructures created                                                        ┃
substructures resolved                                                         ┃
substructures evaluated                                                        ┃
connectivity matrices created                                                  ┃
Elapsed time is 8.9739 seconds.                                                ┃
━━━━━━━━━━━━━━━━━━━━━━━━━━━━━━━━━━━━━━━━━━━━━━━━━━━━━━━━━━━━━━━━━━━━━━━━━━━━━━━┛
 
APPLY KINEMATIC CONDITIONS ON SUBSTRUCTURES━━━━━━━━━━━━━━━━━━━━━━━━━━━━━━━━━━━━┓
Dirichlet conditions detected on substructures: 1   2   3   4   5   6   7   8   9  10  11  12  13  14  15  16
Neumann   conditions detected on substructures: 1   2   3   4   5   6   7   8   9  10  11  12  13  14  15  16
Elapsed time is 4.875 seconds.                                                 ┃
━━━━━━━━━━━━━━━━━━━━━━━━━━━━━━━━━━━━━━━━━━━━━━━━━━━━━━━━━━━━━━━━━━━━━━━━━━━━━━━┛
 
FETI Base Setup━━━━━━━━━━━━━━━━━━━━━━━━━━━━━━━━━━━━━━━━━━━━━━━━━━━━━━━━━━━━━━━━┓
Preconditioner: Lumped                                                         ┃
FETISSolver.FETISSolver: rigid body modes of substructures: 0  3  3  3  3  3  3  3  3  3  3  3  3  3  3  3
Elapsed time is 1.0687 seconds.                                                ┃
━━━━━━━━━━━━━━━━━━━━━━━━━━━━━━━━━━━━━━━━━━━━━━━━━━━━━━━━━━━━━━━━━━━━━━━━━━━━━━━┛
 
START FETIS SETUP━━━━━━━━━━━━━━━━━━━━━━━━━━━━━━━━━━━━━━━━━━━━━━━━━━━━━━━━━━━━━━┓
FETISSolver.FETISSolver: rigid body modes of substructures: 0  3  3  3  3  3  3  3  3  3  3  3  3  3  3  3
A-matrix taken as unity matrix                                                 ┃
Elapsed time is 0.017639 seconds.                                              ┃
━━━━━━━━━━━━━━━━━━━━━━━━━━━━━━━━━━━━━━━━━━━━━━━━━━━━━━━━━━━━━━━━━━━━━━━━━━━━━━━┛
 
INITIALIZE SOLVER━━━━━━━━━━━━━━━━━━━━━━━━━━━━━━━━━━━━━━━━━━━━━━━━━━━━━━━━━━━━━━┓
Using assembled FI operator!                                                   ┃
No Auxiliary Coarse Grid
Coarse Grid C_ IS empty!                                                       ┃
Check: Error of substructure equilibrium: 6.8852e-15                           ┃
Elapsed time is 0.044078 seconds.                                              ┃
━━━━━━━━━━━━━━━━━━━━━━━━━━━━━━━━━━━━━━━━━━━━━━━━━━━━━━━━━━━━━━━━━━━━━━━━━━━━━━━┛
 
Check: r projected into N coarse-space: 1.3237e-16                             ┃
Check: W projected into N coarse-space: 1.5172e-15                             ┃
START FETIS ITERATIONS━━━━━━━━━━━━━━━━━━━━━━━━━━━━━━━━━━━━━━━━━━━━━━━━━━━━━━━━━┓
Check: Error of substructure equilibrium: 5.8295e-15                           ┃
Check: r projected into N coarse-space: 1.1572e-16                             ┃
Check: W projected into N coarse-space: 4.8525e-16                             ┃
Check: Error of substructure equilibrium: 5.3762e-15                           ┃
Check: r projected into N coarse-space: 1.1072e-16                             ┃
Check: W projected into N coarse-space: 1.5056e-16                             ┃
Check: Error of substructure equilibrium: 5.156e-15                            ┃
Check: r projected into N coarse-space: 1.0904e-16                             ┃
Check: W projected into N coarse-space: 6.2269e-17                             ┃
Check: Error of substructure equilibrium: 5.082e-15                            ┃
Check: r projected into N coarse-space: 1.0858e-16                             ┃
Check: W projected into N coarse-space: 1.4309e-17                             ┃
Check: Error of substructure equilibrium: 5.0659e-15                           ┃
Check: r projected into N coarse-space: 1.0851e-16                             ┃
Check: W projected into N coarse-space: 6.5721e-18                             ┃
Check: Error of substructure equilibrium: 5.0633e-15                           ┃
Check: r projected into N coarse-space: 1.085e-16                              ┃
Check: W projected into N coarse-space: 3.1499e-18                             ┃
Check: Error of substructure equilibrium: 5.0593e-15                           ┃
Check: r projected into N coarse-space: 1.0849e-16                             ┃
Check: W projected into N coarse-space: 8.9295e-19                             ┃
Check: Error of substructure equilibrium: 5.0622e-15                           ┃
Check: r projected into N coarse-space: 1.0849e-16                             ┃
Check: W projected into N coarse-space: 9.0074e-20                             ┃
Check: Error of substructure equilibrium: 5.0619e-15                           ┃
Check: r projected into N coarse-space: 1.0849e-16                             ┃
Check: W projected into N coarse-space: 2.6848e-20                             ┃
Check: Error of substructure equilibrium: 5.061e-15                            ┃
Check: r projected into N coarse-space: 1.0849e-16                             ┃
Check: W projected into N coarse-space: 5.4507e-21                             ┃
Check: Error of substructure equilibrium: 5.0615e-15                           ┃
Check: r projected into N coarse-space: 1.0849e-16                             ┃
Check: W projected into N coarse-space: 1.1263e-21                             ┃
Check: Error of substructure equilibrium: 5.0608e-15                           ┃
Check: r projected into N coarse-space: 1.0849e-16                             ┃
Check: W projected into N coarse-space: 1.7988e-22                             ┃
Check: Error of substructure equilibrium: 5.0609e-15                           ┃
Check: r projected into N coarse-space: 1.0849e-16                             ┃
Check: W projected into N coarse-space: 3.1194e-23                             ┃
Residual = 5.7128e-09                                                          ┃
after 13 FETI-S iterations with 16  16  16  16  16  16  16  16  16  16  16  16  16 search directions
Elapsed time is 1.5405 seconds.                                                ┃
━━━━━━━━━━━━━━━━━━━━━━━━━━━━━━━━━━━━━━━━━━━━━━━━━━━━━━━━━━━━━━━━━━━━━━━━━━━━━━━┛
 
RECOVER DOMAIN SOLUTION━━━━━━━━━━━━━━━━━━━━━━━━━━━━━━━━━━━━━━━━━━━━━━━━━━━━━━━━┓
Elapsed time is 0.039883 seconds.                                              ┃
━━━━━━━━━━━━━━━━━━━━━━━━━━━━━━━━━━━━━━━━━━━━━━━━━━━━━━━━━━━━━━━━━━━━━━━━━━━━━━━┛
 
RECOVER DOMAIN SOLUTION━━━━━━━━━━━━━━━━━━━━━━━━━━━━━━━━━━━━━━━━━━━━━━━━━━━━━━━━┓
Elapsed time is 0.045206 seconds.                                              ┃
━━━━━━━━━━━━━━━━━━━━━━━━━━━━━━━━━━━━━━━━━━━━━━━━━━━━━━━━━━━━━━━━━━━━━━━━━━━━━━━┛
 
━━━━━━━━━━━━━━━━━━━━━━━━━━━━━━━━━━━━━━━━━━━━━━━━━━━━━━━━━━━━━━━━━━━━━━━━━━━━━━━┓
      ______________  ______   ______            __  ______    _____   __      ┃
     / ____/ ____/  |/  /   | / ____/           /  |/  /   |  /  _/ | / /      ┃
    / /_  / __/ / /|_/ / /| |/ /      ______   / /|_/ / /| |  / //  |/ /       ┃
   / __/ / /___/ /  / / ___ / /___   /_____/  / /  / / ___ |_/ // /|  /        ┃
  /_/   /_____/_/  /_/_/  |_\____/           /_/  /_/_/  |_/___/_/ |_/         ┃
  ©Lehrstuhl fuer Angewandte Mechanik - Technische Universitaet Muenchnen      ┃
━━━━━━━━━━━━━━━━━━━━━━━━━━━━━━━━━━━━━━━━━━━━━━━━━━━━━━━━━━━━━━━━━━━━━━━━━━━━━━━┛
 
START DIS READING━━━━━━━━━━━━━━━━━━━━━━━━━━━━━━━━━━━━━━━━━━━━━━━━━━━━━━━━━━━━━━┓
Elapsed time is 0.28789 seconds.                                               ┃
━━━━━━━━━━━━━━━━━━━━━━━━━━━━━━━━━━━━━━━━━━━━━━━━━━━━━━━━━━━━━━━━━━━━━━━━━━━━━━━┛
 
START RESOLVING CONDITIONS━━━━━━━━━━━━━━━━━━━━━━━━━━━━━━━━━━━━━━━━━━━━━━━━━━━━━┓
resolving dirichlet condition: ID:1 MSHTAG:1                                   ┃
resolving dirichlet condition: ID:2 MSHTAG:2                                   ┃
resolving neumann   condition: ID:3 MSHTAG:3                                   ┃
Elapsed time is 0.79395 seconds.                                               ┃
━━━━━━━━━━━━━━━━━━━━━━━━━━━━━━━━━━━━━━━━━━━━━━━━━━━━━━━━━━━━━━━━━━━━━━━━━━━━━━━┛
 
RESOLVE FETI MANAGER━━━━━━━━━━━━━━━━━━━━━━━━━━━━━━━━━━━━━━━━━━━━━━━━━━━━━━━━━━━┓
16 subtructures created                                                        ┃
substructures resolved                                                         ┃
substructures evaluated                                                        ┃
connectivity matrices created                                                  ┃
Elapsed time is 7.5147 seconds.                                                ┃
━━━━━━━━━━━━━━━━━━━━━━━━━━━━━━━━━━━━━━━━━━━━━━━━━━━━━━━━━━━━━━━━━━━━━━━━━━━━━━━┛
 
APPLY KINEMATIC CONDITIONS ON SUBSTRUCTURES━━━━━━━━━━━━━━━━━━━━━━━━━━━━━━━━━━━━┓
Dirichlet conditions detected on substructures: 1   2   3   4   5   6   7   8   9  10  11  12  13  14  15  16
Neumann   conditions detected on substructures: 1   2   3   4   5   6   7   8   9  10  11  12  13  14  15  16
Elapsed time is 3.834 seconds.                                                 ┃
━━━━━━━━━━━━━━━━━━━━━━━━━━━━━━━━━━━━━━━━━━━━━━━━━━━━━━━━━━━━━━━━━━━━━━━━━━━━━━━┛
 
FETI Base Setup━━━━━━━━━━━━━━━━━━━━━━━━━━━━━━━━━━━━━━━━━━━━━━━━━━━━━━━━━━━━━━━━┓
Scaling: none                                                                  ┃
Preconditioner: Lumped                                                         ┃
FETISSolver.FETISSolver: rigid body modes of substructures: 0  3  3  3  3  3  3  3  3  3  3  3  3  3  3  3
Elapsed time is 0.89942 seconds.                                               ┃
━━━━━━━━━━━━━━━━━━━━━━━━━━━━━━━━━━━━━━━━━━━━━━━━━━━━━━━━━━━━━━━━━━━━━━━━━━━━━━━┛
 
START FETIS SETUP━━━━━━━━━━━━━━━━━━━━━━━━━━━━━━━━━━━━━━━━━━━━━━━━━━━━━━━━━━━━━━┓
FETISSolver.FETISSolver: rigid body modes of substructures: 0  3  3  3  3  3  3  3  3  3  3  3  3  3  3  3
A-matrix taken as preconditioner                                               ┃
Elapsed time is 0.000635 seconds.                                              ┃
━━━━━━━━━━━━━━━━━━━━━━━━━━━━━━━━━━━━━━━━━━━━━━━━━━━━━━━━━━━━━━━━━━━━━━━━━━━━━━━┛
 
INITIALIZE SOLVER━━━━━━━━━━━━━━━━━━━━━━━━━━━━━━━━━━━━━━━━━━━━━━━━━━━━━━━━━━━━━━┓
Using assembled FI operator!                                                   ┃
[Warning: Matrix is singular to working precision.] 
[> In <a href="matlab:matlab.internal.language.introspective.errorDocCallback('FETIBaseSolver/calcP', '/home/lukas/Desktop/SA_Thesis/FEMAC/solver/FETIBaseSolver.m', 510)" style="font-weight:bold">FETIBaseSolver/calcP</a> (<a href="matlab: opentoline('/home/lukas/Desktop/SA_Thesis/FEMAC/solver/FETIBaseSolver.m',510,0)">line 510</a>)
  In <a href="matlab:matlab.internal.language.introspective.errorDocCallback('FETIBaseSolver/InitSolve', '/home/lukas/Desktop/SA_Thesis/FEMAC/solver/FETIBaseSolver.m', 319)" style="font-weight:bold">FETIBaseSolver/InitSolve</a> (<a href="matlab: opentoline('/home/lukas/Desktop/SA_Thesis/FEMAC/solver/FETIBaseSolver.m',319,0)">line 319</a>)
  In <a href="matlab:matlab.internal.language.introspective.errorDocCallback('FETISSolver/Solve', '/home/lukas/Desktop/SA_Thesis/FEMAC/solver/FETISSolver.m', 50)" style="font-weight:bold">FETISSolver/Solve</a> (<a href="matlab: opentoline('/home/lukas/Desktop/SA_Thesis/FEMAC/solver/FETISSolver.m',50,0)">line 50</a>)
  In <a href="matlab:matlab.internal.language.introspective.errorDocCallback('ProblemBaseMain/Work', '/home/lukas/Desktop/SA_Thesis/FEMAC/prob/ProblemBaseMain.m', 115)" style="font-weight:bold">ProblemBaseMain/Work</a> (<a href="matlab: opentoline('/home/lukas/Desktop/SA_Thesis/FEMAC/prob/ProblemBaseMain.m',115,0)">line 115</a>)
  In <a href="matlab:matlab.internal.language.introspective.errorDocCallback('ProblemFETIMain/Work', '/home/lukas/Desktop/SA_Thesis/FEMAC/prob/ProblemFETIMain.m', 47)" style="font-weight:bold">ProblemFETIMain/Work</a> (<a href="matlab: opentoline('/home/lukas/Desktop/SA_Thesis/FEMAC/prob/ProblemFETIMain.m',47,0)">line 47</a>)
  In <a href="matlab:matlab.internal.language.introspective.errorDocCallback('femac_main', '/home/lukas/Desktop/SA_Thesis/FEMAC/femac_main.m', 47)" style="font-weight:bold">femac_main</a> (<a href="matlab: opentoline('/home/lukas/Desktop/SA_Thesis/FEMAC/femac_main.m',47,0)">line 47</a>)
  In <a href="matlab:matlab.internal.language.introspective.errorDocCallback('Run_hstripes', '/home/lukas/Desktop/SA_Thesis/studies/2016-08-22_HeterogenityType/Run_hstripes.m', 99)" style="font-weight:bold">Run_hstripes</a> (<a href="matlab: opentoline('/home/lukas/Desktop/SA_Thesis/studies/2016-08-22_HeterogenityType/Run_hstripes.m',99,0)">line 99</a>)] 
No Auxiliary Coarse Grid
Coarse Grid C_ IS empty!                                                       ┃
[> In <a href="matlab:matlab.internal.language.introspective.errorDocCallback('FETIBaseSolver/InitSolve', '/home/lukas/Desktop/SA_Thesis/FEMAC/solver/FETIBaseSolver.m', 338)" style="font-weight:bold">FETIBaseSolver/InitSolve</a> (<a href="matlab: opentoline('/home/lukas/Desktop/SA_Thesis/FEMAC/solver/FETIBaseSolver.m',338,0)">line 338</a>)
  In <a href="matlab:matlab.internal.language.introspective.errorDocCallback('FETISSolver/Solve', '/home/lukas/Desktop/SA_Thesis/FEMAC/solver/FETISSolver.m', 50)" style="font-weight:bold">FETISSolver/Solve</a> (<a href="matlab: opentoline('/home/lukas/Desktop/SA_Thesis/FEMAC/solver/FETISSolver.m',50,0)">line 50</a>)
  In <a href="matlab:matlab.internal.language.introspective.errorDocCallback('ProblemBaseMain/Work', '/home/lukas/Desktop/SA_Thesis/FEMAC/prob/ProblemBaseMain.m', 115)" style="font-weight:bold">ProblemBaseMain/Work</a> (<a href="matlab: opentoline('/home/lukas/Desktop/SA_Thesis/FEMAC/prob/ProblemBaseMain.m',115,0)">line 115</a>)
  In <a href="matlab:matlab.internal.language.introspective.errorDocCallback('ProblemFETIMain/Work', '/home/lukas/Desktop/SA_Thesis/FEMAC/prob/ProblemFETIMain.m', 47)" style="font-weight:bold">ProblemFETIMain/Work</a> (<a href="matlab: opentoline('/home/lukas/Desktop/SA_Thesis/FEMAC/prob/ProblemFETIMain.m',47,0)">line 47</a>)
  In <a href="matlab:matlab.internal.language.introspective.errorDocCallback('femac_main', '/home/lukas/Desktop/SA_Thesis/FEMAC/femac_main.m', 47)" style="font-weight:bold">femac_main</a> (<a href="matlab: opentoline('/home/lukas/Desktop/SA_Thesis/FEMAC/femac_main.m',47,0)">line 47</a>)
  In <a href="matlab:matlab.internal.language.introspective.errorDocCallback('Run_hstripes', '/home/lukas/Desktop/SA_Thesis/studies/2016-08-22_HeterogenityType/Run_hstripes.m', 99)" style="font-weight:bold">Run_hstripes</a> (<a href="matlab: opentoline('/home/lukas/Desktop/SA_Thesis/studies/2016-08-22_HeterogenityType/Run_hstripes.m',99,0)">line 99</a>)] 
[Warning: Matrix is singular to working precision.] 
Check: Error of substructure equilibrium: 0.00094491                           ┃
Elapsed time is 0.027864 seconds.                                              ┃
━━━━━━━━━━━━━━━━━━━━━━━━━━━━━━━━━━━━━━━━━━━━━━━━━━━━━━━━━━━━━━━━━━━━━━━━━━━━━━━┛
 
Check: r projected into N coarse-space: 4.9511e-05                             ┃
Check: W projected into N coarse-space: 0.013263                               ┃
START FETIS ITERATIONS━━━━━━━━━━━━━━━━━━━━━━━━━━━━━━━━━━━━━━━━━━━━━━━━━━━━━━━━━┓
Check: Error of substructure equilibrium: 0.00101                              ┃
Check: r projected into N coarse-space: 4.975e-06                              ┃
Check: W projected into N coarse-space: 0.0013418                              ┃
Check: Error of substructure equilibrium: 0.0010253                            ┃
Check: r projected into N coarse-space: 2.8746e-06                             ┃
Check: W projected into N coarse-space: 0.00075535                             ┃
Check: Error of substructure equilibrium: 0.0010439                            ┃
Check: r projected into N coarse-space: 1.4331e-06                             ┃
Check: W projected into N coarse-space: 0.00039031                             ┃
Check: Error of substructure equilibrium: 0.0010561                            ┃
Check: r projected into N coarse-space: 5.8171e-07                             ┃
Check: W projected into N coarse-space: 0.00025747                             ┃
Check: Error of substructure equilibrium: 0.0010602                            ┃
Check: r projected into N coarse-space: 2.5583e-07                             ┃
Check: W projected into N coarse-space: 5.2642e-05                             ┃
Check: Error of substructure equilibrium: 0.0010621                            ┃
Check: r projected into N coarse-space: 2.0141e-07                             ┃
Check: W projected into N coarse-space: 4.4418e-05                             ┃
Check: Error of substructure equilibrium: 0.0010631                            ┃
Check: r projected into N coarse-space: 7.6176e-08                             ┃
Check: W projected into N coarse-space: 1.7351e-05                             ┃
Check: Error of substructure equilibrium: 0.0010634                            ┃
Check: r projected into N coarse-space: 2.8284e-08                             ┃
Check: W projected into N coarse-space: 5.7462e-06                             ┃
Check: Error of substructure equilibrium: 0.0010635                            ┃
Check: r projected into N coarse-space: 1.232e-08                              ┃
Check: W projected into N coarse-space: 2.7353e-06                             ┃
Check: Error of substructure equilibrium: 0.0010635                            ┃
Check: r projected into N coarse-space: 5.2786e-09                             ┃
Check: W projected into N coarse-space: 1.1999e-06                             ┃
Check: Error of substructure equilibrium: 0.0010635                            ┃
Check: r projected into N coarse-space: 2.2812e-09                             ┃
Check: W projected into N coarse-space: 4.8555e-07                             ┃
Check: Error of substructure equilibrium: 0.0010635                            ┃
Check: r projected into N coarse-space: 6.3397e-10                             ┃
Check: W projected into N coarse-space: 1.3533e-07                             ┃
Check: Error of substructure equilibrium: 0.0010635                            ┃
Check: r projected into N coarse-space: 1.4418e-10                             ┃
Check: W projected into N coarse-space: 2.4636e-08                             ┃
Check: Error of substructure equilibrium: 0.0010635                            ┃
Check: r projected into N coarse-space: 3.5725e-11                             ┃
Check: W projected into N coarse-space: 7.5625e-09                             ┃
Residual = 1.4161e-09                                                          ┃
after 14 FETI-S iterations with 16  16  16  16  16  16  16  16  16  16  16  16  16  16 search directions
Elapsed time is 0.91215 seconds.                                               ┃
━━━━━━━━━━━━━━━━━━━━━━━━━━━━━━━━━━━━━━━━━━━━━━━━━━━━━━━━━━━━━━━━━━━━━━━━━━━━━━━┛
 
RECOVER DOMAIN SOLUTION━━━━━━━━━━━━━━━━━━━━━━━━━━━━━━━━━━━━━━━━━━━━━━━━━━━━━━━━┓
Elapsed time is 0.024022 seconds.                                              ┃
━━━━━━━━━━━━━━━━━━━━━━━━━━━━━━━━━━━━━━━━━━━━━━━━━━━━━━━━━━━━━━━━━━━━━━━━━━━━━━━┛
 
RECOVER DOMAIN SOLUTION━━━━━━━━━━━━━━━━━━━━━━━━━━━━━━━━━━━━━━━━━━━━━━━━━━━━━━━━┓
Elapsed time is 0.029587 seconds.                                              ┃
━━━━━━━━━━━━━━━━━━━━━━━━━━━━━━━━━━━━━━━━━━━━━━━━━━━━━━━━━━━━━━━━━━━━━━━━━━━━━━━┛
 
━━━━━━━━━━━━━━━━━━━━━━━━━━━━━━━━━━━━━━━━━━━━━━━━━━━━━━━━━━━━━━━━━━━━━━━━━━━━━━━┓
      ______________  ______   ______            __  ______    _____   __      ┃
     / ____/ ____/  |/  /   | / ____/           /  |/  /   |  /  _/ | / /      ┃
    / /_  / __/ / /|_/ / /| |/ /      ______   / /|_/ / /| |  / //  |/ /       ┃
   / __/ / /___/ /  / / ___ / /___   /_____/  / /  / / ___ |_/ // /|  /        ┃
  /_/   /_____/_/  /_/_/  |_\____/           /_/  /_/_/  |_/___/_/ |_/         ┃
  ©Lehrstuhl fuer Angewandte Mechanik - Technische Universitaet Muenchnen      ┃
━━━━━━━━━━━━━━━━━━━━━━━━━━━━━━━━━━━━━━━━━━━━━━━━━━━━━━━━━━━━━━━━━━━━━━━━━━━━━━━┛
 
START DIS READING━━━━━━━━━━━━━━━━━━━━━━━━━━━━━━━━━━━━━━━━━━━━━━━━━━━━━━━━━━━━━━┓
Elapsed time is 0.27546 seconds.                                               ┃
━━━━━━━━━━━━━━━━━━━━━━━━━━━━━━━━━━━━━━━━━━━━━━━━━━━━━━━━━━━━━━━━━━━━━━━━━━━━━━━┛
 
START RESOLVING CONDITIONS━━━━━━━━━━━━━━━━━━━━━━━━━━━━━━━━━━━━━━━━━━━━━━━━━━━━━┓
resolving dirichlet condition: ID:1 MSHTAG:1                                   ┃
resolving dirichlet condition: ID:2 MSHTAG:2                                   ┃
resolving neumann   condition: ID:3 MSHTAG:3                                   ┃
Elapsed time is 0.81965 seconds.                                               ┃
━━━━━━━━━━━━━━━━━━━━━━━━━━━━━━━━━━━━━━━━━━━━━━━━━━━━━━━━━━━━━━━━━━━━━━━━━━━━━━━┛
 
RESOLVE FETI MANAGER━━━━━━━━━━━━━━━━━━━━━━━━━━━━━━━━━━━━━━━━━━━━━━━━━━━━━━━━━━━┓
16 subtructures created                                                        ┃
substructures resolved                                                         ┃
substructures evaluated                                                        ┃
connectivity matrices created                                                  ┃
Elapsed time is 7.4593 seconds.                                                ┃
━━━━━━━━━━━━━━━━━━━━━━━━━━━━━━━━━━━━━━━━━━━━━━━━━━━━━━━━━━━━━━━━━━━━━━━━━━━━━━━┛
 
APPLY KINEMATIC CONDITIONS ON SUBSTRUCTURES━━━━━━━━━━━━━━━━━━━━━━━━━━━━━━━━━━━━┓
Dirichlet conditions detected on substructures: 1   2   3   4   5   6   7   8   9  10  11  12  13  14  15  16
Neumann   conditions detected on substructures: 1   2   3   4   5   6   7   8   9  10  11  12  13  14  15  16
Elapsed time is 3.8789 seconds.                                                ┃
━━━━━━━━━━━━━━━━━━━━━━━━━━━━━━━━━━━━━━━━━━━━━━━━━━━━━━━━━━━━━━━━━━━━━━━━━━━━━━━┛
 
FETI Base Setup━━━━━━━━━━━━━━━━━━━━━━━━━━━━━━━━━━━━━━━━━━━━━━━━━━━━━━━━━━━━━━━━┓
Scaling: none                                                                  ┃
Preconditioner: Lumped                                                         ┃
FETISSolver.FETISSolver: rigid body modes of substructures: 0  3  3  3  3  3  3  3  3  3  3  3  3  3  3  3
Elapsed time is 0.86582 seconds.                                               ┃
━━━━━━━━━━━━━━━━━━━━━━━━━━━━━━━━━━━━━━━━━━━━━━━━━━━━━━━━━━━━━━━━━━━━━━━━━━━━━━━┛
 
START FETIS SETUP━━━━━━━━━━━━━━━━━━━━━━━━━━━━━━━━━━━━━━━━━━━━━━━━━━━━━━━━━━━━━━┓
FETISSolver.FETISSolver: rigid body modes of substructures: 0  3  3  3  3  3  3  3  3  3  3  3  3  3  3  3
A-matrix taken as preconditioner                                               ┃
Elapsed time is 0.000807 seconds.                                              ┃
━━━━━━━━━━━━━━━━━━━━━━━━━━━━━━━━━━━━━━━━━━━━━━━━━━━━━━━━━━━━━━━━━━━━━━━━━━━━━━━┛
 
INITIALIZE SOLVER━━━━━━━━━━━━━━━━━━━━━━━━━━━━━━━━━━━━━━━━━━━━━━━━━━━━━━━━━━━━━━┓
Using assembled FI operator!                                                   ┃
[Warning: Matrix is singular to working precision.] 
[> In <a href="matlab:matlab.internal.language.introspective.errorDocCallback('FETIBaseSolver/calcP', '/home/lukas/Desktop/SA_Thesis/FEMAC/solver/FETIBaseSolver.m', 510)" style="font-weight:bold">FETIBaseSolver/calcP</a> (<a href="matlab: opentoline('/home/lukas/Desktop/SA_Thesis/FEMAC/solver/FETIBaseSolver.m',510,0)">line 510</a>)
  In <a href="matlab:matlab.internal.language.introspective.errorDocCallback('FETIBaseSolver/InitSolve', '/home/lukas/Desktop/SA_Thesis/FEMAC/solver/FETIBaseSolver.m', 319)" style="font-weight:bold">FETIBaseSolver/InitSolve</a> (<a href="matlab: opentoline('/home/lukas/Desktop/SA_Thesis/FEMAC/solver/FETIBaseSolver.m',319,0)">line 319</a>)
  In <a href="matlab:matlab.internal.language.introspective.errorDocCallback('FETISSolver/Solve', '/home/lukas/Desktop/SA_Thesis/FEMAC/solver/FETISSolver.m', 50)" style="font-weight:bold">FETISSolver/Solve</a> (<a href="matlab: opentoline('/home/lukas/Desktop/SA_Thesis/FEMAC/solver/FETISSolver.m',50,0)">line 50</a>)
  In <a href="matlab:matlab.internal.language.introspective.errorDocCallback('ProblemBaseMain/Work', '/home/lukas/Desktop/SA_Thesis/FEMAC/prob/ProblemBaseMain.m', 115)" style="font-weight:bold">ProblemBaseMain/Work</a> (<a href="matlab: opentoline('/home/lukas/Desktop/SA_Thesis/FEMAC/prob/ProblemBaseMain.m',115,0)">line 115</a>)
  In <a href="matlab:matlab.internal.language.introspective.errorDocCallback('ProblemFETIMain/Work', '/home/lukas/Desktop/SA_Thesis/FEMAC/prob/ProblemFETIMain.m', 47)" style="font-weight:bold">ProblemFETIMain/Work</a> (<a href="matlab: opentoline('/home/lukas/Desktop/SA_Thesis/FEMAC/prob/ProblemFETIMain.m',47,0)">line 47</a>)
  In <a href="matlab:matlab.internal.language.introspective.errorDocCallback('femac_main', '/home/lukas/Desktop/SA_Thesis/FEMAC/femac_main.m', 47)" style="font-weight:bold">femac_main</a> (<a href="matlab: opentoline('/home/lukas/Desktop/SA_Thesis/FEMAC/femac_main.m',47,0)">line 47</a>)
  In <a href="matlab:matlab.internal.language.introspective.errorDocCallback('Run_hstripes', '/home/lukas/Desktop/SA_Thesis/studies/2016-08-22_HeterogenityType/Run_hstripes.m', 99)" style="font-weight:bold">Run_hstripes</a> (<a href="matlab: opentoline('/home/lukas/Desktop/SA_Thesis/studies/2016-08-22_HeterogenityType/Run_hstripes.m',99,0)">line 99</a>)] 
No Auxiliary Coarse Grid
Coarse Grid C_ IS empty!                                                       ┃
[> In <a href="matlab:matlab.internal.language.introspective.errorDocCallback('FETIBaseSolver/InitSolve', '/home/lukas/Desktop/SA_Thesis/FEMAC/solver/FETIBaseSolver.m', 338)" style="font-weight:bold">FETIBaseSolver/InitSolve</a> (<a href="matlab: opentoline('/home/lukas/Desktop/SA_Thesis/FEMAC/solver/FETIBaseSolver.m',338,0)">line 338</a>)
  In <a href="matlab:matlab.internal.language.introspective.errorDocCallback('FETISSolver/Solve', '/home/lukas/Desktop/SA_Thesis/FEMAC/solver/FETISSolver.m', 50)" style="font-weight:bold">FETISSolver/Solve</a> (<a href="matlab: opentoline('/home/lukas/Desktop/SA_Thesis/FEMAC/solver/FETISSolver.m',50,0)">line 50</a>)
  In <a href="matlab:matlab.internal.language.introspective.errorDocCallback('ProblemBaseMain/Work', '/home/lukas/Desktop/SA_Thesis/FEMAC/prob/ProblemBaseMain.m', 115)" style="font-weight:bold">ProblemBaseMain/Work</a> (<a href="matlab: opentoline('/home/lukas/Desktop/SA_Thesis/FEMAC/prob/ProblemBaseMain.m',115,0)">line 115</a>)
  In <a href="matlab:matlab.internal.language.introspective.errorDocCallback('ProblemFETIMain/Work', '/home/lukas/Desktop/SA_Thesis/FEMAC/prob/ProblemFETIMain.m', 47)" style="font-weight:bold">ProblemFETIMain/Work</a> (<a href="matlab: opentoline('/home/lukas/Desktop/SA_Thesis/FEMAC/prob/ProblemFETIMain.m',47,0)">line 47</a>)
  In <a href="matlab:matlab.internal.language.introspective.errorDocCallback('femac_main', '/home/lukas/Desktop/SA_Thesis/FEMAC/femac_main.m', 47)" style="font-weight:bold">femac_main</a> (<a href="matlab: opentoline('/home/lukas/Desktop/SA_Thesis/FEMAC/femac_main.m',47,0)">line 47</a>)
  In <a href="matlab:matlab.internal.language.introspective.errorDocCallback('Run_hstripes', '/home/lukas/Desktop/SA_Thesis/studies/2016-08-22_HeterogenityType/Run_hstripes.m', 99)" style="font-weight:bold">Run_hstripes</a> (<a href="matlab: opentoline('/home/lukas/Desktop/SA_Thesis/studies/2016-08-22_HeterogenityType/Run_hstripes.m',99,0)">line 99</a>)] 
[Warning: Matrix is singular to working precision.] 
Check: Error of substructure equilibrium: 0.00094491                           ┃
Elapsed time is 0.021374 seconds.                                              ┃
━━━━━━━━━━━━━━━━━━━━━━━━━━━━━━━━━━━━━━━━━━━━━━━━━━━━━━━━━━━━━━━━━━━━━━━━━━━━━━━┛
 
Check: r projected into N coarse-space: 4.9511e-05                             ┃
Check: W projected into N coarse-space: 0.013263                               ┃
START FETIS ITERATIONS━━━━━━━━━━━━━━━━━━━━━━━━━━━━━━━━━━━━━━━━━━━━━━━━━━━━━━━━━┓
Check: Error of substructure equilibrium: 0.00101                              ┃
Check: r projected into N coarse-space: 4.975e-06                              ┃
Check: W projected into N coarse-space: 0.0013418                              ┃
Check: Error of substructure equilibrium: 0.0010253                            ┃
Check: r projected into N coarse-space: 2.8746e-06                             ┃
Check: W projected into N coarse-space: 0.00075535                             ┃
Check: Error of substructure equilibrium: 0.0010439                            ┃
Check: r projected into N coarse-space: 1.4331e-06                             ┃
Check: W projected into N coarse-space: 0.00039031                             ┃
Check: Error of substructure equilibrium: 0.0010561                            ┃
Check: r projected into N coarse-space: 5.8171e-07                             ┃
Check: W projected into N coarse-space: 0.00025747                             ┃
Check: Error of substructure equilibrium: 0.0010602                            ┃
Check: r projected into N coarse-space: 2.5583e-07                             ┃
Check: W projected into N coarse-space: 5.2642e-05                             ┃
Check: Error of substructure equilibrium: 0.0010621                            ┃
Check: r projected into N coarse-space: 2.0141e-07                             ┃
Check: W projected into N coarse-space: 4.4418e-05                             ┃
Check: Error of substructure equilibrium: 0.0010631                            ┃
Check: r projected into N coarse-space: 7.6176e-08                             ┃
Check: W projected into N coarse-space: 1.7351e-05                             ┃
Check: Error of substructure equilibrium: 0.0010634                            ┃
Check: r projected into N coarse-space: 2.8284e-08                             ┃
Check: W projected into N coarse-space: 5.7462e-06                             ┃
Check: Error of substructure equilibrium: 0.0010635                            ┃
Check: r projected into N coarse-space: 1.232e-08                              ┃
Check: W projected into N coarse-space: 2.7353e-06                             ┃
Check: Error of substructure equilibrium: 0.0010635                            ┃
Check: r projected into N coarse-space: 5.2786e-09                             ┃
Check: W projected into N coarse-space: 1.1999e-06                             ┃
Check: Error of substructure equilibrium: 0.0010635                            ┃
Check: r projected into N coarse-space: 2.2812e-09                             ┃
Check: W projected into N coarse-space: 4.8555e-07                             ┃
Check: Error of substructure equilibrium: 0.0010635                            ┃
Check: r projected into N coarse-space: 6.3397e-10                             ┃
Check: W projected into N coarse-space: 1.3533e-07                             ┃
Check: Error of substructure equilibrium: 0.0010635                            ┃
Check: r projected into N coarse-space: 1.4418e-10                             ┃
Check: W projected into N coarse-space: 2.4636e-08                             ┃
Check: Error of substructure equilibrium: 0.0010635                            ┃
Check: r projected into N coarse-space: 3.5725e-11                             ┃
Check: W projected into N coarse-space: 7.5625e-09                             ┃
Residual = 1.4161e-09                                                          ┃
after 14 FETI-S iterations with 16  16  16  16  16  16  16  16  16  16  16  16  16  16 search directions
Elapsed time is 0.79957 seconds.                                               ┃
━━━━━━━━━━━━━━━━━━━━━━━━━━━━━━━━━━━━━━━━━━━━━━━━━━━━━━━━━━━━━━━━━━━━━━━━━━━━━━━┛
 
RECOVER DOMAIN SOLUTION━━━━━━━━━━━━━━━━━━━━━━━━━━━━━━━━━━━━━━━━━━━━━━━━━━━━━━━━┓
Elapsed time is 0.02907 seconds.                                               ┃
━━━━━━━━━━━━━━━━━━━━━━━━━━━━━━━━━━━━━━━━━━━━━━━━━━━━━━━━━━━━━━━━━━━━━━━━━━━━━━━┛
 
RECOVER DOMAIN SOLUTION━━━━━━━━━━━━━━━━━━━━━━━━━━━━━━━━━━━━━━━━━━━━━━━━━━━━━━━━┓
Elapsed time is 0.03446 seconds.                                               ┃
━━━━━━━━━━━━━━━━━━━━━━━━━━━━━━━━━━━━━━━━━━━━━━━━━━━━━━━━━━━━━━━━━━━━━━━━━━━━━━━┛
 
━━━━━━━━━━━━━━━━━━━━━━━━━━━━━━━━━━━━━━━━━━━━━━━━━━━━━━━━━━━━━━━━━━━━━━━━━━━━━━━┓
      ______________  ______   ______            __  ______    _____   __      ┃
     / ____/ ____/  |/  /   | / ____/           /  |/  /   |  /  _/ | / /      ┃
    / /_  / __/ / /|_/ / /| |/ /      ______   / /|_/ / /| |  / //  |/ /       ┃
   / __/ / /___/ /  / / ___ / /___   /_____/  / /  / / ___ |_/ // /|  /        ┃
  /_/   /_____/_/  /_/_/  |_\____/           /_/  /_/_/  |_/___/_/ |_/         ┃
  ©Lehrstuhl fuer Angewandte Mechanik - Technische Universitaet Muenchnen      ┃
━━━━━━━━━━━━━━━━━━━━━━━━━━━━━━━━━━━━━━━━━━━━━━━━━━━━━━━━━━━━━━━━━━━━━━━━━━━━━━━┛
 
START DIS READING━━━━━━━━━━━━━━━━━━━━━━━━━━━━━━━━━━━━━━━━━━━━━━━━━━━━━━━━━━━━━━┓
Elapsed time is 0.54857 seconds.                                               ┃
━━━━━━━━━━━━━━━━━━━━━━━━━━━━━━━━━━━━━━━━━━━━━━━━━━━━━━━━━━━━━━━━━━━━━━━━━━━━━━━┛
 
START RESOLVING CONDITIONS━━━━━━━━━━━━━━━━━━━━━━━━━━━━━━━━━━━━━━━━━━━━━━━━━━━━━┓
resolving dirichlet condition: ID:1 MSHTAG:1                                   ┃
resolving dirichlet condition: ID:2 MSHTAG:2                                   ┃
resolving neumann   condition: ID:3 MSHTAG:3                                   ┃
Elapsed time is 1.5345 seconds.                                                ┃
━━━━━━━━━━━━━━━━━━━━━━━━━━━━━━━━━━━━━━━━━━━━━━━━━━━━━━━━━━━━━━━━━━━━━━━━━━━━━━━┛
 
RESOLVE FETI MANAGER━━━━━━━━━━━━━━━━━━━━━━━━━━━━━━━━━━━━━━━━━━━━━━━━━━━━━━━━━━━┓
16 subtructures created                                                        ┃
substructures resolved                                                         ┃
substructures evaluated                                                        ┃
connectivity matrices created                                                  ┃
Elapsed time is 14.6992 seconds.                                               ┃
━━━━━━━━━━━━━━━━━━━━━━━━━━━━━━━━━━━━━━━━━━━━━━━━━━━━━━━━━━━━━━━━━━━━━━━━━━━━━━━┛
 
APPLY KINEMATIC CONDITIONS ON SUBSTRUCTURES━━━━━━━━━━━━━━━━━━━━━━━━━━━━━━━━━━━━┓
Dirichlet conditions detected on substructures: 1   2   3   4   5   6   7   8   9  10  11  12  13  14  15  16
Neumann   conditions detected on substructures: 1   2   3   4   5   6   7   8   9  10  11  12  13  14  15  16
Elapsed time is 8.4138 seconds.                                                ┃
━━━━━━━━━━━━━━━━━━━━━━━━━━━━━━━━━━━━━━━━━━━━━━━━━━━━━━━━━━━━━━━━━━━━━━━━━━━━━━━┛
 
FETI Base Setup━━━━━━━━━━━━━━━━━━━━━━━━━━━━━━━━━━━━━━━━━━━━━━━━━━━━━━━━━━━━━━━━┓
Scaling: none                                                                  ┃
Preconditioner: Lumped                                                         ┃
FETISSolver.FETISSolver: rigid body modes of substructures: 0  3  3  3  3  3  3  3  3  3  3  3  3  3  3  3
Elapsed time is 1.7306 seconds.                                                ┃
━━━━━━━━━━━━━━━━━━━━━━━━━━━━━━━━━━━━━━━━━━━━━━━━━━━━━━━━━━━━━━━━━━━━━━━━━━━━━━━┛
 
START FETIS SETUP━━━━━━━━━━━━━━━━━━━━━━━━━━━━━━━━━━━━━━━━━━━━━━━━━━━━━━━━━━━━━━┓
FETISSolver.FETISSolver: rigid body modes of substructures: 0  3  3  3  3  3  3  3  3  3  3  3  3  3  3  3
A-matrix taken as preconditioner                                               ┃
Elapsed time is 0.001693 seconds.                                              ┃
━━━━━━━━━━━━━━━━━━━━━━━━━━━━━━━━━━━━━━━━━━━━━━━━━━━━━━━━━━━━━━━━━━━━━━━━━━━━━━━┛
 
INITIALIZE SOLVER━━━━━━━━━━━━━━━━━━━━━━━━━━━━━━━━━━━━━━━━━━━━━━━━━━━━━━━━━━━━━━┓
Using assembled FI operator!                                                   ┃
[Warning: Matrix is singular to working precision.] 
[> In <a href="matlab:matlab.internal.language.introspective.errorDocCallback('FETIBaseSolver/calcP', '/home/lukas/Desktop/SA_Thesis/FEMAC/solver/FETIBaseSolver.m', 510)" style="font-weight:bold">FETIBaseSolver/calcP</a> (<a href="matlab: opentoline('/home/lukas/Desktop/SA_Thesis/FEMAC/solver/FETIBaseSolver.m',510,0)">line 510</a>)
  In <a href="matlab:matlab.internal.language.introspective.errorDocCallback('FETIBaseSolver/InitSolve', '/home/lukas/Desktop/SA_Thesis/FEMAC/solver/FETIBaseSolver.m', 319)" style="font-weight:bold">FETIBaseSolver/InitSolve</a> (<a href="matlab: opentoline('/home/lukas/Desktop/SA_Thesis/FEMAC/solver/FETIBaseSolver.m',319,0)">line 319</a>)
  In <a href="matlab:matlab.internal.language.introspective.errorDocCallback('FETISSolver/Solve', '/home/lukas/Desktop/SA_Thesis/FEMAC/solver/FETISSolver.m', 50)" style="font-weight:bold">FETISSolver/Solve</a> (<a href="matlab: opentoline('/home/lukas/Desktop/SA_Thesis/FEMAC/solver/FETISSolver.m',50,0)">line 50</a>)
  In <a href="matlab:matlab.internal.language.introspective.errorDocCallback('ProblemBaseMain/Work', '/home/lukas/Desktop/SA_Thesis/FEMAC/prob/ProblemBaseMain.m', 115)" style="font-weight:bold">ProblemBaseMain/Work</a> (<a href="matlab: opentoline('/home/lukas/Desktop/SA_Thesis/FEMAC/prob/ProblemBaseMain.m',115,0)">line 115</a>)
  In <a href="matlab:matlab.internal.language.introspective.errorDocCallback('ProblemFETIMain/Work', '/home/lukas/Desktop/SA_Thesis/FEMAC/prob/ProblemFETIMain.m', 47)" style="font-weight:bold">ProblemFETIMain/Work</a> (<a href="matlab: opentoline('/home/lukas/Desktop/SA_Thesis/FEMAC/prob/ProblemFETIMain.m',47,0)">line 47</a>)
  In <a href="matlab:matlab.internal.language.introspective.errorDocCallback('femac_main', '/home/lukas/Desktop/SA_Thesis/FEMAC/femac_main.m', 47)" style="font-weight:bold">femac_main</a> (<a href="matlab: opentoline('/home/lukas/Desktop/SA_Thesis/FEMAC/femac_main.m',47,0)">line 47</a>)
  In <a href="matlab:matlab.internal.language.introspective.errorDocCallback('Run_hstripes', '/home/lukas/Desktop/SA_Thesis/studies/2016-08-22_HeterogenityType/Run_hstripes.m', 99)" style="font-weight:bold">Run_hstripes</a> (<a href="matlab: opentoline('/home/lukas/Desktop/SA_Thesis/studies/2016-08-22_HeterogenityType/Run_hstripes.m',99,0)">line 99</a>)] 
No Auxiliary Coarse Grid
Coarse Grid C_ IS empty!                                                       ┃
[> In <a href="matlab:matlab.internal.language.introspective.errorDocCallback('FETIBaseSolver/InitSolve', '/home/lukas/Desktop/SA_Thesis/FEMAC/solver/FETIBaseSolver.m', 338)" style="font-weight:bold">FETIBaseSolver/InitSolve</a> (<a href="matlab: opentoline('/home/lukas/Desktop/SA_Thesis/FEMAC/solver/FETIBaseSolver.m',338,0)">line 338</a>)
  In <a href="matlab:matlab.internal.language.introspective.errorDocCallback('FETISSolver/Solve', '/home/lukas/Desktop/SA_Thesis/FEMAC/solver/FETISSolver.m', 50)" style="font-weight:bold">FETISSolver/Solve</a> (<a href="matlab: opentoline('/home/lukas/Desktop/SA_Thesis/FEMAC/solver/FETISSolver.m',50,0)">line 50</a>)
  In <a href="matlab:matlab.internal.language.introspective.errorDocCallback('ProblemBaseMain/Work', '/home/lukas/Desktop/SA_Thesis/FEMAC/prob/ProblemBaseMain.m', 115)" style="font-weight:bold">ProblemBaseMain/Work</a> (<a href="matlab: opentoline('/home/lukas/Desktop/SA_Thesis/FEMAC/prob/ProblemBaseMain.m',115,0)">line 115</a>)
  In <a href="matlab:matlab.internal.language.introspective.errorDocCallback('ProblemFETIMain/Work', '/home/lukas/Desktop/SA_Thesis/FEMAC/prob/ProblemFETIMain.m', 47)" style="font-weight:bold">ProblemFETIMain/Work</a> (<a href="matlab: opentoline('/home/lukas/Desktop/SA_Thesis/FEMAC/prob/ProblemFETIMain.m',47,0)">line 47</a>)
  In <a href="matlab:matlab.internal.language.introspective.errorDocCallback('femac_main', '/home/lukas/Desktop/SA_Thesis/FEMAC/femac_main.m', 47)" style="font-weight:bold">femac_main</a> (<a href="matlab: opentoline('/home/lukas/Desktop/SA_Thesis/FEMAC/femac_main.m',47,0)">line 47</a>)
  In <a href="matlab:matlab.internal.language.introspective.errorDocCallback('Run_hstripes', '/home/lukas/Desktop/SA_Thesis/studies/2016-08-22_HeterogenityType/Run_hstripes.m', 99)" style="font-weight:bold">Run_hstripes</a> (<a href="matlab: opentoline('/home/lukas/Desktop/SA_Thesis/studies/2016-08-22_HeterogenityType/Run_hstripes.m',99,0)">line 99</a>)] 
[Warning: Matrix is singular to working precision.] 
Check: Error of substructure equilibrium: 0.00094491                           ┃
Elapsed time is 0.047551 seconds.                                              ┃
━━━━━━━━━━━━━━━━━━━━━━━━━━━━━━━━━━━━━━━━━━━━━━━━━━━━━━━━━━━━━━━━━━━━━━━━━━━━━━━┛
 
Check: r projected into N coarse-space: 4.9511e-05                             ┃
Check: W projected into N coarse-space: 0.013263                               ┃
START FETIS ITERATIONS━━━━━━━━━━━━━━━━━━━━━━━━━━━━━━━━━━━━━━━━━━━━━━━━━━━━━━━━━┓
Check: Error of substructure equilibrium: 0.00101                              ┃
Check: r projected into N coarse-space: 4.975e-06                              ┃
Check: W projected into N coarse-space: 0.0013418                              ┃
Check: Error of substructure equilibrium: 0.0010253                            ┃
Check: r projected into N coarse-space: 2.8746e-06                             ┃
Check: W projected into N coarse-space: 0.00075535                             ┃
Check: Error of substructure equilibrium: 0.0010439                            ┃
Check: r projected into N coarse-space: 1.4331e-06                             ┃
Check: W projected into N coarse-space: 0.00039031                             ┃
Check: Error of substructure equilibrium: 0.0010561                            ┃
Check: r projected into N coarse-space: 5.8171e-07                             ┃
Check: W projected into N coarse-space: 0.00025747                             ┃
Check: Error of substructure equilibrium: 0.0010602                            ┃
Check: r projected into N coarse-space: 2.5583e-07                             ┃
Check: W projected into N coarse-space: 5.2642e-05                             ┃
Check: Error of substructure equilibrium: 0.0010621                            ┃
Check: r projected into N coarse-space: 2.0141e-07                             ┃
Check: W projected into N coarse-space: 4.4418e-05                             ┃
Check: Error of substructure equilibrium: 0.0010631                            ┃
Check: r projected into N coarse-space: 7.6176e-08                             ┃
Check: W projected into N coarse-space: 1.7351e-05                             ┃
Check: Error of substructure equilibrium: 0.0010634                            ┃
Check: r projected into N coarse-space: 2.8284e-08                             ┃
Check: W projected into N coarse-space: 5.7462e-06                             ┃
Check: Error of substructure equilibrium: 0.0010635                            ┃
Check: r projected into N coarse-space: 1.232e-08                              ┃
Check: W projected into N coarse-space: 2.7353e-06                             ┃
Check: Error of substructure equilibrium: 0.0010635                            ┃
Check: r projected into N coarse-space: 5.2786e-09                             ┃
Check: W projected into N coarse-space: 1.1999e-06                             ┃
Check: Error of substructure equilibrium: 0.0010635                            ┃
Check: r projected into N coarse-space: 2.2812e-09                             ┃
Check: W projected into N coarse-space: 4.8555e-07                             ┃
Check: Error of substructure equilibrium: 0.0010635                            ┃
Check: r projected into N coarse-space: 6.3397e-10                             ┃
Check: W projected into N coarse-space: 1.3533e-07                             ┃
Check: Error of substructure equilibrium: 0.0010635                            ┃
Check: r projected into N coarse-space: 1.4418e-10                             ┃
Check: W projected into N coarse-space: 2.4636e-08                             ┃
Check: Error of substructure equilibrium: 0.0010635                            ┃
Check: r projected into N coarse-space: 3.5725e-11                             ┃
Check: W projected into N coarse-space: 7.5625e-09                             ┃
Residual = 1.4161e-09                                                          ┃
after 14 FETI-S iterations with 16  16  16  16  16  16  16  16  16  16  16  16  16  16 search directions
Elapsed time is 1.5466 seconds.                                                ┃
━━━━━━━━━━━━━━━━━━━━━━━━━━━━━━━━━━━━━━━━━━━━━━━━━━━━━━━━━━━━━━━━━━━━━━━━━━━━━━━┛
 
RECOVER DOMAIN SOLUTION━━━━━━━━━━━━━━━━━━━━━━━━━━━━━━━━━━━━━━━━━━━━━━━━━━━━━━━━┓
Elapsed time is 0.042278 seconds.                                              ┃
━━━━━━━━━━━━━━━━━━━━━━━━━━━━━━━━━━━━━━━━━━━━━━━━━━━━━━━━━━━━━━━━━━━━━━━━━━━━━━━┛
 
RECOVER DOMAIN SOLUTION━━━━━━━━━━━━━━━━━━━━━━━━━━━━━━━━━━━━━━━━━━━━━━━━━━━━━━━━┓
Elapsed time is 0.051923 seconds.                                              ┃
━━━━━━━━━━━━━━━━━━━━━━━━━━━━━━━━━━━━━━━━━━━━━━━━━━━━━━━━━━━━━━━━━━━━━━━━━━━━━━━┛
 
━━━━━━━━━━━━━━━━━━━━━━━━━━━━━━━━━━━━━━━━━━━━━━━━━━━━━━━━━━━━━━━━━━━━━━━━━━━━━━━┓
      ______________  ______   ______            __  ______    _____   __      ┃
     / ____/ ____/  |/  /   | / ____/           /  |/  /   |  /  _/ | / /      ┃
    / /_  / __/ / /|_/ / /| |/ /      ______   / /|_/ / /| |  / //  |/ /       ┃
   / __/ / /___/ /  / / ___ / /___   /_____/  / /  / / ___ |_/ // /|  /        ┃
  /_/   /_____/_/  /_/_/  |_\____/           /_/  /_/_/  |_/___/_/ |_/         ┃
  ©Lehrstuhl fuer Angewandte Mechanik - Technische Universitaet Muenchnen      ┃
━━━━━━━━━━━━━━━━━━━━━━━━━━━━━━━━━━━━━━━━━━━━━━━━━━━━━━━━━━━━━━━━━━━━━━━━━━━━━━━┛
 
START DIS READING━━━━━━━━━━━━━━━━━━━━━━━━━━━━━━━━━━━━━━━━━━━━━━━━━━━━━━━━━━━━━━┓
Elapsed time is 0.16507 seconds.                                               ┃
━━━━━━━━━━━━━━━━━━━━━━━━━━━━━━━━━━━━━━━━━━━━━━━━━━━━━━━━━━━━━━━━━━━━━━━━━━━━━━━┛
 
START RESOLVING CONDITIONS━━━━━━━━━━━━━━━━━━━━━━━━━━━━━━━━━━━━━━━━━━━━━━━━━━━━━┓
resolving dirichlet condition: ID:1 MSHTAG:1                                   ┃
resolving dirichlet condition: ID:2 MSHTAG:2                                   ┃
resolving neumann   condition: ID:3 MSHTAG:3                                   ┃
Elapsed time is 0.48994 seconds.                                               ┃
━━━━━━━━━━━━━━━━━━━━━━━━━━━━━━━━━━━━━━━━━━━━━━━━━━━━━━━━━━━━━━━━━━━━━━━━━━━━━━━┛
 
RESOLVE FETI MANAGER━━━━━━━━━━━━━━━━━━━━━━━━━━━━━━━━━━━━━━━━━━━━━━━━━━━━━━━━━━━┓
16 subtructures created                                                        ┃
substructures resolved                                                         ┃
substructures evaluated                                                        ┃
connectivity matrices created                                                  ┃
Elapsed time is 4.4734 seconds.                                                ┃
━━━━━━━━━━━━━━━━━━━━━━━━━━━━━━━━━━━━━━━━━━━━━━━━━━━━━━━━━━━━━━━━━━━━━━━━━━━━━━━┛
 
APPLY KINEMATIC CONDITIONS ON SUBSTRUCTURES━━━━━━━━━━━━━━━━━━━━━━━━━━━━━━━━━━━━┓
Dirichlet conditions detected on substructures: 1   2   3   4   5   6   7   8   9  10  11  12  13  14  15  16
Neumann   conditions detected on substructures: 1   2   3   4   5   6   7   8   9  10  11  12  13  14  15  16
Elapsed time is 2.3984 seconds.                                                ┃
━━━━━━━━━━━━━━━━━━━━━━━━━━━━━━━━━━━━━━━━━━━━━━━━━━━━━━━━━━━━━━━━━━━━━━━━━━━━━━━┛
 
FETI Base Setup━━━━━━━━━━━━━━━━━━━━━━━━━━━━━━━━━━━━━━━━━━━━━━━━━━━━━━━━━━━━━━━━┓
Scaling: none                                                                  ┃
Preconditioner: Lumped                                                         ┃
FETISSolver.FETISSolver: rigid body modes of substructures: 0  3  3  3  3  3  3  3  3  3  3  3  3  3  3  3
Elapsed time is 0.51097 seconds.                                               ┃
━━━━━━━━━━━━━━━━━━━━━━━━━━━━━━━━━━━━━━━━━━━━━━━━━━━━━━━━━━━━━━━━━━━━━━━━━━━━━━━┛
 
START FETIS SETUP━━━━━━━━━━━━━━━━━━━━━━━━━━━━━━━━━━━━━━━━━━━━━━━━━━━━━━━━━━━━━━┓
FETISSolver.FETISSolver: rigid body modes of substructures: 0  3  3  3  3  3  3  3  3  3  3  3  3  3  3  3
A-matrix taken as unity matrix                                                 ┃
Elapsed time is 0.000511 seconds.                                              ┃
━━━━━━━━━━━━━━━━━━━━━━━━━━━━━━━━━━━━━━━━━━━━━━━━━━━━━━━━━━━━━━━━━━━━━━━━━━━━━━━┛
 
INITIALIZE SOLVER━━━━━━━━━━━━━━━━━━━━━━━━━━━━━━━━━━━━━━━━━━━━━━━━━━━━━━━━━━━━━━┓
Using assembled FI operator!                                                   ┃
No Auxiliary Coarse Grid
Coarse Grid C_ IS empty!                                                       ┃
Check: Error of substructure equilibrium: 5.5612e-15                           ┃
Elapsed time is 0.014411 seconds.                                              ┃
━━━━━━━━━━━━━━━━━━━━━━━━━━━━━━━━━━━━━━━━━━━━━━━━━━━━━━━━━━━━━━━━━━━━━━━━━━━━━━━┛
 
Check: r projected into N coarse-space: 1.1672e-16                             ┃
Check: W projected into N coarse-space: 4.5732e-15                             ┃
START FETIS ITERATIONS━━━━━━━━━━━━━━━━━━━━━━━━━━━━━━━━━━━━━━━━━━━━━━━━━━━━━━━━━┓
Check: Error of substructure equilibrium: 4.7835e-15                           ┃
Check: r projected into N coarse-space: 1.0205e-16                             ┃
Check: W projected into N coarse-space: 1.5152e-15                             ┃
Check: Error of substructure equilibrium: 4.4472e-15                           ┃
Check: r projected into N coarse-space: 9.7707e-17                             ┃
Check: W projected into N coarse-space: 5.0413e-16                             ┃
Check: Error of substructure equilibrium: 4.2805e-15                           ┃
Check: r projected into N coarse-space: 9.6222e-17                             ┃
Check: W projected into N coarse-space: 2.0039e-16                             ┃
Check: Error of substructure equilibrium: 4.2263e-15                           ┃
Check: r projected into N coarse-space: 9.5805e-17                             ┃
Check: W projected into N coarse-space: 5.7582e-17                             ┃
Check: Error of substructure equilibrium: 4.2139e-15                           ┃
Check: r projected into N coarse-space: 9.5746e-17                             ┃
Check: W projected into N coarse-space: 2.4784e-17                             ┃
Check: Error of substructure equilibrium: 4.2129e-15                           ┃
Check: r projected into N coarse-space: 9.5736e-17                             ┃
Check: W projected into N coarse-space: 1.378e-17                              ┃
Check: Error of substructure equilibrium: 4.209e-15                            ┃
Check: r projected into N coarse-space: 9.5731e-17                             ┃
Check: W projected into N coarse-space: 2.979e-18                              ┃
Check: Error of substructure equilibrium: 4.2085e-15                           ┃
Check: r projected into N coarse-space: 9.5731e-17                             ┃
Check: W projected into N coarse-space: 3.2385e-19                             ┃
Check: Error of substructure equilibrium: 4.2103e-15                           ┃
Check: r projected into N coarse-space: 9.5731e-17                             ┃
Check: W projected into N coarse-space: 1.0685e-19                             ┃
Check: Error of substructure equilibrium: 4.2094e-15                           ┃
Check: r projected into N coarse-space: 9.5731e-17                             ┃
Check: W projected into N coarse-space: 1.7405e-20                             ┃
Check: Error of substructure equilibrium: 4.2101e-15                           ┃
Check: r projected into N coarse-space: 9.5731e-17                             ┃
Check: W projected into N coarse-space: 3.2491e-21                             ┃
Residual = 2.8785e-07                                                          ┃
after 11 FETI-S iterations with 16  16  16  16  16  16  16  16  16  16  16 search directions
Elapsed time is 0.33303 seconds.                                               ┃
━━━━━━━━━━━━━━━━━━━━━━━━━━━━━━━━━━━━━━━━━━━━━━━━━━━━━━━━━━━━━━━━━━━━━━━━━━━━━━━┛
 
RECOVER DOMAIN SOLUTION━━━━━━━━━━━━━━━━━━━━━━━━━━━━━━━━━━━━━━━━━━━━━━━━━━━━━━━━┓
Elapsed time is 0.011113 seconds.                                              ┃
━━━━━━━━━━━━━━━━━━━━━━━━━━━━━━━━━━━━━━━━━━━━━━━━━━━━━━━━━━━━━━━━━━━━━━━━━━━━━━━┛
 
RECOVER DOMAIN SOLUTION━━━━━━━━━━━━━━━━━━━━━━━━━━━━━━━━━━━━━━━━━━━━━━━━━━━━━━━━┓
Elapsed time is 0.011124 seconds.                                              ┃
━━━━━━━━━━━━━━━━━━━━━━━━━━━━━━━━━━━━━━━━━━━━━━━━━━━━━━━━━━━━━━━━━━━━━━━━━━━━━━━┛
 
