━━━━━━━━━━━━━━━━━━━━━━━━━━━━━━━━━━━━━━━━━━━━━━━━━━━━━━━━━━━━━━━━━━━━━━━━━━━━━━━┓
          ______________  ______   ______            ____  ____  ______        ┃
         / ____/ ____/  |/  /   | / ____/           / __ \/ __ \/ ____/        ┃
        / /_  / __/ / /|_/ / /| |/ /      ______   / /_/ / /_/ / __/           ┃
       / __/ / /___/ /  / / ___ / /___   /_____/  / ____/ _, _/ /___           ┃
      /_/   /_____/_/  /_/_/  |_\____/           /_/   /_/ |_/_____/           ┃
  ©Lehrstuhl fuer Angewandte Mechanik - Technische Universitaet Muenchnen      ┃
━━━━━━━━━━━━━━━━━━━━━━━━━━━━━━━━━━━━━━━━━━━━━━━━━━━━━━━━━━━━━━━━━━━━━━━━━━━━━━━┛
 
START MESH READING━━━━━━━━━━━━━━━━━━━━━━━━━━━━━━━━━━━━━━━━━━━━━━━━━━━━━━━━━━━━━┓
102 nodes created                                                              ┃
80 stiffness elements created                                                  ┃
6 dirichlet elements created                                                   ┃
80 neumann elements created                                                    ┃
wrote mesh to file: ./vstripes/A_eye/fetis/output/tau1000.dis                  ┃
Elapsed time is 0.44977 seconds.                                               ┃
━━━━━━━━━━━━━━━━━━━━━━━━━━━━━━━━━━━━━━━━━━━━━━━━━━━━━━━━━━━━━━━━━━━━━━━━━━━━━━━┛
 
━━━━━━━━━━━━━━━━━━━━━━━━━━━━━━━━━━━━━━━━━━━━━━━━━━━━━━━━━━━━━━━━━━━━━━━━━━━━━━━┓
      ______________  ______   ______            __  ______    _____   __      ┃
     / ____/ ____/  |/  /   | / ____/           /  |/  /   |  /  _/ | / /      ┃
    / /_  / __/ / /|_/ / /| |/ /      ______   / /|_/ / /| |  / //  |/ /       ┃
   / __/ / /___/ /  / / ___ / /___   /_____/  / /  / / ___ |_/ // /|  /        ┃
  /_/   /_____/_/  /_/_/  |_\____/           /_/  /_/_/  |_/___/_/ |_/         ┃
  ©Lehrstuhl fuer Angewandte Mechanik - Technische Universitaet Muenchnen      ┃
━━━━━━━━━━━━━━━━━━━━━━━━━━━━━━━━━━━━━━━━━━━━━━━━━━━━━━━━━━━━━━━━━━━━━━━━━━━━━━━┛
 
START DIS READING━━━━━━━━━━━━━━━━━━━━━━━━━━━━━━━━━━━━━━━━━━━━━━━━━━━━━━━━━━━━━━┓
Elapsed time is 0.021742 seconds.                                              ┃
━━━━━━━━━━━━━━━━━━━━━━━━━━━━━━━━━━━━━━━━━━━━━━━━━━━━━━━━━━━━━━━━━━━━━━━━━━━━━━━┛
 
START RESOLVING CONDITIONS━━━━━━━━━━━━━━━━━━━━━━━━━━━━━━━━━━━━━━━━━━━━━━━━━━━━━┓
resolving dirichlet condition: ID:1 MSHTAG:1                                   ┃
resolving dirichlet condition: ID:2 MSHTAG:2                                   ┃
resolving neumann   condition: ID:3 MSHTAG:3                                   ┃
Elapsed time is 0.06007 seconds.                                               ┃
━━━━━━━━━━━━━━━━━━━━━━━━━━━━━━━━━━━━━━━━━━━━━━━━━━━━━━━━━━━━━━━━━━━━━━━━━━━━━━━┛
 
RESOLVE FETI MANAGER━━━━━━━━━━━━━━━━━━━━━━━━━━━━━━━━━━━━━━━━━━━━━━━━━━━━━━━━━━━┓
16 subtructures created                                                        ┃
substructures resolved                                                         ┃
substructures evaluated                                                        ┃
connectivity matrices created                                                  ┃
Elapsed time is 0.64665 seconds.                                               ┃
━━━━━━━━━━━━━━━━━━━━━━━━━━━━━━━━━━━━━━━━━━━━━━━━━━━━━━━━━━━━━━━━━━━━━━━━━━━━━━━┛
 
APPLY KINEMATIC CONDITIONS ON SUBSTRUCTURES━━━━━━━━━━━━━━━━━━━━━━━━━━━━━━━━━━━━┓
Dirichlet conditions detected on substructures: 1   2   3   4   5   6   7   8   9  10  11  12  13  14  15  16
Neumann   conditions detected on substructures: 1   2   3   4   5   6   7   8   9  10  11  12  13  14  15  16
Elapsed time is 0.25069 seconds.                                               ┃
━━━━━━━━━━━━━━━━━━━━━━━━━━━━━━━━━━━━━━━━━━━━━━━━━━━━━━━━━━━━━━━━━━━━━━━━━━━━━━━┛
 
FETI Base Setup━━━━━━━━━━━━━━━━━━━━━━━━━━━━━━━━━━━━━━━━━━━━━━━━━━━━━━━━━━━━━━━━┓
FETISSolver.FETISSolver: rigid body modes of substructures: 0  3  3  3  3  3  3  3  3  3  3  3  3  3  3  3
Elapsed time is 0.11047 seconds.                                               ┃
━━━━━━━━━━━━━━━━━━━━━━━━━━━━━━━━━━━━━━━━━━━━━━━━━━━━━━━━━━━━━━━━━━━━━━━━━━━━━━━┛
 
START FETIS SETUP━━━━━━━━━━━━━━━━━━━━━━━━━━━━━━━━━━━━━━━━━━━━━━━━━━━━━━━━━━━━━━┓
FETISSolver.FETISSolver: rigid body modes of substructures: 0  3  3  3  3  3  3  3  3  3  3  3  3  3  3  3
A-matrix taken as unity matrix                                                 ┃
Elapsed time is 0.017524 seconds.                                              ┃
━━━━━━━━━━━━━━━━━━━━━━━━━━━━━━━━━━━━━━━━━━━━━━━━━━━━━━━━━━━━━━━━━━━━━━━━━━━━━━━┛
 
INITIALIZE SOLVER━━━━━━━━━━━━━━━━━━━━━━━━━━━━━━━━━━━━━━━━━━━━━━━━━━━━━━━━━━━━━━┓
Using assembled FI operator!                                                   ┃
No Auxiliary Coarse Grid
Coarse Grid C_ IS empty!                                                       ┃
Check: Error of substructure equilibrium: 1.5027e-16                           ┃
Elapsed time is 0.005833 seconds.                                              ┃
━━━━━━━━━━━━━━━━━━━━━━━━━━━━━━━━━━━━━━━━━━━━━━━━━━━━━━━━━━━━━━━━━━━━━━━━━━━━━━━┛
 
Check: r projected into N coarse-space: 3.1608e-16                             ┃
Check: W projected into N coarse-space: 1.6628e-15                             ┃
START FETIS ITERATIONS━━━━━━━━━━━━━━━━━━━━━━━━━━━━━━━━━━━━━━━━━━━━━━━━━━━━━━━━━┓
Check: Error of substructure equilibrium: 1.3843e-16                           ┃
Check: r projected into N coarse-space: 2.8809e-16                             ┃
Check: W projected into N coarse-space: 8.6763e-17                             ┃
Check: Error of substructure equilibrium: 1.3821e-16                           ┃
Check: r projected into N coarse-space: 2.8802e-16                             ┃
Check: W projected into N coarse-space: 5.2566e-18                             ┃
Check: Error of substructure equilibrium: 1.3817e-16                           ┃
Check: r projected into N coarse-space: 2.8802e-16                             ┃
Check: W projected into N coarse-space: 1.3863e-19                             ┃
Check: Error of substructure equilibrium: 1.382e-16                            ┃
Check: r projected into N coarse-space: 2.8802e-16                             ┃
Check: W projected into N coarse-space: 4.5824e-21                             ┃
Check: Error of substructure equilibrium: 1.3821e-16                           ┃
Check: r projected into N coarse-space: 2.8802e-16                             ┃
Check: W projected into N coarse-space: 1.2809e-22                             ┃
Check: Error of substructure equilibrium: 1.3819e-16                           ┃
Check: r projected into N coarse-space: 2.8802e-16                             ┃
Check: W projected into N coarse-space: 5.1206e-25                             ┃
Residual = 2.2306e-11                                                          ┃
after 6 FETI-S iterations with 96 search directions                            ┃
Elapsed time is 0.14253 seconds.                                               ┃
━━━━━━━━━━━━━━━━━━━━━━━━━━━━━━━━━━━━━━━━━━━━━━━━━━━━━━━━━━━━━━━━━━━━━━━━━━━━━━━┛
 
RECOVER DOMAIN SOLUTION━━━━━━━━━━━━━━━━━━━━━━━━━━━━━━━━━━━━━━━━━━━━━━━━━━━━━━━━┓
Elapsed time is 0.006158 seconds.                                              ┃
━━━━━━━━━━━━━━━━━━━━━━━━━━━━━━━━━━━━━━━━━━━━━━━━━━━━━━━━━━━━━━━━━━━━━━━━━━━━━━━┛
 
RECOVER DOMAIN SOLUTION━━━━━━━━━━━━━━━━━━━━━━━━━━━━━━━━━━━━━━━━━━━━━━━━━━━━━━━━┓
Elapsed time is 0.008486 seconds.                                              ┃
━━━━━━━━━━━━━━━━━━━━━━━━━━━━━━━━━━━━━━━━━━━━━━━━━━━━━━━━━━━━━━━━━━━━━━━━━━━━━━━┛
 
━━━━━━━━━━━━━━━━━━━━━━━━━━━━━━━━━━━━━━━━━━━━━━━━━━━━━━━━━━━━━━━━━━━━━━━━━━━━━━━┓
       ______________  ______   ______            ____  ____  ___________      ┃
      / ____/ ____/  |/  /   | / ____/           / __ \/ __ \/ ___/_  __/      ┃
     / /_  / __/ / /|_/ / /| |/ /      ______   / /_/ / / / /\__ \ / /         ┃
    / __/ / /___/ /  / / ___ / /___   /_____/  / ____/ /_/ /___/ // /          ┃
   /_/   /_____/_/  /_/_/  |_\____/           /_/    \____//____//_/           ┃
  ©Lehrstuhl fuer Angewandte Mechanik - Technische Universitaet Muenchnen      ┃
━━━━━━━━━━━━━━━━━━━━━━━━━━━━━━━━━━━━━━━━━━━━━━━━━━━━━━━━━━━━━━━━━━━━━━━━━━━━━━━┛
 
START DIS READING━━━━━━━━━━━━━━━━━━━━━━━━━━━━━━━━━━━━━━━━━━━━━━━━━━━━━━━━━━━━━━┓
Elapsed time is 0.019174 seconds.                                              ┃
━━━━━━━━━━━━━━━━━━━━━━━━━━━━━━━━━━━━━━━━━━━━━━━━━━━━━━━━━━━━━━━━━━━━━━━━━━━━━━━┛
 
START POSTPROCESSING━━━━━━━━━━━━━━━━━━━━━━━━━━━━━━━━━━━━━━━━━━━━━━━━━━━━━━━━━━━┓
element stresses processed                                                     ┃
Elapsed time is 0.069561 seconds.                                              ┃
━━━━━━━━━━━━━━━━━━━━━━━━━━━━━━━━━━━━━━━━━━━━━━━━━━━━━━━━━━━━━━━━━━━━━━━━━━━━━━━┛
 
START VTK-WRITING━━━━━━━━━━━━━━━━━━━━━━━━━━━━━━━━━━━━━━━━━━━━━━━━━━━━━━━━━━━━━━┓
102 nodes written                                                              ┃
80 elements written                                                            ┃
field CONDID_1 SCALARS FLOAT written                                           ┃
field CONDID_2 SCALARS FLOAT written                                           ┃
field CONDID_3 SCALARS FLOAT written                                           ┃
field displacement VECTORS FLOAT written                                       ┃
field MATID_1 SCALARS FLOAT written                                            ┃
field MATID_2 SCALARS FLOAT written                                            ┃
field SUB_ID SCALARS FLOAT written                                             ┃
field SubCenter_Diff VECTORS FLOAT written                                     ┃
Elapsed time is 0.065038 seconds.                                              ┃
━━━━━━━━━━━━━━━━━━━━━━━━━━━━━━━━━━━━━━━━━━━━━━━━━━━━━━━━━━━━━━━━━━━━━━━━━━━━━━━┛
 
INFO━━━━━━━━━━━━━━━━━━━━━━━━━━━━━━━━━━━━━━━━━━━━━━━━━━━━━━━━━━━━━━━━━━━━━━━━━━━┓
dat   -file:                                                                   ┃
mesh  -file: ./vstripes/A_eye/fetis/../../../mesh_vstripes.msh                 ┃
output-file: ./vstripes/A_eye/fetis/output/vtk/tau1000.vtk.1                   ┃
matlab-version: 9.0.0.341360 (R2016a)                                          ┃
calculated on : 24-Aug-2016 by lukas on xubuntu                                ┃
git-hash: unknown                                                              ┃
━━━━━━━━━━━━━━━━━━━━━━━━━━━━━━━━━━━━━━━━━━━━━━━━━━━━━━━━━━━━━━━━━━━━━━━━━━━━━━━┛
 
━━━━━━━━━━━━━━━━━━━━━━━━━━━━━━━━━━━━━━━━━━━━━━━━━━━━━━━━━━━━━━━━━━━━━━━━━━━━━━━┓
      ______________  ______   ______            __  ______    _____   __      ┃
     / ____/ ____/  |/  /   | / ____/           /  |/  /   |  /  _/ | / /      ┃
    / /_  / __/ / /|_/ / /| |/ /      ______   / /|_/ / /| |  / //  |/ /       ┃
   / __/ / /___/ /  / / ___ / /___   /_____/  / /  / / ___ |_/ // /|  /        ┃
  /_/   /_____/_/  /_/_/  |_\____/           /_/  /_/_/  |_/___/_/ |_/         ┃
  ©Lehrstuhl fuer Angewandte Mechanik - Technische Universitaet Muenchnen      ┃
━━━━━━━━━━━━━━━━━━━━━━━━━━━━━━━━━━━━━━━━━━━━━━━━━━━━━━━━━━━━━━━━━━━━━━━━━━━━━━━┛
 
START DIS READING━━━━━━━━━━━━━━━━━━━━━━━━━━━━━━━━━━━━━━━━━━━━━━━━━━━━━━━━━━━━━━┓
Elapsed time is 0.41313 seconds.                                               ┃
━━━━━━━━━━━━━━━━━━━━━━━━━━━━━━━━━━━━━━━━━━━━━━━━━━━━━━━━━━━━━━━━━━━━━━━━━━━━━━━┛
 
START RESOLVING CONDITIONS━━━━━━━━━━━━━━━━━━━━━━━━━━━━━━━━━━━━━━━━━━━━━━━━━━━━━┓
resolving dirichlet condition: ID:1 MSHTAG:1                                   ┃
resolving dirichlet condition: ID:2 MSHTAG:2                                   ┃
resolving neumann   condition: ID:3 MSHTAG:3                                   ┃
Elapsed time is 1.4961 seconds.                                                ┃
━━━━━━━━━━━━━━━━━━━━━━━━━━━━━━━━━━━━━━━━━━━━━━━━━━━━━━━━━━━━━━━━━━━━━━━━━━━━━━━┛
 
RESOLVE FETI MANAGER━━━━━━━━━━━━━━━━━━━━━━━━━━━━━━━━━━━━━━━━━━━━━━━━━━━━━━━━━━━┓
16 subtructures created                                                        ┃
substructures resolved                                                         ┃
substructures evaluated                                                        ┃
connectivity matrices created                                                  ┃
Elapsed time is 11.8181 seconds.                                               ┃
━━━━━━━━━━━━━━━━━━━━━━━━━━━━━━━━━━━━━━━━━━━━━━━━━━━━━━━━━━━━━━━━━━━━━━━━━━━━━━━┛
 
APPLY KINEMATIC CONDITIONS ON SUBSTRUCTURES━━━━━━━━━━━━━━━━━━━━━━━━━━━━━━━━━━━━┓
Dirichlet conditions detected on substructures: 1   2   3   4   5   6   7   8   9  10  11  12  13  14  15  16
Neumann   conditions detected on substructures: 1   2   3   4   5   6   7   8   9  10  11  12  13  14  15  16
Elapsed time is 8.8542 seconds.                                                ┃
━━━━━━━━━━━━━━━━━━━━━━━━━━━━━━━━━━━━━━━━━━━━━━━━━━━━━━━━━━━━━━━━━━━━━━━━━━━━━━━┛
 
FETI Base Setup━━━━━━━━━━━━━━━━━━━━━━━━━━━━━━━━━━━━━━━━━━━━━━━━━━━━━━━━━━━━━━━━┓
Preconditioner: Lumped                                                         ┃
FETISSolver.FETISSolver: rigid body modes of substructures: 0  3  3  3  3  3  3  3  3  3  3  3  3  3  3  3
Elapsed time is 1.6506 seconds.                                                ┃
━━━━━━━━━━━━━━━━━━━━━━━━━━━━━━━━━━━━━━━━━━━━━━━━━━━━━━━━━━━━━━━━━━━━━━━━━━━━━━━┛
 
START FETIS SETUP━━━━━━━━━━━━━━━━━━━━━━━━━━━━━━━━━━━━━━━━━━━━━━━━━━━━━━━━━━━━━━┓
FETISSolver.FETISSolver: rigid body modes of substructures: 0  3  3  3  3  3  3  3  3  3  3  3  3  3  3  3
A-matrix taken as unity matrix                                                 ┃
Elapsed time is 0.018074 seconds.                                              ┃
━━━━━━━━━━━━━━━━━━━━━━━━━━━━━━━━━━━━━━━━━━━━━━━━━━━━━━━━━━━━━━━━━━━━━━━━━━━━━━━┛
 
INITIALIZE SOLVER━━━━━━━━━━━━━━━━━━━━━━━━━━━━━━━━━━━━━━━━━━━━━━━━━━━━━━━━━━━━━━┓
Using assembled FI operator!                                                   ┃
No Auxiliary Coarse Grid
Coarse Grid C_ IS empty!                                                       ┃
Check: Error of substructure equilibrium: 1.197e-16                            ┃
Elapsed time is 0.035225 seconds.                                              ┃
━━━━━━━━━━━━━━━━━━━━━━━━━━━━━━━━━━━━━━━━━━━━━━━━━━━━━━━━━━━━━━━━━━━━━━━━━━━━━━━┛
 
Check: r projected into N coarse-space: 8.0148e-16                             ┃
Check: W projected into N coarse-space: 8.1644e-16                             ┃
START FETIS ITERATIONS━━━━━━━━━━━━━━━━━━━━━━━━━━━━━━━━━━━━━━━━━━━━━━━━━━━━━━━━━┓
Check: Error of substructure equilibrium: 1.1551e-16                           ┃
Check: r projected into N coarse-space: 7.6347e-16                             ┃
Check: W projected into N coarse-space: 1.6775e-16                             ┃
Check: Error of substructure equilibrium: 1.1554e-16                           ┃
Check: r projected into N coarse-space: 7.6186e-16                             ┃
Check: W projected into N coarse-space: 4.2923e-17                             ┃
Check: Error of substructure equilibrium: 1.1529e-16                           ┃
Check: r projected into N coarse-space: 7.6172e-16                             ┃
Check: W projected into N coarse-space: 4.2994e-18                             ┃
Check: Error of substructure equilibrium: 1.1529e-16                           ┃
Check: r projected into N coarse-space: 7.6172e-16                             ┃
Check: W projected into N coarse-space: 4.6906e-19                             ┃
Check: Error of substructure equilibrium: 1.153e-16                            ┃
Check: r projected into N coarse-space: 7.6172e-16                             ┃
Check: W projected into N coarse-space: 1.3702e-19                             ┃
Check: Error of substructure equilibrium: 1.1528e-16                           ┃
Check: r projected into N coarse-space: 7.6172e-16                             ┃
Check: W projected into N coarse-space: 1.3653e-20                             ┃
Check: Error of substructure equilibrium: 1.1528e-16                           ┃
Check: r projected into N coarse-space: 7.6172e-16                             ┃
Check: W projected into N coarse-space: 3.8275e-21                             ┃
Check: Error of substructure equilibrium: 1.153e-16                            ┃
Check: r projected into N coarse-space: 7.6172e-16                             ┃
Check: W projected into N coarse-space: 2.1246e-22                             ┃
Residual = 2.9272e-08                                                          ┃
after 8 FETI-S iterations with 16  16  16  16  16  16  16  16 search directions┃
Elapsed time is 0.5327 seconds.                                                ┃
━━━━━━━━━━━━━━━━━━━━━━━━━━━━━━━━━━━━━━━━━━━━━━━━━━━━━━━━━━━━━━━━━━━━━━━━━━━━━━━┛
 
RECOVER DOMAIN SOLUTION━━━━━━━━━━━━━━━━━━━━━━━━━━━━━━━━━━━━━━━━━━━━━━━━━━━━━━━━┓
Elapsed time is 0.018236 seconds.                                              ┃
━━━━━━━━━━━━━━━━━━━━━━━━━━━━━━━━━━━━━━━━━━━━━━━━━━━━━━━━━━━━━━━━━━━━━━━━━━━━━━━┛
 
RECOVER DOMAIN SOLUTION━━━━━━━━━━━━━━━━━━━━━━━━━━━━━━━━━━━━━━━━━━━━━━━━━━━━━━━━┓
Elapsed time is 0.01879 seconds.                                               ┃
━━━━━━━━━━━━━━━━━━━━━━━━━━━━━━━━━━━━━━━━━━━━━━━━━━━━━━━━━━━━━━━━━━━━━━━━━━━━━━━┛
 
━━━━━━━━━━━━━━━━━━━━━━━━━━━━━━━━━━━━━━━━━━━━━━━━━━━━━━━━━━━━━━━━━━━━━━━━━━━━━━━┓
      ______________  ______   ______            __  ______    _____   __      ┃
     / ____/ ____/  |/  /   | / ____/           /  |/  /   |  /  _/ | / /      ┃
    / /_  / __/ / /|_/ / /| |/ /      ______   / /|_/ / /| |  / //  |/ /       ┃
   / __/ / /___/ /  / / ___ / /___   /_____/  / /  / / ___ |_/ // /|  /        ┃
  /_/   /_____/_/  /_/_/  |_\____/           /_/  /_/_/  |_/___/_/ |_/         ┃
  ©Lehrstuhl fuer Angewandte Mechanik - Technische Universitaet Muenchnen      ┃
━━━━━━━━━━━━━━━━━━━━━━━━━━━━━━━━━━━━━━━━━━━━━━━━━━━━━━━━━━━━━━━━━━━━━━━━━━━━━━━┛
 
START DIS READING━━━━━━━━━━━━━━━━━━━━━━━━━━━━━━━━━━━━━━━━━━━━━━━━━━━━━━━━━━━━━━┓
Elapsed time is 0.3426 seconds.                                                ┃
━━━━━━━━━━━━━━━━━━━━━━━━━━━━━━━━━━━━━━━━━━━━━━━━━━━━━━━━━━━━━━━━━━━━━━━━━━━━━━━┛
 
START RESOLVING CONDITIONS━━━━━━━━━━━━━━━━━━━━━━━━━━━━━━━━━━━━━━━━━━━━━━━━━━━━━┓
resolving dirichlet condition: ID:1 MSHTAG:1                                   ┃
resolving dirichlet condition: ID:2 MSHTAG:2                                   ┃
resolving neumann   condition: ID:3 MSHTAG:3                                   ┃
Elapsed time is 1.585 seconds.                                                 ┃
━━━━━━━━━━━━━━━━━━━━━━━━━━━━━━━━━━━━━━━━━━━━━━━━━━━━━━━━━━━━━━━━━━━━━━━━━━━━━━━┛
 
RESOLVE FETI MANAGER━━━━━━━━━━━━━━━━━━━━━━━━━━━━━━━━━━━━━━━━━━━━━━━━━━━━━━━━━━━┓
16 subtructures created                                                        ┃
substructures resolved                                                         ┃
substructures evaluated                                                        ┃
connectivity matrices created                                                  ┃
Elapsed time is 10.3503 seconds.                                               ┃
━━━━━━━━━━━━━━━━━━━━━━━━━━━━━━━━━━━━━━━━━━━━━━━━━━━━━━━━━━━━━━━━━━━━━━━━━━━━━━━┛
 
APPLY KINEMATIC CONDITIONS ON SUBSTRUCTURES━━━━━━━━━━━━━━━━━━━━━━━━━━━━━━━━━━━━┓
Dirichlet conditions detected on substructures: 1   2   3   4   5   6   7   8   9  10  11  12  13  14  15  16
Neumann   conditions detected on substructures: 1   2   3   4   5   6   7   8   9  10  11  12  13  14  15  16
Elapsed time is 5.1973 seconds.                                                ┃
━━━━━━━━━━━━━━━━━━━━━━━━━━━━━━━━━━━━━━━━━━━━━━━━━━━━━━━━━━━━━━━━━━━━━━━━━━━━━━━┛
 
FETI Base Setup━━━━━━━━━━━━━━━━━━━━━━━━━━━━━━━━━━━━━━━━━━━━━━━━━━━━━━━━━━━━━━━━┓
Preconditioner: Lumped                                                         ┃
FETISSolver.FETISSolver: rigid body modes of substructures: 0  3  3  3  3  3  3  3  3  3  3  3  3  3  3  3
Elapsed time is 1.1206 seconds.                                                ┃
━━━━━━━━━━━━━━━━━━━━━━━━━━━━━━━━━━━━━━━━━━━━━━━━━━━━━━━━━━━━━━━━━━━━━━━━━━━━━━━┛
 
START FETI-AS SETUP━━━━━━━━━━━━━━━━━━━━━━━━━━━━━━━━━━━━━━━━━━━━━━━━━━━━━━━━━━━━┓
FETISSolver.FETISSolver: rigid body modes of substructures: 0  3  3  3  3  3  3  3  3  3  3  3  3  3  3  3
A-matrix taken as unity matrix                                                 ┃
Elapsed time is 0.19516 seconds.                                               ┃
━━━━━━━━━━━━━━━━━━━━━━━━━━━━━━━━━━━━━━━━━━━━━━━━━━━━━━━━━━━━━━━━━━━━━━━━━━━━━━━┛
 
INITIALIZE SOLVER━━━━━━━━━━━━━━━━━━━━━━━━━━━━━━━━━━━━━━━━━━━━━━━━━━━━━━━━━━━━━━┓
Using assembled FI operator!                                                   ┃
No Auxiliary Coarse Grid
Coarse Grid C_ IS empty!                                                       ┃
Check: Error of substructure equilibrium: 1.197e-16                            ┃
Elapsed time is 0.026059 seconds.                                              ┃
━━━━━━━━━━━━━━━━━━━━━━━━━━━━━━━━━━━━━━━━━━━━━━━━━━━━━━━━━━━━━━━━━━━━━━━━━━━━━━━┛
 
Check: r projected into N coarse-space: 8.0148e-16                             ┃
Check: W projected into N coarse-space: 3.7547e-15                             ┃
START FETI-AS ITERATIONS━━━━━━━━━━━━━━━━━━━━━━━━━━━━━━━━━━━━━━━━━━━━━━━━━━━━━━━┓
Check: Error of substructure equilibrium: 1.2003e-16                           ┃
Check: r projected into N coarse-space: 7.6485e-16                             ┃
Check: W projected into N coarse-space: 2.065e-15                              ┃
current residuum: 0.025174                                                     ┃
Check: Error of substructure equilibrium: 1.2822e-16                           ┃
Check: r projected into N coarse-space: 7.6183e-16                             ┃
Check: W projected into N coarse-space: 5.0577e-15                             ┃
current residuum: 0.0085163                                                    ┃
Check: Error of substructure equilibrium: 2.5098e-15                           ┃
Check: r projected into N coarse-space: 7.6161e-16                             ┃
Check: W projected into N coarse-space: 2.7853e-13                             ┃
current residuum: 0.0018834                                                    ┃
Check: Error of substructure equilibrium: 2.5307e-15                           ┃
Check: r projected into N coarse-space: 7.6161e-16                             ┃
Check: W projected into N coarse-space: 8.3822e-14                             ┃
current residuum: 0.00025365                                                   ┃
Check: Error of substructure equilibrium: 2.5264e-15                           ┃
Check: r projected into N coarse-space: 7.6161e-16                             ┃
Check: W projected into N coarse-space: 4.2746e-14                             ┃
current residuum: 0.0001055                                                    ┃
Check: Error of substructure equilibrium: 2.5326e-15                           ┃
Check: r projected into N coarse-space: 7.6161e-16                             ┃
Check: W projected into N coarse-space: 1.4622e-14                             ┃
current residuum: 4.1092e-05                                                   ┃
Check: Error of substructure equilibrium: 2.5079e-15                           ┃
Check: r projected into N coarse-space: 7.6161e-16                             ┃
Check: W projected into N coarse-space: 1.2195e-14                             ┃
current residuum: 1.1748e-05                                                   ┃
Check: Error of substructure equilibrium: 2.5057e-15                           ┃
Check: r projected into N coarse-space: 7.6161e-16                             ┃
Check: W projected into N coarse-space: 2.5506e-15                             ┃
current residuum: 1.8649e-06                                                   ┃
Check: Error of substructure equilibrium: 2.5051e-15                           ┃
Check: r projected into N coarse-space: 7.6161e-16                             ┃
Check: W projected into N coarse-space: 2.361e-15                              ┃
current residuum: 7.0839e-07                                                   ┃
Check: Error of substructure equilibrium: 2.5053e-15                           ┃
Check: r projected into N coarse-space: 7.6161e-16                             ┃
Check: W projected into N coarse-space: 1.5283e-16                             ┃
current residuum: 1.4008e-07                                                   ┃
Residual = 1.4008e-07                                                          ┃
after 10 FETI-AS iterations with 9  9  9  8  9  9  9  9  9  9 search directions┃
Elapsed time is 0.95265 seconds.                                               ┃
━━━━━━━━━━━━━━━━━━━━━━━━━━━━━━━━━━━━━━━━━━━━━━━━━━━━━━━━━━━━━━━━━━━━━━━━━━━━━━━┛
 
RECOVER DOMAIN SOLUTION━━━━━━━━━━━━━━━━━━━━━━━━━━━━━━━━━━━━━━━━━━━━━━━━━━━━━━━━┓
Elapsed time is 0.019978 seconds.                                              ┃
━━━━━━━━━━━━━━━━━━━━━━━━━━━━━━━━━━━━━━━━━━━━━━━━━━━━━━━━━━━━━━━━━━━━━━━━━━━━━━━┛
 
RECOVER DOMAIN SOLUTION━━━━━━━━━━━━━━━━━━━━━━━━━━━━━━━━━━━━━━━━━━━━━━━━━━━━━━━━┓
Elapsed time is 0.02037 seconds.                                               ┃
━━━━━━━━━━━━━━━━━━━━━━━━━━━━━━━━━━━━━━━━━━━━━━━━━━━━━━━━━━━━━━━━━━━━━━━━━━━━━━━┛
 
━━━━━━━━━━━━━━━━━━━━━━━━━━━━━━━━━━━━━━━━━━━━━━━━━━━━━━━━━━━━━━━━━━━━━━━━━━━━━━━┓
      ______________  ______   ______            __  ______    _____   __      ┃
     / ____/ ____/  |/  /   | / ____/           /  |/  /   |  /  _/ | / /      ┃
    / /_  / __/ / /|_/ / /| |/ /      ______   / /|_/ / /| |  / //  |/ /       ┃
   / __/ / /___/ /  / / ___ / /___   /_____/  / /  / / ___ |_/ // /|  /        ┃
  /_/   /_____/_/  /_/_/  |_\____/           /_/  /_/_/  |_/___/_/ |_/         ┃
  ©Lehrstuhl fuer Angewandte Mechanik - Technische Universitaet Muenchnen      ┃
━━━━━━━━━━━━━━━━━━━━━━━━━━━━━━━━━━━━━━━━━━━━━━━━━━━━━━━━━━━━━━━━━━━━━━━━━━━━━━━┛
 
START DIS READING━━━━━━━━━━━━━━━━━━━━━━━━━━━━━━━━━━━━━━━━━━━━━━━━━━━━━━━━━━━━━━┓
Elapsed time is 0.4344 seconds.                                                ┃
━━━━━━━━━━━━━━━━━━━━━━━━━━━━━━━━━━━━━━━━━━━━━━━━━━━━━━━━━━━━━━━━━━━━━━━━━━━━━━━┛
 
START RESOLVING CONDITIONS━━━━━━━━━━━━━━━━━━━━━━━━━━━━━━━━━━━━━━━━━━━━━━━━━━━━━┓
resolving dirichlet condition: ID:1 MSHTAG:1                                   ┃
resolving dirichlet condition: ID:2 MSHTAG:2                                   ┃
resolving neumann   condition: ID:3 MSHTAG:3                                   ┃
Elapsed time is 1.1796 seconds.                                                ┃
━━━━━━━━━━━━━━━━━━━━━━━━━━━━━━━━━━━━━━━━━━━━━━━━━━━━━━━━━━━━━━━━━━━━━━━━━━━━━━━┛
 
RESOLVE FETI MANAGER━━━━━━━━━━━━━━━━━━━━━━━━━━━━━━━━━━━━━━━━━━━━━━━━━━━━━━━━━━━┓
16 subtructures created                                                        ┃
substructures resolved                                                         ┃
substructures evaluated                                                        ┃
connectivity matrices created                                                  ┃
Elapsed time is 14.1742 seconds.                                               ┃
━━━━━━━━━━━━━━━━━━━━━━━━━━━━━━━━━━━━━━━━━━━━━━━━━━━━━━━━━━━━━━━━━━━━━━━━━━━━━━━┛
 
APPLY KINEMATIC CONDITIONS ON SUBSTRUCTURES━━━━━━━━━━━━━━━━━━━━━━━━━━━━━━━━━━━━┓
Dirichlet conditions detected on substructures: 1   2   3   4   5   6   7   8   9  10  11  12  13  14  15  16
Neumann   conditions detected on substructures: 1   2   3   4   5   6   7   8   9  10  11  12  13  14  15  16
Elapsed time is 7.1295 seconds.                                                ┃
━━━━━━━━━━━━━━━━━━━━━━━━━━━━━━━━━━━━━━━━━━━━━━━━━━━━━━━━━━━━━━━━━━━━━━━━━━━━━━━┛
 
FETI Base Setup━━━━━━━━━━━━━━━━━━━━━━━━━━━━━━━━━━━━━━━━━━━━━━━━━━━━━━━━━━━━━━━━┓
Preconditioner: Lumped                                                         ┃
FETISSolver.FETISSolver: rigid body modes of substructures: 0  3  3  3  3  3  3  3  3  3  3  3  3  3  3  3
Elapsed time is 1.2615 seconds.                                                ┃
━━━━━━━━━━━━━━━━━━━━━━━━━━━━━━━━━━━━━━━━━━━━━━━━━━━━━━━━━━━━━━━━━━━━━━━━━━━━━━━┛
 
START FETI-AS SETUP━━━━━━━━━━━━━━━━━━━━━━━━━━━━━━━━━━━━━━━━━━━━━━━━━━━━━━━━━━━━┓
FETISSolver.FETISSolver: rigid body modes of substructures: 0  3  3  3  3  3  3  3  3  3  3  3  3  3  3  3
A-matrix taken as unity matrix                                                 ┃
Elapsed time is 0.23103 seconds.                                               ┃
━━━━━━━━━━━━━━━━━━━━━━━━━━━━━━━━━━━━━━━━━━━━━━━━━━━━━━━━━━━━━━━━━━━━━━━━━━━━━━━┛
 
INITIALIZE SOLVER━━━━━━━━━━━━━━━━━━━━━━━━━━━━━━━━━━━━━━━━━━━━━━━━━━━━━━━━━━━━━━┓
Using assembled FI operator!                                                   ┃
No Auxiliary Coarse Grid
Coarse Grid C_ IS empty!                                                       ┃
Check: Error of substructure equilibrium: 1.197e-16                            ┃
Elapsed time is 0.0362 seconds.                                                ┃
━━━━━━━━━━━━━━━━━━━━━━━━━━━━━━━━━━━━━━━━━━━━━━━━━━━━━━━━━━━━━━━━━━━━━━━━━━━━━━━┛
 
Check: r projected into N coarse-space: 8.0148e-16                             ┃
Check: W projected into N coarse-space: 3.7547e-15                             ┃
START FETI-AS ITERATIONS━━━━━━━━━━━━━━━━━━━━━━━━━━━━━━━━━━━━━━━━━━━━━━━━━━━━━━━┓
Check: Error of substructure equilibrium: 1.2003e-16                           ┃
Check: r projected into N coarse-space: 7.6485e-16                             ┃
Check: W projected into N coarse-space: 2.065e-15                              ┃
current residuum: 0.025174                                                     ┃
Check: Error of substructure equilibrium: 1.2822e-16                           ┃
Check: r projected into N coarse-space: 7.6183e-16                             ┃
Check: W projected into N coarse-space: 5.0577e-15                             ┃
current residuum: 0.0085163                                                    ┃
Check: Error of substructure equilibrium: 2.5098e-15                           ┃
Check: r projected into N coarse-space: 7.6161e-16                             ┃
Check: W projected into N coarse-space: 2.7853e-13                             ┃
current residuum: 0.0018834                                                    ┃
Check: Error of substructure equilibrium: 2.5307e-15                           ┃
Check: r projected into N coarse-space: 7.6161e-16                             ┃
Check: W projected into N coarse-space: 8.3822e-14                             ┃
current residuum: 0.00025365                                                   ┃
Check: Error of substructure equilibrium: 2.5264e-15                           ┃
Check: r projected into N coarse-space: 7.6161e-16                             ┃
Check: W projected into N coarse-space: 4.2746e-14                             ┃
current residuum: 0.0001055                                                    ┃
Check: Error of substructure equilibrium: 2.5326e-15                           ┃
Check: r projected into N coarse-space: 7.6161e-16                             ┃
Check: W projected into N coarse-space: 1.4622e-14                             ┃
current residuum: 4.1092e-05                                                   ┃
Check: Error of substructure equilibrium: 2.5079e-15                           ┃
Check: r projected into N coarse-space: 7.6161e-16                             ┃
Check: W projected into N coarse-space: 1.2195e-14                             ┃
current residuum: 1.1748e-05                                                   ┃
Check: Error of substructure equilibrium: 2.5057e-15                           ┃
Check: r projected into N coarse-space: 7.6161e-16                             ┃
Check: W projected into N coarse-space: 2.5506e-15                             ┃
current residuum: 1.8649e-06                                                   ┃
Check: Error of substructure equilibrium: 2.5051e-15                           ┃
Check: r projected into N coarse-space: 7.6161e-16                             ┃
Check: W projected into N coarse-space: 2.361e-15                              ┃
current residuum: 7.0839e-07                                                   ┃
Check: Error of substructure equilibrium: 2.5053e-15                           ┃
Check: r projected into N coarse-space: 7.6161e-16                             ┃
Check: W projected into N coarse-space: 1.5283e-16                             ┃
current residuum: 1.4008e-07                                                   ┃
Residual = 1.4008e-07                                                          ┃
after 10 FETI-AS iterations with 9  9  9  8  9  9  9  9  9  9 search directions┃
Elapsed time is 1.1421 seconds.                                                ┃
━━━━━━━━━━━━━━━━━━━━━━━━━━━━━━━━━━━━━━━━━━━━━━━━━━━━━━━━━━━━━━━━━━━━━━━━━━━━━━━┛
 
RECOVER DOMAIN SOLUTION━━━━━━━━━━━━━━━━━━━━━━━━━━━━━━━━━━━━━━━━━━━━━━━━━━━━━━━━┓
Elapsed time is 0.031803 seconds.                                              ┃
━━━━━━━━━━━━━━━━━━━━━━━━━━━━━━━━━━━━━━━━━━━━━━━━━━━━━━━━━━━━━━━━━━━━━━━━━━━━━━━┛
 
RECOVER DOMAIN SOLUTION━━━━━━━━━━━━━━━━━━━━━━━━━━━━━━━━━━━━━━━━━━━━━━━━━━━━━━━━┓
Elapsed time is 0.032471 seconds.                                              ┃
━━━━━━━━━━━━━━━━━━━━━━━━━━━━━━━━━━━━━━━━━━━━━━━━━━━━━━━━━━━━━━━━━━━━━━━━━━━━━━━┛
 
━━━━━━━━━━━━━━━━━━━━━━━━━━━━━━━━━━━━━━━━━━━━━━━━━━━━━━━━━━━━━━━━━━━━━━━━━━━━━━━┓
      ______________  ______   ______            __  ______    _____   __      ┃
     / ____/ ____/  |/  /   | / ____/           /  |/  /   |  /  _/ | / /      ┃
    / /_  / __/ / /|_/ / /| |/ /      ______   / /|_/ / /| |  / //  |/ /       ┃
   / __/ / /___/ /  / / ___ / /___   /_____/  / /  / / ___ |_/ // /|  /        ┃
  /_/   /_____/_/  /_/_/  |_\____/           /_/  /_/_/  |_/___/_/ |_/         ┃
  ©Lehrstuhl fuer Angewandte Mechanik - Technische Universitaet Muenchnen      ┃
━━━━━━━━━━━━━━━━━━━━━━━━━━━━━━━━━━━━━━━━━━━━━━━━━━━━━━━━━━━━━━━━━━━━━━━━━━━━━━━┛
 
START DIS READING━━━━━━━━━━━━━━━━━━━━━━━━━━━━━━━━━━━━━━━━━━━━━━━━━━━━━━━━━━━━━━┓
Elapsed time is 0.28249 seconds.                                               ┃
━━━━━━━━━━━━━━━━━━━━━━━━━━━━━━━━━━━━━━━━━━━━━━━━━━━━━━━━━━━━━━━━━━━━━━━━━━━━━━━┛
 
START RESOLVING CONDITIONS━━━━━━━━━━━━━━━━━━━━━━━━━━━━━━━━━━━━━━━━━━━━━━━━━━━━━┓
resolving dirichlet condition: ID:1 MSHTAG:1                                   ┃
resolving dirichlet condition: ID:2 MSHTAG:2                                   ┃
resolving neumann   condition: ID:3 MSHTAG:3                                   ┃
Elapsed time is 0.755 seconds.                                                 ┃
━━━━━━━━━━━━━━━━━━━━━━━━━━━━━━━━━━━━━━━━━━━━━━━━━━━━━━━━━━━━━━━━━━━━━━━━━━━━━━━┛
 
RESOLVE FETI MANAGER━━━━━━━━━━━━━━━━━━━━━━━━━━━━━━━━━━━━━━━━━━━━━━━━━━━━━━━━━━━┓
16 subtructures created                                                        ┃
substructures resolved                                                         ┃
substructures evaluated                                                        ┃
connectivity matrices created                                                  ┃
Elapsed time is 7.2103 seconds.                                                ┃
━━━━━━━━━━━━━━━━━━━━━━━━━━━━━━━━━━━━━━━━━━━━━━━━━━━━━━━━━━━━━━━━━━━━━━━━━━━━━━━┛
 
APPLY KINEMATIC CONDITIONS ON SUBSTRUCTURES━━━━━━━━━━━━━━━━━━━━━━━━━━━━━━━━━━━━┓
Dirichlet conditions detected on substructures: 1   2   3   4   5   6   7   8   9  10  11  12  13  14  15  16
Neumann   conditions detected on substructures: 1   2   3   4   5   6   7   8   9  10  11  12  13  14  15  16
Elapsed time is 3.8419 seconds.                                                ┃
━━━━━━━━━━━━━━━━━━━━━━━━━━━━━━━━━━━━━━━━━━━━━━━━━━━━━━━━━━━━━━━━━━━━━━━━━━━━━━━┛
 
FETI Base Setup━━━━━━━━━━━━━━━━━━━━━━━━━━━━━━━━━━━━━━━━━━━━━━━━━━━━━━━━━━━━━━━━┓
Scaling: none                                                                  ┃
Preconditioner: Lumped                                                         ┃
FETISSolver.FETISSolver: rigid body modes of substructures: 0  3  3  3  3  3  3  3  3  3  3  3  3  3  3  3
Elapsed time is 0.8695 seconds.                                                ┃
━━━━━━━━━━━━━━━━━━━━━━━━━━━━━━━━━━━━━━━━━━━━━━━━━━━━━━━━━━━━━━━━━━━━━━━━━━━━━━━┛
 
START FETI-AS SETUP━━━━━━━━━━━━━━━━━━━━━━━━━━━━━━━━━━━━━━━━━━━━━━━━━━━━━━━━━━━━┓
FETISSolver.FETISSolver: rigid body modes of substructures: 0  3  3  3  3  3  3  3  3  3  3  3  3  3  3  3
A-matrix taken as preconditioner                                               ┃
Elapsed time is 0.11473 seconds.                                               ┃
━━━━━━━━━━━━━━━━━━━━━━━━━━━━━━━━━━━━━━━━━━━━━━━━━━━━━━━━━━━━━━━━━━━━━━━━━━━━━━━┛
 
INITIALIZE SOLVER━━━━━━━━━━━━━━━━━━━━━━━━━━━━━━━━━━━━━━━━━━━━━━━━━━━━━━━━━━━━━━┓
Using assembled FI operator!                                                   ┃
No Auxiliary Coarse Grid
Coarse Grid C_ IS empty!                                                       ┃
Check: Error of substructure equilibrium: 9.9495e-17                           ┃
Elapsed time is 0.049364 seconds.                                              ┃
━━━━━━━━━━━━━━━━━━━━━━━━━━━━━━━━━━━━━━━━━━━━━━━━━━━━━━━━━━━━━━━━━━━━━━━━━━━━━━━┛
 
Check: r projected into N coarse-space: 0.00040282                             ┃
Check: W projected into N coarse-space: 2.3075e-15                             ┃
START FETI-AS ITERATIONS━━━━━━━━━━━━━━━━━━━━━━━━━━━━━━━━━━━━━━━━━━━━━━━━━━━━━━━┓
Check: Error of substructure equilibrium: 9.9353e-17                           ┃
Check: r projected into N coarse-space: 0.00078462                             ┃
Check: W projected into N coarse-space: 7.2185e-16                             ┃
current residuum: 0.067786                                                     ┃
Check: Error of substructure equilibrium: 1.5371e-16                           ┃
Check: r projected into N coarse-space: 2.4474e-05                             ┃
Check: W projected into N coarse-space: 1.1691e-14                             ┃
current residuum: 0.01799                                                      ┃
Check: Error of substructure equilibrium: 1.5577e-15                           ┃
Check: r projected into N coarse-space: 1.1573e-05                             ┃
Check: W projected into N coarse-space: 3.4306e-13                             ┃
current residuum: 0.0055291                                                    ┃
Check: Error of substructure equilibrium: 3.1151e-15                           ┃
Check: r projected into N coarse-space: 2.6923e-06                             ┃
Check: W projected into N coarse-space: 6.7496e-14                             ┃
current residuum: 0.00086965                                                   ┃
Check: Error of substructure equilibrium: 3.0916e-15                           ┃
Check: r projected into N coarse-space: 2.1871e-07                             ┃
Check: W projected into N coarse-space: 8.6232e-14                             ┃
current residuum: 0.00017755                                                   ┃
Check: Error of substructure equilibrium: 3.0978e-15                           ┃
Check: r projected into N coarse-space: 6.0436e-08                             ┃
Check: W projected into N coarse-space: 1.0445e-13                             ┃
current residuum: 0.00012345                                                   ┃
Check: Error of substructure equilibrium: 3.0744e-15                           ┃
Check: r projected into N coarse-space: 3.226e-08                              ┃
Check: W projected into N coarse-space: 3.6656e-14                             ┃
current residuum: 2.151e-05                                                    ┃
Check: Error of substructure equilibrium: 3.067e-15                            ┃
Check: r projected into N coarse-space: 7.8478e-09                             ┃
Check: W projected into N coarse-space: 3.6686e-15                             ┃
current residuum: 3.3531e-06                                                   ┃
Check: Error of substructure equilibrium: 3.0655e-15                           ┃
Check: r projected into N coarse-space: 1.6188e-09                             ┃
Check: W projected into N coarse-space: 1.9677e-15                             ┃
current residuum: 9.2977e-07                                                   ┃
Check: Error of substructure equilibrium: 3.0657e-15                           ┃
Check: r projected into N coarse-space: 3.6361e-10                             ┃
Check: W projected into N coarse-space: 4.3398e-16                             ┃
current residuum: 2.9919e-07                                                   ┃
Check: Error of substructure equilibrium: 3.0656e-15                           ┃
Check: r projected into N coarse-space: 7.78e-11                               ┃
Check: W projected into N coarse-space: 1.3341e-16                             ┃
current residuum: 6.6217e-08                                                   ┃
Residual = 6.6217e-08                                                          ┃
after 11 FETI-AS iterations with 9  9  9  9  9  9  9  9  9  9  9 search directions
Elapsed time is 0.98757 seconds.                                               ┃
━━━━━━━━━━━━━━━━━━━━━━━━━━━━━━━━━━━━━━━━━━━━━━━━━━━━━━━━━━━━━━━━━━━━━━━━━━━━━━━┛
 
RECOVER DOMAIN SOLUTION━━━━━━━━━━━━━━━━━━━━━━━━━━━━━━━━━━━━━━━━━━━━━━━━━━━━━━━━┓
Elapsed time is 0.023097 seconds.                                              ┃
━━━━━━━━━━━━━━━━━━━━━━━━━━━━━━━━━━━━━━━━━━━━━━━━━━━━━━━━━━━━━━━━━━━━━━━━━━━━━━━┛
 
RECOVER DOMAIN SOLUTION━━━━━━━━━━━━━━━━━━━━━━━━━━━━━━━━━━━━━━━━━━━━━━━━━━━━━━━━┓
Elapsed time is 0.024531 seconds.                                              ┃
━━━━━━━━━━━━━━━━━━━━━━━━━━━━━━━━━━━━━━━━━━━━━━━━━━━━━━━━━━━━━━━━━━━━━━━━━━━━━━━┛
 
━━━━━━━━━━━━━━━━━━━━━━━━━━━━━━━━━━━━━━━━━━━━━━━━━━━━━━━━━━━━━━━━━━━━━━━━━━━━━━━┓
      ______________  ______   ______            __  ______    _____   __      ┃
     / ____/ ____/  |/  /   | / ____/           /  |/  /   |  /  _/ | / /      ┃
    / /_  / __/ / /|_/ / /| |/ /      ______   / /|_/ / /| |  / //  |/ /       ┃
   / __/ / /___/ /  / / ___ / /___   /_____/  / /  / / ___ |_/ // /|  /        ┃
  /_/   /_____/_/  /_/_/  |_\____/           /_/  /_/_/  |_/___/_/ |_/         ┃
  ©Lehrstuhl fuer Angewandte Mechanik - Technische Universitaet Muenchnen      ┃
━━━━━━━━━━━━━━━━━━━━━━━━━━━━━━━━━━━━━━━━━━━━━━━━━━━━━━━━━━━━━━━━━━━━━━━━━━━━━━━┛
 
START DIS READING━━━━━━━━━━━━━━━━━━━━━━━━━━━━━━━━━━━━━━━━━━━━━━━━━━━━━━━━━━━━━━┓
Elapsed time is 0.49442 seconds.                                               ┃
━━━━━━━━━━━━━━━━━━━━━━━━━━━━━━━━━━━━━━━━━━━━━━━━━━━━━━━━━━━━━━━━━━━━━━━━━━━━━━━┛
 
START RESOLVING CONDITIONS━━━━━━━━━━━━━━━━━━━━━━━━━━━━━━━━━━━━━━━━━━━━━━━━━━━━━┓
resolving dirichlet condition: ID:1 MSHTAG:1                                   ┃
resolving dirichlet condition: ID:2 MSHTAG:2                                   ┃
resolving neumann   condition: ID:3 MSHTAG:3                                   ┃
Elapsed time is 1.1275 seconds.                                                ┃
━━━━━━━━━━━━━━━━━━━━━━━━━━━━━━━━━━━━━━━━━━━━━━━━━━━━━━━━━━━━━━━━━━━━━━━━━━━━━━━┛
 
RESOLVE FETI MANAGER━━━━━━━━━━━━━━━━━━━━━━━━━━━━━━━━━━━━━━━━━━━━━━━━━━━━━━━━━━━┓
16 subtructures created                                                        ┃
substructures resolved                                                         ┃
substructures evaluated                                                        ┃
connectivity matrices created                                                  ┃
Elapsed time is 11.9415 seconds.                                               ┃
━━━━━━━━━━━━━━━━━━━━━━━━━━━━━━━━━━━━━━━━━━━━━━━━━━━━━━━━━━━━━━━━━━━━━━━━━━━━━━━┛
 
APPLY KINEMATIC CONDITIONS ON SUBSTRUCTURES━━━━━━━━━━━━━━━━━━━━━━━━━━━━━━━━━━━━┓
Dirichlet conditions detected on substructures: 1   2   3   4   5   6   7   8   9  10  11  12  13  14  15  16
Neumann   conditions detected on substructures: 1   2   3   4   5   6   7   8   9  10  11  12  13  14  15  16
Elapsed time is 6.5851 seconds.                                                ┃
━━━━━━━━━━━━━━━━━━━━━━━━━━━━━━━━━━━━━━━━━━━━━━━━━━━━━━━━━━━━━━━━━━━━━━━━━━━━━━━┛
 
FETI Base Setup━━━━━━━━━━━━━━━━━━━━━━━━━━━━━━━━━━━━━━━━━━━━━━━━━━━━━━━━━━━━━━━━┓
Scaling: none                                                                  ┃
Preconditioner: Lumped                                                         ┃
FETISSolver.FETISSolver: rigid body modes of substructures: 0  3  3  3  3  3  3  3  3  3  3  3  3  3  3  3
Elapsed time is 1.2605 seconds.                                                ┃
━━━━━━━━━━━━━━━━━━━━━━━━━━━━━━━━━━━━━━━━━━━━━━━━━━━━━━━━━━━━━━━━━━━━━━━━━━━━━━━┛
 
START FETI-AS SETUP━━━━━━━━━━━━━━━━━━━━━━━━━━━━━━━━━━━━━━━━━━━━━━━━━━━━━━━━━━━━┓
FETISSolver.FETISSolver: rigid body modes of substructures: 0  3  3  3  3  3  3  3  3  3  3  3  3  3  3  3
A-matrix taken as preconditioner                                               ┃
Elapsed time is 0.15695 seconds.                                               ┃
━━━━━━━━━━━━━━━━━━━━━━━━━━━━━━━━━━━━━━━━━━━━━━━━━━━━━━━━━━━━━━━━━━━━━━━━━━━━━━━┛
 
INITIALIZE SOLVER━━━━━━━━━━━━━━━━━━━━━━━━━━━━━━━━━━━━━━━━━━━━━━━━━━━━━━━━━━━━━━┓
Using assembled FI operator!                                                   ┃
No Auxiliary Coarse Grid
Coarse Grid C_ IS empty!                                                       ┃
Check: Error of substructure equilibrium: 9.9495e-17                           ┃
Elapsed time is 0.066364 seconds.                                              ┃
━━━━━━━━━━━━━━━━━━━━━━━━━━━━━━━━━━━━━━━━━━━━━━━━━━━━━━━━━━━━━━━━━━━━━━━━━━━━━━━┛
 
Check: r projected into N coarse-space: 0.00040282                             ┃
Check: W projected into N coarse-space: 2.3075e-15                             ┃
START FETI-AS ITERATIONS━━━━━━━━━━━━━━━━━━━━━━━━━━━━━━━━━━━━━━━━━━━━━━━━━━━━━━━┓
Check: Error of substructure equilibrium: 9.9353e-17                           ┃
Check: r projected into N coarse-space: 0.00078462                             ┃
Check: W projected into N coarse-space: 7.2185e-16                             ┃
current residuum: 0.067786                                                     ┃
Check: Error of substructure equilibrium: 1.5371e-16                           ┃
Check: r projected into N coarse-space: 2.4474e-05                             ┃
Check: W projected into N coarse-space: 1.1691e-14                             ┃
current residuum: 0.01799                                                      ┃
Check: Error of substructure equilibrium: 1.5577e-15                           ┃
Check: r projected into N coarse-space: 1.1573e-05                             ┃
Check: W projected into N coarse-space: 3.4306e-13                             ┃
current residuum: 0.0055291                                                    ┃
Check: Error of substructure equilibrium: 3.1151e-15                           ┃
Check: r projected into N coarse-space: 2.6923e-06                             ┃
Check: W projected into N coarse-space: 6.7496e-14                             ┃
current residuum: 0.00086965                                                   ┃
Check: Error of substructure equilibrium: 3.0916e-15                           ┃
Check: r projected into N coarse-space: 2.1871e-07                             ┃
Check: W projected into N coarse-space: 8.6232e-14                             ┃
current residuum: 0.00017755                                                   ┃
Check: Error of substructure equilibrium: 3.0978e-15                           ┃
Check: r projected into N coarse-space: 6.0436e-08                             ┃
Check: W projected into N coarse-space: 1.0445e-13                             ┃
current residuum: 0.00012345                                                   ┃
Check: Error of substructure equilibrium: 3.0744e-15                           ┃
Check: r projected into N coarse-space: 3.226e-08                              ┃
Check: W projected into N coarse-space: 3.6656e-14                             ┃
current residuum: 2.151e-05                                                    ┃
Check: Error of substructure equilibrium: 3.067e-15                            ┃
Check: r projected into N coarse-space: 7.8478e-09                             ┃
Check: W projected into N coarse-space: 3.6686e-15                             ┃
current residuum: 3.3531e-06                                                   ┃
Check: Error of substructure equilibrium: 3.0655e-15                           ┃
Check: r projected into N coarse-space: 1.6188e-09                             ┃
Check: W projected into N coarse-space: 1.9677e-15                             ┃
current residuum: 9.2977e-07                                                   ┃
Check: Error of substructure equilibrium: 3.0657e-15                           ┃
Check: r projected into N coarse-space: 3.6361e-10                             ┃
Check: W projected into N coarse-space: 4.3398e-16                             ┃
current residuum: 2.9919e-07                                                   ┃
Check: Error of substructure equilibrium: 3.0656e-15                           ┃
Check: r projected into N coarse-space: 7.78e-11                               ┃
Check: W projected into N coarse-space: 1.3341e-16                             ┃
current residuum: 6.6217e-08                                                   ┃
Residual = 6.6217e-08                                                          ┃
after 11 FETI-AS iterations with 9  9  9  9  9  9  9  9  9  9  9 search directions
Elapsed time is 1.1618 seconds.                                                ┃
━━━━━━━━━━━━━━━━━━━━━━━━━━━━━━━━━━━━━━━━━━━━━━━━━━━━━━━━━━━━━━━━━━━━━━━━━━━━━━━┛
 
RECOVER DOMAIN SOLUTION━━━━━━━━━━━━━━━━━━━━━━━━━━━━━━━━━━━━━━━━━━━━━━━━━━━━━━━━┓
Elapsed time is 0.029204 seconds.                                              ┃
━━━━━━━━━━━━━━━━━━━━━━━━━━━━━━━━━━━━━━━━━━━━━━━━━━━━━━━━━━━━━━━━━━━━━━━━━━━━━━━┛
 
RECOVER DOMAIN SOLUTION━━━━━━━━━━━━━━━━━━━━━━━━━━━━━━━━━━━━━━━━━━━━━━━━━━━━━━━━┓
Elapsed time is 0.030929 seconds.                                              ┃
━━━━━━━━━━━━━━━━━━━━━━━━━━━━━━━━━━━━━━━━━━━━━━━━━━━━━━━━━━━━━━━━━━━━━━━━━━━━━━━┛
 
━━━━━━━━━━━━━━━━━━━━━━━━━━━━━━━━━━━━━━━━━━━━━━━━━━━━━━━━━━━━━━━━━━━━━━━━━━━━━━━┓
      ______________  ______   ______            __  ______    _____   __      ┃
     / ____/ ____/  |/  /   | / ____/           /  |/  /   |  /  _/ | / /      ┃
    / /_  / __/ / /|_/ / /| |/ /      ______   / /|_/ / /| |  / //  |/ /       ┃
   / __/ / /___/ /  / / ___ / /___   /_____/  / /  / / ___ |_/ // /|  /        ┃
  /_/   /_____/_/  /_/_/  |_\____/           /_/  /_/_/  |_/___/_/ |_/         ┃
  ©Lehrstuhl fuer Angewandte Mechanik - Technische Universitaet Muenchnen      ┃
━━━━━━━━━━━━━━━━━━━━━━━━━━━━━━━━━━━━━━━━━━━━━━━━━━━━━━━━━━━━━━━━━━━━━━━━━━━━━━━┛
 
START DIS READING━━━━━━━━━━━━━━━━━━━━━━━━━━━━━━━━━━━━━━━━━━━━━━━━━━━━━━━━━━━━━━┓
Elapsed time is 0.29092 seconds.                                               ┃
━━━━━━━━━━━━━━━━━━━━━━━━━━━━━━━━━━━━━━━━━━━━━━━━━━━━━━━━━━━━━━━━━━━━━━━━━━━━━━━┛
 
START RESOLVING CONDITIONS━━━━━━━━━━━━━━━━━━━━━━━━━━━━━━━━━━━━━━━━━━━━━━━━━━━━━┓
resolving dirichlet condition: ID:1 MSHTAG:1                                   ┃
resolving dirichlet condition: ID:2 MSHTAG:2                                   ┃
resolving neumann   condition: ID:3 MSHTAG:3                                   ┃
Elapsed time is 0.8009 seconds.                                                ┃
━━━━━━━━━━━━━━━━━━━━━━━━━━━━━━━━━━━━━━━━━━━━━━━━━━━━━━━━━━━━━━━━━━━━━━━━━━━━━━━┛
 
RESOLVE FETI MANAGER━━━━━━━━━━━━━━━━━━━━━━━━━━━━━━━━━━━━━━━━━━━━━━━━━━━━━━━━━━━┓
16 subtructures created                                                        ┃
substructures resolved                                                         ┃
substructures evaluated                                                        ┃
connectivity matrices created                                                  ┃
Elapsed time is 7.3649 seconds.                                                ┃
━━━━━━━━━━━━━━━━━━━━━━━━━━━━━━━━━━━━━━━━━━━━━━━━━━━━━━━━━━━━━━━━━━━━━━━━━━━━━━━┛
 
APPLY KINEMATIC CONDITIONS ON SUBSTRUCTURES━━━━━━━━━━━━━━━━━━━━━━━━━━━━━━━━━━━━┓
Dirichlet conditions detected on substructures: 1   2   3   4   5   6   7   8   9  10  11  12  13  14  15  16
Neumann   conditions detected on substructures: 1   2   3   4   5   6   7   8   9  10  11  12  13  14  15  16
Elapsed time is 3.8795 seconds.                                                ┃
━━━━━━━━━━━━━━━━━━━━━━━━━━━━━━━━━━━━━━━━━━━━━━━━━━━━━━━━━━━━━━━━━━━━━━━━━━━━━━━┛
 
FETI Base Setup━━━━━━━━━━━━━━━━━━━━━━━━━━━━━━━━━━━━━━━━━━━━━━━━━━━━━━━━━━━━━━━━┓
Scaling: none                                                                  ┃
Preconditioner: Lumped                                                         ┃
FETISSolver.FETISSolver: rigid body modes of substructures: 0  3  3  3  3  3  3  3  3  3  3  3  3  3  3  3
Elapsed time is 0.89204 seconds.                                               ┃
━━━━━━━━━━━━━━━━━━━━━━━━━━━━━━━━━━━━━━━━━━━━━━━━━━━━━━━━━━━━━━━━━━━━━━━━━━━━━━━┛
 
START FETI-AS SETUP━━━━━━━━━━━━━━━━━━━━━━━━━━━━━━━━━━━━━━━━━━━━━━━━━━━━━━━━━━━━┓
FETISSolver.FETISSolver: rigid body modes of substructures: 0  3  3  3  3  3  3  3  3  3  3  3  3  3  3  3
A-matrix taken as preconditioner                                               ┃
Elapsed time is 0.13172 seconds.                                               ┃
━━━━━━━━━━━━━━━━━━━━━━━━━━━━━━━━━━━━━━━━━━━━━━━━━━━━━━━━━━━━━━━━━━━━━━━━━━━━━━━┛
 
INITIALIZE SOLVER━━━━━━━━━━━━━━━━━━━━━━━━━━━━━━━━━━━━━━━━━━━━━━━━━━━━━━━━━━━━━━┓
Using assembled FI operator!                                                   ┃
No Auxiliary Coarse Grid
Coarse Grid C_ IS empty!                                                       ┃
Check: Error of substructure equilibrium: 9.9495e-17                           ┃
Elapsed time is 0.054651 seconds.                                              ┃
━━━━━━━━━━━━━━━━━━━━━━━━━━━━━━━━━━━━━━━━━━━━━━━━━━━━━━━━━━━━━━━━━━━━━━━━━━━━━━━┛
 
Check: r projected into N coarse-space: 0.00040282                             ┃
Check: W projected into N coarse-space: 2.3075e-15                             ┃
START FETI-AS ITERATIONS━━━━━━━━━━━━━━━━━━━━━━━━━━━━━━━━━━━━━━━━━━━━━━━━━━━━━━━┓
Check: Error of substructure equilibrium: 9.9353e-17                           ┃
Check: r projected into N coarse-space: 0.00078462                             ┃
Check: W projected into N coarse-space: 7.2185e-16                             ┃
current residuum: 0.067786                                                     ┃
Check: Error of substructure equilibrium: 1.5371e-16                           ┃
Check: r projected into N coarse-space: 2.4474e-05                             ┃
Check: W projected into N coarse-space: 1.1691e-14                             ┃
current residuum: 0.01799                                                      ┃
Check: Error of substructure equilibrium: 1.5577e-15                           ┃
Check: r projected into N coarse-space: 1.1573e-05                             ┃
Check: W projected into N coarse-space: 3.4306e-13                             ┃
current residuum: 0.0055291                                                    ┃
Check: Error of substructure equilibrium: 3.1151e-15                           ┃
Check: r projected into N coarse-space: 2.6923e-06                             ┃
Check: W projected into N coarse-space: 6.7496e-14                             ┃
current residuum: 0.00086965                                                   ┃
Check: Error of substructure equilibrium: 3.0916e-15                           ┃
Check: r projected into N coarse-space: 2.1871e-07                             ┃
Check: W projected into N coarse-space: 8.6232e-14                             ┃
current residuum: 0.00017755                                                   ┃
Check: Error of substructure equilibrium: 3.0978e-15                           ┃
Check: r projected into N coarse-space: 6.0436e-08                             ┃
Check: W projected into N coarse-space: 1.0445e-13                             ┃
current residuum: 0.00012345                                                   ┃
Check: Error of substructure equilibrium: 3.0744e-15                           ┃
Check: r projected into N coarse-space: 3.226e-08                              ┃
Check: W projected into N coarse-space: 3.6656e-14                             ┃
current residuum: 2.151e-05                                                    ┃
Check: Error of substructure equilibrium: 3.067e-15                            ┃
Check: r projected into N coarse-space: 7.8478e-09                             ┃
Check: W projected into N coarse-space: 3.6686e-15                             ┃
current residuum: 3.3531e-06                                                   ┃
Check: Error of substructure equilibrium: 3.0655e-15                           ┃
Check: r projected into N coarse-space: 1.6188e-09                             ┃
Check: W projected into N coarse-space: 1.9677e-15                             ┃
current residuum: 9.2977e-07                                                   ┃
Check: Error of substructure equilibrium: 3.0657e-15                           ┃
Check: r projected into N coarse-space: 3.6361e-10                             ┃
Check: W projected into N coarse-space: 4.3398e-16                             ┃
current residuum: 2.9919e-07                                                   ┃
Check: Error of substructure equilibrium: 3.0656e-15                           ┃
Check: r projected into N coarse-space: 7.78e-11                               ┃
Check: W projected into N coarse-space: 1.3341e-16                             ┃
current residuum: 6.6217e-08                                                   ┃
Residual = 6.6217e-08                                                          ┃
after 11 FETI-AS iterations with 9  9  9  9  9  9  9  9  9  9  9 search directions
Elapsed time is 1.3231 seconds.                                                ┃
━━━━━━━━━━━━━━━━━━━━━━━━━━━━━━━━━━━━━━━━━━━━━━━━━━━━━━━━━━━━━━━━━━━━━━━━━━━━━━━┛
 
RECOVER DOMAIN SOLUTION━━━━━━━━━━━━━━━━━━━━━━━━━━━━━━━━━━━━━━━━━━━━━━━━━━━━━━━━┓
Elapsed time is 0.032869 seconds.                                              ┃
━━━━━━━━━━━━━━━━━━━━━━━━━━━━━━━━━━━━━━━━━━━━━━━━━━━━━━━━━━━━━━━━━━━━━━━━━━━━━━━┛
 
RECOVER DOMAIN SOLUTION━━━━━━━━━━━━━━━━━━━━━━━━━━━━━━━━━━━━━━━━━━━━━━━━━━━━━━━━┓
Elapsed time is 0.036304 seconds.                                              ┃
━━━━━━━━━━━━━━━━━━━━━━━━━━━━━━━━━━━━━━━━━━━━━━━━━━━━━━━━━━━━━━━━━━━━━━━━━━━━━━━┛
 
━━━━━━━━━━━━━━━━━━━━━━━━━━━━━━━━━━━━━━━━━━━━━━━━━━━━━━━━━━━━━━━━━━━━━━━━━━━━━━━┓
      ______________  ______   ______            __  ______    _____   __      ┃
     / ____/ ____/  |/  /   | / ____/           /  |/  /   |  /  _/ | / /      ┃
    / /_  / __/ / /|_/ / /| |/ /      ______   / /|_/ / /| |  / //  |/ /       ┃
   / __/ / /___/ /  / / ___ / /___   /_____/  / /  / / ___ |_/ // /|  /        ┃
  /_/   /_____/_/  /_/_/  |_\____/           /_/  /_/_/  |_/___/_/ |_/         ┃
  ©Lehrstuhl fuer Angewandte Mechanik - Technische Universitaet Muenchnen      ┃
━━━━━━━━━━━━━━━━━━━━━━━━━━━━━━━━━━━━━━━━━━━━━━━━━━━━━━━━━━━━━━━━━━━━━━━━━━━━━━━┛
 
START DIS READING━━━━━━━━━━━━━━━━━━━━━━━━━━━━━━━━━━━━━━━━━━━━━━━━━━━━━━━━━━━━━━┓
Elapsed time is 0.163 seconds.                                                 ┃
━━━━━━━━━━━━━━━━━━━━━━━━━━━━━━━━━━━━━━━━━━━━━━━━━━━━━━━━━━━━━━━━━━━━━━━━━━━━━━━┛
 
START RESOLVING CONDITIONS━━━━━━━━━━━━━━━━━━━━━━━━━━━━━━━━━━━━━━━━━━━━━━━━━━━━━┓
resolving dirichlet condition: ID:1 MSHTAG:1                                   ┃
resolving dirichlet condition: ID:2 MSHTAG:2                                   ┃
resolving neumann   condition: ID:3 MSHTAG:3                                   ┃
Elapsed time is 0.48106 seconds.                                               ┃
━━━━━━━━━━━━━━━━━━━━━━━━━━━━━━━━━━━━━━━━━━━━━━━━━━━━━━━━━━━━━━━━━━━━━━━━━━━━━━━┛
 
RESOLVE FETI MANAGER━━━━━━━━━━━━━━━━━━━━━━━━━━━━━━━━━━━━━━━━━━━━━━━━━━━━━━━━━━━┓
16 subtructures created                                                        ┃
substructures resolved                                                         ┃
substructures evaluated                                                        ┃
connectivity matrices created                                                  ┃
Elapsed time is 4.4662 seconds.                                                ┃
━━━━━━━━━━━━━━━━━━━━━━━━━━━━━━━━━━━━━━━━━━━━━━━━━━━━━━━━━━━━━━━━━━━━━━━━━━━━━━━┛
 
APPLY KINEMATIC CONDITIONS ON SUBSTRUCTURES━━━━━━━━━━━━━━━━━━━━━━━━━━━━━━━━━━━━┓
Dirichlet conditions detected on substructures: 1   2   3   4   5   6   7   8   9  10  11  12  13  14  15  16
Neumann   conditions detected on substructures: 1   2   3   4   5   6   7   8   9  10  11  12  13  14  15  16
Elapsed time is 2.352 seconds.                                                 ┃
━━━━━━━━━━━━━━━━━━━━━━━━━━━━━━━━━━━━━━━━━━━━━━━━━━━━━━━━━━━━━━━━━━━━━━━━━━━━━━━┛
 
FETI Base Setup━━━━━━━━━━━━━━━━━━━━━━━━━━━━━━━━━━━━━━━━━━━━━━━━━━━━━━━━━━━━━━━━┓
Scaling: none                                                                  ┃
Preconditioner: Lumped                                                         ┃
FETISSolver.FETISSolver: rigid body modes of substructures: 0  3  3  3  3  3  3  3  3  3  3  3  3  3  3  3
Elapsed time is 0.5106 seconds.                                                ┃
━━━━━━━━━━━━━━━━━━━━━━━━━━━━━━━━━━━━━━━━━━━━━━━━━━━━━━━━━━━━━━━━━━━━━━━━━━━━━━━┛
 
START FETI-AS SETUP━━━━━━━━━━━━━━━━━━━━━━━━━━━━━━━━━━━━━━━━━━━━━━━━━━━━━━━━━━━━┓
FETISSolver.FETISSolver: rigid body modes of substructures: 0  3  3  3  3  3  3  3  3  3  3  3  3  3  3  3
A-matrix taken as unity matrix                                                 ┃
Elapsed time is 0.063642 seconds.                                              ┃
━━━━━━━━━━━━━━━━━━━━━━━━━━━━━━━━━━━━━━━━━━━━━━━━━━━━━━━━━━━━━━━━━━━━━━━━━━━━━━━┛
 
INITIALIZE SOLVER━━━━━━━━━━━━━━━━━━━━━━━━━━━━━━━━━━━━━━━━━━━━━━━━━━━━━━━━━━━━━━┓
Using assembled FI operator!                                                   ┃
No Auxiliary Coarse Grid
Coarse Grid C_ IS empty!                                                       ┃
Check: Error of substructure equilibrium: 1.4779e-16                           ┃
Elapsed time is 0.015399 seconds.                                              ┃
━━━━━━━━━━━━━━━━━━━━━━━━━━━━━━━━━━━━━━━━━━━━━━━━━━━━━━━━━━━━━━━━━━━━━━━━━━━━━━━┛
 
Check: r projected into N coarse-space: 1.2433e-15                             ┃
Check: W projected into N coarse-space: 6.5181e-15                             ┃
START FETI-AS ITERATIONS━━━━━━━━━━━━━━━━━━━━━━━━━━━━━━━━━━━━━━━━━━━━━━━━━━━━━━━┓
Check: Error of substructure equilibrium: 1.4866e-16                           ┃
Check: r projected into N coarse-space: 1.1869e-15                             ┃
Check: W projected into N coarse-space: 3.4368e-15                             ┃
current residuum: 0.031835                                                     ┃
Check: Error of substructure equilibrium: 1.5225e-16                           ┃
Check: r projected into N coarse-space: 1.1819e-15                             ┃
Check: W projected into N coarse-space: 4.4584e-15                             ┃
current residuum: 0.010771                                                     ┃
Check: Error of substructure equilibrium: 1.1658e-15                           ┃
Check: r projected into N coarse-space: 1.1815e-15                             ┃
Check: W projected into N coarse-space: 1.5057e-13                             ┃
current residuum: 0.0023821                                                    ┃
Check: Error of substructure equilibrium: 1.5136e-15                           ┃
Check: r projected into N coarse-space: 1.1815e-15                             ┃
Check: W projected into N coarse-space: 8.6546e-14                             ┃
current residuum: 0.0003208                                                    ┃
Check: Error of substructure equilibrium: 1.5122e-15                           ┃
Check: r projected into N coarse-space: 1.1815e-15                             ┃
Check: W projected into N coarse-space: 5.954e-14                              ┃
current residuum: 0.00010793                                                   ┃
Check: Error of substructure equilibrium: 1.5094e-15                           ┃
Check: r projected into N coarse-space: 1.1815e-15                             ┃
Check: W projected into N coarse-space: 2.9274e-14                             ┃
current residuum: 4.1705e-05                                                   ┃
Check: Error of substructure equilibrium: 1.511e-15                            ┃
Check: r projected into N coarse-space: 1.1815e-15                             ┃
Check: W projected into N coarse-space: 5.1215e-15                             ┃
current residuum: 7.2808e-06                                                   ┃
Check: Error of substructure equilibrium: 1.5106e-15                           ┃
Check: r projected into N coarse-space: 1.1815e-15                             ┃
Check: W projected into N coarse-space: 1.1105e-15                             ┃
current residuum: 1.0884e-06                                                   ┃
Check: Error of substructure equilibrium: 1.5107e-15                           ┃
Check: r projected into N coarse-space: 1.1815e-15                             ┃
Check: W projected into N coarse-space: 9.3147e-16                             ┃
current residuum: 4.1033e-07                                                   ┃
Residual = 4.1033e-07                                                          ┃
after 9 FETI-AS iterations with 9  9  9  9  9  9  9  9  9 search directions    ┃
Elapsed time is 0.38965 seconds.                                               ┃
━━━━━━━━━━━━━━━━━━━━━━━━━━━━━━━━━━━━━━━━━━━━━━━━━━━━━━━━━━━━━━━━━━━━━━━━━━━━━━━┛
 
RECOVER DOMAIN SOLUTION━━━━━━━━━━━━━━━━━━━━━━━━━━━━━━━━━━━━━━━━━━━━━━━━━━━━━━━━┓
Elapsed time is 0.011138 seconds.                                              ┃
━━━━━━━━━━━━━━━━━━━━━━━━━━━━━━━━━━━━━━━━━━━━━━━━━━━━━━━━━━━━━━━━━━━━━━━━━━━━━━━┛
 
RECOVER DOMAIN SOLUTION━━━━━━━━━━━━━━━━━━━━━━━━━━━━━━━━━━━━━━━━━━━━━━━━━━━━━━━━┓
Elapsed time is 0.011336 seconds.                                              ┃
━━━━━━━━━━━━━━━━━━━━━━━━━━━━━━━━━━━━━━━━━━━━━━━━━━━━━━━━━━━━━━━━━━━━━━━━━━━━━━━┛
 
━━━━━━━━━━━━━━━━━━━━━━━━━━━━━━━━━━━━━━━━━━━━━━━━━━━━━━━━━━━━━━━━━━━━━━━━━━━━━━━┓
      ______________  ______   ______            __  ______    _____   __      ┃
     / ____/ ____/  |/  /   | / ____/           /  |/  /   |  /  _/ | / /      ┃
    / /_  / __/ / /|_/ / /| |/ /      ______   / /|_/ / /| |  / //  |/ /       ┃
   / __/ / /___/ /  / / ___ / /___   /_____/  / /  / / ___ |_/ // /|  /        ┃
  /_/   /_____/_/  /_/_/  |_\____/           /_/  /_/_/  |_/___/_/ |_/         ┃
  ©Lehrstuhl fuer Angewandte Mechanik - Technische Universitaet Muenchnen      ┃
━━━━━━━━━━━━━━━━━━━━━━━━━━━━━━━━━━━━━━━━━━━━━━━━━━━━━━━━━━━━━━━━━━━━━━━━━━━━━━━┛
 
START DIS READING━━━━━━━━━━━━━━━━━━━━━━━━━━━━━━━━━━━━━━━━━━━━━━━━━━━━━━━━━━━━━━┓
Elapsed time is 0.15601 seconds.                                               ┃
━━━━━━━━━━━━━━━━━━━━━━━━━━━━━━━━━━━━━━━━━━━━━━━━━━━━━━━━━━━━━━━━━━━━━━━━━━━━━━━┛
 
START RESOLVING CONDITIONS━━━━━━━━━━━━━━━━━━━━━━━━━━━━━━━━━━━━━━━━━━━━━━━━━━━━━┓
resolving dirichlet condition: ID:1 MSHTAG:1                                   ┃
resolving dirichlet condition: ID:2 MSHTAG:2                                   ┃
resolving neumann   condition: ID:3 MSHTAG:3                                   ┃
Elapsed time is 0.47028 seconds.                                               ┃
━━━━━━━━━━━━━━━━━━━━━━━━━━━━━━━━━━━━━━━━━━━━━━━━━━━━━━━━━━━━━━━━━━━━━━━━━━━━━━━┛
 
RESOLVE FETI MANAGER━━━━━━━━━━━━━━━━━━━━━━━━━━━━━━━━━━━━━━━━━━━━━━━━━━━━━━━━━━━┓
16 subtructures created                                                        ┃
substructures resolved                                                         ┃
substructures evaluated                                                        ┃
connectivity matrices created                                                  ┃
Elapsed time is 4.3922 seconds.                                                ┃
━━━━━━━━━━━━━━━━━━━━━━━━━━━━━━━━━━━━━━━━━━━━━━━━━━━━━━━━━━━━━━━━━━━━━━━━━━━━━━━┛
 
APPLY KINEMATIC CONDITIONS ON SUBSTRUCTURES━━━━━━━━━━━━━━━━━━━━━━━━━━━━━━━━━━━━┓
Dirichlet conditions detected on substructures: 1   2   3   4   5   6   7   8   9  10  11  12  13  14  15  16
Neumann   conditions detected on substructures: 1   2   3   4   5   6   7   8   9  10  11  12  13  14  15  16
Elapsed time is 2.3346 seconds.                                                ┃
━━━━━━━━━━━━━━━━━━━━━━━━━━━━━━━━━━━━━━━━━━━━━━━━━━━━━━━━━━━━━━━━━━━━━━━━━━━━━━━┛
 
FETI Base Setup━━━━━━━━━━━━━━━━━━━━━━━━━━━━━━━━━━━━━━━━━━━━━━━━━━━━━━━━━━━━━━━━┓
Scaling: none                                                                  ┃
Preconditioner: Lumped                                                         ┃
FETISSolver.FETISSolver: rigid body modes of substructures: 0  3  3  3  3  3  3  3  3  3  3  3  3  3  3  3
Elapsed time is 0.5082 seconds.                                                ┃
━━━━━━━━━━━━━━━━━━━━━━━━━━━━━━━━━━━━━━━━━━━━━━━━━━━━━━━━━━━━━━━━━━━━━━━━━━━━━━━┛
 
START FETI-AS SETUP━━━━━━━━━━━━━━━━━━━━━━━━━━━━━━━━━━━━━━━━━━━━━━━━━━━━━━━━━━━━┓
FETISSolver.FETISSolver: rigid body modes of substructures: 0  3  3  3  3  3  3  3  3  3  3  3  3  3  3  3
A-matrix taken as unity matrix                                                 ┃
Elapsed time is 0.064345 seconds.                                              ┃
━━━━━━━━━━━━━━━━━━━━━━━━━━━━━━━━━━━━━━━━━━━━━━━━━━━━━━━━━━━━━━━━━━━━━━━━━━━━━━━┛
 
INITIALIZE SOLVER━━━━━━━━━━━━━━━━━━━━━━━━━━━━━━━━━━━━━━━━━━━━━━━━━━━━━━━━━━━━━━┓
Using assembled FI operator!                                                   ┃
No Auxiliary Coarse Grid
Coarse Grid C_ IS empty!                                                       ┃
Check: Error of substructure equilibrium: 1.4779e-16                           ┃
Elapsed time is 0.017143 seconds.                                              ┃
━━━━━━━━━━━━━━━━━━━━━━━━━━━━━━━━━━━━━━━━━━━━━━━━━━━━━━━━━━━━━━━━━━━━━━━━━━━━━━━┛
 
Check: r projected into N coarse-space: 1.2433e-15                             ┃
Check: W projected into N coarse-space: 6.5181e-15                             ┃
START FETI-AS ITERATIONS━━━━━━━━━━━━━━━━━━━━━━━━━━━━━━━━━━━━━━━━━━━━━━━━━━━━━━━┓
tau has been determined as:0.0067061 through a contraction factor of 0.999     ┃
Check: Error of substructure equilibrium: 1.4866e-16                           ┃
Check: r projected into N coarse-space: 1.1869e-15                             ┃
Check: W projected into N coarse-space: 3.4368e-15                             ┃
current residuum: 0.031835                                                     ┃
Check: Error of substructure equilibrium: 1.5225e-16                           ┃
Check: r projected into N coarse-space: 1.1819e-15                             ┃
Check: W projected into N coarse-space: 4.4584e-15                             ┃
current residuum: 0.010771                                                     ┃
Check: Error of substructure equilibrium: 1.1658e-15                           ┃
Check: r projected into N coarse-space: 1.1815e-15                             ┃
Check: W projected into N coarse-space: 1.5057e-13                             ┃
current residuum: 0.0023821                                                    ┃
Check: Error of substructure equilibrium: 1.5136e-15                           ┃
Check: r projected into N coarse-space: 1.1815e-15                             ┃
Check: W projected into N coarse-space: 8.6546e-14                             ┃
current residuum: 0.0003208                                                    ┃
Check: Error of substructure equilibrium: 1.5122e-15                           ┃
Check: r projected into N coarse-space: 1.1815e-15                             ┃
Check: W projected into N coarse-space: 5.954e-14                              ┃
current residuum: 0.00010793                                                   ┃
Check: Error of substructure equilibrium: 1.5094e-15                           ┃
Check: r projected into N coarse-space: 1.1815e-15                             ┃
Check: W projected into N coarse-space: 2.9274e-14                             ┃
current residuum: 4.1705e-05                                                   ┃
Check: Error of substructure equilibrium: 1.511e-15                            ┃
Check: r projected into N coarse-space: 1.1815e-15                             ┃
Check: W projected into N coarse-space: 5.1215e-15                             ┃
current residuum: 7.2808e-06                                                   ┃
Check: Error of substructure equilibrium: 1.5106e-15                           ┃
Check: r projected into N coarse-space: 1.1815e-15                             ┃
Check: W projected into N coarse-space: 1.1105e-15                             ┃
current residuum: 1.0884e-06                                                   ┃
Check: Error of substructure equilibrium: 1.5107e-15                           ┃
Check: r projected into N coarse-space: 1.1815e-15                             ┃
Check: W projected into N coarse-space: 9.3147e-16                             ┃
current residuum: 4.1033e-07                                                   ┃
Residual = 4.1033e-07                                                          ┃
after 9 FETI-AS iterations with 9  9  9  9  9  9  9  9  9 search directions    ┃
Elapsed time is 0.41958 seconds.                                               ┃
━━━━━━━━━━━━━━━━━━━━━━━━━━━━━━━━━━━━━━━━━━━━━━━━━━━━━━━━━━━━━━━━━━━━━━━━━━━━━━━┛
 
RECOVER DOMAIN SOLUTION━━━━━━━━━━━━━━━━━━━━━━━━━━━━━━━━━━━━━━━━━━━━━━━━━━━━━━━━┓
Elapsed time is 0.012799 seconds.                                              ┃
━━━━━━━━━━━━━━━━━━━━━━━━━━━━━━━━━━━━━━━━━━━━━━━━━━━━━━━━━━━━━━━━━━━━━━━━━━━━━━━┛
 
RECOVER DOMAIN SOLUTION━━━━━━━━━━━━━━━━━━━━━━━━━━━━━━━━━━━━━━━━━━━━━━━━━━━━━━━━┓
Elapsed time is 0.013051 seconds.                                              ┃
━━━━━━━━━━━━━━━━━━━━━━━━━━━━━━━━━━━━━━━━━━━━━━━━━━━━━━━━━━━━━━━━━━━━━━━━━━━━━━━┛
 
