━━━━━━━━━━━━━━━━━━━━━━━━━━━━━━━━━━━━━━━━━━━━━━━━━━━━━━━━━━━━━━━━━━━━━━━━━━━━━━━┓
          ______________  ______   ______            ____  ____  ______        ┃
         / ____/ ____/  |/  /   | / ____/           / __ \/ __ \/ ____/        ┃
        / /_  / __/ / /|_/ / /| |/ /      ______   / /_/ / /_/ / __/           ┃
       / __/ / /___/ /  / / ___ / /___   /_____/  / ____/ _, _/ /___           ┃
      /_/   /_____/_/  /_/_/  |_\____/           /_/   /_/ |_/_____/           ┃
  ©Lehrstuhl fuer Angewandte Mechanik - Technische Universitaet Muenchnen      ┃
━━━━━━━━━━━━━━━━━━━━━━━━━━━━━━━━━━━━━━━━━━━━━━━━━━━━━━━━━━━━━━━━━━━━━━━━━━━━━━━┛
 
START MESH READING━━━━━━━━━━━━━━━━━━━━━━━━━━━━━━━━━━━━━━━━━━━━━━━━━━━━━━━━━━━━━┓
361 nodes created                                                              ┃
324 stiffness elements created                                                 ┃
19 dirichlet elements created                                                  ┃
324 neumann elements created                                                   ┃
wrote mesh to file: ./chaco/feti2geneo/output/checkerboard_tau2.dis            ┃
Elapsed time is 1.7731 seconds.                                                ┃
━━━━━━━━━━━━━━━━━━━━━━━━━━━━━━━━━━━━━━━━━━━━━━━━━━━━━━━━━━━━━━━━━━━━━━━━━━━━━━━┛
 
━━━━━━━━━━━━━━━━━━━━━━━━━━━━━━━━━━━━━━━━━━━━━━━━━━━━━━━━━━━━━━━━━━━━━━━━━━━━━━━┓
      ______________  ______   ______            __  ______    _____   __      ┃
     / ____/ ____/  |/  /   | / ____/           /  |/  /   |  /  _/ | / /      ┃
    / /_  / __/ / /|_/ / /| |/ /      ______   / /|_/ / /| |  / //  |/ /       ┃
   / __/ / /___/ /  / / ___ / /___   /_____/  / /  / / ___ |_/ // /|  /        ┃
  /_/   /_____/_/  /_/_/  |_\____/           /_/  /_/_/  |_/___/_/ |_/         ┃
  ©Lehrstuhl fuer Angewandte Mechanik - Technische Universitaet Muenchnen      ┃
━━━━━━━━━━━━━━━━━━━━━━━━━━━━━━━━━━━━━━━━━━━━━━━━━━━━━━━━━━━━━━━━━━━━━━━━━━━━━━━┛
 
START DIS READING━━━━━━━━━━━━━━━━━━━━━━━━━━━━━━━━━━━━━━━━━━━━━━━━━━━━━━━━━━━━━━┓
Elapsed time is 0.06764 seconds.                                               ┃
━━━━━━━━━━━━━━━━━━━━━━━━━━━━━━━━━━━━━━━━━━━━━━━━━━━━━━━━━━━━━━━━━━━━━━━━━━━━━━━┛
 
START RESOLVING CONDITIONS━━━━━━━━━━━━━━━━━━━━━━━━━━━━━━━━━━━━━━━━━━━━━━━━━━━━━┓
resolving dirichlet condition: ID:1 MSHTAG:1                                   ┃
resolving dirichlet condition: ID:2 MSHTAG:2                                   ┃
resolving neumann   condition: ID:3 MSHTAG:3                                   ┃
Elapsed time is 0.17866 seconds.                                               ┃
━━━━━━━━━━━━━━━━━━━━━━━━━━━━━━━━━━━━━━━━━━━━━━━━━━━━━━━━━━━━━━━━━━━━━━━━━━━━━━━┛
 
RESOLVE FETI MANAGER━━━━━━━━━━━━━━━━━━━━━━━━━━━━━━━━━━━━━━━━━━━━━━━━━━━━━━━━━━━┓
8 subtructures created                                                         ┃
substructures resolved                                                         ┃
substructures evaluated                                                        ┃
connectivity matrices created                                                  ┃
Elapsed time is 2.332 seconds.                                                 ┃
━━━━━━━━━━━━━━━━━━━━━━━━━━━━━━━━━━━━━━━━━━━━━━━━━━━━━━━━━━━━━━━━━━━━━━━━━━━━━━━┛
 
APPLY KINEMATIC CONDITIONS ON SUBSTRUCTURES━━━━━━━━━━━━━━━━━━━━━━━━━━━━━━━━━━━━┓
Dirichlet conditions detected on substructures: 1  2  3  4  5  6  7  8         ┃
Neumann   conditions detected on substructures: 1  2  3  4  5  6  7  8         ┃
Elapsed time is 1.1779 seconds.                                                ┃
━━━━━━━━━━━━━━━━━━━━━━━━━━━━━━━━━━━━━━━━━━━━━━━━━━━━━━━━━━━━━━━━━━━━━━━━━━━━━━━┛
 
FETI Base Setup━━━━━━━━━━━━━━━━━━━━━━━━━━━━━━━━━━━━━━━━━━━━━━━━━━━━━━━━━━━━━━━━┓
FETISSolver.FETISSolver: rigid body modes of substructures: 0  0  3  3  3  3  3  0
Elapsed time is 0.29136 seconds.                                               ┃
━━━━━━━━━━━━━━━━━━━━━━━━━━━━━━━━━━━━━━━━━━━━━━━━━━━━━━━━━━━━━━━━━━━━━━━━━━━━━━━┛
 
START FETI2 SETUP━━━━━━━━━━━━━━━━━━━━━━━━━━━━━━━━━━━━━━━━━━━━━━━━━━━━━━━━━━━━━━┓
Elapsed time is 0.020642 seconds.                                              ┃
━━━━━━━━━━━━━━━━━━━━━━━━━━━━━━━━━━━━━━━━━━━━━━━━━━━━━━━━━━━━━━━━━━━━━━━━━━━━━━━┛
 
INITIALIZE SOLVER━━━━━━━━━━━━━━━━━━━━━━━━━━━━━━━━━━━━━━━━━━━━━━━━━━━━━━━━━━━━━━┓
Using assembled FI operator!                                                   ┃
Auxiliary Coarse Grid: GeNEO
Coarse Grid C_ IS NOT empty!                                                   ┃
Check: Error of substructure equilibrium: 1.6858e-15                           ┃
Elapsed time is 0.2096 seconds.                                                ┃
━━━━━━━━━━━━━━━━━━━━━━━━━━━━━━━━━━━━━━━━━━━━━━━━━━━━━━━━━━━━━━━━━━━━━━━━━━━━━━━┛
 
START FETI2 ITERATIONS━━━━━━━━━━━━━━━━━━━━━━━━━━━━━━━━━━━━━━━━━━━━━━━━━━━━━━━━━┓
Residual = 8.3713e-09                                                          ┃
after 10 iterations                                                            ┃
Elapsed time is 0.13906 seconds.                                               ┃
━━━━━━━━━━━━━━━━━━━━━━━━━━━━━━━━━━━━━━━━━━━━━━━━━━━━━━━━━━━━━━━━━━━━━━━━━━━━━━━┛
 
RECOVER DOMAIN SOLUTION━━━━━━━━━━━━━━━━━━━━━━━━━━━━━━━━━━━━━━━━━━━━━━━━━━━━━━━━┓
Elapsed time is 0.005986 seconds.                                              ┃
━━━━━━━━━━━━━━━━━━━━━━━━━━━━━━━━━━━━━━━━━━━━━━━━━━━━━━━━━━━━━━━━━━━━━━━━━━━━━━━┛
 
RECOVER DOMAIN SOLUTION━━━━━━━━━━━━━━━━━━━━━━━━━━━━━━━━━━━━━━━━━━━━━━━━━━━━━━━━┓
Elapsed time is 0.006154 seconds.                                              ┃
━━━━━━━━━━━━━━━━━━━━━━━━━━━━━━━━━━━━━━━━━━━━━━━━━━━━━━━━━━━━━━━━━━━━━━━━━━━━━━━┛
 
━━━━━━━━━━━━━━━━━━━━━━━━━━━━━━━━━━━━━━━━━━━━━━━━━━━━━━━━━━━━━━━━━━━━━━━━━━━━━━━┓
       ______________  ______   ______            ____  ____  ___________      ┃
      / ____/ ____/  |/  /   | / ____/           / __ \/ __ \/ ___/_  __/      ┃
     / /_  / __/ / /|_/ / /| |/ /      ______   / /_/ / / / /\__ \ / /         ┃
    / __/ / /___/ /  / / ___ / /___   /_____/  / ____/ /_/ /___/ // /          ┃
   /_/   /_____/_/  /_/_/  |_\____/           /_/    \____//____//_/           ┃
  ©Lehrstuhl fuer Angewandte Mechanik - Technische Universitaet Muenchnen      ┃
━━━━━━━━━━━━━━━━━━━━━━━━━━━━━━━━━━━━━━━━━━━━━━━━━━━━━━━━━━━━━━━━━━━━━━━━━━━━━━━┛
 
START DIS READING━━━━━━━━━━━━━━━━━━━━━━━━━━━━━━━━━━━━━━━━━━━━━━━━━━━━━━━━━━━━━━┓
Elapsed time is 0.07371 seconds.                                               ┃
━━━━━━━━━━━━━━━━━━━━━━━━━━━━━━━━━━━━━━━━━━━━━━━━━━━━━━━━━━━━━━━━━━━━━━━━━━━━━━━┛
 
START POSTPROCESSING━━━━━━━━━━━━━━━━━━━━━━━━━━━━━━━━━━━━━━━━━━━━━━━━━━━━━━━━━━━┓
element stresses processed                                                     ┃
Elapsed time is 0.33861 seconds.                                               ┃
━━━━━━━━━━━━━━━━━━━━━━━━━━━━━━━━━━━━━━━━━━━━━━━━━━━━━━━━━━━━━━━━━━━━━━━━━━━━━━━┛
 
START VTK-WRITING━━━━━━━━━━━━━━━━━━━━━━━━━━━━━━━━━━━━━━━━━━━━━━━━━━━━━━━━━━━━━━┓
361 nodes written                                                              ┃
324 elements written                                                           ┃
field CONDID_1 SCALARS FLOAT written                                           ┃
field CONDID_2 SCALARS FLOAT written                                           ┃
field CONDID_3 SCALARS FLOAT written                                           ┃
field displacement VECTORS FLOAT written                                       ┃
field MATID_1 SCALARS FLOAT written                                            ┃
field MATID_2 SCALARS FLOAT written                                            ┃
field SUB_ID SCALARS FLOAT written                                             ┃
field SubCenter_Diff VECTORS FLOAT written                                     ┃
Elapsed time is 0.28483 seconds.                                               ┃
━━━━━━━━━━━━━━━━━━━━━━━━━━━━━━━━━━━━━━━━━━━━━━━━━━━━━━━━━━━━━━━━━━━━━━━━━━━━━━━┛
 
INFO━━━━━━━━━━━━━━━━━━━━━━━━━━━━━━━━━━━━━━━━━━━━━━━━━━━━━━━━━━━━━━━━━━━━━━━━━━━┓
dat   -file:                                                                   ┃
mesh  -file: ./chaco/feti2geneo/../../checkerboard_chaco.msh                   ┃
output-file: ./chaco/feti2geneo/output/checkerboard_tau2.vtk.1                 ┃
matlab-version: 9.0.0.341360 (R2016a)                                          ┃
calculated on : 18-Aug-2016 by lukas on xubuntu                                ┃
git-hash: unknown                                                              ┃
━━━━━━━━━━━━━━━━━━━━━━━━━━━━━━━━━━━━━━━━━━━━━━━━━━━━━━━━━━━━━━━━━━━━━━━━━━━━━━━┛
 
━━━━━━━━━━━━━━━━━━━━━━━━━━━━━━━━━━━━━━━━━━━━━━━━━━━━━━━━━━━━━━━━━━━━━━━━━━━━━━━┓
      ______________  ______   ______            __  ______    _____   __      ┃
     / ____/ ____/  |/  /   | / ____/           /  |/  /   |  /  _/ | / /      ┃
    / /_  / __/ / /|_/ / /| |/ /      ______   / /|_/ / /| |  / //  |/ /       ┃
   / __/ / /___/ /  / / ___ / /___   /_____/  / /  / / ___ |_/ // /|  /        ┃
  /_/   /_____/_/  /_/_/  |_\____/           /_/  /_/_/  |_/___/_/ |_/         ┃
  ©Lehrstuhl fuer Angewandte Mechanik - Technische Universitaet Muenchnen      ┃
━━━━━━━━━━━━━━━━━━━━━━━━━━━━━━━━━━━━━━━━━━━━━━━━━━━━━━━━━━━━━━━━━━━━━━━━━━━━━━━┛
 
START DIS READING━━━━━━━━━━━━━━━━━━━━━━━━━━━━━━━━━━━━━━━━━━━━━━━━━━━━━━━━━━━━━━┓
Elapsed time is 0.077574 seconds.                                              ┃
━━━━━━━━━━━━━━━━━━━━━━━━━━━━━━━━━━━━━━━━━━━━━━━━━━━━━━━━━━━━━━━━━━━━━━━━━━━━━━━┛
 
START RESOLVING CONDITIONS━━━━━━━━━━━━━━━━━━━━━━━━━━━━━━━━━━━━━━━━━━━━━━━━━━━━━┓
resolving dirichlet condition: ID:1 MSHTAG:1                                   ┃
resolving dirichlet condition: ID:2 MSHTAG:2                                   ┃
resolving neumann   condition: ID:3 MSHTAG:3                                   ┃
Elapsed time is 0.22648 seconds.                                               ┃
━━━━━━━━━━━━━━━━━━━━━━━━━━━━━━━━━━━━━━━━━━━━━━━━━━━━━━━━━━━━━━━━━━━━━━━━━━━━━━━┛
 
RESOLVE FETI MANAGER━━━━━━━━━━━━━━━━━━━━━━━━━━━━━━━━━━━━━━━━━━━━━━━━━━━━━━━━━━━┓
8 subtructures created                                                         ┃
substructures resolved                                                         ┃
substructures evaluated                                                        ┃
connectivity matrices created                                                  ┃
Elapsed time is 1.6599 seconds.                                                ┃
━━━━━━━━━━━━━━━━━━━━━━━━━━━━━━━━━━━━━━━━━━━━━━━━━━━━━━━━━━━━━━━━━━━━━━━━━━━━━━━┛
 
APPLY KINEMATIC CONDITIONS ON SUBSTRUCTURES━━━━━━━━━━━━━━━━━━━━━━━━━━━━━━━━━━━━┓
Dirichlet conditions detected on substructures: 1  2  3  4  5  6  7  8         ┃
Neumann   conditions detected on substructures: 1  2  3  4  5  6  7  8         ┃
Elapsed time is 0.95983 seconds.                                               ┃
━━━━━━━━━━━━━━━━━━━━━━━━━━━━━━━━━━━━━━━━━━━━━━━━━━━━━━━━━━━━━━━━━━━━━━━━━━━━━━━┛
 
FETI Base Setup━━━━━━━━━━━━━━━━━━━━━━━━━━━━━━━━━━━━━━━━━━━━━━━━━━━━━━━━━━━━━━━━┓
FETISSolver.FETISSolver: rigid body modes of substructures: 0  0  3  3  3  3  3  0
Elapsed time is 0.15699 seconds.                                               ┃
━━━━━━━━━━━━━━━━━━━━━━━━━━━━━━━━━━━━━━━━━━━━━━━━━━━━━━━━━━━━━━━━━━━━━━━━━━━━━━━┛
 
START FETI2 SETUP━━━━━━━━━━━━━━━━━━━━━━━━━━━━━━━━━━━━━━━━━━━━━━━━━━━━━━━━━━━━━━┓
Elapsed time is 0.015151 seconds.                                              ┃
━━━━━━━━━━━━━━━━━━━━━━━━━━━━━━━━━━━━━━━━━━━━━━━━━━━━━━━━━━━━━━━━━━━━━━━━━━━━━━━┛
 
INITIALIZE SOLVER━━━━━━━━━━━━━━━━━━━━━━━━━━━━━━━━━━━━━━━━━━━━━━━━━━━━━━━━━━━━━━┓
Using assembled FI operator!                                                   ┃
Auxiliary Coarse Grid: GeNEO
Coarse Grid C_ IS NOT empty!                                                   ┃
Check: Error of substructure equilibrium: 1.6858e-15                           ┃
Elapsed time is 0.19812 seconds.                                               ┃
━━━━━━━━━━━━━━━━━━━━━━━━━━━━━━━━━━━━━━━━━━━━━━━━━━━━━━━━━━━━━━━━━━━━━━━━━━━━━━━┛
 
START FETI2 ITERATIONS━━━━━━━━━━━━━━━━━━━━━━━━━━━━━━━━━━━━━━━━━━━━━━━━━━━━━━━━━┓
Residual = 1.9031e-09                                                          ┃
after 11 iterations                                                            ┃
Elapsed time is 0.10523 seconds.                                               ┃
━━━━━━━━━━━━━━━━━━━━━━━━━━━━━━━━━━━━━━━━━━━━━━━━━━━━━━━━━━━━━━━━━━━━━━━━━━━━━━━┛
 
RECOVER DOMAIN SOLUTION━━━━━━━━━━━━━━━━━━━━━━━━━━━━━━━━━━━━━━━━━━━━━━━━━━━━━━━━┓
Elapsed time is 0.005891 seconds.                                              ┃
━━━━━━━━━━━━━━━━━━━━━━━━━━━━━━━━━━━━━━━━━━━━━━━━━━━━━━━━━━━━━━━━━━━━━━━━━━━━━━━┛
 
RECOVER DOMAIN SOLUTION━━━━━━━━━━━━━━━━━━━━━━━━━━━━━━━━━━━━━━━━━━━━━━━━━━━━━━━━┓
Elapsed time is 0.006055 seconds.                                              ┃
━━━━━━━━━━━━━━━━━━━━━━━━━━━━━━━━━━━━━━━━━━━━━━━━━━━━━━━━━━━━━━━━━━━━━━━━━━━━━━━┛
 
━━━━━━━━━━━━━━━━━━━━━━━━━━━━━━━━━━━━━━━━━━━━━━━━━━━━━━━━━━━━━━━━━━━━━━━━━━━━━━━┓
       ______________  ______   ______            ____  ____  ___________      ┃
      / ____/ ____/  |/  /   | / ____/           / __ \/ __ \/ ___/_  __/      ┃
     / /_  / __/ / /|_/ / /| |/ /      ______   / /_/ / / / /\__ \ / /         ┃
    / __/ / /___/ /  / / ___ / /___   /_____/  / ____/ /_/ /___/ // /          ┃
   /_/   /_____/_/  /_/_/  |_\____/           /_/    \____//____//_/           ┃
  ©Lehrstuhl fuer Angewandte Mechanik - Technische Universitaet Muenchnen      ┃
━━━━━━━━━━━━━━━━━━━━━━━━━━━━━━━━━━━━━━━━━━━━━━━━━━━━━━━━━━━━━━━━━━━━━━━━━━━━━━━┛
 
START DIS READING━━━━━━━━━━━━━━━━━━━━━━━━━━━━━━━━━━━━━━━━━━━━━━━━━━━━━━━━━━━━━━┓
Elapsed time is 0.075392 seconds.                                              ┃
━━━━━━━━━━━━━━━━━━━━━━━━━━━━━━━━━━━━━━━━━━━━━━━━━━━━━━━━━━━━━━━━━━━━━━━━━━━━━━━┛
 
START POSTPROCESSING━━━━━━━━━━━━━━━━━━━━━━━━━━━━━━━━━━━━━━━━━━━━━━━━━━━━━━━━━━━┓
element stresses processed                                                     ┃
Elapsed time is 0.2919 seconds.                                                ┃
━━━━━━━━━━━━━━━━━━━━━━━━━━━━━━━━━━━━━━━━━━━━━━━━━━━━━━━━━━━━━━━━━━━━━━━━━━━━━━━┛
 
START VTK-WRITING━━━━━━━━━━━━━━━━━━━━━━━━━━━━━━━━━━━━━━━━━━━━━━━━━━━━━━━━━━━━━━┓
361 nodes written                                                              ┃
324 elements written                                                           ┃
field CONDID_1 SCALARS FLOAT written                                           ┃
field CONDID_2 SCALARS FLOAT written                                           ┃
field CONDID_3 SCALARS FLOAT written                                           ┃
field displacement VECTORS FLOAT written                                       ┃
field MATID_1 SCALARS FLOAT written                                            ┃
field MATID_2 SCALARS FLOAT written                                            ┃
field SUB_ID SCALARS FLOAT written                                             ┃
field SubCenter_Diff VECTORS FLOAT written                                     ┃
Elapsed time is 0.28283 seconds.                                               ┃
━━━━━━━━━━━━━━━━━━━━━━━━━━━━━━━━━━━━━━━━━━━━━━━━━━━━━━━━━━━━━━━━━━━━━━━━━━━━━━━┛
 
INFO━━━━━━━━━━━━━━━━━━━━━━━━━━━━━━━━━━━━━━━━━━━━━━━━━━━━━━━━━━━━━━━━━━━━━━━━━━━┓
dat   -file:                                                                   ┃
mesh  -file: ./chaco/feti2geneo/../../checkerboard_chaco.msh                   ┃
output-file: ./chaco/feti2geneo/output/checkerboard_tau2.vtk.1                 ┃
matlab-version: 9.0.0.341360 (R2016a)                                          ┃
calculated on : 21-Aug-2016 by lukas on xubuntu                                ┃
git-hash: unknown                                                              ┃
━━━━━━━━━━━━━━━━━━━━━━━━━━━━━━━━━━━━━━━━━━━━━━━━━━━━━━━━━━━━━━━━━━━━━━━━━━━━━━━┛
 
━━━━━━━━━━━━━━━━━━━━━━━━━━━━━━━━━━━━━━━━━━━━━━━━━━━━━━━━━━━━━━━━━━━━━━━━━━━━━━━┓
      ______________  ______   ______            __  ______    _____   __      ┃
     / ____/ ____/  |/  /   | / ____/           /  |/  /   |  /  _/ | / /      ┃
    / /_  / __/ / /|_/ / /| |/ /      ______   / /|_/ / /| |  / //  |/ /       ┃
   / __/ / /___/ /  / / ___ / /___   /_____/  / /  / / ___ |_/ // /|  /        ┃
  /_/   /_____/_/  /_/_/  |_\____/           /_/  /_/_/  |_/___/_/ |_/         ┃
  ©Lehrstuhl fuer Angewandte Mechanik - Technische Universitaet Muenchnen      ┃
━━━━━━━━━━━━━━━━━━━━━━━━━━━━━━━━━━━━━━━━━━━━━━━━━━━━━━━━━━━━━━━━━━━━━━━━━━━━━━━┛
 
START DIS READING━━━━━━━━━━━━━━━━━━━━━━━━━━━━━━━━━━━━━━━━━━━━━━━━━━━━━━━━━━━━━━┓
Elapsed time is 0.069087 seconds.                                              ┃
━━━━━━━━━━━━━━━━━━━━━━━━━━━━━━━━━━━━━━━━━━━━━━━━━━━━━━━━━━━━━━━━━━━━━━━━━━━━━━━┛
 
START RESOLVING CONDITIONS━━━━━━━━━━━━━━━━━━━━━━━━━━━━━━━━━━━━━━━━━━━━━━━━━━━━━┓
resolving dirichlet condition: ID:1 MSHTAG:1                                   ┃
resolving dirichlet condition: ID:2 MSHTAG:2                                   ┃
resolving neumann   condition: ID:3 MSHTAG:3                                   ┃
Elapsed time is 0.33954 seconds.                                               ┃
━━━━━━━━━━━━━━━━━━━━━━━━━━━━━━━━━━━━━━━━━━━━━━━━━━━━━━━━━━━━━━━━━━━━━━━━━━━━━━━┛
 
RESOLVE FETI MANAGER━━━━━━━━━━━━━━━━━━━━━━━━━━━━━━━━━━━━━━━━━━━━━━━━━━━━━━━━━━━┓
8 subtructures created                                                         ┃
substructures resolved                                                         ┃
substructures evaluated                                                        ┃
connectivity matrices created                                                  ┃
Elapsed time is 2.1176 seconds.                                                ┃
━━━━━━━━━━━━━━━━━━━━━━━━━━━━━━━━━━━━━━━━━━━━━━━━━━━━━━━━━━━━━━━━━━━━━━━━━━━━━━━┛
 
APPLY KINEMATIC CONDITIONS ON SUBSTRUCTURES━━━━━━━━━━━━━━━━━━━━━━━━━━━━━━━━━━━━┓
Dirichlet conditions detected on substructures: 1  2  3  4  5  6  7  8         ┃
Neumann   conditions detected on substructures: 1  2  3  4  5  6  7  8         ┃
Elapsed time is 1.4257 seconds.                                                ┃
━━━━━━━━━━━━━━━━━━━━━━━━━━━━━━━━━━━━━━━━━━━━━━━━━━━━━━━━━━━━━━━━━━━━━━━━━━━━━━━┛
 
FETI Base Setup━━━━━━━━━━━━━━━━━━━━━━━━━━━━━━━━━━━━━━━━━━━━━━━━━━━━━━━━━━━━━━━━┓
FETISSolver.FETISSolver: rigid body modes of substructures: 0  0  3  3  3  3  3  0
Elapsed time is 0.16192 seconds.                                               ┃
━━━━━━━━━━━━━━━━━━━━━━━━━━━━━━━━━━━━━━━━━━━━━━━━━━━━━━━━━━━━━━━━━━━━━━━━━━━━━━━┛
 
START FETI2 SETUP━━━━━━━━━━━━━━━━━━━━━━━━━━━━━━━━━━━━━━━━━━━━━━━━━━━━━━━━━━━━━━┓
Elapsed time is 0.013475 seconds.                                              ┃
━━━━━━━━━━━━━━━━━━━━━━━━━━━━━━━━━━━━━━━━━━━━━━━━━━━━━━━━━━━━━━━━━━━━━━━━━━━━━━━┛
 
INITIALIZE SOLVER━━━━━━━━━━━━━━━━━━━━━━━━━━━━━━━━━━━━━━━━━━━━━━━━━━━━━━━━━━━━━━┓
Using assembled FI operator!                                                   ┃
Auxiliary Coarse Grid: GeNEO
Coarse Grid C_ IS NOT empty!                                                   ┃
Check: Error of substructure equilibrium: 1.6858e-15                           ┃
Elapsed time is 0.17745 seconds.                                               ┃
━━━━━━━━━━━━━━━━━━━━━━━━━━━━━━━━━━━━━━━━━━━━━━━━━━━━━━━━━━━━━━━━━━━━━━━━━━━━━━━┛
 
START FETI2 ITERATIONS━━━━━━━━━━━━━━━━━━━━━━━━━━━━━━━━━━━━━━━━━━━━━━━━━━━━━━━━━┓
Residual = 7.91e-09                                                            ┃
after 10 iterations                                                            ┃
Elapsed time is 0.087575 seconds.                                              ┃
━━━━━━━━━━━━━━━━━━━━━━━━━━━━━━━━━━━━━━━━━━━━━━━━━━━━━━━━━━━━━━━━━━━━━━━━━━━━━━━┛
 
RECOVER DOMAIN SOLUTION━━━━━━━━━━━━━━━━━━━━━━━━━━━━━━━━━━━━━━━━━━━━━━━━━━━━━━━━┓
Elapsed time is 0.006573 seconds.                                              ┃
━━━━━━━━━━━━━━━━━━━━━━━━━━━━━━━━━━━━━━━━━━━━━━━━━━━━━━━━━━━━━━━━━━━━━━━━━━━━━━━┛
 
RECOVER DOMAIN SOLUTION━━━━━━━━━━━━━━━━━━━━━━━━━━━━━━━━━━━━━━━━━━━━━━━━━━━━━━━━┓
Elapsed time is 0.006778 seconds.                                              ┃
━━━━━━━━━━━━━━━━━━━━━━━━━━━━━━━━━━━━━━━━━━━━━━━━━━━━━━━━━━━━━━━━━━━━━━━━━━━━━━━┛
 
━━━━━━━━━━━━━━━━━━━━━━━━━━━━━━━━━━━━━━━━━━━━━━━━━━━━━━━━━━━━━━━━━━━━━━━━━━━━━━━┓
       ______________  ______   ______            ____  ____  ___________      ┃
      / ____/ ____/  |/  /   | / ____/           / __ \/ __ \/ ___/_  __/      ┃
     / /_  / __/ / /|_/ / /| |/ /      ______   / /_/ / / / /\__ \ / /         ┃
    / __/ / /___/ /  / / ___ / /___   /_____/  / ____/ /_/ /___/ // /          ┃
   /_/   /_____/_/  /_/_/  |_\____/           /_/    \____//____//_/           ┃
  ©Lehrstuhl fuer Angewandte Mechanik - Technische Universitaet Muenchnen      ┃
━━━━━━━━━━━━━━━━━━━━━━━━━━━━━━━━━━━━━━━━━━━━━━━━━━━━━━━━━━━━━━━━━━━━━━━━━━━━━━━┛
 
START DIS READING━━━━━━━━━━━━━━━━━━━━━━━━━━━━━━━━━━━━━━━━━━━━━━━━━━━━━━━━━━━━━━┓
Elapsed time is 0.090967 seconds.                                              ┃
━━━━━━━━━━━━━━━━━━━━━━━━━━━━━━━━━━━━━━━━━━━━━━━━━━━━━━━━━━━━━━━━━━━━━━━━━━━━━━━┛
 
START POSTPROCESSING━━━━━━━━━━━━━━━━━━━━━━━━━━━━━━━━━━━━━━━━━━━━━━━━━━━━━━━━━━━┓
element stresses processed                                                     ┃
Elapsed time is 0.45092 seconds.                                               ┃
━━━━━━━━━━━━━━━━━━━━━━━━━━━━━━━━━━━━━━━━━━━━━━━━━━━━━━━━━━━━━━━━━━━━━━━━━━━━━━━┛
 
START VTK-WRITING━━━━━━━━━━━━━━━━━━━━━━━━━━━━━━━━━━━━━━━━━━━━━━━━━━━━━━━━━━━━━━┓
361 nodes written                                                              ┃
324 elements written                                                           ┃
field CONDID_1 SCALARS FLOAT written                                           ┃
field CONDID_2 SCALARS FLOAT written                                           ┃
field CONDID_3 SCALARS FLOAT written                                           ┃
field displacement VECTORS FLOAT written                                       ┃
field MATID_1 SCALARS FLOAT written                                            ┃
field MATID_2 SCALARS FLOAT written                                            ┃
field SUB_ID SCALARS FLOAT written                                             ┃
field SubCenter_Diff VECTORS FLOAT written                                     ┃
Elapsed time is 0.36195 seconds.                                               ┃
━━━━━━━━━━━━━━━━━━━━━━━━━━━━━━━━━━━━━━━━━━━━━━━━━━━━━━━━━━━━━━━━━━━━━━━━━━━━━━━┛
 
INFO━━━━━━━━━━━━━━━━━━━━━━━━━━━━━━━━━━━━━━━━━━━━━━━━━━━━━━━━━━━━━━━━━━━━━━━━━━━┓
dat   -file:                                                                   ┃
mesh  -file: ./chaco/feti2geneo/../../checkerboard_chaco.msh                   ┃
output-file: ./chaco/feti2geneo/output/checkerboard_tau2.vtk.1                 ┃
matlab-version: 9.0.0.341360 (R2016a)                                          ┃
calculated on : 21-Aug-2016 by lukas on xubuntu                                ┃
git-hash: unknown                                                              ┃
━━━━━━━━━━━━━━━━━━━━━━━━━━━━━━━━━━━━━━━━━━━━━━━━━━━━━━━━━━━━━━━━━━━━━━━━━━━━━━━┛
 
━━━━━━━━━━━━━━━━━━━━━━━━━━━━━━━━━━━━━━━━━━━━━━━━━━━━━━━━━━━━━━━━━━━━━━━━━━━━━━━┓
      ______________  ______   ______            __  ______    _____   __      ┃
     / ____/ ____/  |/  /   | / ____/           /  |/  /   |  /  _/ | / /      ┃
    / /_  / __/ / /|_/ / /| |/ /      ______   / /|_/ / /| |  / //  |/ /       ┃
   / __/ / /___/ /  / / ___ / /___   /_____/  / /  / / ___ |_/ // /|  /        ┃
  /_/   /_____/_/  /_/_/  |_\____/           /_/  /_/_/  |_/___/_/ |_/         ┃
  ©Lehrstuhl fuer Angewandte Mechanik - Technische Universitaet Muenchnen      ┃
━━━━━━━━━━━━━━━━━━━━━━━━━━━━━━━━━━━━━━━━━━━━━━━━━━━━━━━━━━━━━━━━━━━━━━━━━━━━━━━┛
 
START DIS READING━━━━━━━━━━━━━━━━━━━━━━━━━━━━━━━━━━━━━━━━━━━━━━━━━━━━━━━━━━━━━━┓
Elapsed time is 0.068866 seconds.                                              ┃
━━━━━━━━━━━━━━━━━━━━━━━━━━━━━━━━━━━━━━━━━━━━━━━━━━━━━━━━━━━━━━━━━━━━━━━━━━━━━━━┛
 
START RESOLVING CONDITIONS━━━━━━━━━━━━━━━━━━━━━━━━━━━━━━━━━━━━━━━━━━━━━━━━━━━━━┓
resolving dirichlet condition: ID:1 MSHTAG:1                                   ┃
resolving dirichlet condition: ID:2 MSHTAG:2                                   ┃
resolving neumann   condition: ID:3 MSHTAG:3                                   ┃
Elapsed time is 0.21041 seconds.                                               ┃
━━━━━━━━━━━━━━━━━━━━━━━━━━━━━━━━━━━━━━━━━━━━━━━━━━━━━━━━━━━━━━━━━━━━━━━━━━━━━━━┛
 
RESOLVE FETI MANAGER━━━━━━━━━━━━━━━━━━━━━━━━━━━━━━━━━━━━━━━━━━━━━━━━━━━━━━━━━━━┓
8 subtructures created                                                         ┃
substructures resolved                                                         ┃
substructures evaluated                                                        ┃
connectivity matrices created                                                  ┃
Elapsed time is 1.6333 seconds.                                                ┃
━━━━━━━━━━━━━━━━━━━━━━━━━━━━━━━━━━━━━━━━━━━━━━━━━━━━━━━━━━━━━━━━━━━━━━━━━━━━━━━┛
 
APPLY KINEMATIC CONDITIONS ON SUBSTRUCTURES━━━━━━━━━━━━━━━━━━━━━━━━━━━━━━━━━━━━┓
Dirichlet conditions detected on substructures: 1  2  3  4  5  6  7  8         ┃
Neumann   conditions detected on substructures: 1  2  3  4  5  6  7  8         ┃
Elapsed time is 0.96874 seconds.                                               ┃
━━━━━━━━━━━━━━━━━━━━━━━━━━━━━━━━━━━━━━━━━━━━━━━━━━━━━━━━━━━━━━━━━━━━━━━━━━━━━━━┛
 
FETI Base Setup━━━━━━━━━━━━━━━━━━━━━━━━━━━━━━━━━━━━━━━━━━━━━━━━━━━━━━━━━━━━━━━━┓
FETISSolver.FETISSolver: rigid body modes of substructures: 0  0  3  3  3  3  3  0
Elapsed time is 0.14186 seconds.                                               ┃
━━━━━━━━━━━━━━━━━━━━━━━━━━━━━━━━━━━━━━━━━━━━━━━━━━━━━━━━━━━━━━━━━━━━━━━━━━━━━━━┛
 
START FETI2 SETUP━━━━━━━━━━━━━━━━━━━━━━━━━━━━━━━━━━━━━━━━━━━━━━━━━━━━━━━━━━━━━━┓
Elapsed time is 0.013 seconds.                                                 ┃
━━━━━━━━━━━━━━━━━━━━━━━━━━━━━━━━━━━━━━━━━━━━━━━━━━━━━━━━━━━━━━━━━━━━━━━━━━━━━━━┛
 
INITIALIZE SOLVER━━━━━━━━━━━━━━━━━━━━━━━━━━━━━━━━━━━━━━━━━━━━━━━━━━━━━━━━━━━━━━┓
Using assembled FI operator!                                                   ┃
Auxiliary Coarse Grid: GeNEO
Coarse Grid C_ IS NOT empty!                                                   ┃
Check: Error of substructure equilibrium: 1.6858e-15                           ┃
Elapsed time is 0.16207 seconds.                                               ┃
━━━━━━━━━━━━━━━━━━━━━━━━━━━━━━━━━━━━━━━━━━━━━━━━━━━━━━━━━━━━━━━━━━━━━━━━━━━━━━━┛
 
START FETI2 ITERATIONS━━━━━━━━━━━━━━━━━━━━━━━━━━━━━━━━━━━━━━━━━━━━━━━━━━━━━━━━━┓
Residual = 6.9435e-09                                                          ┃
after 10 iterations                                                            ┃
Elapsed time is 0.055625 seconds.                                              ┃
━━━━━━━━━━━━━━━━━━━━━━━━━━━━━━━━━━━━━━━━━━━━━━━━━━━━━━━━━━━━━━━━━━━━━━━━━━━━━━━┛
 
RECOVER DOMAIN SOLUTION━━━━━━━━━━━━━━━━━━━━━━━━━━━━━━━━━━━━━━━━━━━━━━━━━━━━━━━━┓
Elapsed time is 0.004448 seconds.                                              ┃
━━━━━━━━━━━━━━━━━━━━━━━━━━━━━━━━━━━━━━━━━━━━━━━━━━━━━━━━━━━━━━━━━━━━━━━━━━━━━━━┛
 
RECOVER DOMAIN SOLUTION━━━━━━━━━━━━━━━━━━━━━━━━━━━━━━━━━━━━━━━━━━━━━━━━━━━━━━━━┓
Elapsed time is 0.003776 seconds.                                              ┃
━━━━━━━━━━━━━━━━━━━━━━━━━━━━━━━━━━━━━━━━━━━━━━━━━━━━━━━━━━━━━━━━━━━━━━━━━━━━━━━┛
 
━━━━━━━━━━━━━━━━━━━━━━━━━━━━━━━━━━━━━━━━━━━━━━━━━━━━━━━━━━━━━━━━━━━━━━━━━━━━━━━┓
       ______________  ______   ______            ____  ____  ___________      ┃
      / ____/ ____/  |/  /   | / ____/           / __ \/ __ \/ ___/_  __/      ┃
     / /_  / __/ / /|_/ / /| |/ /      ______   / /_/ / / / /\__ \ / /         ┃
    / __/ / /___/ /  / / ___ / /___   /_____/  / ____/ /_/ /___/ // /          ┃
   /_/   /_____/_/  /_/_/  |_\____/           /_/    \____//____//_/           ┃
  ©Lehrstuhl fuer Angewandte Mechanik - Technische Universitaet Muenchnen      ┃
━━━━━━━━━━━━━━━━━━━━━━━━━━━━━━━━━━━━━━━━━━━━━━━━━━━━━━━━━━━━━━━━━━━━━━━━━━━━━━━┛
 
START DIS READING━━━━━━━━━━━━━━━━━━━━━━━━━━━━━━━━━━━━━━━━━━━━━━━━━━━━━━━━━━━━━━┓
Elapsed time is 0.07006 seconds.                                               ┃
━━━━━━━━━━━━━━━━━━━━━━━━━━━━━━━━━━━━━━━━━━━━━━━━━━━━━━━━━━━━━━━━━━━━━━━━━━━━━━━┛
 
START POSTPROCESSING━━━━━━━━━━━━━━━━━━━━━━━━━━━━━━━━━━━━━━━━━━━━━━━━━━━━━━━━━━━┓
element stresses processed                                                     ┃
Elapsed time is 0.28474 seconds.                                               ┃
━━━━━━━━━━━━━━━━━━━━━━━━━━━━━━━━━━━━━━━━━━━━━━━━━━━━━━━━━━━━━━━━━━━━━━━━━━━━━━━┛
 
START VTK-WRITING━━━━━━━━━━━━━━━━━━━━━━━━━━━━━━━━━━━━━━━━━━━━━━━━━━━━━━━━━━━━━━┓
361 nodes written                                                              ┃
324 elements written                                                           ┃
field CONDID_1 SCALARS FLOAT written                                           ┃
field CONDID_2 SCALARS FLOAT written                                           ┃
field CONDID_3 SCALARS FLOAT written                                           ┃
field displacement VECTORS FLOAT written                                       ┃
field MATID_1 SCALARS FLOAT written                                            ┃
field MATID_2 SCALARS FLOAT written                                            ┃
field SUB_ID SCALARS FLOAT written                                             ┃
field SubCenter_Diff VECTORS FLOAT written                                     ┃
Elapsed time is 0.26472 seconds.                                               ┃
━━━━━━━━━━━━━━━━━━━━━━━━━━━━━━━━━━━━━━━━━━━━━━━━━━━━━━━━━━━━━━━━━━━━━━━━━━━━━━━┛
 
INFO━━━━━━━━━━━━━━━━━━━━━━━━━━━━━━━━━━━━━━━━━━━━━━━━━━━━━━━━━━━━━━━━━━━━━━━━━━━┓
dat   -file:                                                                   ┃
mesh  -file: ./chaco/feti2geneo/../../checkerboard_chaco.msh                   ┃
output-file: ./chaco/feti2geneo/output/checkerboard_tau2.vtk.1                 ┃
matlab-version: 9.0.0.341360 (R2016a)                                          ┃
calculated on : 21-Aug-2016 by lukas on xubuntu                                ┃
git-hash: unknown                                                              ┃
━━━━━━━━━━━━━━━━━━━━━━━━━━━━━━━━━━━━━━━━━━━━━━━━━━━━━━━━━━━━━━━━━━━━━━━━━━━━━━━┛
 
━━━━━━━━━━━━━━━━━━━━━━━━━━━━━━━━━━━━━━━━━━━━━━━━━━━━━━━━━━━━━━━━━━━━━━━━━━━━━━━┓
      ______________  ______   ______            __  ______    _____   __      ┃
     / ____/ ____/  |/  /   | / ____/           /  |/  /   |  /  _/ | / /      ┃
    / /_  / __/ / /|_/ / /| |/ /      ______   / /|_/ / /| |  / //  |/ /       ┃
   / __/ / /___/ /  / / ___ / /___   /_____/  / /  / / ___ |_/ // /|  /        ┃
  /_/   /_____/_/  /_/_/  |_\____/           /_/  /_/_/  |_/___/_/ |_/         ┃
  ©Lehrstuhl fuer Angewandte Mechanik - Technische Universitaet Muenchnen      ┃
━━━━━━━━━━━━━━━━━━━━━━━━━━━━━━━━━━━━━━━━━━━━━━━━━━━━━━━━━━━━━━━━━━━━━━━━━━━━━━━┛
 
START DIS READING━━━━━━━━━━━━━━━━━━━━━━━━━━━━━━━━━━━━━━━━━━━━━━━━━━━━━━━━━━━━━━┓
Elapsed time is 0.16754 seconds.                                               ┃
━━━━━━━━━━━━━━━━━━━━━━━━━━━━━━━━━━━━━━━━━━━━━━━━━━━━━━━━━━━━━━━━━━━━━━━━━━━━━━━┛
 
START RESOLVING CONDITIONS━━━━━━━━━━━━━━━━━━━━━━━━━━━━━━━━━━━━━━━━━━━━━━━━━━━━━┓
resolving dirichlet condition: ID:1 MSHTAG:1                                   ┃
resolving dirichlet condition: ID:2 MSHTAG:2                                   ┃
resolving neumann   condition: ID:3 MSHTAG:3                                   ┃
Elapsed time is 0.43228 seconds.                                               ┃
━━━━━━━━━━━━━━━━━━━━━━━━━━━━━━━━━━━━━━━━━━━━━━━━━━━━━━━━━━━━━━━━━━━━━━━━━━━━━━━┛
 
RESOLVE FETI MANAGER━━━━━━━━━━━━━━━━━━━━━━━━━━━━━━━━━━━━━━━━━━━━━━━━━━━━━━━━━━━┓
8 subtructures created                                                         ┃
substructures resolved                                                         ┃
substructures evaluated                                                        ┃
connectivity matrices created                                                  ┃
Elapsed time is 2.7361 seconds.                                                ┃
━━━━━━━━━━━━━━━━━━━━━━━━━━━━━━━━━━━━━━━━━━━━━━━━━━━━━━━━━━━━━━━━━━━━━━━━━━━━━━━┛
 
APPLY KINEMATIC CONDITIONS ON SUBSTRUCTURES━━━━━━━━━━━━━━━━━━━━━━━━━━━━━━━━━━━━┓
Dirichlet conditions detected on substructures: 1  2  3  4  5  6  7  8         ┃
Neumann   conditions detected on substructures: 1  2  3  4  5  6  7  8         ┃
Elapsed time is 1.2296 seconds.                                                ┃
━━━━━━━━━━━━━━━━━━━━━━━━━━━━━━━━━━━━━━━━━━━━━━━━━━━━━━━━━━━━━━━━━━━━━━━━━━━━━━━┛
 
FETI Base Setup━━━━━━━━━━━━━━━━━━━━━━━━━━━━━━━━━━━━━━━━━━━━━━━━━━━━━━━━━━━━━━━━┓
FETISSolver.FETISSolver: rigid body modes of substructures: 0  0  3  3  3  3  3  0
Elapsed time is 0.15251 seconds.                                               ┃
━━━━━━━━━━━━━━━━━━━━━━━━━━━━━━━━━━━━━━━━━━━━━━━━━━━━━━━━━━━━━━━━━━━━━━━━━━━━━━━┛
 
START FETI2 SETUP━━━━━━━━━━━━━━━━━━━━━━━━━━━━━━━━━━━━━━━━━━━━━━━━━━━━━━━━━━━━━━┓
Elapsed time is 0.012771 seconds.                                              ┃
━━━━━━━━━━━━━━━━━━━━━━━━━━━━━━━━━━━━━━━━━━━━━━━━━━━━━━━━━━━━━━━━━━━━━━━━━━━━━━━┛
 
INITIALIZE SOLVER━━━━━━━━━━━━━━━━━━━━━━━━━━━━━━━━━━━━━━━━━━━━━━━━━━━━━━━━━━━━━━┓
Using assembled FI operator!                                                   ┃
Auxiliary Coarse Grid: GeNEO
Coarse Grid C_ IS NOT empty!                                                   ┃
Check: Error of substructure equilibrium: 1.6858e-15                           ┃
Elapsed time is 0.16067 seconds.                                               ┃
━━━━━━━━━━━━━━━━━━━━━━━━━━━━━━━━━━━━━━━━━━━━━━━━━━━━━━━━━━━━━━━━━━━━━━━━━━━━━━━┛
 
START FETI2 ITERATIONS━━━━━━━━━━━━━━━━━━━━━━━━━━━━━━━━━━━━━━━━━━━━━━━━━━━━━━━━━┓
Residual = 6.6763e-09                                                          ┃
after 10 iterations                                                            ┃
Elapsed time is 0.060386 seconds.                                              ┃
━━━━━━━━━━━━━━━━━━━━━━━━━━━━━━━━━━━━━━━━━━━━━━━━━━━━━━━━━━━━━━━━━━━━━━━━━━━━━━━┛
 
RECOVER DOMAIN SOLUTION━━━━━━━━━━━━━━━━━━━━━━━━━━━━━━━━━━━━━━━━━━━━━━━━━━━━━━━━┓
Elapsed time is 0.006346 seconds.                                              ┃
━━━━━━━━━━━━━━━━━━━━━━━━━━━━━━━━━━━━━━━━━━━━━━━━━━━━━━━━━━━━━━━━━━━━━━━━━━━━━━━┛
 
RECOVER DOMAIN SOLUTION━━━━━━━━━━━━━━━━━━━━━━━━━━━━━━━━━━━━━━━━━━━━━━━━━━━━━━━━┓
Elapsed time is 0.006167 seconds.                                              ┃
━━━━━━━━━━━━━━━━━━━━━━━━━━━━━━━━━━━━━━━━━━━━━━━━━━━━━━━━━━━━━━━━━━━━━━━━━━━━━━━┛
 
━━━━━━━━━━━━━━━━━━━━━━━━━━━━━━━━━━━━━━━━━━━━━━━━━━━━━━━━━━━━━━━━━━━━━━━━━━━━━━━┓
       ______________  ______   ______            ____  ____  ___________      ┃
      / ____/ ____/  |/  /   | / ____/           / __ \/ __ \/ ___/_  __/      ┃
     / /_  / __/ / /|_/ / /| |/ /      ______   / /_/ / / / /\__ \ / /         ┃
    / __/ / /___/ /  / / ___ / /___   /_____/  / ____/ /_/ /___/ // /          ┃
   /_/   /_____/_/  /_/_/  |_\____/           /_/    \____//____//_/           ┃
  ©Lehrstuhl fuer Angewandte Mechanik - Technische Universitaet Muenchnen      ┃
━━━━━━━━━━━━━━━━━━━━━━━━━━━━━━━━━━━━━━━━━━━━━━━━━━━━━━━━━━━━━━━━━━━━━━━━━━━━━━━┛
 
START DIS READING━━━━━━━━━━━━━━━━━━━━━━━━━━━━━━━━━━━━━━━━━━━━━━━━━━━━━━━━━━━━━━┓
Elapsed time is 0.07387 seconds.                                               ┃
━━━━━━━━━━━━━━━━━━━━━━━━━━━━━━━━━━━━━━━━━━━━━━━━━━━━━━━━━━━━━━━━━━━━━━━━━━━━━━━┛
 
START POSTPROCESSING━━━━━━━━━━━━━━━━━━━━━━━━━━━━━━━━━━━━━━━━━━━━━━━━━━━━━━━━━━━┓
element stresses processed                                                     ┃
Elapsed time is 0.28347 seconds.                                               ┃
━━━━━━━━━━━━━━━━━━━━━━━━━━━━━━━━━━━━━━━━━━━━━━━━━━━━━━━━━━━━━━━━━━━━━━━━━━━━━━━┛
 
START VTK-WRITING━━━━━━━━━━━━━━━━━━━━━━━━━━━━━━━━━━━━━━━━━━━━━━━━━━━━━━━━━━━━━━┓
361 nodes written                                                              ┃
324 elements written                                                           ┃
field CONDID_1 SCALARS FLOAT written                                           ┃
field CONDID_2 SCALARS FLOAT written                                           ┃
field CONDID_3 SCALARS FLOAT written                                           ┃
field displacement VECTORS FLOAT written                                       ┃
field MATID_1 SCALARS FLOAT written                                            ┃
field MATID_2 SCALARS FLOAT written                                            ┃
field SUB_ID SCALARS FLOAT written                                             ┃
field SubCenter_Diff VECTORS FLOAT written                                     ┃
Elapsed time is 0.26852 seconds.                                               ┃
━━━━━━━━━━━━━━━━━━━━━━━━━━━━━━━━━━━━━━━━━━━━━━━━━━━━━━━━━━━━━━━━━━━━━━━━━━━━━━━┛
 
INFO━━━━━━━━━━━━━━━━━━━━━━━━━━━━━━━━━━━━━━━━━━━━━━━━━━━━━━━━━━━━━━━━━━━━━━━━━━━┓
dat   -file:                                                                   ┃
mesh  -file: ./chaco/feti2geneo/../../checkerboard_chaco.msh                   ┃
output-file: ./chaco/feti2geneo/output/checkerboard_tau2.vtk.1                 ┃
matlab-version: 9.0.0.341360 (R2016a)                                          ┃
calculated on : 21-Aug-2016 by lukas on xubuntu                                ┃
git-hash: unknown                                                              ┃
━━━━━━━━━━━━━━━━━━━━━━━━━━━━━━━━━━━━━━━━━━━━━━━━━━━━━━━━━━━━━━━━━━━━━━━━━━━━━━━┛
 
