━━━━━━━━━━━━━━━━━━━━━━━━━━━━━━━━━━━━━━━━━━━━━━━━━━━━━━━━━━━━━━━━━━━━━━━━━━━━━━━┓
      ______________  ______   ______            __  ______    _____   __      ┃
     / ____/ ____/  |/  /   | / ____/           /  |/  /   |  /  _/ | / /      ┃
    / /_  / __/ / /|_/ / /| |/ /      ______   / /|_/ / /| |  / //  |/ /       ┃
   / __/ / /___/ /  / / ___ / /___   /_____/  / /  / / ___ |_/ // /|  /        ┃
  /_/   /_____/_/  /_/_/  |_\____/           /_/  /_/_/  |_/___/_/ |_/         ┃
  ©Lehrstuhl fuer Angewandte Mechanik - Technische Universitaet Muenchnen      ┃
━━━━━━━━━━━━━━━━━━━━━━━━━━━━━━━━━━━━━━━━━━━━━━━━━━━━━━━━━━━━━━━━━━━━━━━━━━━━━━━┛
 
{Error using <a href="matlab:matlab.internal.language.introspective.errorDocCallback('ProblemFETIMain', '/home/lukas/Desktop/FEMAC/prob/ProblemFETIMain.m', 31)" style="font-weight:bold">ProblemFETIMain</a> (<a href="matlab: opentoline('/home/lukas/Desktop/FEMAC/prob/ProblemFETIMain.m',31,0)">line 31</a>)
unknown solver: FETIBSolver
Error in <a href="matlab:matlab.internal.language.introspective.errorDocCallback('femac_main', '/home/lukas/Desktop/FEMAC/femac_main.m', 41)" style="font-weight:bold">femac_main</a> (<a href="matlab: opentoline('/home/lukas/Desktop/FEMAC/femac_main.m',41,0)">line 41</a>)
      prob=ProblemFETIMain(params,datpath,materials,condlist,datdir);
      Error in <a href="matlab:matlab.internal.language.introspective.errorDocCallback('femac', '/home/lukas/Desktop/FEMAC/femac.m', 29)" style="font-weight:bold">femac</a> (<a href="matlab: opentoline('/home/lukas/Desktop/FEMAC/femac.m',29,0)">line 29</a>)
  prob.main=femac_main(datpath);} 
opentoline('/home/lukas/Desktop/FEMAC/prob/ProblemFETIMain.m',31,0)
femac('/home/lukas/Desktop/FEMAC/examples/feti/minimal_example/minimal_example.dat')
━━━━━━━━━━━━━━━━━━━━━━━━━━━━━━━━━━━━━━━━━━━━━━━━━━━━━━━━━━━━━━━━━━━━━━━━━━━━━━━┓
          ______________  ______   ______            ____  ____  ______        ┃
         / ____/ ____/  |/  /   | / ____/           / __ \/ __ \/ ____/        ┃
        / /_  / __/ / /|_/ / /| |/ /      ______   / /_/ / /_/ / __/           ┃
       / __/ / /___/ /  / / ___ / /___   /_____/  / ____/ _, _/ /___           ┃
      /_/   /_____/_/  /_/_/  |_\____/           /_/   /_/ |_/_____/           ┃
  ©Lehrstuhl fuer Angewandte Mechanik - Technische Universitaet Muenchnen      ┃
━━━━━━━━━━━━━━━━━━━━━━━━━━━━━━━━━━━━━━━━━━━━━━━━━━━━━━━━━━━━━━━━━━━━━━━━━━━━━━━┛
 
START MESH READING━━━━━━━━━━━━━━━━━━━━━━━━━━━━━━━━━━━━━━━━━━━━━━━━━━━━━━━━━━━━━┓
6 nodes created                                                                ┃
2 stiffness elements created                                                   ┃
2 dirichlet elements created                                                   ┃
1 neumann elements created                                                     ┃
wrote mesh to file: /home/lukas/Desktop/FEMAC/examples/feti/minimal_example/minimal_example.dis
Elapsed time is 0.043499 seconds.                                              ┃
━━━━━━━━━━━━━━━━━━━━━━━━━━━━━━━━━━━━━━━━━━━━━━━━━━━━━━━━━━━━━━━━━━━━━━━━━━━━━━━┛
 
━━━━━━━━━━━━━━━━━━━━━━━━━━━━━━━━━━━━━━━━━━━━━━━━━━━━━━━━━━━━━━━━━━━━━━━━━━━━━━━┓
      ______________  ______   ______            __  ______    _____   __      ┃
     / ____/ ____/  |/  /   | / ____/           /  |/  /   |  /  _/ | / /      ┃
    / /_  / __/ / /|_/ / /| |/ /      ______   / /|_/ / /| |  / //  |/ /       ┃
   / __/ / /___/ /  / / ___ / /___   /_____/  / /  / / ___ |_/ // /|  /        ┃
  /_/   /_____/_/  /_/_/  |_\____/           /_/  /_/_/  |_/___/_/ |_/         ┃
  ©Lehrstuhl fuer Angewandte Mechanik - Technische Universitaet Muenchnen      ┃
━━━━━━━━━━━━━━━━━━━━━━━━━━━━━━━━━━━━━━━━━━━━━━━━━━━━━━━━━━━━━━━━━━━━━━━━━━━━━━━┛
 
{Undefined function or variable 'FETIBSolver'.
Error in <a href="matlab:matlab.internal.language.introspective.errorDocCallback('ProblemFETIMain', '/home/lukas/Desktop/FEMAC/prob/ProblemFETIMain.m', 31)" style="font-weight:bold">ProblemFETIMain</a> (<a href="matlab: opentoline('/home/lukas/Desktop/FEMAC/prob/ProblemFETIMain.m',31,0)">line 31</a>)
          this.solver_ =
          FETIBSolver(this.dis_,this.outbuffer_,this.params_.SOLVER.PARAMS,this.condlist_);
          Error in <a href="matlab:matlab.internal.language.introspective.errorDocCallback('femac_main', '/home/lukas/Desktop/FEMAC/femac_main.m', 41)" style="font-weight:bold">femac_main</a> (<a href="matlab: opentoline('/home/lukas/Desktop/FEMAC/femac_main.m',41,0)">line 41</a>)
      prob=ProblemFETIMain(params,datpath,materials,condlist,datdir);
      Error in <a href="matlab:matlab.internal.language.introspective.errorDocCallback('femac', '/home/lukas/Desktop/FEMAC/femac.m', 29)" style="font-weight:bold">femac</a> (<a href="matlab: opentoline('/home/lukas/Desktop/FEMAC/femac.m',29,0)">line 29</a>)
  prob.main=femac_main(datpath);} 
femac
User selected /home/lukas/Desktop/FEMAC/examples/feti/quad_4ele_chaco_2x2_feti2_nocoarse/quad_4ele_chaco_2x2_feti2_nocoarse.dat
 
