━━━━━━━━━━━━━━━━━━━━━━━━━━━━━━━━━━━━━━━━━━━━━━━━━━━━━━━━━━━━━━━━━━━━━━━━━━━━━━━┓
          ______________  ______   ______            ____  ____  ______        ┃
         / ____/ ____/  |/  /   | / ____/           / __ \/ __ \/ ____/        ┃
        / /_  / __/ / /|_/ / /| |/ /      ______   / /_/ / /_/ / __/           ┃
       / __/ / /___/ /  / / ___ / /___   /_____/  / ____/ _, _/ /___           ┃
      /_/   /_____/_/  /_/_/  |_\____/           /_/   /_/ |_/_____/           ┃
  ©Lehrstuhl fuer Angewandte Mechanik - Technische Universitaet Muenchnen      ┃
━━━━━━━━━━━━━━━━━━━━━━━━━━━━━━━━━━━━━━━━━━━━━━━━━━━━━━━━━━━━━━━━━━━━━━━━━━━━━━━┛
 
START MESH READING━━━━━━━━━━━━━━━━━━━━━━━━━━━━━━━━━━━━━━━━━━━━━━━━━━━━━━━━━━━━━┓
2692 nodes created                                                             ┃
5190 stiffness elements created                                                ┃
48 dirichlet elements created                                                  ┃
48 neumann elements created                                                    ┃
wrote mesh to file: ./fetis/output/fetis_incratio-0p9.dis                      ┃
Elapsed time is 12.7041 seconds.                                               ┃
━━━━━━━━━━━━━━━━━━━━━━━━━━━━━━━━━━━━━━━━━━━━━━━━━━━━━━━━━━━━━━━━━━━━━━━━━━━━━━━┛
 
━━━━━━━━━━━━━━━━━━━━━━━━━━━━━━━━━━━━━━━━━━━━━━━━━━━━━━━━━━━━━━━━━━━━━━━━━━━━━━━┓
      ______________  ______   ______            __  ______    _____   __      ┃
     / ____/ ____/  |/  /   | / ____/           /  |/  /   |  /  _/ | / /      ┃
    / /_  / __/ / /|_/ / /| |/ /      ______   / /|_/ / /| |  / //  |/ /       ┃
   / __/ / /___/ /  / / ___ / /___   /_____/  / /  / / ___ |_/ // /|  /        ┃
  /_/   /_____/_/  /_/_/  |_\____/           /_/  /_/_/  |_/___/_/ |_/         ┃
  ©Lehrstuhl fuer Angewandte Mechanik - Technische Universitaet Muenchnen      ┃
━━━━━━━━━━━━━━━━━━━━━━━━━━━━━━━━━━━━━━━━━━━━━━━━━━━━━━━━━━━━━━━━━━━━━━━━━━━━━━━┛
 
START DIS READING━━━━━━━━━━━━━━━━━━━━━━━━━━━━━━━━━━━━━━━━━━━━━━━━━━━━━━━━━━━━━━┓
Elapsed time is 0.61263 seconds.                                               ┃
━━━━━━━━━━━━━━━━━━━━━━━━━━━━━━━━━━━━━━━━━━━━━━━━━━━━━━━━━━━━━━━━━━━━━━━━━━━━━━━┛
 
START RESOLVING CONDITIONS━━━━━━━━━━━━━━━━━━━━━━━━━━━━━━━━━━━━━━━━━━━━━━━━━━━━━┓
resolving dirichlet condition: ID:1 MSHTAG:1                                   ┃
resolving neumann   condition: ID:2 MSHTAG:2                                   ┃
Elapsed time is 2.7472 seconds.                                                ┃
━━━━━━━━━━━━━━━━━━━━━━━━━━━━━━━━━━━━━━━━━━━━━━━━━━━━━━━━━━━━━━━━━━━━━━━━━━━━━━━┛
 
RESOLVE FETI MANAGER━━━━━━━━━━━━━━━━━━━━━━━━━━━━━━━━━━━━━━━━━━━━━━━━━━━━━━━━━━━┓
9 subtructures created                                                         ┃
substructures resolved                                                         ┃
substructures evaluated                                                        ┃
connectivity matrices created                                                  ┃
Elapsed time is 11.5794 seconds.                                               ┃
━━━━━━━━━━━━━━━━━━━━━━━━━━━━━━━━━━━━━━━━━━━━━━━━━━━━━━━━━━━━━━━━━━━━━━━━━━━━━━━┛
 
APPLY KINEMATIC CONDITIONS ON SUBSTRUCTURES━━━━━━━━━━━━━━━━━━━━━━━━━━━━━━━━━━━━┓
Dirichlet conditions detected on substructures: 1  4  7                        ┃
Neumann   conditions detected on substructures: 3  6  9                        ┃
Elapsed time is 0.075076 seconds.                                              ┃
━━━━━━━━━━━━━━━━━━━━━━━━━━━━━━━━━━━━━━━━━━━━━━━━━━━━━━━━━━━━━━━━━━━━━━━━━━━━━━━┛
 
FETI Base Setup━━━━━━━━━━━━━━━━━━━━━━━━━━━━━━━━━━━━━━━━━━━━━━━━━━━━━━━━━━━━━━━━┓
[Warning: Matrix is singular to working precision.] 
[> In <a href="matlab:matlab.internal.language.introspective.errorDocCallback('FETIBaseSolver/SetupBase', '/home/lukas/Desktop/SA_Thesis/FEMAC/solver/FETIBaseSolver.m', 200)" style="font-weight:bold">FETIBaseSolver/SetupBase</a> (<a href="matlab: opentoline('/home/lukas/Desktop/SA_Thesis/FEMAC/solver/FETIBaseSolver.m',200,0)">line 200</a>)
  In <a href="matlab:matlab.internal.language.introspective.errorDocCallback('FETISSolver/Setup', '/home/lukas/Desktop/SA_Thesis/FEMAC/solver/FETISSolver.m', 27)" style="font-weight:bold">FETISSolver/Setup</a> (<a href="matlab: opentoline('/home/lukas/Desktop/SA_Thesis/FEMAC/solver/FETISSolver.m',27,0)">line 27</a>)
  In <a href="matlab:matlab.internal.language.introspective.errorDocCallback('FETIBaseSolver/InitSolve', '/home/lukas/Desktop/SA_Thesis/FEMAC/solver/FETIBaseSolver.m', 304)" style="font-weight:bold">FETIBaseSolver/InitSolve</a> (<a href="matlab: opentoline('/home/lukas/Desktop/SA_Thesis/FEMAC/solver/FETIBaseSolver.m',304,0)">line 304</a>)
  In <a href="matlab:matlab.internal.language.introspective.errorDocCallback('FETISSolver/Solve', '/home/lukas/Desktop/SA_Thesis/FEMAC/solver/FETISSolver.m', 50)" style="font-weight:bold">FETISSolver/Solve</a> (<a href="matlab: opentoline('/home/lukas/Desktop/SA_Thesis/FEMAC/solver/FETISSolver.m',50,0)">line 50</a>)
  In <a href="matlab:matlab.internal.language.introspective.errorDocCallback('ProblemBaseMain/Work', '/home/lukas/Desktop/SA_Thesis/FEMAC/prob/ProblemBaseMain.m', 115)" style="font-weight:bold">ProblemBaseMain/Work</a> (<a href="matlab: opentoline('/home/lukas/Desktop/SA_Thesis/FEMAC/prob/ProblemBaseMain.m',115,0)">line 115</a>)
  In <a href="matlab:matlab.internal.language.introspective.errorDocCallback('ProblemFETIMain/Work', '/home/lukas/Desktop/SA_Thesis/FEMAC/prob/ProblemFETIMain.m', 47)" style="font-weight:bold">ProblemFETIMain/Work</a> (<a href="matlab: opentoline('/home/lukas/Desktop/SA_Thesis/FEMAC/prob/ProblemFETIMain.m',47,0)">line 47</a>)
  In <a href="matlab:matlab.internal.language.introspective.errorDocCallback('femac_main', '/home/lukas/Desktop/SA_Thesis/FEMAC/femac_main.m', 47)" style="font-weight:bold">femac_main</a> (<a href="matlab: opentoline('/home/lukas/Desktop/SA_Thesis/FEMAC/femac_main.m',47,0)">line 47</a>)
  In <a href="matlab:matlab.internal.language.introspective.errorDocCallback('Run_dirichlet', '/home/lukas/Desktop/SA_Thesis/studies/2016-08-19_Inclusion/Run_dirichlet.m', 167)" style="font-weight:bold">Run_dirichlet</a> (<a href="matlab: opentoline('/home/lukas/Desktop/SA_Thesis/studies/2016-08-19_Inclusion/Run_dirichlet.m',167,0)">line 167</a>)] 
Scaling: kscaling                                                              ┃
Preconditioner: Dirichlet                                                      ┃
FETISSolver.FETISSolver: rigid body modes of substructures: 0  3  3  0  3  3  0  3  3
Elapsed time is 4.0559 seconds.                                                ┃
━━━━━━━━━━━━━━━━━━━━━━━━━━━━━━━━━━━━━━━━━━━━━━━━━━━━━━━━━━━━━━━━━━━━━━━━━━━━━━━┛
 
START FETIS SETUP━━━━━━━━━━━━━━━━━━━━━━━━━━━━━━━━━━━━━━━━━━━━━━━━━━━━━━━━━━━━━━┓
FETISSolver.FETISSolver: rigid body modes of substructures: 0  3  3  0  3  3  0  3  3
A-matrix taken as unity matrix                                                 ┃
Elapsed time is 0.001034 seconds.                                              ┃
━━━━━━━━━━━━━━━━━━━━━━━━━━━━━━━━━━━━━━━━━━━━━━━━━━━━━━━━━━━━━━━━━━━━━━━━━━━━━━━┛
 
INITIALIZE SOLVER━━━━━━━━━━━━━━━━━━━━━━━━━━━━━━━━━━━━━━━━━━━━━━━━━━━━━━━━━━━━━━┓
Using assembled FI operator!                                                   ┃
No Auxiliary Coarse Grid
Coarse Grid C_ IS empty!                                                       ┃
Check: Error of substructure equilibrium: 2.4354e-17                           ┃
Elapsed time is 0.010577 seconds.                                              ┃
━━━━━━━━━━━━━━━━━━━━━━━━━━━━━━━━━━━━━━━━━━━━━━━━━━━━━━━━━━━━━━━━━━━━━━━━━━━━━━━┛
 
Check: r projected into N coarse-space: 1.2902e-16                             ┃
Check: W projected into N coarse-space: 2.1368e-16                             ┃
START FETIS ITERATIONS━━━━━━━━━━━━━━━━━━━━━━━━━━━━━━━━━━━━━━━━━━━━━━━━━━━━━━━━━┓
Check: Error of substructure equilibrium: 1.8404e-17                           ┃
Check: r projected into N coarse-space: 1.1671e-16                             ┃
Check: W projected into N coarse-space: 1.3908e-16                             ┃
Check: Error of substructure equilibrium: 5.7248e-17                           ┃
Check: r projected into N coarse-space: 1.1043e-16                             ┃
Check: W projected into N coarse-space: 5.3514e-17                             ┃
Check: Error of substructure equilibrium: 2.0829e-16                           ┃
Check: r projected into N coarse-space: 9.222e-17                              ┃
Check: W projected into N coarse-space: 3.3018e-17                             ┃
Check: Error of substructure equilibrium: 2.4804e-16                           ┃
Check: r projected into N coarse-space: 8.6152e-17                             ┃
Check: W projected into N coarse-space: 1.209e-17                              ┃
Check: Error of substructure equilibrium: 2.6923e-16                           ┃
Check: r projected into N coarse-space: 8.4919e-17                             ┃
Check: W projected into N coarse-space: 5.5856e-18                             ┃
Check: Error of substructure equilibrium: 2.7487e-16                           ┃
Check: r projected into N coarse-space: 8.4649e-17                             ┃
Check: W projected into N coarse-space: 2.2719e-18                             ┃
Check: Error of substructure equilibrium: 2.7209e-16                           ┃
Check: r projected into N coarse-space: 8.4684e-17                             ┃
Check: W projected into N coarse-space: 8.739e-19                              ┃
Check: Error of substructure equilibrium: 2.7126e-16                           ┃
Check: r projected into N coarse-space: 8.471e-17                              ┃
Check: W projected into N coarse-space: 7.8467e-20                             ┃
Check: Error of substructure equilibrium: 2.6878e-16                           ┃
Check: r projected into N coarse-space: 8.4712e-17                             ┃
Check: W projected into N coarse-space: 1.308e-20                              ┃
Check: Error of substructure equilibrium: 2.7089e-16                           ┃
Check: r projected into N coarse-space: 8.4712e-17                             ┃
Check: W projected into N coarse-space: 2.4213e-21                             ┃
Check: Error of substructure equilibrium: 2.7108e-16                           ┃
Check: r projected into N coarse-space: 8.4712e-17                             ┃
Check: W projected into N coarse-space: 2.2971e-22                             ┃
Residual = 4.802e-07                                                           ┃
after 11 FETI-S iterations with 9  9  9  9  9  9  9  9  9  9  9 search directions
Elapsed time is 0.89628 seconds.                                               ┃
━━━━━━━━━━━━━━━━━━━━━━━━━━━━━━━━━━━━━━━━━━━━━━━━━━━━━━━━━━━━━━━━━━━━━━━━━━━━━━━┛
 
RECOVER DOMAIN SOLUTION━━━━━━━━━━━━━━━━━━━━━━━━━━━━━━━━━━━━━━━━━━━━━━━━━━━━━━━━┓
Elapsed time is 0.072631 seconds.                                              ┃
━━━━━━━━━━━━━━━━━━━━━━━━━━━━━━━━━━━━━━━━━━━━━━━━━━━━━━━━━━━━━━━━━━━━━━━━━━━━━━━┛
 
RECOVER DOMAIN SOLUTION━━━━━━━━━━━━━━━━━━━━━━━━━━━━━━━━━━━━━━━━━━━━━━━━━━━━━━━━┓
Elapsed time is 0.061505 seconds.                                              ┃
━━━━━━━━━━━━━━━━━━━━━━━━━━━━━━━━━━━━━━━━━━━━━━━━━━━━━━━━━━━━━━━━━━━━━━━━━━━━━━━┛
 
