This is TeX, Version 3.14159265 (TeX Live 2015/Debian) (preloaded format=tex 2016.4.19)  4 AUG 2016 13:41
**AMexam.dtx
(./AMexam.dtx (/usr/share/texlive/texmf-dist/tex/latex/base/docstrip.tex
\blockLevel=\count26
\emptyLines=\count27
\processedLines=\count28
\commentsRemoved=\count29
\commentsPassed=\count30
\codeLinesPassed=\count31
\TotalprocessedLines=\count32
\TotalcommentsRemoved=\count33
\TotalcommentsPassed=\count34
\TotalcodeLinesPassed=\count35
\NumberOfFiles=\count36
\inFile=\read0
\inputcheck=\read1
\@tempcnta=\count37
\off@0=\count38
\off@1=\count39
\off@2=\count40
\off@3=\count41
\off@4=\count42
\off@5=\count43
\off@6=\count44
\off@7=\count45
\off@8=\count46
\off@9=\count47
\off@10=\count48
\off@11=\count49
\off@12=\count50
\off@13=\count51
\off@14=\count52
\off@15=\count53
\@temptokena=\toks12
\@maxfiles=\count54
\@maxoutfiles=\count55

Utility: `docstrip' 2.5e <2014/09/29>
English documentation    <2014/09/29>

**********************************************************
* This program converts documented macro-files into fast *
* loadable files by stripping off (nearly) all comments! *
**********************************************************

********************************************************
* No Configuration file found, using default settings. *
********************************************************

)

Generating file(s) AMexam.cls 
\openout0 = `AMexam.cls'.


Processing file AMexam.dtx (class) -> AMexam.cls
Lines  processed: 1324
Comments removed: 279
Comments  passed: 1
Codelines passed: 1031


Generating file(s) AMexam.ins 
\openout0 = `AMexam.ins'.


Processing file AMexam.dtx (install) -> AMexam.ins
Lines  processed: 1324
Comments removed: 279
Comments  passed: 1
Codelines passed: 1031

Overall statistics:
Files  processed: 2
Lines  processed: 2648
Comments removed: 558
Comments  passed: 2
Codelines passed: 2062
 )
No pages of output.
