This is TeX, Version 3.14159265 (TeX Live 2015/Debian) (preloaded format=tex 2016.4.19)  4 AUG 2016 13:41
**AMmath.dtx
(./AMmath.dtx (/usr/share/texlive/texmf-dist/tex/latex/base/docstrip.tex
\blockLevel=\count26
\emptyLines=\count27
\processedLines=\count28
\commentsRemoved=\count29
\commentsPassed=\count30
\codeLinesPassed=\count31
\TotalprocessedLines=\count32
\TotalcommentsRemoved=\count33
\TotalcommentsPassed=\count34
\TotalcodeLinesPassed=\count35
\NumberOfFiles=\count36
\inFile=\read0
\inputcheck=\read1
\@tempcnta=\count37
\off@0=\count38
\off@1=\count39
\off@2=\count40
\off@3=\count41
\off@4=\count42
\off@5=\count43
\off@6=\count44
\off@7=\count45
\off@8=\count46
\off@9=\count47
\off@10=\count48
\off@11=\count49
\off@12=\count50
\off@13=\count51
\off@14=\count52
\off@15=\count53
\@temptokena=\toks12
\@maxfiles=\count54
\@maxoutfiles=\count55

Utility: `docstrip' 2.5e <2014/09/29>
English documentation    <2014/09/29>

**********************************************************
* This program converts documented macro-files into fast *
* loadable files by stripping off (nearly) all comments! *
**********************************************************

********************************************************
* No Configuration file found, using default settings. *
********************************************************

)

Generating file(s) AMmath.sty 
\openout0 = `AMmath.sty'.


Processing file AMmath.dtx (package) -> AMmath.sty
Lines  processed: 1050
Comments removed: 674
Comments  passed: 0
Codelines passed: 355


Generating file(s) AMmath.ins 
\openout0 = `AMmath.ins'.


Processing file AMmath.dtx (install) -> AMmath.ins
Lines  processed: 1050
Comments removed: 674
Comments  passed: 0
Codelines passed: 355

Overall statistics:
Files  processed: 2
Lines  processed: 2100
Comments removed: 1348
Comments  passed: 0
Codelines passed: 710
 )
No pages of output.
